[ 2014-12-15T09:17:59+08:00 ] 192.168.0.152 /Test
INFO: [ app_init ] --START--
INFO: Run Behavior\BuildLiteBehavior [ RunTime:0.000068s ]
INFO: [ app_init ] --END-- [ RunTime:0.018643s ]
INFO: [ app_begin ] --START--
INFO: Run Behavior\ReadHtmlCacheBehavior [ RunTime:0.012653s ]
INFO: Run Common\Behaviors\AppBeginBehavior [ RunTime:0.028615s ]
INFO: [ app_begin ] --END-- [ RunTime:0.041507s ]
INFO: [ view_parse ] --START--
INFO: [ template_filter ] --START--
INFO: Run Behavior\ContentReplaceBehavior [ RunTime:0.000107s ]
INFO: [ template_filter ] --END-- [ RunTime:0.000246s ]
INFO: Run Behavior\ParseTemplateBehavior [ RunTime:0.051213s ]
INFO: [ view_parse ] --END-- [ RunTime:0.051424s ]
INFO: [ view_filter ] --START--
INFO: Run Behavior\WriteHtmlCacheBehavior [ RunTime:0.008771s ]
INFO: [ view_filter ] --END-- [ RunTime:0.008917s ]
INFO: [ app_end ] --START--
INFO: Run Behavior\ShowPageTraceBehavior [ RunTime:0.005708s ]
INFO: [ app_end ] --END-- [ RunTime:0.005884s ]

[ 2014-12-15T09:18:02+08:00 ] 192.168.0.152 /?params=%7B%22username%22%3A%20%2200000000%22%2C%20%22epg_full_url%22%3A%20%22/epg_redirect/education/%3FINFO%3D%253CuserId%253E123456789036%253C/userId%253E%253CuserToken%253E03111508256980016640821125101009%253C/userToken%253E%253CTokenExpiretime%253E20140402023516%253C/TokenExpiretime%253E%253CGroupId%253E26%253C/GroupId%253E%253CuserIP%253E10.132.100.143%253C/userIP%253E%253CpetName%253E%253C/petName%253E%253CareaCode%253E00%253C/areaCode%253E%253CTradeId%253Enull%253C/TradeId%253E%253CstbId%253E411001990070119000014C09B4E84B2D%253C/stbId%253E%253Cback_hall_url%253Ehttp%3A//61.160.131.12%3A8296/SPToAms%253C/back_hall_url%253E%253Cfrom%253E000%253C/from%253E%22%2C%20%22c_zsj_userid%22%3A%20%22900176%22%2C%20%22areacode%22%3A%2090017%2C%20%22usertoken%22%3A%20%2203111508256980016640821125101009%22%2C%20%22stbtype%22%3A%20%22ztebw%22%2C%20%22userid%22%3A%20%22123456789036%22%2C%20%22return_url%22%3A%20%22http%3A//61.160.131.12%3A8296/SPToAms%3FINFO%3D%3CuserId%3E02586588234%3C/userId%3E%3CuserToken%3E03111508256980016640821125101009%3C/userToken%3E%3CTokenExpiretime%3E20140402023516%3C/TokenExpiretime%3E%3CGroupId%3E26%3C/GroupId%3E%3CuserIP%3E10.132.100.143%3C/userIP%3E%3CareaCode%3E00%3C/areaCode%3E%3CTradeId%3E%3C/TradeId%3E%3CstbId%3E411001990070119000014C09B4E84B2D%3C/stbId%3E%3CoptFlag%3EGAME%3C/optFlag%3E%3CSPID%3Espa00022%3C/SPID%3E%3Cback_epg_url%3Ehttp%3A//61.160.131.12%3A8296/SPToAms%3C/back_epg_url%3E%22%7D
INFO: [ app_init ] --START--
INFO: Run Behavior\BuildLiteBehavior [ RunTime:0.000036s ]
INFO: [ app_init ] --END-- [ RunTime:0.000492s ]
INFO: [ app_begin ] --START--
INFO: Run Behavior\ReadHtmlCacheBehavior [ RunTime:0.000617s ]
NOTIC: [8] Undefined index: REDIRECT_URL D:\home\coding\zendstudio\edu\Education_dev_hipi\branches\v1.0\Application\Common\Behaviors\AppBeginBehavior.class.php 第 15 行.
INFO: Run Common\Behaviors\AppBeginBehavior [ RunTime:0.000868s ]
INFO: [ app_begin ] --END-- [ RunTime:0.001722s ]
NOTIC: [2] Invalid argument supplied for foreach() D:\home\coding\zendstudio\edu\Education_dev_hipi\branches\v1.0\Application\Common\Common\common.php 第 26 行.
NOTIC: [2] Invalid argument supplied for foreach() D:\home\coding\zendstudio\edu\Education_dev_hipi\branches\v1.0\Application\Common\Common\common.php 第 26 行.
NOTIC: [2] Invalid argument supplied for foreach() D:\home\coding\zendstudio\edu\Education_dev_hipi\branches\v1.0\Application\Common\Common\common.php 第 26 行.
NOTIC: [2] Invalid argument supplied for foreach() D:\home\coding\zendstudio\edu\Education_dev_hipi\branches\v1.0\Application\Common\Common\common.php 第 26 行.
NOTIC: [2] Invalid argument supplied for foreach() D:\home\coding\zendstudio\edu\Education_dev_hipi\branches\v1.0\Application\Common\Common\common.php 第 26 行.
NOTIC: [2] Invalid argument supplied for foreach() D:\home\coding\zendstudio\edu\Education_dev_hipi\branches\v1.0\Application\Common\Common\common.php 第 26 行.

[ 2014-12-15T09:18:02+08:00 ] 192.168.0.152 /Hd/Course/recommend.html
INFO: [ app_init ] --START--
INFO: Run Behavior\BuildLiteBehavior [ RunTime:0.000023s ]
INFO: [ app_init ] --END-- [ RunTime:0.000345s ]
INFO: [ app_begin ] --START--
INFO: Run Behavior\ReadHtmlCacheBehavior [ RunTime:0.000521s ]
INFO: Run Common\Behaviors\AppBeginBehavior [ RunTime:0.000507s ]
INFO: [ app_begin ] --END-- [ RunTime:0.001192s ]
NOTIC: [2] Invalid argument supplied for foreach() D:\home\coding\zendstudio\edu\Education_dev_hipi\branches\v1.0\Application\Common\Common\common.php 第 26 行.
NOTIC: [2] Invalid argument supplied for foreach() D:\home\coding\zendstudio\edu\Education_dev_hipi\branches\v1.0\Application\Common\Common\common.php 第 26 行.
NOTIC: [2] Invalid argument supplied for foreach() D:\home\coding\zendstudio\edu\Education_dev_hipi\branches\v1.0\Application\Common\Common\common.php 第 26 行.
NOTIC: [2] Invalid argument supplied for foreach() D:\home\coding\zendstudio\edu\Education_dev_hipi\branches\v1.0\Application\Common\Common\common.php 第 26 行.
NOTIC: [2] Invalid argument supplied for foreach() D:\home\coding\zendstudio\edu\Education_dev_hipi\branches\v1.0\Application\Common\Common\common.php 第 26 行.
NOTIC: [2] Invalid argument supplied for foreach() D:\home\coding\zendstudio\edu\Education_dev_hipi\branches\v1.0\Application\Common\Common\common.php 第 26 行.
NOTIC: [2] Invalid argument supplied for foreach() D:\home\coding\zendstudio\edu\Education_dev_hipi\branches\v1.0\Application\Common\Common\common.php 第 26 行.
NOTIC: [2] Invalid argument supplied for foreach() D:\home\coding\zendstudio\edu\Education_dev_hipi\branches\v1.0\Application\Common\Common\common.php 第 26 行.
NOTIC: [2] Invalid argument supplied for foreach() D:\home\coding\zendstudio\edu\Education_dev_hipi\branches\v1.0\Application\Common\Common\common.php 第 26 行.
INFO: [ view_parse ] --START--
INFO: [ template_filter ] --START--
INFO: Run Behavior\ContentReplaceBehavior [ RunTime:0.000210s ]
INFO: [ template_filter ] --END-- [ RunTime:0.000341s ]
NOTIC: [8] Undefined variable: pageTitle D:\home\coding\zendstudio\edu\Education_dev_hipi\branches\v1.0\Runtime\Cache\Hd\2037dec581471a39ce0184eed6d28cec.php 第 6 行.
INFO: Run Behavior\ParseTemplateBehavior [ RunTime:0.033795s ]
INFO: [ view_parse ] --END-- [ RunTime:0.033953s ]
INFO: [ view_filter ] --START--
INFO: Run Behavior\WriteHtmlCacheBehavior [ RunTime:0.000361s ]
INFO: [ view_filter ] --END-- [ RunTime:0.000466s ]
INFO: [ app_end ] --START--
INFO: Run Behavior\ShowPageTraceBehavior [ RunTime:0.000660s ]
INFO: [ app_end ] --END-- [ RunTime:0.000767s ]

[ 2014-12-15T09:18:44+08:00 ] 192.168.0.152 /Hd/Course/recommend.html
INFO: [ app_init ] --START--
INFO: Run Behavior\BuildLiteBehavior [ RunTime:0.000036s ]
INFO: [ app_init ] --END-- [ RunTime:0.000738s ]
INFO: [ app_begin ] --START--
INFO: Run Behavior\ReadHtmlCacheBehavior [ RunTime:0.000602s ]
INFO: Run Common\Behaviors\AppBeginBehavior [ RunTime:0.000752s ]
INFO: [ app_begin ] --END-- [ RunTime:0.001612s ]
NOTIC: [2] Invalid argument supplied for foreach() D:\home\coding\zendstudio\edu\Education_dev_hipi\branches\v1.0\Application\Common\Common\common.php 第 26 行.
NOTIC: [2] Invalid argument supplied for foreach() D:\home\coding\zendstudio\edu\Education_dev_hipi\branches\v1.0\Application\Common\Common\common.php 第 26 行.
NOTIC: [2] Invalid argument supplied for foreach() D:\home\coding\zendstudio\edu\Education_dev_hipi\branches\v1.0\Application\Common\Common\common.php 第 26 行.
NOTIC: [2] Invalid argument supplied for foreach() D:\home\coding\zendstudio\edu\Education_dev_hipi\branches\v1.0\Application\Common\Common\common.php 第 26 行.
NOTIC: [2] Invalid argument supplied for foreach() D:\home\coding\zendstudio\edu\Education_dev_hipi\branches\v1.0\Application\Common\Common\common.php 第 26 行.
NOTIC: [2] Invalid argument supplied for foreach() D:\home\coding\zendstudio\edu\Education_dev_hipi\branches\v1.0\Application\Common\Common\common.php 第 26 行.
NOTIC: [2] Invalid argument supplied for foreach() D:\home\coding\zendstudio\edu\Education_dev_hipi\branches\v1.0\Application\Common\Common\common.php 第 26 行.
NOTIC: [2] Invalid argument supplied for foreach() D:\home\coding\zendstudio\edu\Education_dev_hipi\branches\v1.0\Application\Common\Common\common.php 第 26 行.
NOTIC: [2] Invalid argument supplied for foreach() D:\home\coding\zendstudio\edu\Education_dev_hipi\branches\v1.0\Application\Common\Common\common.php 第 26 行.
INFO: [ view_parse ] --START--
INFO: [ template_filter ] --START--
INFO: Run Behavior\ContentReplaceBehavior [ RunTime:0.000179s ]
INFO: [ template_filter ] --END-- [ RunTime:0.000288s ]
NOTIC: [8] Undefined variable: pageTitle D:\home\coding\zendstudio\edu\Education_dev_hipi\branches\v1.0\Runtime\Cache\Hd\2037dec581471a39ce0184eed6d28cec.php 第 6 行.
INFO: Run Behavior\ParseTemplateBehavior [ RunTime:0.017051s ]
INFO: [ view_parse ] --END-- [ RunTime:0.017206s ]
INFO: [ view_filter ] --START--
INFO: Run Behavior\WriteHtmlCacheBehavior [ RunTime:0.000557s ]
INFO: [ view_filter ] --END-- [ RunTime:0.000730s ]
INFO: [ app_end ] --START--
INFO: Run Behavior\ShowPageTraceBehavior [ RunTime:0.001034s ]
INFO: [ app_end ] --END-- [ RunTime:0.001174s ]

[ 2014-12-15T10:24:56+08:00 ] 192.168.0.254 /Test
INFO: [ app_init ] --START--
INFO: Run Behavior\BuildLiteBehavior [ RunTime:0.000046s ]
INFO: [ app_init ] --END-- [ RunTime:0.000757s ]
INFO: [ app_begin ] --START--
INFO: Run Behavior\ReadHtmlCacheBehavior [ RunTime:0.000602s ]
INFO: Run Common\Behaviors\AppBeginBehavior [ RunTime:0.000726s ]
INFO: [ app_begin ] --END-- [ RunTime:0.001490s ]
INFO: [ view_parse ] --START--
INFO: [ template_filter ] --START--
INFO: Run Behavior\ContentReplaceBehavior [ RunTime:0.000084s ]
INFO: [ template_filter ] --END-- [ RunTime:0.000188s ]
INFO: Run Behavior\ParseTemplateBehavior [ RunTime:0.006698s ]
INFO: [ view_parse ] --END-- [ RunTime:0.006818s ]
INFO: [ view_filter ] --START--
INFO: Run Behavior\WriteHtmlCacheBehavior [ RunTime:0.000317s ]
INFO: [ view_filter ] --END-- [ RunTime:0.000421s ]
INFO: [ app_end ] --START--
INFO: Run Behavior\ShowPageTraceBehavior [ RunTime:0.000615s ]
INFO: [ app_end ] --END-- [ RunTime:0.000714s ]

[ 2014-12-15T10:25:09+08:00 ] 192.168.0.254 /?params=%7B%22username%22%3A%20%2200000000%22%2C%20%22epg_full_url%22%3A%20%22/epg_redirect/education/%3FINFO%3D%253CuserId%253E123456789036%253C/userId%253E%253CuserToken%253E03111508256980016640821125101009%253C/userToken%253E%253CTokenExpiretime%253E20140402023516%253C/TokenExpiretime%253E%253CGroupId%253E26%253C/GroupId%253E%253CuserIP%253E10.132.100.143%253C/userIP%253E%253CpetName%253E%253C/petName%253E%253CareaCode%253E00%253C/areaCode%253E%253CTradeId%253Enull%253C/TradeId%253E%253CstbId%253E411001990070119000014C09B4E84B2D%253C/stbId%253E%253Cback_hall_url%253Ehttp%3A//61.160.131.12%3A8296/SPToAms%253C/back_hall_url%253E%253Cfrom%253E000%253C/from%253E%22%2C%20%22c_zsj_userid%22%3A%20%22900176%22%2C%20%22areacode%22%3A%2090017%2C%20%22usertoken%22%3A%20%2203111508256980016640821125101009%22%2C%20%22stbtype%22%3A%20%22ztebw%22%2C%20%22userid%22%3A%20%22123456789036%22%2C%20%22return_url%22%3A%20%22http%3A//61.160.131.12%3A8296/SPToAms%3FINFO%3D%3CuserId%3E02586588234%3C/userId%3E%3CuserToken%3E03111508256980016640821125101009%3C/userToken%3E%3CTokenExpiretime%3E20140402023516%3C/TokenExpiretime%3E%3CGroupId%3E26%3C/GroupId%3E%3CuserIP%3E10.132.100.143%3C/userIP%3E%3CareaCode%3E00%3C/areaCode%3E%3CTradeId%3E%3C/TradeId%3E%3CstbId%3E411001990070119000014C09B4E84B2D%3C/stbId%3E%3CoptFlag%3EGAME%3C/optFlag%3E%3CSPID%3Espa00022%3C/SPID%3E%3Cback_epg_url%3Ehttp%3A//61.160.131.12%3A8296/SPToAms%3C/back_epg_url%3E%22%7D
INFO: [ app_init ] --START--
INFO: Run Behavior\BuildLiteBehavior [ RunTime:0.000026s ]
INFO: [ app_init ] --END-- [ RunTime:0.000499s ]
INFO: [ app_begin ] --START--
INFO: Run Behavior\ReadHtmlCacheBehavior [ RunTime:0.000536s ]
NOTIC: [8] Undefined index: REDIRECT_URL D:\home\coding\zendstudio\edu\Education_dev_hipi\branches\v1.0\Application\Common\Behaviors\AppBeginBehavior.class.php 第 15 行.
INFO: Run Common\Behaviors\AppBeginBehavior [ RunTime:0.000574s ]
INFO: [ app_begin ] --END-- [ RunTime:0.001293s ]
NOTIC: [2] Invalid argument supplied for foreach() D:\home\coding\zendstudio\edu\Education_dev_hipi\branches\v1.0\Application\Common\Common\common.php 第 26 行.
NOTIC: [2] Invalid argument supplied for foreach() D:\home\coding\zendstudio\edu\Education_dev_hipi\branches\v1.0\Application\Common\Common\common.php 第 26 行.
NOTIC: [2] Invalid argument supplied for foreach() D:\home\coding\zendstudio\edu\Education_dev_hipi\branches\v1.0\Application\Common\Common\common.php 第 26 行.
NOTIC: [2] Invalid argument supplied for foreach() D:\home\coding\zendstudio\edu\Education_dev_hipi\branches\v1.0\Application\Common\Common\common.php 第 26 行.
NOTIC: [2] Invalid argument supplied for foreach() D:\home\coding\zendstudio\edu\Education_dev_hipi\branches\v1.0\Application\Common\Common\common.php 第 26 行.
NOTIC: [2] Invalid argument supplied for foreach() D:\home\coding\zendstudio\edu\Education_dev_hipi\branches\v1.0\Application\Common\Common\common.php 第 26 行.

[ 2014-12-15T10:25:09+08:00 ] 192.168.0.254 /Hd/Course/recommend.html
INFO: [ app_init ] --START--
INFO: Run Behavior\BuildLiteBehavior [ RunTime:0.000023s ]
INFO: [ app_init ] --END-- [ RunTime:0.000355s ]
INFO: [ app_begin ] --START--
INFO: Run Behavior\ReadHtmlCacheBehavior [ RunTime:0.000429s ]
INFO: Run Common\Behaviors\AppBeginBehavior [ RunTime:0.000461s ]
INFO: [ app_begin ] --END-- [ RunTime:0.001039s ]
NOTIC: [2] Invalid argument supplied for foreach() D:\home\coding\zendstudio\edu\Education_dev_hipi\branches\v1.0\Application\Common\Common\common.php 第 26 行.
NOTIC: [2] Invalid argument supplied for foreach() D:\home\coding\zendstudio\edu\Education_dev_hipi\branches\v1.0\Application\Common\Common\common.php 第 26 行.
NOTIC: [2] Invalid argument supplied for foreach() D:\home\coding\zendstudio\edu\Education_dev_hipi\branches\v1.0\Application\Common\Common\common.php 第 26 行.
NOTIC: [2] Invalid argument supplied for foreach() D:\home\coding\zendstudio\edu\Education_dev_hipi\branches\v1.0\Application\Common\Common\common.php 第 26 行.
NOTIC: [2] Invalid argument supplied for foreach() D:\home\coding\zendstudio\edu\Education_dev_hipi\branches\v1.0\Application\Common\Common\common.php 第 26 行.
NOTIC: [2] Invalid argument supplied for foreach() D:\home\coding\zendstudio\edu\Education_dev_hipi\branches\v1.0\Application\Common\Common\common.php 第 26 行.
NOTIC: [2] Invalid argument supplied for foreach() D:\home\coding\zendstudio\edu\Education_dev_hipi\branches\v1.0\Application\Common\Common\common.php 第 26 行.
NOTIC: [2] Invalid argument supplied for foreach() D:\home\coding\zendstudio\edu\Education_dev_hipi\branches\v1.0\Application\Common\Common\common.php 第 26 行.
NOTIC: [2] Invalid argument supplied for foreach() D:\home\coding\zendstudio\edu\Education_dev_hipi\branches\v1.0\Application\Common\Common\common.php 第 26 行.
INFO: [ view_parse ] --START--
INFO: [ template_filter ] --START--
INFO: Run Behavior\ContentReplaceBehavior [ RunTime:0.000197s ]
INFO: [ template_filter ] --END-- [ RunTime:0.000323s ]
NOTIC: [8] Undefined variable: pageTitle D:\home\coding\zendstudio\edu\Education_dev_hipi\branches\v1.0\Runtime\Cache\Hd\2037dec581471a39ce0184eed6d28cec.php 第 6 行.
INFO: Run Behavior\ParseTemplateBehavior [ RunTime:0.011468s ]
INFO: [ view_parse ] --END-- [ RunTime:0.011593s ]
INFO: [ view_filter ] --START--
INFO: Run Behavior\WriteHtmlCacheBehavior [ RunTime:0.000308s ]
INFO: [ view_filter ] --END-- [ RunTime:0.000397s ]
INFO: [ app_end ] --START--
INFO: Run Behavior\ShowPageTraceBehavior [ RunTime:0.000547s ]
INFO: [ app_end ] --END-- [ RunTime:0.000643s ]

[ 2014-12-15T14:09:57+08:00 ] 192.168.0.149 /Api/Sync
INFO: [ app_init ] --START--
INFO: Run Behavior\BuildLiteBehavior [ RunTime:0.000043s ]
INFO: [ app_init ] --END-- [ RunTime:0.000931s ]
INFO: [ app_begin ] --START--
INFO: Run Behavior\ReadHtmlCacheBehavior [ RunTime:0.000777s ]
NOTIC: [8] Undefined index: HTTP_REFERER D:\home\coding\zendstudio\edu\Education_dev_hipi\branches\v1.0\Application\Common\Behaviors\AppBeginBehavior.class.php 第 13 行.
INFO: Run Common\Behaviors\AppBeginBehavior [ RunTime:0.001184s ]
INFO: [ app_begin ] --END-- [ RunTime:0.002145s ]

[ 2014-12-15T14:09:57+08:00 ] 192.168.0.149 /Api/Sync
INFO: [ app_init ] --START--
INFO: Run Behavior\BuildLiteBehavior [ RunTime:0.000022s ]
INFO: [ app_init ] --END-- [ RunTime:0.000414s ]
INFO: [ app_begin ] --START--
INFO: Run Behavior\ReadHtmlCacheBehavior [ RunTime:0.000746s ]
NOTIC: [8] Undefined index: HTTP_REFERER D:\home\coding\zendstudio\edu\Education_dev_hipi\branches\v1.0\Application\Common\Behaviors\AppBeginBehavior.class.php 第 13 行.
INFO: Run Common\Behaviors\AppBeginBehavior [ RunTime:0.001221s ]
INFO: [ app_begin ] --END-- [ RunTime:0.002139s ]

[ 2014-12-15T14:09:57+08:00 ] 192.168.0.149 /Api/Sync
INFO: [ app_init ] --START--
INFO: Run Behavior\BuildLiteBehavior [ RunTime:0.000022s ]
INFO: [ app_init ] --END-- [ RunTime:0.000454s ]
INFO: [ app_begin ] --START--
INFO: Run Behavior\ReadHtmlCacheBehavior [ RunTime:0.000758s ]
NOTIC: [8] Undefined index: HTTP_REFERER D:\home\coding\zendstudio\edu\Education_dev_hipi\branches\v1.0\Application\Common\Behaviors\AppBeginBehavior.class.php 第 13 行.
INFO: Run Common\Behaviors\AppBeginBehavior [ RunTime:0.001468s ]
INFO: [ app_begin ] --END-- [ RunTime:0.002382s ]

[ 2014-12-15T14:09:58+08:00 ] 192.168.0.149 /Api/Sync
INFO: [ app_init ] --START--
INFO: Run Behavior\BuildLiteBehavior [ RunTime:0.000024s ]
INFO: [ app_init ] --END-- [ RunTime:0.000555s ]
INFO: [ app_begin ] --START--
INFO: Run Behavior\ReadHtmlCacheBehavior [ RunTime:0.000749s ]
NOTIC: [8] Undefined index: HTTP_REFERER D:\home\coding\zendstudio\edu\Education_dev_hipi\branches\v1.0\Application\Common\Behaviors\AppBeginBehavior.class.php 第 13 行.
INFO: Run Common\Behaviors\AppBeginBehavior [ RunTime:0.001135s ]
INFO: [ app_begin ] --END-- [ RunTime:0.002044s ]

[ 2014-12-15T14:09:58+08:00 ] 192.168.0.149 /Api/Sync
INFO: [ app_init ] --START--
INFO: Run Behavior\BuildLiteBehavior [ RunTime:0.000022s ]
INFO: [ app_init ] --END-- [ RunTime:0.000428s ]
INFO: [ app_begin ] --START--
INFO: Run Behavior\ReadHtmlCacheBehavior [ RunTime:0.000958s ]
NOTIC: [8] Undefined index: HTTP_REFERER D:\home\coding\zendstudio\edu\Education_dev_hipi\branches\v1.0\Application\Common\Behaviors\AppBeginBehavior.class.php 第 13 行.
INFO: Run Common\Behaviors\AppBeginBehavior [ RunTime:0.001853s ]
INFO: [ app_begin ] --END-- [ RunTime:0.003077s ]

[ 2014-12-15T14:10:38+08:00 ] 192.168.0.149 /?params=%7B%22username%22%3A%20%2200000000%22%2C%20%22epg_full_url%22%3A%20%22/epg_redirect/education/%3FINFO%3D%253CuserId%253E123456789036%253C/userId%253E%253CuserToken%253E03111508256980016640821125101009%253C/userToken%253E%253CTokenExpiretime%253E20140402023516%253C/TokenExpiretime%253E%253CGroupId%253E26%253C/GroupId%253E%253CuserIP%253E10.132.100.143%253C/userIP%253E%253CpetName%253E%253C/petName%253E%253CareaCode%253E00%253C/areaCode%253E%253CTradeId%253Enull%253C/TradeId%253E%253CstbId%253E411001990070119000014C09B4E84B2D%253C/stbId%253E%253Cback_hall_url%253Ehttp%3A//61.160.131.12%3A8296/SPToAms%253C/back_hall_url%253E%253Cfrom%253E000%253C/from%253E%22%2C%20%22c_zsj_userid%22%3A%20%22900176%22%2C%20%22areacode%22%3A%2090017%2C%20%22usertoken%22%3A%20%2203111508256980016640821125101009%22%2C%20%22stbtype%22%3A%20%22ztebw%22%2C%20%22userid%22%3A%20%22123456789036%22%2C%20%22return_url%22%3A%20%22http%3A//61.160.131.12%3A8296/SPToAms%3FINFO%3D%3CuserId%3E02586588234%3C/userId%3E%3CuserToken%3E03111508256980016640821125101009%3C/userToken%3E%3CTokenExpiretime%3E20140402023516%3C/TokenExpiretime%3E%3CGroupId%3E26%3C/GroupId%3E%3CuserIP%3E10.132.100.143%3C/userIP%3E%3CareaCode%3E00%3C/areaCode%3E%3CTradeId%3E%3C/TradeId%3E%3CstbId%3E411001990070119000014C09B4E84B2D%3C/stbId%3E%3CoptFlag%3EGAME%3C/optFlag%3E%3CSPID%3Espa00022%3C/SPID%3E%3Cback_epg_url%3Ehttp%3A//61.160.131.12%3A8296/SPToAms%3C/back_epg_url%3E%22%7D
INFO: [ app_init ] --START--
INFO: Run Behavior\BuildLiteBehavior [ RunTime:0.000047s ]
INFO: [ app_init ] --END-- [ RunTime:0.001062s ]
INFO: [ app_begin ] --START--
INFO: Run Behavior\ReadHtmlCacheBehavior [ RunTime:0.000833s ]
NOTIC: [8] Undefined index: REDIRECT_URL D:\home\coding\zendstudio\edu\Education_dev_hipi\branches\v1.0\Application\Common\Behaviors\AppBeginBehavior.class.php 第 15 行.
INFO: Run Common\Behaviors\AppBeginBehavior [ RunTime:0.001214s ]
INFO: [ app_begin ] --END-- [ RunTime:0.002209s ]
NOTIC: [2] Invalid argument supplied for foreach() D:\home\coding\zendstudio\edu\Education_dev_hipi\branches\v1.0\Application\Common\Common\common.php 第 26 行.
NOTIC: [2] Invalid argument supplied for foreach() D:\home\coding\zendstudio\edu\Education_dev_hipi\branches\v1.0\Application\Common\Common\common.php 第 26 行.
NOTIC: [2] Invalid argument supplied for foreach() D:\home\coding\zendstudio\edu\Education_dev_hipi\branches\v1.0\Application\Common\Common\common.php 第 26 行.
NOTIC: [2] Invalid argument supplied for foreach() D:\home\coding\zendstudio\edu\Education_dev_hipi\branches\v1.0\Application\Common\Common\common.php 第 26 行.
NOTIC: [2] Invalid argument supplied for foreach() D:\home\coding\zendstudio\edu\Education_dev_hipi\branches\v1.0\Application\Common\Common\common.php 第 26 行.
NOTIC: [2] Invalid argument supplied for foreach() D:\home\coding\zendstudio\edu\Education_dev_hipi\branches\v1.0\Application\Common\Common\common.php 第 26 行.

[ 2014-12-15T14:10:38+08:00 ] 192.168.0.149 /Hd/Course/recommend.html
INFO: [ app_init ] --START--
INFO: Run Behavior\BuildLiteBehavior [ RunTime:0.000023s ]
INFO: [ app_init ] --END-- [ RunTime:0.000404s ]
INFO: [ app_begin ] --START--
INFO: Run Behavior\ReadHtmlCacheBehavior [ RunTime:0.000648s ]
INFO: Run Common\Behaviors\AppBeginBehavior [ RunTime:0.000999s ]
INFO: [ app_begin ] --END-- [ RunTime:0.001811s ]
NOTIC: [2] Invalid argument supplied for foreach() D:\home\coding\zendstudio\edu\Education_dev_hipi\branches\v1.0\Application\Common\Common\common.php 第 26 行.
NOTIC: [2] Invalid argument supplied for foreach() D:\home\coding\zendstudio\edu\Education_dev_hipi\branches\v1.0\Application\Common\Common\common.php 第 26 行.
NOTIC: [2] Invalid argument supplied for foreach() D:\home\coding\zendstudio\edu\Education_dev_hipi\branches\v1.0\Application\Common\Common\common.php 第 26 行.
NOTIC: [2] Invalid argument supplied for foreach() D:\home\coding\zendstudio\edu\Education_dev_hipi\branches\v1.0\Application\Common\Common\common.php 第 26 行.
NOTIC: [2] Invalid argument supplied for foreach() D:\home\coding\zendstudio\edu\Education_dev_hipi\branches\v1.0\Application\Common\Common\common.php 第 26 行.
NOTIC: [2] Invalid argument supplied for foreach() D:\home\coding\zendstudio\edu\Education_dev_hipi\branches\v1.0\Application\Common\Common\common.php 第 26 行.
NOTIC: [2] Invalid argument supplied for foreach() D:\home\coding\zendstudio\edu\Education_dev_hipi\branches\v1.0\Application\Common\Common\common.php 第 26 行.
NOTIC: [2] Invalid argument supplied for foreach() D:\home\coding\zendstudio\edu\Education_dev_hipi\branches\v1.0\Application\Common\Common\common.php 第 26 行.
NOTIC: [2] Invalid argument supplied for foreach() D:\home\coding\zendstudio\edu\Education_dev_hipi\branches\v1.0\Application\Common\Common\common.php 第 26 行.
INFO: [ view_parse ] --START--
INFO: [ template_filter ] --START--
INFO: Run Behavior\ContentReplaceBehavior [ RunTime:0.000185s ]
INFO: [ template_filter ] --END-- [ RunTime:0.000300s ]
NOTIC: [8] Undefined variable: pageTitle D:\home\coding\zendstudio\edu\Education_dev_hipi\branches\v1.0\Runtime\Cache\Hd\2037dec581471a39ce0184eed6d28cec.php 第 6 行.
INFO: Run Behavior\ParseTemplateBehavior [ RunTime:0.012579s ]
INFO: [ view_parse ] --END-- [ RunTime:0.012693s ]
INFO: [ view_filter ] --START--
INFO: Run Behavior\WriteHtmlCacheBehavior [ RunTime:0.000431s ]
INFO: [ view_filter ] --END-- [ RunTime:0.000522s ]
INFO: [ app_end ] --START--
INFO: Run Behavior\ShowPageTraceBehavior [ RunTime:0.000760s ]
INFO: [ app_end ] --END-- [ RunTime:0.000853s ]

[ 2014-12-15T14:11:10+08:00 ] 192.168.0.149 /Hd/Course/recommend.html
INFO: [ app_init ] --START--
INFO: Run Behavior\BuildLiteBehavior [ RunTime:0.000025s ]
INFO: [ app_init ] --END-- [ RunTime:0.000532s ]
INFO: [ app_begin ] --START--
INFO: Run Behavior\ReadHtmlCacheBehavior [ RunTime:0.000941s ]
INFO: Run Common\Behaviors\AppBeginBehavior [ RunTime:0.001331s ]
INFO: [ app_begin ] --END-- [ RunTime:0.002453s ]
NOTIC: [2] Invalid argument supplied for foreach() D:\home\coding\zendstudio\edu\Education_dev_hipi\branches\v1.0\Application\Common\Common\common.php 第 26 行.
NOTIC: [2] Invalid argument supplied for foreach() D:\home\coding\zendstudio\edu\Education_dev_hipi\branches\v1.0\Application\Common\Common\common.php 第 26 行.
NOTIC: [2] Invalid argument supplied for foreach() D:\home\coding\zendstudio\edu\Education_dev_hipi\branches\v1.0\Application\Common\Common\common.php 第 26 行.
NOTIC: [2] Invalid argument supplied for foreach() D:\home\coding\zendstudio\edu\Education_dev_hipi\branches\v1.0\Application\Common\Common\common.php 第 26 行.
NOTIC: [2] Invalid argument supplied for foreach() D:\home\coding\zendstudio\edu\Education_dev_hipi\branches\v1.0\Application\Common\Common\common.php 第 26 行.
NOTIC: [2] Invalid argument supplied for foreach() D:\home\coding\zendstudio\edu\Education_dev_hipi\branches\v1.0\Application\Common\Common\common.php 第 26 行.
NOTIC: [2] Invalid argument supplied for foreach() D:\home\coding\zendstudio\edu\Education_dev_hipi\branches\v1.0\Application\Common\Common\common.php 第 26 行.
NOTIC: [2] Invalid argument supplied for foreach() D:\home\coding\zendstudio\edu\Education_dev_hipi\branches\v1.0\Application\Common\Common\common.php 第 26 行.
NOTIC: [2] Invalid argument supplied for foreach() D:\home\coding\zendstudio\edu\Education_dev_hipi\branches\v1.0\Application\Common\Common\common.php 第 26 行.
INFO: [ view_parse ] --START--
INFO: [ template_filter ] --START--
INFO: Run Behavior\ContentReplaceBehavior [ RunTime:0.000177s ]
INFO: [ template_filter ] --END-- [ RunTime:0.000281s ]
NOTIC: [8] Undefined variable: pageTitle D:\home\coding\zendstudio\edu\Education_dev_hipi\branches\v1.0\Runtime\Cache\Hd\2037dec581471a39ce0184eed6d28cec.php 第 6 行.
INFO: Run Behavior\ParseTemplateBehavior [ RunTime:0.018275s ]
INFO: [ view_parse ] --END-- [ RunTime:0.018397s ]
INFO: [ view_filter ] --START--
INFO: Run Behavior\WriteHtmlCacheBehavior [ RunTime:0.000510s ]
INFO: [ view_filter ] --END-- [ RunTime:0.000617s ]
INFO: [ app_end ] --START--
INFO: Run Behavior\ShowPageTraceBehavior [ RunTime:0.001944s ]
INFO: [ app_end ] --END-- [ RunTime:0.002087s ]

[ 2014-12-15T14:12:51+08:00 ] 192.168.0.149 /Api/Sync
INFO: [ app_init ] --START--
INFO: Run Behavior\BuildLiteBehavior [ RunTime:0.000042s ]
INFO: [ app_init ] --END-- [ RunTime:0.000901s ]
INFO: [ app_begin ] --START--
INFO: Run Behavior\ReadHtmlCacheBehavior [ RunTime:0.001098s ]
NOTIC: [8] Undefined index: HTTP_REFERER D:\home\coding\zendstudio\edu\Education_dev_hipi\branches\v1.0\Application\Common\Behaviors\AppBeginBehavior.class.php 第 13 行.
INFO: Run Common\Behaviors\AppBeginBehavior [ RunTime:0.001714s ]
INFO: [ app_begin ] --END-- [ RunTime:0.003156s ]

[ 2014-12-15T14:12:51+08:00 ] 192.168.0.149 /Api/Sync
INFO: [ app_init ] --START--
INFO: Run Behavior\BuildLiteBehavior [ RunTime:0.000024s ]
INFO: [ app_init ] --END-- [ RunTime:0.000610s ]
INFO: [ app_begin ] --START--
INFO: Run Behavior\ReadHtmlCacheBehavior [ RunTime:0.001408s ]
NOTIC: [8] Undefined index: HTTP_REFERER D:\home\coding\zendstudio\edu\Education_dev_hipi\branches\v1.0\Application\Common\Behaviors\AppBeginBehavior.class.php 第 13 行.
INFO: Run Common\Behaviors\AppBeginBehavior [ RunTime:0.002941s ]
INFO: [ app_begin ] --END-- [ RunTime:0.004508s ]

[ 2014-12-15T14:12:51+08:00 ] 192.168.0.149 /Api/Sync
INFO: [ app_init ] --START--
INFO: Run Behavior\BuildLiteBehavior [ RunTime:0.000023s ]
INFO: [ app_init ] --END-- [ RunTime:0.000623s ]
INFO: [ app_begin ] --START--
INFO: Run Behavior\ReadHtmlCacheBehavior [ RunTime:0.001398s ]
NOTIC: [8] Undefined index: HTTP_REFERER D:\home\coding\zendstudio\edu\Education_dev_hipi\branches\v1.0\Application\Common\Behaviors\AppBeginBehavior.class.php 第 13 行.
INFO: Run Common\Behaviors\AppBeginBehavior [ RunTime:0.002551s ]
INFO: [ app_begin ] --END-- [ RunTime:0.004106s ]

[ 2014-12-15T14:12:51+08:00 ] 192.168.0.149 /Api/Sync
INFO: [ app_init ] --START--
INFO: Run Behavior\BuildLiteBehavior [ RunTime:0.000024s ]
INFO: [ app_init ] --END-- [ RunTime:0.000619s ]
INFO: [ app_begin ] --START--
INFO: Run Behavior\ReadHtmlCacheBehavior [ RunTime:0.001380s ]
NOTIC: [8] Undefined index: HTTP_REFERER D:\home\coding\zendstudio\edu\Education_dev_hipi\branches\v1.0\Application\Common\Behaviors\AppBeginBehavior.class.php 第 13 行.
INFO: Run Common\Behaviors\AppBeginBehavior [ RunTime:0.002634s ]
INFO: [ app_begin ] --END-- [ RunTime:0.004170s ]

[ 2014-12-15T14:12:51+08:00 ] 192.168.0.149 /Api/Sync
INFO: [ app_init ] --START--
INFO: Run Behavior\BuildLiteBehavior [ RunTime:0.000024s ]
INFO: [ app_init ] --END-- [ RunTime:0.000608s ]
INFO: [ app_begin ] --START--
INFO: Run Behavior\ReadHtmlCacheBehavior [ RunTime:0.001472s ]
NOTIC: [8] Undefined index: HTTP_REFERER D:\home\coding\zendstudio\edu\Education_dev_hipi\branches\v1.0\Application\Common\Behaviors\AppBeginBehavior.class.php 第 13 行.
INFO: Run Common\Behaviors\AppBeginBehavior [ RunTime:0.002577s ]
INFO: [ app_begin ] --END-- [ RunTime:0.004238s ]

[ 2014-12-15T14:47:02+08:00 ] 192.168.0.149 /Hd/Course/recommend.html
INFO: [ app_init ] --START--
INFO: Run Behavior\BuildLiteBehavior [ RunTime:0.000025s ]
INFO: [ app_init ] --END-- [ RunTime:0.000404s ]
INFO: [ app_begin ] --START--
INFO: Run Behavior\ReadHtmlCacheBehavior [ RunTime:0.000516s ]
INFO: Run Common\Behaviors\AppBeginBehavior [ RunTime:0.000698s ]
INFO: [ app_begin ] --END-- [ RunTime:0.001368s ]
NOTIC: [2] Invalid argument supplied for foreach() D:\home\coding\zendstudio\edu\Education_dev_hipi\branches\v1.0\Application\Common\Common\common.php 第 26 行.
NOTIC: [2] Invalid argument supplied for foreach() D:\home\coding\zendstudio\edu\Education_dev_hipi\branches\v1.0\Application\Common\Common\common.php 第 26 行.
NOTIC: [2] Invalid argument supplied for foreach() D:\home\coding\zendstudio\edu\Education_dev_hipi\branches\v1.0\Application\Common\Common\common.php 第 26 行.
NOTIC: [2] Invalid argument supplied for foreach() D:\home\coding\zendstudio\edu\Education_dev_hipi\branches\v1.0\Application\Common\Common\common.php 第 26 行.
NOTIC: [2] Invalid argument supplied for foreach() D:\home\coding\zendstudio\edu\Education_dev_hipi\branches\v1.0\Application\Common\Common\common.php 第 26 行.
NOTIC: [2] Invalid argument supplied for foreach() D:\home\coding\zendstudio\edu\Education_dev_hipi\branches\v1.0\Application\Common\Common\common.php 第 26 行.
NOTIC: [2] Invalid argument supplied for foreach() D:\home\coding\zendstudio\edu\Education_dev_hipi\branches\v1.0\Application\Common\Common\common.php 第 26 行.
NOTIC: [2] Invalid argument supplied for foreach() D:\home\coding\zendstudio\edu\Education_dev_hipi\branches\v1.0\Application\Common\Common\common.php 第 26 行.
NOTIC: [2] Invalid argument supplied for foreach() D:\home\coding\zendstudio\edu\Education_dev_hipi\branches\v1.0\Application\Common\Common\common.php 第 26 行.
INFO: [ view_parse ] --START--
INFO: [ template_filter ] --START--
INFO: Run Behavior\ContentReplaceBehavior [ RunTime:0.000177s ]
INFO: [ template_filter ] --END-- [ RunTime:0.000286s ]
NOTIC: [8] Undefined variable: pageTitle D:\home\coding\zendstudio\edu\Education_dev_hipi\branches\v1.0\Runtime\Cache\Hd\2037dec581471a39ce0184eed6d28cec.php 第 6 行.
INFO: Run Behavior\ParseTemplateBehavior [ RunTime:0.016248s ]
INFO: [ view_parse ] --END-- [ RunTime:0.016360s ]
INFO: [ view_filter ] --START--
INFO: Run Behavior\WriteHtmlCacheBehavior [ RunTime:0.000337s ]
INFO: [ view_filter ] --END-- [ RunTime:0.000427s ]
INFO: [ app_end ] --START--
INFO: Run Behavior\ShowPageTraceBehavior [ RunTime:0.000585s ]
INFO: [ app_end ] --END-- [ RunTime:0.000676s ]

[ 2014-12-15T14:52:33+08:00 ] 192.168.0.152 /Hd/Course/recommend.html
INFO: [ app_init ] --START--
INFO: Run Behavior\BuildLiteBehavior [ RunTime:0.000022s ]
INFO: [ app_init ] --END-- [ RunTime:0.000391s ]
INFO: [ app_begin ] --START--
INFO: Run Behavior\ReadHtmlCacheBehavior [ RunTime:0.000923s ]
INFO: Run Common\Behaviors\AppBeginBehavior [ RunTime:0.001542s ]
INFO: [ app_begin ] --END-- [ RunTime:0.002722s ]
NOTIC: [2] Missing argument 3 for Common\Controller\CommonController::showMessage(), called in D:\home\coding\zendstudio\edu\Education_dev_hipi\branches\v1.0\Application\Common\Controller\CommonController.class.php on line 72 and defined D:\home\coding\zendstudio\edu\Education_dev_hipi\branches\v1.0\Application\Common\Controller\CommonController.class.php 第 148 行.
NOTIC: [8] Undefined variable: url D:\home\coding\zendstudio\edu\Education_dev_hipi\branches\v1.0\Application\Common\Controller\CommonController.class.php 第 152 行.
INFO: [ view_parse ] --START--
INFO: [ template_filter ] --START--
INFO: Run Behavior\ContentReplaceBehavior [ RunTime:0.000093s ]
INFO: [ template_filter ] --END-- [ RunTime:0.000208s ]
NOTIC: [8] Undefined variable: pageTitle D:\home\coding\zendstudio\edu\Education_dev_hipi\branches\v1.0\Runtime\Cache\Hd\ce439ec412526cdd13de6e6c87898925.php 第 6 行.
INFO: Run Behavior\ParseTemplateBehavior [ RunTime:0.031922s ]
INFO: [ view_parse ] --END-- [ RunTime:0.032085s ]
INFO: [ view_filter ] --START--
INFO: Run Behavior\WriteHtmlCacheBehavior [ RunTime:0.000444s ]
INFO: [ view_filter ] --END-- [ RunTime:0.000553s ]

[ 2014-12-15T14:52:34+08:00 ] 192.168.0.152 /Test
INFO: [ app_init ] --START--
INFO: Run Behavior\BuildLiteBehavior [ RunTime:0.000031s ]
INFO: [ app_init ] --END-- [ RunTime:0.000516s ]
INFO: [ app_begin ] --START--
INFO: Run Behavior\ReadHtmlCacheBehavior [ RunTime:0.000771s ]
INFO: Run Common\Behaviors\AppBeginBehavior [ RunTime:0.001153s ]
INFO: [ app_begin ] --END-- [ RunTime:0.002137s ]
INFO: [ view_parse ] --START--
INFO: [ template_filter ] --START--
INFO: Run Behavior\ContentReplaceBehavior [ RunTime:0.000153s ]
INFO: [ template_filter ] --END-- [ RunTime:0.000375s ]
INFO: Run Behavior\ParseTemplateBehavior [ RunTime:0.010118s ]
INFO: [ view_parse ] --END-- [ RunTime:0.010295s ]
INFO: [ view_filter ] --START--
INFO: Run Behavior\WriteHtmlCacheBehavior [ RunTime:0.000602s ]
INFO: [ view_filter ] --END-- [ RunTime:0.000771s ]
INFO: [ app_end ] --START--
INFO: Run Behavior\ShowPageTraceBehavior [ RunTime:0.000894s ]
INFO: [ app_end ] --END-- [ RunTime:0.001061s ]

[ 2014-12-15T14:52:35+08:00 ] 192.168.0.152 /?params=%7B%22username%22%3A%20%2200000000%22%2C%20%22epg_full_url%22%3A%20%22/epg_redirect/education/%3FINFO%3D%253CuserId%253E123456789036%253C/userId%253E%253CuserToken%253E03111508256980016640821125101009%253C/userToken%253E%253CTokenExpiretime%253E20140402023516%253C/TokenExpiretime%253E%253CGroupId%253E26%253C/GroupId%253E%253CuserIP%253E10.132.100.143%253C/userIP%253E%253CpetName%253E%253C/petName%253E%253CareaCode%253E00%253C/areaCode%253E%253CTradeId%253Enull%253C/TradeId%253E%253CstbId%253E411001990070119000014C09B4E84B2D%253C/stbId%253E%253Cback_hall_url%253Ehttp%3A//61.160.131.12%3A8296/SPToAms%253C/back_hall_url%253E%253Cfrom%253E000%253C/from%253E%22%2C%20%22c_zsj_userid%22%3A%20%22900176%22%2C%20%22areacode%22%3A%2090017%2C%20%22usertoken%22%3A%20%2203111508256980016640821125101009%22%2C%20%22stbtype%22%3A%20%22ztebw%22%2C%20%22userid%22%3A%20%22123456789036%22%2C%20%22return_url%22%3A%20%22http%3A//61.160.131.12%3A8296/SPToAms%3FINFO%3D%3CuserId%3E02586588234%3C/userId%3E%3CuserToken%3E03111508256980016640821125101009%3C/userToken%3E%3CTokenExpiretime%3E20140402023516%3C/TokenExpiretime%3E%3CGroupId%3E26%3C/GroupId%3E%3CuserIP%3E10.132.100.143%3C/userIP%3E%3CareaCode%3E00%3C/areaCode%3E%3CTradeId%3E%3C/TradeId%3E%3CstbId%3E411001990070119000014C09B4E84B2D%3C/stbId%3E%3CoptFlag%3EGAME%3C/optFlag%3E%3CSPID%3Espa00022%3C/SPID%3E%3Cback_epg_url%3Ehttp%3A//61.160.131.12%3A8296/SPToAms%3C/back_epg_url%3E%22%7D
INFO: [ app_init ] --START--
INFO: Run Behavior\BuildLiteBehavior [ RunTime:0.000023s ]
INFO: [ app_init ] --END-- [ RunTime:0.000453s ]
INFO: [ app_begin ] --START--
INFO: Run Behavior\ReadHtmlCacheBehavior [ RunTime:0.000922s ]
NOTIC: [8] Undefined index: REDIRECT_URL D:\home\coding\zendstudio\edu\Education_dev_hipi\branches\v1.0\Application\Common\Behaviors\AppBeginBehavior.class.php 第 15 行.
INFO: Run Common\Behaviors\AppBeginBehavior [ RunTime:0.001308s ]
INFO: [ app_begin ] --END-- [ RunTime:0.002498s ]
NOTIC: [2] Invalid argument supplied for foreach() D:\home\coding\zendstudio\edu\Education_dev_hipi\branches\v1.0\Application\Common\Common\common.php 第 26 行.
NOTIC: [2] Invalid argument supplied for foreach() D:\home\coding\zendstudio\edu\Education_dev_hipi\branches\v1.0\Application\Common\Common\common.php 第 26 行.
NOTIC: [2] Invalid argument supplied for foreach() D:\home\coding\zendstudio\edu\Education_dev_hipi\branches\v1.0\Application\Common\Common\common.php 第 26 行.
NOTIC: [2] Invalid argument supplied for foreach() D:\home\coding\zendstudio\edu\Education_dev_hipi\branches\v1.0\Application\Common\Common\common.php 第 26 行.
NOTIC: [2] Invalid argument supplied for foreach() D:\home\coding\zendstudio\edu\Education_dev_hipi\branches\v1.0\Application\Common\Common\common.php 第 26 行.
NOTIC: [2] Invalid argument supplied for foreach() D:\home\coding\zendstudio\edu\Education_dev_hipi\branches\v1.0\Application\Common\Common\common.php 第 26 行.

[ 2014-12-15T14:52:35+08:00 ] 192.168.0.152 /Hd/Course/recommend.html
INFO: [ app_init ] --START--
INFO: Run Behavior\BuildLiteBehavior [ RunTime:0.000022s ]
INFO: [ app_init ] --END-- [ RunTime:0.000405s ]
INFO: [ app_begin ] --START--
INFO: Run Behavior\ReadHtmlCacheBehavior [ RunTime:0.000750s ]
INFO: Run Common\Behaviors\AppBeginBehavior [ RunTime:0.001180s ]
INFO: [ app_begin ] --END-- [ RunTime:0.002133s ]
NOTIC: [2] Invalid argument supplied for foreach() D:\home\coding\zendstudio\edu\Education_dev_hipi\branches\v1.0\Application\Common\Common\common.php 第 26 行.
NOTIC: [2] Invalid argument supplied for foreach() D:\home\coding\zendstudio\edu\Education_dev_hipi\branches\v1.0\Application\Common\Common\common.php 第 26 行.
NOTIC: [2] Invalid argument supplied for foreach() D:\home\coding\zendstudio\edu\Education_dev_hipi\branches\v1.0\Application\Common\Common\common.php 第 26 行.
NOTIC: [2] Invalid argument supplied for foreach() D:\home\coding\zendstudio\edu\Education_dev_hipi\branches\v1.0\Application\Common\Common\common.php 第 26 行.
NOTIC: [2] Invalid argument supplied for foreach() D:\home\coding\zendstudio\edu\Education_dev_hipi\branches\v1.0\Application\Common\Common\common.php 第 26 行.
NOTIC: [2] Invalid argument supplied for foreach() D:\home\coding\zendstudio\edu\Education_dev_hipi\branches\v1.0\Application\Common\Common\common.php 第 26 行.
NOTIC: [2] Invalid argument supplied for foreach() D:\home\coding\zendstudio\edu\Education_dev_hipi\branches\v1.0\Application\Common\Common\common.php 第 26 行.
NOTIC: [2] Invalid argument supplied for foreach() D:\home\coding\zendstudio\edu\Education_dev_hipi\branches\v1.0\Application\Common\Common\common.php 第 26 行.
NOTIC: [2] Invalid argument supplied for foreach() D:\home\coding\zendstudio\edu\Education_dev_hipi\branches\v1.0\Application\Common\Common\common.php 第 26 行.
INFO: [ view_parse ] --START--
INFO: [ template_filter ] --START--
INFO: Run Behavior\ContentReplaceBehavior [ RunTime:0.000177s ]
INFO: [ template_filter ] --END-- [ RunTime:0.000291s ]
NOTIC: [8] Undefined variable: pageTitle D:\home\coding\zendstudio\edu\Education_dev_hipi\branches\v1.0\Runtime\Cache\Hd\2037dec581471a39ce0184eed6d28cec.php 第 6 行.
INFO: Run Behavior\ParseTemplateBehavior [ RunTime:0.012527s ]
INFO: [ view_parse ] --END-- [ RunTime:0.012654s ]
INFO: [ view_filter ] --START--
INFO: Run Behavior\WriteHtmlCacheBehavior [ RunTime:0.000350s ]
INFO: [ view_filter ] --END-- [ RunTime:0.000443s ]
INFO: [ app_end ] --START--
INFO: Run Behavior\ShowPageTraceBehavior [ RunTime:0.001098s ]
INFO: [ app_end ] --END-- [ RunTime:0.001332s ]

[ 2014-12-15T14:54:16+08:00 ] 192.168.0.152 /Hd/Course/recommend.html
INFO: [ app_init ] --START--
INFO: Run Behavior\BuildLiteBehavior [ RunTime:0.000062s ]
INFO: [ app_init ] --END-- [ RunTime:0.000493s ]
INFO: [ app_begin ] --START--
INFO: Run Behavior\ReadHtmlCacheBehavior [ RunTime:0.000658s ]
INFO: Run Common\Behaviors\AppBeginBehavior [ RunTime:0.000756s ]
INFO: [ app_begin ] --END-- [ RunTime:0.001617s ]
NOTIC: [2] Invalid argument supplied for foreach() D:\home\coding\zendstudio\edu\Education_dev_hipi\branches\v1.0\Application\Common\Common\common.php 第 26 行.
NOTIC: [2] Invalid argument supplied for foreach() D:\home\coding\zendstudio\edu\Education_dev_hipi\branches\v1.0\Application\Common\Common\common.php 第 26 行.
NOTIC: [2] Invalid argument supplied for foreach() D:\home\coding\zendstudio\edu\Education_dev_hipi\branches\v1.0\Application\Common\Common\common.php 第 26 行.
NOTIC: [2] Invalid argument supplied for foreach() D:\home\coding\zendstudio\edu\Education_dev_hipi\branches\v1.0\Application\Common\Common\common.php 第 26 行.
NOTIC: [2] Invalid argument supplied for foreach() D:\home\coding\zendstudio\edu\Education_dev_hipi\branches\v1.0\Application\Common\Common\common.php 第 26 行.
NOTIC: [2] Invalid argument supplied for foreach() D:\home\coding\zendstudio\edu\Education_dev_hipi\branches\v1.0\Application\Common\Common\common.php 第 26 行.
NOTIC: [2] Invalid argument supplied for foreach() D:\home\coding\zendstudio\edu\Education_dev_hipi\branches\v1.0\Application\Common\Common\common.php 第 26 行.
NOTIC: [2] Invalid argument supplied for foreach() D:\home\coding\zendstudio\edu\Education_dev_hipi\branches\v1.0\Application\Common\Common\common.php 第 26 行.
NOTIC: [2] Invalid argument supplied for foreach() D:\home\coding\zendstudio\edu\Education_dev_hipi\branches\v1.0\Application\Common\Common\common.php 第 26 行.
INFO: [ view_parse ] --START--
INFO: [ template_filter ] --START--
INFO: Run Behavior\ContentReplaceBehavior [ RunTime:0.000182s ]
INFO: [ template_filter ] --END-- [ RunTime:0.000290s ]
NOTIC: [8] Undefined variable: pageTitle D:\home\coding\zendstudio\edu\Education_dev_hipi\branches\v1.0\Runtime\Cache\Hd\2037dec581471a39ce0184eed6d28cec.php 第 6 行.
INFO: Run Behavior\ParseTemplateBehavior [ RunTime:0.015383s ]
INFO: [ view_parse ] --END-- [ RunTime:0.015572s ]
INFO: [ view_filter ] --START--
INFO: Run Behavior\WriteHtmlCacheBehavior [ RunTime:0.000429s ]
INFO: [ view_filter ] --END-- [ RunTime:0.000548s ]
INFO: [ app_end ] --START--
INFO: Run Behavior\ShowPageTraceBehavior [ RunTime:0.000700s ]
INFO: [ app_end ] --END-- [ RunTime:0.000816s ]

[ 2014-12-15T15:00:09+08:00 ] 192.168.0.149 /Hd/Course/recommend.html
INFO: [ app_init ] --START--
INFO: Run Behavior\BuildLiteBehavior [ RunTime:0.000023s ]
INFO: [ app_init ] --END-- [ RunTime:0.000372s ]
INFO: [ app_begin ] --START--
INFO: Run Behavior\ReadHtmlCacheBehavior [ RunTime:0.000559s ]
INFO: Run Common\Behaviors\AppBeginBehavior [ RunTime:0.000972s ]
INFO: [ app_begin ] --END-- [ RunTime:0.001693s ]
NOTIC: [2] Invalid argument supplied for foreach() D:\home\coding\zendstudio\edu\Education_dev_hipi\branches\v1.0\Application\Common\Common\common.php 第 26 行.
NOTIC: [2] Invalid argument supplied for foreach() D:\home\coding\zendstudio\edu\Education_dev_hipi\branches\v1.0\Application\Common\Common\common.php 第 26 行.
NOTIC: [2] Invalid argument supplied for foreach() D:\home\coding\zendstudio\edu\Education_dev_hipi\branches\v1.0\Application\Common\Common\common.php 第 26 行.
NOTIC: [2] Invalid argument supplied for foreach() D:\home\coding\zendstudio\edu\Education_dev_hipi\branches\v1.0\Application\Common\Common\common.php 第 26 行.
NOTIC: [2] Invalid argument supplied for foreach() D:\home\coding\zendstudio\edu\Education_dev_hipi\branches\v1.0\Application\Common\Common\common.php 第 26 行.
NOTIC: [2] Invalid argument supplied for foreach() D:\home\coding\zendstudio\edu\Education_dev_hipi\branches\v1.0\Application\Common\Common\common.php 第 26 行.
NOTIC: [2] Invalid argument supplied for foreach() D:\home\coding\zendstudio\edu\Education_dev_hipi\branches\v1.0\Application\Common\Common\common.php 第 26 行.
NOTIC: [2] Invalid argument supplied for foreach() D:\home\coding\zendstudio\edu\Education_dev_hipi\branches\v1.0\Application\Common\Common\common.php 第 26 行.
NOTIC: [2] Invalid argument supplied for foreach() D:\home\coding\zendstudio\edu\Education_dev_hipi\branches\v1.0\Application\Common\Common\common.php 第 26 行.
INFO: [ view_parse ] --START--
INFO: [ template_filter ] --START--
INFO: Run Behavior\ContentReplaceBehavior [ RunTime:0.000175s ]
INFO: [ template_filter ] --END-- [ RunTime:0.000296s ]
NOTIC: [8] Undefined variable: pageTitle D:\home\coding\zendstudio\edu\Education_dev_hipi\branches\v1.0\Runtime\Cache\Hd\2037dec581471a39ce0184eed6d28cec.php 第 6 行.
INFO: Run Behavior\ParseTemplateBehavior [ RunTime:0.012259s ]
INFO: [ view_parse ] --END-- [ RunTime:0.012370s ]
INFO: [ view_filter ] --START--
INFO: Run Behavior\WriteHtmlCacheBehavior [ RunTime:0.000345s ]
INFO: [ view_filter ] --END-- [ RunTime:0.000437s ]
INFO: [ app_end ] --START--
INFO: Run Behavior\ShowPageTraceBehavior [ RunTime:0.000570s ]
INFO: [ app_end ] --END-- [ RunTime:0.000661s ]

[ 2014-12-15T15:07:28+08:00 ] 192.168.0.149 /Hd/Course/my.html
INFO: [ app_init ] --START--
INFO: Run Behavior\BuildLiteBehavior [ RunTime:0.000024s ]
INFO: [ app_init ] --END-- [ RunTime:0.000414s ]
INFO: [ app_begin ] --START--
INFO: Run Behavior\ReadHtmlCacheBehavior [ RunTime:0.000632s ]
NOTIC: [8] Undefined index: HTTP_REFERER D:\home\coding\zendstudio\edu\Education_dev_hipi\branches\v1.0\Application\Common\Behaviors\AppBeginBehavior.class.php 第 13 行.
INFO: Run Common\Behaviors\AppBeginBehavior [ RunTime:0.000974s ]
INFO: [ app_begin ] --END-- [ RunTime:0.001755s ]
NOTIC: [2] Invalid argument supplied for foreach() D:\home\coding\zendstudio\edu\Education_dev_hipi\branches\v1.0\Application\Common\Common\common.php 第 26 行.
NOTIC: [2] Invalid argument supplied for foreach() D:\home\coding\zendstudio\edu\Education_dev_hipi\branches\v1.0\Application\Common\Common\common.php 第 26 行.
NOTIC: [2] Invalid argument supplied for foreach() D:\home\coding\zendstudio\edu\Education_dev_hipi\branches\v1.0\Application\Common\Common\common.php 第 26 行.
NOTIC: [2] Invalid argument supplied for foreach() D:\home\coding\zendstudio\edu\Education_dev_hipi\branches\v1.0\Application\Common\Common\common.php 第 26 行.
NOTIC: [2] Invalid argument supplied for foreach() D:\home\coding\zendstudio\edu\Education_dev_hipi\branches\v1.0\Application\Common\Common\common.php 第 26 行.
NOTIC: [2] Invalid argument supplied for foreach() D:\home\coding\zendstudio\edu\Education_dev_hipi\branches\v1.0\Application\Common\Common\common.php 第 26 行.
INFO: [ view_parse ] --START--
INFO: [ template_filter ] --START--
INFO: Run Behavior\ContentReplaceBehavior [ RunTime:0.000080s ]
INFO: [ template_filter ] --END-- [ RunTime:0.000184s ]
NOTIC: [8] Undefined variable: pageTitle D:\home\coding\zendstudio\edu\Education_dev_hipi\branches\v1.0\Runtime\Cache\Hd\051a3fb22e68750878e50172893818d6.php 第 6 行.
INFO: Run Behavior\ParseTemplateBehavior [ RunTime:0.007174s ]
INFO: [ view_parse ] --END-- [ RunTime:0.007289s ]
INFO: [ view_filter ] --START--
INFO: Run Behavior\WriteHtmlCacheBehavior [ RunTime:0.000425s ]
INFO: [ view_filter ] --END-- [ RunTime:0.000519s ]
INFO: [ app_end ] --START--
INFO: Run Behavior\ShowPageTraceBehavior [ RunTime:0.000710s ]
INFO: [ app_end ] --END-- [ RunTime:0.000809s ]

[ 2014-12-15T15:07:29+08:00 ] 192.168.0.149 /Hd/Course/my.html
INFO: [ app_init ] --START--
INFO: Run Behavior\BuildLiteBehavior [ RunTime:0.000042s ]
INFO: [ app_init ] --END-- [ RunTime:0.000742s ]
INFO: [ app_begin ] --START--
INFO: Run Behavior\ReadHtmlCacheBehavior [ RunTime:0.001277s ]
NOTIC: [8] Undefined index: HTTP_REFERER D:\home\coding\zendstudio\edu\Education_dev_hipi\branches\v1.0\Application\Common\Behaviors\AppBeginBehavior.class.php 第 13 行.
INFO: Run Common\Behaviors\AppBeginBehavior [ RunTime:0.001901s ]
INFO: [ app_begin ] --END-- [ RunTime:0.003488s ]
NOTIC: [2] Invalid argument supplied for foreach() D:\home\coding\zendstudio\edu\Education_dev_hipi\branches\v1.0\Application\Common\Common\common.php 第 26 行.
NOTIC: [2] Invalid argument supplied for foreach() D:\home\coding\zendstudio\edu\Education_dev_hipi\branches\v1.0\Application\Common\Common\common.php 第 26 行.
NOTIC: [2] Invalid argument supplied for foreach() D:\home\coding\zendstudio\edu\Education_dev_hipi\branches\v1.0\Application\Common\Common\common.php 第 26 行.
NOTIC: [2] Invalid argument supplied for foreach() D:\home\coding\zendstudio\edu\Education_dev_hipi\branches\v1.0\Application\Common\Common\common.php 第 26 行.
NOTIC: [2] Invalid argument supplied for foreach() D:\home\coding\zendstudio\edu\Education_dev_hipi\branches\v1.0\Application\Common\Common\common.php 第 26 行.
NOTIC: [2] Invalid argument supplied for foreach() D:\home\coding\zendstudio\edu\Education_dev_hipi\branches\v1.0\Application\Common\Common\common.php 第 26 行.
INFO: [ view_parse ] --START--
INFO: [ template_filter ] --START--
INFO: Run Behavior\ContentReplaceBehavior [ RunTime:0.000082s ]
INFO: [ template_filter ] --END-- [ RunTime:0.000189s ]
NOTIC: [8] Undefined variable: pageTitle D:\home\coding\zendstudio\edu\Education_dev_hipi\branches\v1.0\Runtime\Cache\Hd\051a3fb22e68750878e50172893818d6.php 第 6 行.
INFO: Run Behavior\ParseTemplateBehavior [ RunTime:0.007579s ]
INFO: [ view_parse ] --END-- [ RunTime:0.007686s ]
INFO: [ view_filter ] --START--
INFO: Run Behavior\WriteHtmlCacheBehavior [ RunTime:0.000404s ]
INFO: [ view_filter ] --END-- [ RunTime:0.000494s ]
INFO: [ app_end ] --START--
INFO: Run Behavior\ShowPageTraceBehavior [ RunTime:0.000658s ]
INFO: [ app_end ] --END-- [ RunTime:0.000749s ]

[ 2014-12-15T15:39:39+08:00 ] 192.168.0.152 /Hd/Course/recommend.html
INFO: [ app_init ] --START--
INFO: Run Behavior\BuildLiteBehavior [ RunTime:0.000041s ]
INFO: [ app_init ] --END-- [ RunTime:0.000481s ]
INFO: [ app_begin ] --START--
INFO: Run Behavior\ReadHtmlCacheBehavior [ RunTime:0.000818s ]
INFO: Run Common\Behaviors\AppBeginBehavior [ RunTime:0.000826s ]
INFO: [ app_begin ] --END-- [ RunTime:0.001938s ]
NOTIC: [2] Invalid argument supplied for foreach() D:\home\coding\zendstudio\edu\Education_dev_hipi\branches\v1.0\Application\Common\Common\common.php 第 26 行.
NOTIC: [2] Invalid argument supplied for foreach() D:\home\coding\zendstudio\edu\Education_dev_hipi\branches\v1.0\Application\Common\Common\common.php 第 26 行.
NOTIC: [2] Invalid argument supplied for foreach() D:\home\coding\zendstudio\edu\Education_dev_hipi\branches\v1.0\Application\Common\Common\common.php 第 26 行.
NOTIC: [2] Invalid argument supplied for foreach() D:\home\coding\zendstudio\edu\Education_dev_hipi\branches\v1.0\Application\Common\Common\common.php 第 26 行.
NOTIC: [2] Invalid argument supplied for foreach() D:\home\coding\zendstudio\edu\Education_dev_hipi\branches\v1.0\Application\Common\Common\common.php 第 26 行.
NOTIC: [2] Invalid argument supplied for foreach() D:\home\coding\zendstudio\edu\Education_dev_hipi\branches\v1.0\Application\Common\Common\common.php 第 26 行.
NOTIC: [2] Invalid argument supplied for foreach() D:\home\coding\zendstudio\edu\Education_dev_hipi\branches\v1.0\Application\Common\Common\common.php 第 26 行.
NOTIC: [2] Invalid argument supplied for foreach() D:\home\coding\zendstudio\edu\Education_dev_hipi\branches\v1.0\Application\Common\Common\common.php 第 26 行.
NOTIC: [2] Invalid argument supplied for foreach() D:\home\coding\zendstudio\edu\Education_dev_hipi\branches\v1.0\Application\Common\Common\common.php 第 26 行.
INFO: [ view_parse ] --START--
INFO: [ template_filter ] --START--
INFO: Run Behavior\ContentReplaceBehavior [ RunTime:0.000191s ]
INFO: [ template_filter ] --END-- [ RunTime:0.000325s ]
NOTIC: [8] Undefined variable: pageTitle D:\home\coding\zendstudio\edu\Education_dev_hipi\branches\v1.0\Runtime\Cache\Hd\2037dec581471a39ce0184eed6d28cec.php 第 6 行.
INFO: Run Behavior\ParseTemplateBehavior [ RunTime:0.016480s ]
INFO: [ view_parse ] --END-- [ RunTime:0.016597s ]
INFO: [ view_filter ] --START--
INFO: Run Behavior\WriteHtmlCacheBehavior [ RunTime:0.000315s ]
INFO: [ view_filter ] --END-- [ RunTime:0.000426s ]
INFO: [ app_end ] --START--
INFO: Run Behavior\ShowPageTraceBehavior [ RunTime:0.000543s ]
INFO: [ app_end ] --END-- [ RunTime:0.000633s ]

[ 2014-12-15T15:48:52+08:00 ] 192.168.0.152 /Hd/Course/recommend.html
INFO: [ app_init ] --START--
INFO: Run Behavior\BuildLiteBehavior [ RunTime:0.000043s ]
INFO: [ app_init ] --END-- [ RunTime:0.000747s ]
INFO: [ app_begin ] --START--
INFO: Run Behavior\ReadHtmlCacheBehavior [ RunTime:0.000778s ]
INFO: Run Common\Behaviors\AppBeginBehavior [ RunTime:0.000803s ]
INFO: [ app_begin ] --END-- [ RunTime:0.001805s ]
NOTIC: [2] Invalid argument supplied for foreach() D:\home\coding\zendstudio\edu\Education_dev_hipi\branches\v1.0\Application\Common\Common\common.php 第 26 行.
NOTIC: [2] Invalid argument supplied for foreach() D:\home\coding\zendstudio\edu\Education_dev_hipi\branches\v1.0\Application\Common\Common\common.php 第 26 行.
NOTIC: [2] Invalid argument supplied for foreach() D:\home\coding\zendstudio\edu\Education_dev_hipi\branches\v1.0\Application\Common\Common\common.php 第 26 行.
NOTIC: [2] Invalid argument supplied for foreach() D:\home\coding\zendstudio\edu\Education_dev_hipi\branches\v1.0\Application\Common\Common\common.php 第 26 行.
NOTIC: [2] Invalid argument supplied for foreach() D:\home\coding\zendstudio\edu\Education_dev_hipi\branches\v1.0\Application\Common\Common\common.php 第 26 行.
NOTIC: [2] Invalid argument supplied for foreach() D:\home\coding\zendstudio\edu\Education_dev_hipi\branches\v1.0\Application\Common\Common\common.php 第 26 行.
NOTIC: [2] Invalid argument supplied for foreach() D:\home\coding\zendstudio\edu\Education_dev_hipi\branches\v1.0\Application\Common\Common\common.php 第 26 行.
NOTIC: [2] Invalid argument supplied for foreach() D:\home\coding\zendstudio\edu\Education_dev_hipi\branches\v1.0\Application\Common\Common\common.php 第 26 行.
NOTIC: [2] Invalid argument supplied for foreach() D:\home\coding\zendstudio\edu\Education_dev_hipi\branches\v1.0\Application\Common\Common\common.php 第 26 行.
INFO: [ view_parse ] --START--
INFO: [ template_filter ] --START--
INFO: Run Behavior\ContentReplaceBehavior [ RunTime:0.000177s ]
INFO: [ template_filter ] --END-- [ RunTime:0.000286s ]
NOTIC: [8] Undefined variable: pageTitle D:\home\coding\zendstudio\edu\Education_dev_hipi\branches\v1.0\Runtime\Cache\Hd\2037dec581471a39ce0184eed6d28cec.php 第 6 行.
INFO: Run Behavior\ParseTemplateBehavior [ RunTime:0.012066s ]
INFO: [ view_parse ] --END-- [ RunTime:0.012234s ]
INFO: [ view_filter ] --START--
INFO: Run Behavior\WriteHtmlCacheBehavior [ RunTime:0.000317s ]
INFO: [ view_filter ] --END-- [ RunTime:0.000407s ]
INFO: [ app_end ] --START--
INFO: Run Behavior\ShowPageTraceBehavior [ RunTime:0.000546s ]
INFO: [ app_end ] --END-- [ RunTime:0.000637s ]

[ 2014-12-15T15:49:30+08:00 ] 192.168.0.152 /Hd/Course/recommend.html
INFO: [ app_init ] --START--
INFO: Run Behavior\BuildLiteBehavior [ RunTime:0.000044s ]
INFO: [ app_init ] --END-- [ RunTime:0.000737s ]
INFO: [ app_begin ] --START--
INFO: Run Behavior\ReadHtmlCacheBehavior [ RunTime:0.000555s ]
INFO: Run Common\Behaviors\AppBeginBehavior [ RunTime:0.000468s ]
INFO: [ app_begin ] --END-- [ RunTime:0.001194s ]
NOTIC: [2] Invalid argument supplied for foreach() D:\home\coding\zendstudio\edu\Education_dev_hipi\branches\v1.0\Application\Common\Common\common.php 第 26 行.
NOTIC: [2] Invalid argument supplied for foreach() D:\home\coding\zendstudio\edu\Education_dev_hipi\branches\v1.0\Application\Common\Common\common.php 第 26 行.
NOTIC: [2] Invalid argument supplied for foreach() D:\home\coding\zendstudio\edu\Education_dev_hipi\branches\v1.0\Application\Common\Common\common.php 第 26 行.
NOTIC: [2] Invalid argument supplied for foreach() D:\home\coding\zendstudio\edu\Education_dev_hipi\branches\v1.0\Application\Common\Common\common.php 第 26 行.
NOTIC: [2] Invalid argument supplied for foreach() D:\home\coding\zendstudio\edu\Education_dev_hipi\branches\v1.0\Application\Common\Common\common.php 第 26 行.
NOTIC: [2] Invalid argument supplied for foreach() D:\home\coding\zendstudio\edu\Education_dev_hipi\branches\v1.0\Application\Common\Common\common.php 第 26 行.
NOTIC: [2] Invalid argument supplied for foreach() D:\home\coding\zendstudio\edu\Education_dev_hipi\branches\v1.0\Application\Common\Common\common.php 第 26 行.
NOTIC: [2] Invalid argument supplied for foreach() D:\home\coding\zendstudio\edu\Education_dev_hipi\branches\v1.0\Application\Common\Common\common.php 第 26 行.
NOTIC: [2] Invalid argument supplied for foreach() D:\home\coding\zendstudio\edu\Education_dev_hipi\branches\v1.0\Application\Common\Common\common.php 第 26 行.
INFO: [ view_parse ] --START--
INFO: [ template_filter ] --START--
INFO: Run Behavior\ContentReplaceBehavior [ RunTime:0.000203s ]
INFO: [ template_filter ] --END-- [ RunTime:0.000338s ]
NOTIC: [8] Undefined variable: pageTitle D:\home\coding\zendstudio\edu\Education_dev_hipi\branches\v1.0\Runtime\Cache\Hd\2037dec581471a39ce0184eed6d28cec.php 第 6 行.
INFO: Run Behavior\ParseTemplateBehavior [ RunTime:0.013554s ]
INFO: [ view_parse ] --END-- [ RunTime:0.013695s ]
INFO: [ view_filter ] --START--
INFO: Run Behavior\WriteHtmlCacheBehavior [ RunTime:0.000336s ]
INFO: [ view_filter ] --END-- [ RunTime:0.000429s ]
INFO: [ app_end ] --START--
INFO: Run Behavior\ShowPageTraceBehavior [ RunTime:0.000586s ]
INFO: [ app_end ] --END-- [ RunTime:0.000677s ]

[ 2014-12-15T15:49:48+08:00 ] 192.168.0.152 /Hd/Course/recommend.html
INFO: [ app_init ] --START--
INFO: Run Behavior\BuildLiteBehavior [ RunTime:0.000042s ]
INFO: [ app_init ] --END-- [ RunTime:0.000688s ]
INFO: [ app_begin ] --START--
INFO: Run Behavior\ReadHtmlCacheBehavior [ RunTime:0.002561s ]
INFO: Run Common\Behaviors\AppBeginBehavior [ RunTime:0.001180s ]
INFO: [ app_begin ] --END-- [ RunTime:0.004206s ]
NOTIC: [2] Invalid argument supplied for foreach() D:\home\coding\zendstudio\edu\Education_dev_hipi\branches\v1.0\Application\Common\Common\common.php 第 26 行.
NOTIC: [2] Invalid argument supplied for foreach() D:\home\coding\zendstudio\edu\Education_dev_hipi\branches\v1.0\Application\Common\Common\common.php 第 26 行.
NOTIC: [2] Invalid argument supplied for foreach() D:\home\coding\zendstudio\edu\Education_dev_hipi\branches\v1.0\Application\Common\Common\common.php 第 26 行.
NOTIC: [2] Invalid argument supplied for foreach() D:\home\coding\zendstudio\edu\Education_dev_hipi\branches\v1.0\Application\Common\Common\common.php 第 26 行.
NOTIC: [2] Invalid argument supplied for foreach() D:\home\coding\zendstudio\edu\Education_dev_hipi\branches\v1.0\Application\Common\Common\common.php 第 26 行.
NOTIC: [2] Invalid argument supplied for foreach() D:\home\coding\zendstudio\edu\Education_dev_hipi\branches\v1.0\Application\Common\Common\common.php 第 26 行.
NOTIC: [2] Invalid argument supplied for foreach() D:\home\coding\zendstudio\edu\Education_dev_hipi\branches\v1.0\Application\Common\Common\common.php 第 26 行.
NOTIC: [2] Invalid argument supplied for foreach() D:\home\coding\zendstudio\edu\Education_dev_hipi\branches\v1.0\Application\Common\Common\common.php 第 26 行.
NOTIC: [2] Invalid argument supplied for foreach() D:\home\coding\zendstudio\edu\Education_dev_hipi\branches\v1.0\Application\Common\Common\common.php 第 26 行.
INFO: [ view_parse ] --START--
INFO: [ template_filter ] --START--
INFO: Run Behavior\ContentReplaceBehavior [ RunTime:0.000176s ]
INFO: [ template_filter ] --END-- [ RunTime:0.000281s ]
NOTIC: [8] Undefined variable: pageTitle D:\home\coding\zendstudio\edu\Education_dev_hipi\branches\v1.0\Runtime\Cache\Hd\2037dec581471a39ce0184eed6d28cec.php 第 6 行.
INFO: Run Behavior\ParseTemplateBehavior [ RunTime:0.013283s ]
INFO: [ view_parse ] --END-- [ RunTime:0.013673s ]
INFO: [ view_filter ] --START--
INFO: Run Behavior\WriteHtmlCacheBehavior [ RunTime:0.000333s ]
INFO: [ view_filter ] --END-- [ RunTime:0.000422s ]
INFO: [ app_end ] --START--
INFO: Run Behavior\ShowPageTraceBehavior [ RunTime:0.000791s ]
INFO: [ app_end ] --END-- [ RunTime:0.000910s ]

[ 2014-12-15T15:50:41+08:00 ] 192.168.0.152 /Hd/Course/recommend.html
INFO: [ app_init ] --START--
INFO: Run Behavior\BuildLiteBehavior [ RunTime:0.000025s ]
INFO: [ app_init ] --END-- [ RunTime:0.000416s ]
INFO: [ app_begin ] --START--
INFO: Run Behavior\ReadHtmlCacheBehavior [ RunTime:0.000550s ]
INFO: Run Common\Behaviors\AppBeginBehavior [ RunTime:0.000485s ]
INFO: [ app_begin ] --END-- [ RunTime:0.001219s ]
NOTIC: [2] Invalid argument supplied for foreach() D:\home\coding\zendstudio\edu\Education_dev_hipi\branches\v1.0\Application\Common\Common\common.php 第 26 行.
NOTIC: [2] Invalid argument supplied for foreach() D:\home\coding\zendstudio\edu\Education_dev_hipi\branches\v1.0\Application\Common\Common\common.php 第 26 行.
NOTIC: [2] Invalid argument supplied for foreach() D:\home\coding\zendstudio\edu\Education_dev_hipi\branches\v1.0\Application\Common\Common\common.php 第 26 行.
NOTIC: [2] Invalid argument supplied for foreach() D:\home\coding\zendstudio\edu\Education_dev_hipi\branches\v1.0\Application\Common\Common\common.php 第 26 行.
NOTIC: [2] Invalid argument supplied for foreach() D:\home\coding\zendstudio\edu\Education_dev_hipi\branches\v1.0\Application\Common\Common\common.php 第 26 行.
NOTIC: [2] Invalid argument supplied for foreach() D:\home\coding\zendstudio\edu\Education_dev_hipi\branches\v1.0\Application\Common\Common\common.php 第 26 行.
NOTIC: [2] Invalid argument supplied for foreach() D:\home\coding\zendstudio\edu\Education_dev_hipi\branches\v1.0\Application\Common\Common\common.php 第 26 行.
NOTIC: [2] Invalid argument supplied for foreach() D:\home\coding\zendstudio\edu\Education_dev_hipi\branches\v1.0\Application\Common\Common\common.php 第 26 行.
NOTIC: [2] Invalid argument supplied for foreach() D:\home\coding\zendstudio\edu\Education_dev_hipi\branches\v1.0\Application\Common\Common\common.php 第 26 行.
INFO: [ view_parse ] --START--
INFO: [ template_filter ] --START--
INFO: Run Behavior\ContentReplaceBehavior [ RunTime:0.000502s ]
INFO: [ template_filter ] --END-- [ RunTime:0.000686s ]
NOTIC: [8] Undefined variable: pageTitle D:\home\coding\zendstudio\edu\Education_dev_hipi\branches\v1.0\Runtime\Cache\Hd\2037dec581471a39ce0184eed6d28cec.php 第 6 行.
INFO: Run Behavior\ParseTemplateBehavior [ RunTime:0.012360s ]
INFO: [ view_parse ] --END-- [ RunTime:0.012480s ]
INFO: [ view_filter ] --START--
INFO: Run Behavior\WriteHtmlCacheBehavior [ RunTime:0.000309s ]
INFO: [ view_filter ] --END-- [ RunTime:0.000398s ]
INFO: [ app_end ] --START--
INFO: Run Behavior\ShowPageTraceBehavior [ RunTime:0.000546s ]
INFO: [ app_end ] --END-- [ RunTime:0.000644s ]

[ 2014-12-15T15:51:09+08:00 ] 192.168.0.152 /Hd/Course/recommend.html
INFO: [ app_init ] --START--
INFO: Run Behavior\BuildLiteBehavior [ RunTime:0.000056s ]
INFO: [ app_init ] --END-- [ RunTime:0.000818s ]
INFO: [ app_begin ] --START--
INFO: Run Behavior\ReadHtmlCacheBehavior [ RunTime:0.000525s ]
INFO: Run Common\Behaviors\AppBeginBehavior [ RunTime:0.000686s ]
INFO: [ app_begin ] --END-- [ RunTime:0.001380s ]
NOTIC: [2] Invalid argument supplied for foreach() D:\home\coding\zendstudio\edu\Education_dev_hipi\branches\v1.0\Application\Common\Common\common.php 第 26 行.
NOTIC: [2] Invalid argument supplied for foreach() D:\home\coding\zendstudio\edu\Education_dev_hipi\branches\v1.0\Application\Common\Common\common.php 第 26 行.
NOTIC: [2] Invalid argument supplied for foreach() D:\home\coding\zendstudio\edu\Education_dev_hipi\branches\v1.0\Application\Common\Common\common.php 第 26 行.
NOTIC: [2] Invalid argument supplied for foreach() D:\home\coding\zendstudio\edu\Education_dev_hipi\branches\v1.0\Application\Common\Common\common.php 第 26 行.
NOTIC: [2] Invalid argument supplied for foreach() D:\home\coding\zendstudio\edu\Education_dev_hipi\branches\v1.0\Application\Common\Common\common.php 第 26 行.
NOTIC: [2] Invalid argument supplied for foreach() D:\home\coding\zendstudio\edu\Education_dev_hipi\branches\v1.0\Application\Common\Common\common.php 第 26 行.
NOTIC: [2] Invalid argument supplied for foreach() D:\home\coding\zendstudio\edu\Education_dev_hipi\branches\v1.0\Application\Common\Common\common.php 第 26 行.
NOTIC: [2] Invalid argument supplied for foreach() D:\home\coding\zendstudio\edu\Education_dev_hipi\branches\v1.0\Application\Common\Common\common.php 第 26 行.
NOTIC: [2] Invalid argument supplied for foreach() D:\home\coding\zendstudio\edu\Education_dev_hipi\branches\v1.0\Application\Common\Common\common.php 第 26 行.
INFO: [ view_parse ] --START--
INFO: [ template_filter ] --START--
INFO: Run Behavior\ContentReplaceBehavior [ RunTime:0.000246s ]
INFO: [ template_filter ] --END-- [ RunTime:0.000461s ]
NOTIC: [8] Undefined variable: pageTitle D:\home\coding\zendstudio\edu\Education_dev_hipi\branches\v1.0\Runtime\Cache\Hd\2037dec581471a39ce0184eed6d28cec.php 第 6 行.
INFO: Run Behavior\ParseTemplateBehavior [ RunTime:0.012412s ]
INFO: [ view_parse ] --END-- [ RunTime:0.012540s ]
INFO: [ view_filter ] --START--
INFO: Run Behavior\WriteHtmlCacheBehavior [ RunTime:0.000332s ]
INFO: [ view_filter ] --END-- [ RunTime:0.000430s ]
INFO: [ app_end ] --START--
INFO: Run Behavior\ShowPageTraceBehavior [ RunTime:0.000646s ]
INFO: [ app_end ] --END-- [ RunTime:0.000784s ]

[ 2014-12-15T15:52:35+08:00 ] 192.168.0.152 /Hd/Course/recommend.html
INFO: [ app_init ] --START--
INFO: Run Behavior\BuildLiteBehavior [ RunTime:0.000046s ]
INFO: [ app_init ] --END-- [ RunTime:0.000472s ]
INFO: [ app_begin ] --START--
INFO: Run Behavior\ReadHtmlCacheBehavior [ RunTime:0.000467s ]
INFO: Run Common\Behaviors\AppBeginBehavior [ RunTime:0.000514s ]
INFO: [ app_begin ] --END-- [ RunTime:0.001153s ]
NOTIC: [2] Invalid argument supplied for foreach() D:\home\coding\zendstudio\edu\Education_dev_hipi\branches\v1.0\Application\Common\Common\common.php 第 26 行.
NOTIC: [2] Invalid argument supplied for foreach() D:\home\coding\zendstudio\edu\Education_dev_hipi\branches\v1.0\Application\Common\Common\common.php 第 26 行.
NOTIC: [2] Invalid argument supplied for foreach() D:\home\coding\zendstudio\edu\Education_dev_hipi\branches\v1.0\Application\Common\Common\common.php 第 26 行.
NOTIC: [2] Invalid argument supplied for foreach() D:\home\coding\zendstudio\edu\Education_dev_hipi\branches\v1.0\Application\Common\Common\common.php 第 26 行.
NOTIC: [2] Invalid argument supplied for foreach() D:\home\coding\zendstudio\edu\Education_dev_hipi\branches\v1.0\Application\Common\Common\common.php 第 26 行.
NOTIC: [2] Invalid argument supplied for foreach() D:\home\coding\zendstudio\edu\Education_dev_hipi\branches\v1.0\Application\Common\Common\common.php 第 26 行.
NOTIC: [2] Invalid argument supplied for foreach() D:\home\coding\zendstudio\edu\Education_dev_hipi\branches\v1.0\Application\Common\Common\common.php 第 26 行.
NOTIC: [2] Invalid argument supplied for foreach() D:\home\coding\zendstudio\edu\Education_dev_hipi\branches\v1.0\Application\Common\Common\common.php 第 26 行.
NOTIC: [2] Invalid argument supplied for foreach() D:\home\coding\zendstudio\edu\Education_dev_hipi\branches\v1.0\Application\Common\Common\common.php 第 26 行.
INFO: [ view_parse ] --START--
INFO: [ template_filter ] --START--
INFO: Run Behavior\ContentReplaceBehavior [ RunTime:0.000177s ]
INFO: [ template_filter ] --END-- [ RunTime:0.000283s ]
NOTIC: [8] Undefined variable: pageTitle D:\home\coding\zendstudio\edu\Education_dev_hipi\branches\v1.0\Runtime\Cache\Hd\2037dec581471a39ce0184eed6d28cec.php 第 6 行.
INFO: Run Behavior\ParseTemplateBehavior [ RunTime:0.012652s ]
INFO: [ view_parse ] --END-- [ RunTime:0.012768s ]
INFO: [ view_filter ] --START--
INFO: Run Behavior\WriteHtmlCacheBehavior [ RunTime:0.000320s ]
INFO: [ view_filter ] --END-- [ RunTime:0.000413s ]
INFO: [ app_end ] --START--
INFO: Run Behavior\ShowPageTraceBehavior [ RunTime:0.000548s ]
INFO: [ app_end ] --END-- [ RunTime:0.000639s ]

[ 2014-12-15T16:35:55+08:00 ] 192.168.0.152 /Hd/Course/recommend.html
INFO: [ app_init ] --START--
INFO: Run Behavior\BuildLiteBehavior [ RunTime:0.000024s ]
INFO: [ app_init ] --END-- [ RunTime:0.000492s ]
INFO: [ app_begin ] --START--
INFO: Run Behavior\ReadHtmlCacheBehavior [ RunTime:0.001152s ]
INFO: Run Common\Behaviors\AppBeginBehavior [ RunTime:0.001593s ]
INFO: [ app_begin ] --END-- [ RunTime:0.004121s ]
NOTIC: [2] Missing argument 3 for Common\Controller\CommonController::showMessage(), called in D:\home\coding\zendstudio\edu\Education_dev_hipi\branches\v1.0\Application\Common\Controller\CommonController.class.php on line 72 and defined D:\home\coding\zendstudio\edu\Education_dev_hipi\branches\v1.0\Application\Common\Controller\CommonController.class.php 第 148 行.
NOTIC: [8] Undefined variable: url D:\home\coding\zendstudio\edu\Education_dev_hipi\branches\v1.0\Application\Common\Controller\CommonController.class.php 第 152 行.
INFO: [ view_parse ] --START--
INFO: [ template_filter ] --START--
INFO: Run Behavior\ContentReplaceBehavior [ RunTime:0.000092s ]
INFO: [ template_filter ] --END-- [ RunTime:0.000201s ]
NOTIC: [8] Undefined variable: pageTitle D:\home\coding\zendstudio\edu\Education_dev_hipi\branches\v1.0\Runtime\Cache\Hd\ce439ec412526cdd13de6e6c87898925.php 第 6 行.
INFO: Run Behavior\ParseTemplateBehavior [ RunTime:0.008661s ]
INFO: [ view_parse ] --END-- [ RunTime:0.008799s ]
INFO: [ view_filter ] --START--
INFO: Run Behavior\WriteHtmlCacheBehavior [ RunTime:0.000411s ]
INFO: [ view_filter ] --END-- [ RunTime:0.000507s ]

[ 2014-12-15T17:11:48+08:00 ] 192.168.0.149 /Test
INFO: [ app_init ] --START--
INFO: Run Behavior\BuildLiteBehavior [ RunTime:0.000043s ]
INFO: [ app_init ] --END-- [ RunTime:0.000955s ]
INFO: [ app_begin ] --START--
INFO: Run Behavior\ReadHtmlCacheBehavior [ RunTime:0.001188s ]
INFO: Run Common\Behaviors\AppBeginBehavior [ RunTime:0.001419s ]
INFO: [ app_begin ] --END-- [ RunTime:0.002943s ]
INFO: [ view_parse ] --START--
INFO: [ template_filter ] --START--
INFO: Run Behavior\ContentReplaceBehavior [ RunTime:0.000090s ]
INFO: [ template_filter ] --END-- [ RunTime:0.000255s ]
INFO: Run Behavior\ParseTemplateBehavior [ RunTime:0.016991s ]
INFO: [ view_parse ] --END-- [ RunTime:0.017182s ]
INFO: [ view_filter ] --START--
INFO: Run Behavior\WriteHtmlCacheBehavior [ RunTime:0.000329s ]
INFO: [ view_filter ] --END-- [ RunTime:0.000423s ]
INFO: [ app_end ] --START--
INFO: Run Behavior\ShowPageTraceBehavior [ RunTime:0.000727s ]
INFO: [ app_end ] --END-- [ RunTime:0.000847s ]

[ 2014-12-15T17:11:49+08:00 ] 192.168.0.149 /?params=%7B%22username%22%3A%20%2200000000%22%2C%20%22epg_full_url%22%3A%20%22/epg_redirect/education/%3FINFO%3D%253CuserId%253E123456789036%253C/userId%253E%253CuserToken%253E03111508256980016640821125101009%253C/userToken%253E%253CTokenExpiretime%253E20140402023516%253C/TokenExpiretime%253E%253CGroupId%253E26%253C/GroupId%253E%253CuserIP%253E10.132.100.143%253C/userIP%253E%253CpetName%253E%253C/petName%253E%253CareaCode%253E00%253C/areaCode%253E%253CTradeId%253Enull%253C/TradeId%253E%253CstbId%253E411001990070119000014C09B4E84B2D%253C/stbId%253E%253Cback_hall_url%253Ehttp%3A//61.160.131.12%3A8296/SPToAms%253C/back_hall_url%253E%253Cfrom%253E000%253C/from%253E%22%2C%20%22c_zsj_userid%22%3A%20%22900176%22%2C%20%22areacode%22%3A%2090017%2C%20%22usertoken%22%3A%20%2203111508256980016640821125101009%22%2C%20%22stbtype%22%3A%20%22ztebw%22%2C%20%22userid%22%3A%20%22123456789036%22%2C%20%22return_url%22%3A%20%22http%3A//61.160.131.12%3A8296/SPToAms%3FINFO%3D%3CuserId%3E02586588234%3C/userId%3E%3CuserToken%3E03111508256980016640821125101009%3C/userToken%3E%3CTokenExpiretime%3E20140402023516%3C/TokenExpiretime%3E%3CGroupId%3E26%3C/GroupId%3E%3CuserIP%3E10.132.100.143%3C/userIP%3E%3CareaCode%3E00%3C/areaCode%3E%3CTradeId%3E%3C/TradeId%3E%3CstbId%3E411001990070119000014C09B4E84B2D%3C/stbId%3E%3CoptFlag%3EGAME%3C/optFlag%3E%3CSPID%3Espa00022%3C/SPID%3E%3Cback_epg_url%3Ehttp%3A//61.160.131.12%3A8296/SPToAms%3C/back_epg_url%3E%22%7D
INFO: [ app_init ] --START--
INFO: Run Behavior\BuildLiteBehavior [ RunTime:0.000029s ]
INFO: [ app_init ] --END-- [ RunTime:0.000433s ]
INFO: [ app_begin ] --START--
INFO: Run Behavior\ReadHtmlCacheBehavior [ RunTime:0.000522s ]
NOTIC: [8] Undefined index: REDIRECT_URL D:\home\coding\zendstudio\edu\Education_dev_hipi\branches\v1.0\Application\Common\Behaviors\AppBeginBehavior.class.php 第 15 行.
INFO: Run Common\Behaviors\AppBeginBehavior [ RunTime:0.000649s ]
INFO: [ app_begin ] --END-- [ RunTime:0.001355s ]
NOTIC: [2] Invalid argument supplied for foreach() D:\home\coding\zendstudio\edu\Education_dev_hipi\branches\v1.0\Application\Common\Common\common.php 第 26 行.
NOTIC: [2] Invalid argument supplied for foreach() D:\home\coding\zendstudio\edu\Education_dev_hipi\branches\v1.0\Application\Common\Common\common.php 第 26 行.
NOTIC: [2] Invalid argument supplied for foreach() D:\home\coding\zendstudio\edu\Education_dev_hipi\branches\v1.0\Application\Common\Common\common.php 第 26 行.
NOTIC: [2] Invalid argument supplied for foreach() D:\home\coding\zendstudio\edu\Education_dev_hipi\branches\v1.0\Application\Common\Common\common.php 第 26 行.
NOTIC: [2] Invalid argument supplied for foreach() D:\home\coding\zendstudio\edu\Education_dev_hipi\branches\v1.0\Application\Common\Common\common.php 第 26 行.
NOTIC: [2] Invalid argument supplied for foreach() D:\home\coding\zendstudio\edu\Education_dev_hipi\branches\v1.0\Application\Common\Common\common.php 第 26 行.

[ 2014-12-15T17:11:49+08:00 ] 192.168.0.149 /Hd/Course/recommend.html
INFO: [ app_init ] --START--
INFO: Run Behavior\BuildLiteBehavior [ RunTime:0.000021s ]
INFO: [ app_init ] --END-- [ RunTime:0.000336s ]
INFO: [ app_begin ] --START--
INFO: Run Behavior\ReadHtmlCacheBehavior [ RunTime:0.000465s ]
INFO: Run Common\Behaviors\AppBeginBehavior [ RunTime:0.000477s ]
INFO: [ app_begin ] --END-- [ RunTime:0.001093s ]
NOTIC: [2] Invalid argument supplied for foreach() D:\home\coding\zendstudio\edu\Education_dev_hipi\branches\v1.0\Application\Common\Common\common.php 第 26 行.
NOTIC: [2] Invalid argument supplied for foreach() D:\home\coding\zendstudio\edu\Education_dev_hipi\branches\v1.0\Application\Common\Common\common.php 第 26 行.
NOTIC: [2] Invalid argument supplied for foreach() D:\home\coding\zendstudio\edu\Education_dev_hipi\branches\v1.0\Application\Common\Common\common.php 第 26 行.
NOTIC: [2] Invalid argument supplied for foreach() D:\home\coding\zendstudio\edu\Education_dev_hipi\branches\v1.0\Application\Common\Common\common.php 第 26 行.
NOTIC: [2] Invalid argument supplied for foreach() D:\home\coding\zendstudio\edu\Education_dev_hipi\branches\v1.0\Application\Common\Common\common.php 第 26 行.
NOTIC: [2] Invalid argument supplied for foreach() D:\home\coding\zendstudio\edu\Education_dev_hipi\branches\v1.0\Application\Common\Common\common.php 第 26 行.
NOTIC: [2] Invalid argument supplied for foreach() D:\home\coding\zendstudio\edu\Education_dev_hipi\branches\v1.0\Application\Common\Common\common.php 第 26 行.
NOTIC: [2] Invalid argument supplied for foreach() D:\home\coding\zendstudio\edu\Education_dev_hipi\branches\v1.0\Application\Common\Common\common.php 第 26 行.
NOTIC: [2] Invalid argument supplied for foreach() D:\home\coding\zendstudio\edu\Education_dev_hipi\branches\v1.0\Application\Common\Common\common.php 第 26 行.
INFO: [ view_parse ] --START--
INFO: [ template_filter ] --START--
INFO: Run Behavior\ContentReplaceBehavior [ RunTime:0.000176s ]
INFO: [ template_filter ] --END-- [ RunTime:0.000281s ]
NOTIC: [8] Undefined variable: pageTitle D:\home\coding\zendstudio\edu\Education_dev_hipi\branches\v1.0\Runtime\Cache\Hd\2037dec581471a39ce0184eed6d28cec.php 第 6 行.
INFO: Run Behavior\ParseTemplateBehavior [ RunTime:0.011500s ]
INFO: [ view_parse ] --END-- [ RunTime:0.011614s ]
INFO: [ view_filter ] --START--
INFO: Run Behavior\WriteHtmlCacheBehavior [ RunTime:0.000319s ]
INFO: [ view_filter ] --END-- [ RunTime:0.000408s ]
INFO: [ app_end ] --START--
INFO: Run Behavior\ShowPageTraceBehavior [ RunTime:0.000565s ]
INFO: [ app_end ] --END-- [ RunTime:0.000656s ]

[ 2014-12-15T17:20:09+08:00 ] 192.168.0.152 /Hd/Course/recommend.html
INFO: [ app_init ] --START--
INFO: Run Behavior\BuildLiteBehavior [ RunTime:0.000024s ]
INFO: [ app_init ] --END-- [ RunTime:0.000403s ]
INFO: [ app_begin ] --START--
INFO: Run Behavior\ReadHtmlCacheBehavior [ RunTime:0.000675s ]
INFO: Run Common\Behaviors\AppBeginBehavior [ RunTime:0.000717s ]
INFO: [ app_begin ] --END-- [ RunTime:0.001731s ]
NOTIC: [2] Missing argument 3 for Common\Controller\CommonController::showMessage(), called in D:\home\coding\zendstudio\edu\Education_dev_hipi\branches\v1.0\Application\Common\Controller\CommonController.class.php on line 72 and defined D:\home\coding\zendstudio\edu\Education_dev_hipi\branches\v1.0\Application\Common\Controller\CommonController.class.php 第 148 行.
NOTIC: [8] Undefined variable: url D:\home\coding\zendstudio\edu\Education_dev_hipi\branches\v1.0\Application\Common\Controller\CommonController.class.php 第 152 行.
INFO: [ view_parse ] --START--
INFO: [ template_filter ] --START--
INFO: Run Behavior\ContentReplaceBehavior [ RunTime:0.000199s ]
INFO: [ template_filter ] --END-- [ RunTime:0.000319s ]
NOTIC: [8] Undefined variable: pageTitle D:\home\coding\zendstudio\edu\Education_dev_hipi\branches\v1.0\Runtime\Cache\Hd\ce439ec412526cdd13de6e6c87898925.php 第 6 行.
INFO: Run Behavior\ParseTemplateBehavior [ RunTime:0.008913s ]
INFO: [ view_parse ] --END-- [ RunTime:0.009037s ]
INFO: [ view_filter ] --START--
INFO: Run Behavior\WriteHtmlCacheBehavior [ RunTime:0.000470s ]
INFO: [ view_filter ] --END-- [ RunTime:0.000577s ]

