[ 2014-11-27T09:16:49+08:00 ] 192.168.0.152 /
INFO: [ app_init ] --START--
INFO: Run Behavior\BuildLiteBehavior [ RunTime:0.000054s ]
INFO: [ app_init ] --END-- [ RunTime:0.010297s ]
INFO: [ app_begin ] --START--
INFO: Run Behavior\ReadHtmlCacheBehavior [ RunTime:0.010577s ]
NOTIC: [8] Undefined index: REDIRECT_URL D:\home\coding\zendstudio\edu\Education_dev_hipi\branches\v1.0\Application\Common\Behaviors\AppBeginBehavior.class.php 第 15 行.
INFO: Run Common\Behaviors\AppBeginBehavior [ RunTime:0.028586s ]
INFO: [ app_begin ] --END-- [ RunTime:0.039443s ]
INFO: [ view_parse ] --START--
INFO: [ template_filter ] --START--
INFO: Run Behavior\ContentReplaceBehavior [ RunTime:0.000080s ]
INFO: [ template_filter ] --END-- [ RunTime:0.000225s ]
INFO: Run Behavior\ParseTemplateBehavior [ RunTime:0.027083s ]
INFO: [ view_parse ] --END-- [ RunTime:0.027239s ]
INFO: [ view_filter ] --START--
INFO: Run Behavior\WriteHtmlCacheBehavior [ RunTime:0.008456s ]
INFO: [ view_filter ] --END-- [ RunTime:0.008558s ]
INFO: [ app_end ] --START--
INFO: Run Behavior\ShowPageTraceBehavior [ RunTime:0.006205s ]
INFO: [ app_end ] --END-- [ RunTime:0.006313s ]

[ 2014-11-27T11:36:40+08:00 ] 192.168.0.152 /Api/Sync/recive
INFO: [ app_init ] --START--
INFO: Run Behavior\BuildLiteBehavior [ RunTime:0.000048s ]
INFO: [ app_init ] --END-- [ RunTime:0.015534s ]
INFO: [ app_begin ] --START--
INFO: Run Behavior\ReadHtmlCacheBehavior [ RunTime:0.002333s ]
NOTIC: [8] Undefined index: HTTP_REFERER D:\home\coding\zendstudio\edu\Education_dev_hipi\branches\v1.0\Application\Common\Behaviors\AppBeginBehavior.class.php 第 13 行.
INFO: Run Common\Behaviors\AppBeginBehavior [ RunTime:0.028324s ]
INFO: [ app_begin ] --END-- [ RunTime:0.031037s ]
INFO: [ app_end ] --START--
INFO: Run Behavior\ShowPageTraceBehavior [ RunTime:0.016061s ]
INFO: [ app_end ] --END-- [ RunTime:0.016319s ]

[ 2014-11-27T11:36:58+08:00 ] 192.168.0.152 /Api/Sync/recive
INFO: [ app_init ] --START--
INFO: Run Behavior\BuildLiteBehavior [ RunTime:0.000024s ]
INFO: [ app_init ] --END-- [ RunTime:0.000351s ]
INFO: [ app_begin ] --START--
INFO: Run Behavior\ReadHtmlCacheBehavior [ RunTime:0.000550s ]
NOTIC: [8] Undefined index: HTTP_REFERER D:\home\coding\zendstudio\edu\Education_dev_hipi\branches\v1.0\Application\Common\Behaviors\AppBeginBehavior.class.php 第 13 行.
INFO: Run Common\Behaviors\AppBeginBehavior [ RunTime:0.000784s ]
INFO: [ app_begin ] --END-- [ RunTime:0.001519s ]
INFO: [ app_end ] --START--
INFO: Run Behavior\ShowPageTraceBehavior [ RunTime:0.000865s ]
INFO: [ app_end ] --END-- [ RunTime:0.000994s ]

[ 2014-11-27T11:39:42+08:00 ] 192.168.0.152 /Api/Sync/recive
INFO: [ app_init ] --START--
INFO: Run Behavior\BuildLiteBehavior [ RunTime:0.000031s ]
INFO: [ app_init ] --END-- [ RunTime:0.000399s ]
INFO: [ app_begin ] --START--
INFO: Run Behavior\ReadHtmlCacheBehavior [ RunTime:0.000631s ]
NOTIC: [8] Undefined index: HTTP_REFERER D:\home\coding\zendstudio\edu\Education_dev_hipi\branches\v1.0\Application\Common\Behaviors\AppBeginBehavior.class.php 第 13 行.
INFO: Run Common\Behaviors\AppBeginBehavior [ RunTime:0.006594s ]
INFO: [ app_begin ] --END-- [ RunTime:0.007406s ]
INFO: [ app_end ] --START--
INFO: Run Behavior\ShowPageTraceBehavior [ RunTime:0.000697s ]
INFO: [ app_end ] --END-- [ RunTime:0.000840s ]

[ 2014-11-27T11:39:51+08:00 ] 192.168.0.152 /Api/Sync/recive
INFO: [ app_init ] --START--
INFO: Run Behavior\BuildLiteBehavior [ RunTime:0.000025s ]
INFO: [ app_init ] --END-- [ RunTime:0.000519s ]
INFO: [ app_begin ] --START--
INFO: Run Behavior\ReadHtmlCacheBehavior [ RunTime:0.000778s ]
NOTIC: [8] Undefined index: HTTP_REFERER D:\home\coding\zendstudio\edu\Education_dev_hipi\branches\v1.0\Application\Common\Behaviors\AppBeginBehavior.class.php 第 13 行.
INFO: Run Common\Behaviors\AppBeginBehavior [ RunTime:0.001188s ]
INFO: [ app_begin ] --END-- [ RunTime:0.002162s ]
INFO: [ app_end ] --START--
INFO: Run Behavior\ShowPageTraceBehavior [ RunTime:0.000842s ]
INFO: [ app_end ] --END-- [ RunTime:0.000984s ]

[ 2014-11-27T11:40:06+08:00 ] 192.168.0.152 /Api/Sync/recive
INFO: [ app_init ] --START--
INFO: Run Behavior\BuildLiteBehavior [ RunTime:0.000024s ]
INFO: [ app_init ] --END-- [ RunTime:0.000353s ]
INFO: [ app_begin ] --START--
INFO: Run Behavior\ReadHtmlCacheBehavior [ RunTime:0.000551s ]
NOTIC: [8] Undefined index: HTTP_REFERER D:\home\coding\zendstudio\edu\Education_dev_hipi\branches\v1.0\Application\Common\Behaviors\AppBeginBehavior.class.php 第 13 行.
INFO: Run Common\Behaviors\AppBeginBehavior [ RunTime:0.000665s ]
INFO: [ app_begin ] --END-- [ RunTime:0.001405s ]
INFO: [ app_end ] --START--
INFO: Run Behavior\ShowPageTraceBehavior [ RunTime:0.000607s ]
INFO: [ app_end ] --END-- [ RunTime:0.000724s ]

[ 2014-11-27T11:40:21+08:00 ] 192.168.0.152 /Api/Sync/recive
INFO: [ app_init ] --START--
INFO: Run Behavior\BuildLiteBehavior [ RunTime:0.000023s ]
INFO: [ app_init ] --END-- [ RunTime:0.000349s ]
INFO: [ app_begin ] --START--
INFO: Run Behavior\ReadHtmlCacheBehavior [ RunTime:0.000564s ]
NOTIC: [8] Undefined index: HTTP_REFERER D:\home\coding\zendstudio\edu\Education_dev_hipi\branches\v1.0\Application\Common\Behaviors\AppBeginBehavior.class.php 第 13 行.
INFO: Run Common\Behaviors\AppBeginBehavior [ RunTime:0.000672s ]
INFO: [ app_begin ] --END-- [ RunTime:0.001418s ]
INFO: [ app_end ] --START--
INFO: Run Behavior\ShowPageTraceBehavior [ RunTime:0.000607s ]
INFO: [ app_end ] --END-- [ RunTime:0.000727s ]

[ 2014-11-27T11:40:33+08:00 ] 192.168.0.152 /Api/Sync/recive
INFO: [ app_init ] --START--
INFO: Run Behavior\BuildLiteBehavior [ RunTime:0.000031s ]
INFO: [ app_init ] --END-- [ RunTime:0.000398s ]
INFO: [ app_begin ] --START--
INFO: Run Behavior\ReadHtmlCacheBehavior [ RunTime:0.000534s ]
NOTIC: [8] Undefined index: HTTP_REFERER D:\home\coding\zendstudio\edu\Education_dev_hipi\branches\v1.0\Application\Common\Behaviors\AppBeginBehavior.class.php 第 13 行.
INFO: Run Common\Behaviors\AppBeginBehavior [ RunTime:0.000821s ]
INFO: [ app_begin ] --END-- [ RunTime:0.001557s ]
INFO: [ app_end ] --START--
INFO: Run Behavior\ShowPageTraceBehavior [ RunTime:0.000597s ]
INFO: [ app_end ] --END-- [ RunTime:0.000714s ]

[ 2014-11-27T11:40:34+08:00 ] 192.168.0.152 /Api/Sync/recive
INFO: [ app_init ] --START--
INFO: Run Behavior\BuildLiteBehavior [ RunTime:0.000024s ]
INFO: [ app_init ] --END-- [ RunTime:0.000353s ]
INFO: [ app_begin ] --START--
INFO: Run Behavior\ReadHtmlCacheBehavior [ RunTime:0.000454s ]
NOTIC: [8] Undefined index: HTTP_REFERER D:\home\coding\zendstudio\edu\Education_dev_hipi\branches\v1.0\Application\Common\Behaviors\AppBeginBehavior.class.php 第 13 行.
INFO: Run Common\Behaviors\AppBeginBehavior [ RunTime:0.000642s ]
INFO: [ app_begin ] --END-- [ RunTime:0.001263s ]
INFO: [ app_end ] --START--
INFO: Run Behavior\ShowPageTraceBehavior [ RunTime:0.000684s ]
INFO: [ app_end ] --END-- [ RunTime:0.000824s ]

[ 2014-11-27T11:40:34+08:00 ] 192.168.0.152 /Api/Sync/recive
INFO: [ app_init ] --START--
INFO: Run Behavior\BuildLiteBehavior [ RunTime:0.000037s ]
INFO: [ app_init ] --END-- [ RunTime:0.000447s ]
INFO: [ app_begin ] --START--
INFO: Run Behavior\ReadHtmlCacheBehavior [ RunTime:0.000508s ]
NOTIC: [8] Undefined index: HTTP_REFERER D:\home\coding\zendstudio\edu\Education_dev_hipi\branches\v1.0\Application\Common\Behaviors\AppBeginBehavior.class.php 第 13 行.
INFO: Run Common\Behaviors\AppBeginBehavior [ RunTime:0.000739s ]
INFO: [ app_begin ] --END-- [ RunTime:0.001451s ]
INFO: [ app_end ] --START--
INFO: Run Behavior\ShowPageTraceBehavior [ RunTime:0.000769s ]
INFO: [ app_end ] --END-- [ RunTime:0.000987s ]

[ 2014-11-27T11:40:34+08:00 ] 192.168.0.152 /Api/Sync/recive
INFO: [ app_init ] --START--
INFO: Run Behavior\BuildLiteBehavior [ RunTime:0.000044s ]
INFO: [ app_init ] --END-- [ RunTime:0.000578s ]
INFO: [ app_begin ] --START--
INFO: Run Behavior\ReadHtmlCacheBehavior [ RunTime:0.000729s ]
NOTIC: [8] Undefined index: HTTP_REFERER D:\home\coding\zendstudio\edu\Education_dev_hipi\branches\v1.0\Application\Common\Behaviors\AppBeginBehavior.class.php 第 13 行.
INFO: Run Common\Behaviors\AppBeginBehavior [ RunTime:0.001282s ]
INFO: [ app_begin ] --END-- [ RunTime:0.002352s ]
INFO: [ app_end ] --START--
INFO: Run Behavior\ShowPageTraceBehavior [ RunTime:0.000892s ]
INFO: [ app_end ] --END-- [ RunTime:0.001090s ]

[ 2014-11-27T11:40:34+08:00 ] 192.168.0.152 /Api/Sync/recive
INFO: [ app_init ] --START--
INFO: Run Behavior\BuildLiteBehavior [ RunTime:0.000024s ]
INFO: [ app_init ] --END-- [ RunTime:0.000406s ]
INFO: [ app_begin ] --START--
INFO: Run Behavior\ReadHtmlCacheBehavior [ RunTime:0.000631s ]
NOTIC: [8] Undefined index: HTTP_REFERER D:\home\coding\zendstudio\edu\Education_dev_hipi\branches\v1.0\Application\Common\Behaviors\AppBeginBehavior.class.php 第 13 行.
INFO: Run Common\Behaviors\AppBeginBehavior [ RunTime:0.001329s ]
INFO: [ app_begin ] --END-- [ RunTime:0.002145s ]
INFO: [ app_end ] --START--
INFO: Run Behavior\ShowPageTraceBehavior [ RunTime:0.000712s ]
INFO: [ app_end ] --END-- [ RunTime:0.000830s ]

[ 2014-11-27T11:40:34+08:00 ] 192.168.0.152 /Api/Sync/recive
INFO: [ app_init ] --START--
INFO: Run Behavior\BuildLiteBehavior [ RunTime:0.000026s ]
INFO: [ app_init ] --END-- [ RunTime:0.000616s ]
INFO: [ app_begin ] --START--
INFO: Run Behavior\ReadHtmlCacheBehavior [ RunTime:0.001130s ]
NOTIC: [8] Undefined index: HTTP_REFERER D:\home\coding\zendstudio\edu\Education_dev_hipi\branches\v1.0\Application\Common\Behaviors\AppBeginBehavior.class.php 第 13 行.
INFO: Run Common\Behaviors\AppBeginBehavior [ RunTime:0.001546s ]
INFO: [ app_begin ] --END-- [ RunTime:0.002865s ]
INFO: [ app_end ] --START--
INFO: Run Behavior\ShowPageTraceBehavior [ RunTime:0.000820s ]
INFO: [ app_end ] --END-- [ RunTime:0.000944s ]

[ 2014-11-27T11:40:34+08:00 ] 192.168.0.152 /Api/Sync/recive
INFO: [ app_init ] --START--
INFO: Run Behavior\BuildLiteBehavior [ RunTime:0.000022s ]
INFO: [ app_init ] --END-- [ RunTime:0.000445s ]
INFO: [ app_begin ] --START--
INFO: Run Behavior\ReadHtmlCacheBehavior [ RunTime:0.000990s ]
NOTIC: [8] Undefined index: HTTP_REFERER D:\home\coding\zendstudio\edu\Education_dev_hipi\branches\v1.0\Application\Common\Behaviors\AppBeginBehavior.class.php 第 13 行.
INFO: Run Common\Behaviors\AppBeginBehavior [ RunTime:0.001318s ]
INFO: [ app_begin ] --END-- [ RunTime:0.002513s ]
INFO: [ app_end ] --START--
INFO: Run Behavior\ShowPageTraceBehavior [ RunTime:0.000950s ]
INFO: [ app_end ] --END-- [ RunTime:0.001081s ]

[ 2014-11-27T11:40:34+08:00 ] 192.168.0.152 /Api/Sync/recive
INFO: [ app_init ] --START--
INFO: Run Behavior\BuildLiteBehavior [ RunTime:0.000028s ]
INFO: [ app_init ] --END-- [ RunTime:0.000679s ]
INFO: [ app_begin ] --START--
INFO: Run Behavior\ReadHtmlCacheBehavior [ RunTime:0.000661s ]
NOTIC: [8] Undefined index: HTTP_REFERER D:\home\coding\zendstudio\edu\Education_dev_hipi\branches\v1.0\Application\Common\Behaviors\AppBeginBehavior.class.php 第 13 行.
INFO: Run Common\Behaviors\AppBeginBehavior [ RunTime:0.001150s ]
INFO: [ app_begin ] --END-- [ RunTime:0.002013s ]
INFO: [ app_end ] --START--
INFO: Run Behavior\ShowPageTraceBehavior [ RunTime:0.000884s ]
INFO: [ app_end ] --END-- [ RunTime:0.001018s ]

[ 2014-11-27T11:40:54+08:00 ] 192.168.0.152 /Api/Sync/recive
INFO: [ app_init ] --START--
INFO: Run Behavior\BuildLiteBehavior [ RunTime:0.000024s ]
INFO: [ app_init ] --END-- [ RunTime:0.000400s ]
INFO: [ app_begin ] --START--
INFO: Run Behavior\ReadHtmlCacheBehavior [ RunTime:0.000647s ]
NOTIC: [8] Undefined index: HTTP_REFERER D:\home\coding\zendstudio\edu\Education_dev_hipi\branches\v1.0\Application\Common\Behaviors\AppBeginBehavior.class.php 第 13 行.
INFO: Run Common\Behaviors\AppBeginBehavior [ RunTime:0.001393s ]
INFO: [ app_begin ] --END-- [ RunTime:0.002265s ]
INFO: [ app_end ] --START--
INFO: Run Behavior\ShowPageTraceBehavior [ RunTime:0.000731s ]
INFO: [ app_end ] --END-- [ RunTime:0.000856s ]

[ 2014-11-27T14:57:33+08:00 ] 192.168.0.152 /Api/Sync
INFO: [ app_init ] --START--
INFO: Run Behavior\BuildLiteBehavior [ RunTime:0.000046s ]
INFO: [ app_init ] --END-- [ RunTime:0.000826s ]
INFO: [ app_begin ] --START--
INFO: Run Behavior\ReadHtmlCacheBehavior [ RunTime:0.008440s ]
NOTIC: [8] Undefined index: HTTP_REFERER D:\home\coding\zendstudio\edu\Education_dev_hipi\branches\v1.0\Application\Common\Behaviors\AppBeginBehavior.class.php 第 13 行.
INFO: Run Common\Behaviors\AppBeginBehavior [ RunTime:0.014566s ]
INFO: [ app_begin ] --END-- [ RunTime:0.023372s ]
INFO: [ app_end ] --START--
INFO: Run Behavior\ShowPageTraceBehavior [ RunTime:0.018006s ]
INFO: [ app_end ] --END-- [ RunTime:0.018262s ]

[ 2014-11-27T14:59:53+08:00 ] 192.168.0.152 /Api/Sync
INFO: [ app_init ] --START--
INFO: Run Behavior\BuildLiteBehavior [ RunTime:0.000027s ]
INFO: [ app_init ] --END-- [ RunTime:0.000429s ]
INFO: [ app_begin ] --START--
INFO: Run Behavior\ReadHtmlCacheBehavior [ RunTime:0.000813s ]
NOTIC: [8] Undefined index: HTTP_REFERER D:\home\coding\zendstudio\edu\Education_dev_hipi\branches\v1.0\Application\Common\Behaviors\AppBeginBehavior.class.php 第 13 行.
INFO: Run Common\Behaviors\AppBeginBehavior [ RunTime:0.001119s ]
INFO: [ app_begin ] --END-- [ RunTime:0.002133s ]
INFO: [ app_end ] --START--
INFO: Run Behavior\ShowPageTraceBehavior [ RunTime:0.000679s ]
INFO: [ app_end ] --END-- [ RunTime:0.000800s ]

[ 2014-11-27T15:03:40+08:00 ] 192.168.0.152 /Api/Sync
INFO: [ app_init ] --START--
INFO: Run Behavior\BuildLiteBehavior [ RunTime:0.000025s ]
INFO: [ app_init ] --END-- [ RunTime:0.000382s ]
INFO: [ app_begin ] --START--
INFO: Run Behavior\ReadHtmlCacheBehavior [ RunTime:0.000626s ]
NOTIC: [8] Undefined index: HTTP_REFERER D:\home\coding\zendstudio\edu\Education_dev_hipi\branches\v1.0\Application\Common\Behaviors\AppBeginBehavior.class.php 第 13 行.
INFO: Run Common\Behaviors\AppBeginBehavior [ RunTime:0.000944s ]
INFO: [ app_begin ] --END-- [ RunTime:0.001735s ]
INFO: [ app_end ] --START--
INFO: Run Behavior\ShowPageTraceBehavior [ RunTime:0.000638s ]
INFO: [ app_end ] --END-- [ RunTime:0.000755s ]

[ 2014-11-27T15:05:10+08:00 ] 192.168.0.152 /Api/Sync
INFO: [ app_init ] --START--
INFO: Run Behavior\BuildLiteBehavior [ RunTime:0.000024s ]
INFO: [ app_init ] --END-- [ RunTime:0.000380s ]
INFO: [ app_begin ] --START--
INFO: Run Behavior\ReadHtmlCacheBehavior [ RunTime:0.000613s ]
NOTIC: [8] Undefined index: HTTP_REFERER D:\home\coding\zendstudio\edu\Education_dev_hipi\branches\v1.0\Application\Common\Behaviors\AppBeginBehavior.class.php 第 13 行.
INFO: Run Common\Behaviors\AppBeginBehavior [ RunTime:0.000847s ]
INFO: [ app_begin ] --END-- [ RunTime:0.001630s ]

[ 2014-11-27T15:06:29+08:00 ] 192.168.0.152 /Api/Sync
INFO: [ app_init ] --START--
INFO: Run Behavior\BuildLiteBehavior [ RunTime:0.000023s ]
INFO: [ app_init ] --END-- [ RunTime:0.000395s ]
INFO: [ app_begin ] --START--
INFO: Run Behavior\ReadHtmlCacheBehavior [ RunTime:0.000689s ]
NOTIC: [8] Undefined index: HTTP_REFERER D:\home\coding\zendstudio\edu\Education_dev_hipi\branches\v1.0\Application\Common\Behaviors\AppBeginBehavior.class.php 第 13 行.
INFO: Run Common\Behaviors\AppBeginBehavior [ RunTime:0.000836s ]
INFO: [ app_begin ] --END-- [ RunTime:0.001734s ]

[ 2014-11-27T15:19:42+08:00 ] 192.168.0.152 /Api/Sync
INFO: [ app_init ] --START--
INFO: Run Behavior\BuildLiteBehavior [ RunTime:0.000026s ]
INFO: [ app_init ] --END-- [ RunTime:0.000389s ]
INFO: [ app_begin ] --START--
INFO: Run Behavior\ReadHtmlCacheBehavior [ RunTime:0.000646s ]
NOTIC: [8] Undefined index: HTTP_REFERER D:\home\coding\zendstudio\edu\Education_dev_hipi\branches\v1.0\Application\Common\Behaviors\AppBeginBehavior.class.php 第 13 行.
INFO: Run Common\Behaviors\AppBeginBehavior [ RunTime:0.000952s ]
INFO: [ app_begin ] --END-- [ RunTime:0.001768s ]

[ 2014-11-27T16:21:35+08:00 ] 192.168.0.152 /Test/
INFO: [ app_init ] --START--
INFO: Run Behavior\BuildLiteBehavior [ RunTime:0.000027s ]
INFO: [ app_init ] --END-- [ RunTime:0.000462s ]
INFO: [ app_begin ] --START--
INFO: Run Behavior\ReadHtmlCacheBehavior [ RunTime:0.000764s ]
NOTIC: [8] Undefined index: HTTP_REFERER D:\home\coding\zendstudio\edu\Education_dev_hipi\branches\v1.0\Application\Common\Behaviors\AppBeginBehavior.class.php 第 13 行.
INFO: Run Common\Behaviors\AppBeginBehavior [ RunTime:0.001033s ]
INFO: [ app_begin ] --END-- [ RunTime:0.001996s ]

[ 2014-11-27T16:30:31+08:00 ] 192.168.0.152 /Api/Sync
INFO: [ app_init ] --START--
INFO: Run Behavior\BuildLiteBehavior [ RunTime:0.000023s ]
INFO: [ app_init ] --END-- [ RunTime:0.000371s ]
INFO: [ app_begin ] --START--
INFO: Run Behavior\ReadHtmlCacheBehavior [ RunTime:0.000494s ]
NOTIC: [8] Undefined index: HTTP_REFERER D:\home\coding\zendstudio\edu\Education_dev_hipi\branches\v1.0\Application\Common\Behaviors\AppBeginBehavior.class.php 第 13 行.
INFO: Run Common\Behaviors\AppBeginBehavior [ RunTime:0.000730s ]
INFO: [ app_begin ] --END-- [ RunTime:0.001383s ]

[ 2014-11-27T16:30:39+08:00 ] 192.168.0.152 /Test/
INFO: [ app_init ] --START--
INFO: Run Behavior\BuildLiteBehavior [ RunTime:0.000025s ]
INFO: [ app_init ] --END-- [ RunTime:0.000431s ]
INFO: [ app_begin ] --START--
INFO: Run Behavior\ReadHtmlCacheBehavior [ RunTime:0.000640s ]
NOTIC: [8] Undefined index: HTTP_REFERER D:\home\coding\zendstudio\edu\Education_dev_hipi\branches\v1.0\Application\Common\Behaviors\AppBeginBehavior.class.php 第 13 行.
INFO: Run Common\Behaviors\AppBeginBehavior [ RunTime:0.000919s ]
INFO: [ app_begin ] --END-- [ RunTime:0.001738s ]

[ 2014-11-27T16:30:40+08:00 ] 192.168.0.152 /Test/
INFO: [ app_init ] --START--
INFO: Run Behavior\BuildLiteBehavior [ RunTime:0.000029s ]
INFO: [ app_init ] --END-- [ RunTime:0.000500s ]
INFO: [ app_begin ] --START--
INFO: Run Behavior\ReadHtmlCacheBehavior [ RunTime:0.000571s ]
NOTIC: [8] Undefined index: HTTP_REFERER D:\home\coding\zendstudio\edu\Education_dev_hipi\branches\v1.0\Application\Common\Behaviors\AppBeginBehavior.class.php 第 13 行.
INFO: Run Common\Behaviors\AppBeginBehavior [ RunTime:0.000791s ]
INFO: [ app_begin ] --END-- [ RunTime:0.001569s ]

[ 2014-11-27T16:30:49+08:00 ] 192.168.0.152 /Test/
INFO: [ app_init ] --START--
INFO: Run Behavior\BuildLiteBehavior [ RunTime:0.000041s ]
INFO: [ app_init ] --END-- [ RunTime:0.000578s ]
INFO: [ app_begin ] --START--
INFO: Run Behavior\ReadHtmlCacheBehavior [ RunTime:0.000691s ]
NOTIC: [8] Undefined index: HTTP_REFERER D:\home\coding\zendstudio\edu\Education_dev_hipi\branches\v1.0\Application\Common\Behaviors\AppBeginBehavior.class.php 第 13 行.
INFO: Run Common\Behaviors\AppBeginBehavior [ RunTime:0.001228s ]
INFO: [ app_begin ] --END-- [ RunTime:0.002194s ]

[ 2014-11-27T16:30:50+08:00 ] 192.168.0.152 /Test/
INFO: [ app_init ] --START--
INFO: Run Behavior\BuildLiteBehavior [ RunTime:0.000046s ]
INFO: [ app_init ] --END-- [ RunTime:0.000793s ]
INFO: [ app_begin ] --START--
INFO: Run Behavior\ReadHtmlCacheBehavior [ RunTime:0.000613s ]
NOTIC: [8] Undefined index: HTTP_REFERER D:\home\coding\zendstudio\edu\Education_dev_hipi\branches\v1.0\Application\Common\Behaviors\AppBeginBehavior.class.php 第 13 行.
INFO: Run Common\Behaviors\AppBeginBehavior [ RunTime:0.000765s ]
INFO: [ app_begin ] --END-- [ RunTime:0.001569s ]

[ 2014-11-27T16:30:50+08:00 ] 192.168.0.152 /Test/
INFO: [ app_init ] --START--
INFO: Run Behavior\BuildLiteBehavior [ RunTime:0.000030s ]
INFO: [ app_init ] --END-- [ RunTime:0.000502s ]
INFO: [ app_begin ] --START--
INFO: Run Behavior\ReadHtmlCacheBehavior [ RunTime:0.000861s ]
NOTIC: [8] Undefined index: HTTP_REFERER D:\home\coding\zendstudio\edu\Education_dev_hipi\branches\v1.0\Application\Common\Behaviors\AppBeginBehavior.class.php 第 13 行.
INFO: Run Common\Behaviors\AppBeginBehavior [ RunTime:0.001007s ]
INFO: [ app_begin ] --END-- [ RunTime:0.002143s ]

[ 2014-11-27T16:30:50+08:00 ] 192.168.0.152 /Test/
INFO: [ app_init ] --START--
INFO: Run Behavior\BuildLiteBehavior [ RunTime:0.000033s ]
INFO: [ app_init ] --END-- [ RunTime:0.000518s ]
INFO: [ app_begin ] --START--
INFO: Run Behavior\ReadHtmlCacheBehavior [ RunTime:0.000581s ]
NOTIC: [8] Undefined index: HTTP_REFERER D:\home\coding\zendstudio\edu\Education_dev_hipi\branches\v1.0\Application\Common\Behaviors\AppBeginBehavior.class.php 第 13 行.
INFO: Run Common\Behaviors\AppBeginBehavior [ RunTime:0.000883s ]
INFO: [ app_begin ] --END-- [ RunTime:0.001663s ]

[ 2014-11-27T16:30:50+08:00 ] 192.168.0.152 /Test/
INFO: [ app_init ] --START--
INFO: Run Behavior\BuildLiteBehavior [ RunTime:0.000035s ]
INFO: [ app_init ] --END-- [ RunTime:0.000481s ]
INFO: [ app_begin ] --START--
INFO: Run Behavior\ReadHtmlCacheBehavior [ RunTime:0.000670s ]
NOTIC: [8] Undefined index: HTTP_REFERER D:\home\coding\zendstudio\edu\Education_dev_hipi\branches\v1.0\Application\Common\Behaviors\AppBeginBehavior.class.php 第 13 行.
INFO: Run Common\Behaviors\AppBeginBehavior [ RunTime:0.001754s ]
INFO: [ app_begin ] --END-- [ RunTime:0.002620s ]

[ 2014-11-27T16:30:50+08:00 ] 192.168.0.152 /Test/
INFO: [ app_init ] --START--
INFO: Run Behavior\BuildLiteBehavior [ RunTime:0.000044s ]
INFO: [ app_init ] --END-- [ RunTime:0.000629s ]
INFO: [ app_begin ] --START--
INFO: Run Behavior\ReadHtmlCacheBehavior [ RunTime:0.000613s ]
NOTIC: [8] Undefined index: HTTP_REFERER D:\home\coding\zendstudio\edu\Education_dev_hipi\branches\v1.0\Application\Common\Behaviors\AppBeginBehavior.class.php 第 13 行.
INFO: Run Common\Behaviors\AppBeginBehavior [ RunTime:0.000856s ]
INFO: [ app_begin ] --END-- [ RunTime:0.001733s ]

[ 2014-11-27T16:30:50+08:00 ] 192.168.0.152 /Test/
INFO: [ app_init ] --START--
INFO: Run Behavior\BuildLiteBehavior [ RunTime:0.000024s ]
INFO: [ app_init ] --END-- [ RunTime:0.000388s ]
INFO: [ app_begin ] --START--
INFO: Run Behavior\ReadHtmlCacheBehavior [ RunTime:0.000516s ]
NOTIC: [8] Undefined index: HTTP_REFERER D:\home\coding\zendstudio\edu\Education_dev_hipi\branches\v1.0\Application\Common\Behaviors\AppBeginBehavior.class.php 第 13 行.
INFO: Run Common\Behaviors\AppBeginBehavior [ RunTime:0.000750s ]
INFO: [ app_begin ] --END-- [ RunTime:0.001433s ]

[ 2014-11-27T16:30:50+08:00 ] 192.168.0.152 /Test/
INFO: [ app_init ] --START--
INFO: Run Behavior\BuildLiteBehavior [ RunTime:0.000025s ]
INFO: [ app_init ] --END-- [ RunTime:0.000388s ]
INFO: [ app_begin ] --START--
INFO: Run Behavior\ReadHtmlCacheBehavior [ RunTime:0.000668s ]
NOTIC: [8] Undefined index: HTTP_REFERER D:\home\coding\zendstudio\edu\Education_dev_hipi\branches\v1.0\Application\Common\Behaviors\AppBeginBehavior.class.php 第 13 行.
INFO: Run Common\Behaviors\AppBeginBehavior [ RunTime:0.000993s ]
INFO: [ app_begin ] --END-- [ RunTime:0.001833s ]

[ 2014-11-27T16:30:53+08:00 ] 192.168.0.152 /Api/Sync/recive
INFO: [ app_init ] --START--
INFO: Run Behavior\BuildLiteBehavior [ RunTime:0.000046s ]
INFO: [ app_init ] --END-- [ RunTime:0.000784s ]
INFO: [ app_begin ] --START--
INFO: Run Behavior\ReadHtmlCacheBehavior [ RunTime:0.000616s ]
NOTIC: [8] Undefined index: HTTP_REFERER D:\home\coding\zendstudio\edu\Education_dev_hipi\branches\v1.0\Application\Common\Behaviors\AppBeginBehavior.class.php 第 13 行.
INFO: Run Common\Behaviors\AppBeginBehavior [ RunTime:0.000873s ]
INFO: [ app_begin ] --END-- [ RunTime:0.001686s ]
ERR: 非法操作:recive

[ 2014-11-27T16:30:56+08:00 ] 192.168.0.152 /Test/
INFO: [ app_init ] --START--
INFO: Run Behavior\BuildLiteBehavior [ RunTime:0.000040s ]
INFO: [ app_init ] --END-- [ RunTime:0.000602s ]
INFO: [ app_begin ] --START--
INFO: Run Behavior\ReadHtmlCacheBehavior [ RunTime:0.000655s ]
NOTIC: [8] Undefined index: HTTP_REFERER D:\home\coding\zendstudio\edu\Education_dev_hipi\branches\v1.0\Application\Common\Behaviors\AppBeginBehavior.class.php 第 13 行.
INFO: Run Common\Behaviors\AppBeginBehavior [ RunTime:0.000817s ]
INFO: [ app_begin ] --END-- [ RunTime:0.001696s ]

[ 2014-11-27T16:30:56+08:00 ] 192.168.0.152 /Test/
INFO: [ app_init ] --START--
INFO: Run Behavior\BuildLiteBehavior [ RunTime:0.000025s ]
INFO: [ app_init ] --END-- [ RunTime:0.000410s ]
INFO: [ app_begin ] --START--
INFO: Run Behavior\ReadHtmlCacheBehavior [ RunTime:0.000610s ]
NOTIC: [8] Undefined index: HTTP_REFERER D:\home\coding\zendstudio\edu\Education_dev_hipi\branches\v1.0\Application\Common\Behaviors\AppBeginBehavior.class.php 第 13 行.
INFO: Run Common\Behaviors\AppBeginBehavior [ RunTime:0.000840s ]
INFO: [ app_begin ] --END-- [ RunTime:0.001646s ]

[ 2014-11-27T16:31:44+08:00 ] 192.168.0.152 /Api/Sync
INFO: [ app_init ] --START--
INFO: Run Behavior\BuildLiteBehavior [ RunTime:0.000027s ]
INFO: [ app_init ] --END-- [ RunTime:0.000426s ]
INFO: [ app_begin ] --START--
INFO: Run Behavior\ReadHtmlCacheBehavior [ RunTime:0.000690s ]
NOTIC: [8] Undefined index: HTTP_REFERER D:\home\coding\zendstudio\edu\Education_dev_hipi\branches\v1.0\Application\Common\Behaviors\AppBeginBehavior.class.php 第 13 行.
INFO: Run Common\Behaviors\AppBeginBehavior [ RunTime:0.001035s ]
INFO: [ app_begin ] --END-- [ RunTime:0.001916s ]

[ 2014-11-27T16:31:49+08:00 ] 192.168.0.152 /Test/
INFO: [ app_init ] --START--
INFO: Run Behavior\BuildLiteBehavior [ RunTime:0.000029s ]
INFO: [ app_init ] --END-- [ RunTime:0.000494s ]
INFO: [ app_begin ] --START--
INFO: Run Behavior\ReadHtmlCacheBehavior [ RunTime:0.000805s ]
NOTIC: [8] Undefined index: HTTP_REFERER D:\home\coding\zendstudio\edu\Education_dev_hipi\branches\v1.0\Application\Common\Behaviors\AppBeginBehavior.class.php 第 13 行.
INFO: Run Common\Behaviors\AppBeginBehavior [ RunTime:0.021264s ]
INFO: [ app_begin ] --END-- [ RunTime:0.022304s ]

[ 2014-11-27T16:46:29+08:00 ] 192.168.0.152 /Api/Sync
INFO: [ app_init ] --START--
INFO: Run Behavior\BuildLiteBehavior [ RunTime:0.000032s ]
INFO: [ app_init ] --END-- [ RunTime:0.000587s ]
INFO: [ app_begin ] --START--
INFO: Run Behavior\ReadHtmlCacheBehavior [ RunTime:0.000692s ]
NOTIC: [8] Undefined index: HTTP_REFERER D:\home\coding\zendstudio\edu\Education_dev_hipi\branches\v1.0\Application\Common\Behaviors\AppBeginBehavior.class.php 第 13 行.
INFO: Run Common\Behaviors\AppBeginBehavior [ RunTime:0.001000s ]
INFO: [ app_begin ] --END-- [ RunTime:0.001901s ]

[ 2014-11-27T16:46:58+08:00 ] 192.168.0.152 /Api/Sync
INFO: [ app_init ] --START--
INFO: Run Behavior\BuildLiteBehavior [ RunTime:0.000025s ]
INFO: [ app_init ] --END-- [ RunTime:0.000562s ]
INFO: [ app_begin ] --START--
INFO: Run Behavior\ReadHtmlCacheBehavior [ RunTime:0.001362s ]
NOTIC: [8] Undefined index: HTTP_REFERER D:\home\coding\zendstudio\edu\Education_dev_hipi\branches\v1.0\Application\Common\Behaviors\AppBeginBehavior.class.php 第 13 行.
INFO: Run Common\Behaviors\AppBeginBehavior [ RunTime:0.001536s ]
INFO: [ app_begin ] --END-- [ RunTime:0.003158s ]

[ 2014-11-27T16:47:24+08:00 ] 192.168.0.152 /Test/
INFO: [ app_init ] --START--
INFO: Run Behavior\BuildLiteBehavior [ RunTime:0.000037s ]
INFO: [ app_init ] --END-- [ RunTime:0.000588s ]
INFO: [ app_begin ] --START--
INFO: Run Behavior\ReadHtmlCacheBehavior [ RunTime:0.000588s ]
NOTIC: [8] Undefined index: HTTP_REFERER D:\home\coding\zendstudio\edu\Education_dev_hipi\branches\v1.0\Application\Common\Behaviors\AppBeginBehavior.class.php 第 13 行.
INFO: Run Common\Behaviors\AppBeginBehavior [ RunTime:0.000975s ]
INFO: [ app_begin ] --END-- [ RunTime:0.001757s ]

