[ 2014-11-24T10:39:00+08:00 ] 192.168.0.152 /
INFO: [ app_init ] --START--
INFO: Run Behavior\BuildLiteBehavior [ RunTime:0.000079s ]
INFO: [ app_init ] --END-- [ RunTime:0.001139s ]
INFO: [ app_begin ] --START--
INFO: Run Behavior\ReadHtmlCacheBehavior [ RunTime:0.001182s ]
NOTIC: [8] Undefined index: HTTP_REFERER D:\home\coding\zendstudio\edu\Education_dev_hipi\branches\v1.0\Application\Common\Behaviors\AppBeginBehavior.class.php 第 13 行.
NOTIC: [8] Undefined index: REDIRECT_URL D:\home\coding\zendstudio\edu\Education_dev_hipi\branches\v1.0\Application\Common\Behaviors\AppBeginBehavior.class.php 第 15 行.
INFO: Run Common\Behaviors\AppBeginBehavior [ RunTime:0.002037s ]
INFO: [ app_begin ] --END-- [ RunTime:0.003405s ]
INFO: [ view_parse ] --START--
INFO: [ template_filter ] --START--
INFO: Run Behavior\ContentReplaceBehavior [ RunTime:0.000071s ]
INFO: [ template_filter ] --END-- [ RunTime:0.000176s ]
INFO: Run Behavior\ParseTemplateBehavior [ RunTime:0.008488s ]
INFO: [ view_parse ] --END-- [ RunTime:0.008616s ]
INFO: [ view_filter ] --START--
INFO: Run Behavior\WriteHtmlCacheBehavior [ RunTime:0.000989s ]
INFO: [ view_filter ] --END-- [ RunTime:0.001087s ]
INFO: [ app_end ] --START--
INFO: Run Behavior\ShowPageTraceBehavior [ RunTime:0.001875s ]
INFO: [ app_end ] --END-- [ RunTime:0.002082s ]

[ 2014-11-24T10:39:28+08:00 ] 192.168.0.152 /
INFO: [ app_init ] --START--
INFO: Run Behavior\BuildLiteBehavior [ RunTime:0.000027s ]
INFO: [ app_init ] --END-- [ RunTime:0.000897s ]
INFO: [ app_begin ] --START--
INFO: Run Behavior\ReadHtmlCacheBehavior [ RunTime:0.001125s ]
NOTIC: [8] Undefined index: HTTP_REFERER D:\home\coding\zendstudio\edu\Education_dev_hipi\branches\v1.0\Application\Common\Behaviors\AppBeginBehavior.class.php 第 13 行.
NOTIC: [8] Undefined index: REDIRECT_URL D:\home\coding\zendstudio\edu\Education_dev_hipi\branches\v1.0\Application\Common\Behaviors\AppBeginBehavior.class.php 第 15 行.
INFO: Run Common\Behaviors\AppBeginBehavior [ RunTime:0.002222s ]
INFO: [ app_begin ] --END-- [ RunTime:0.003584s ]
INFO: [ view_parse ] --START--
INFO: [ template_filter ] --START--
INFO: Run Behavior\ContentReplaceBehavior [ RunTime:0.000089s ]
INFO: [ template_filter ] --END-- [ RunTime:0.000279s ]
INFO: Run Behavior\ParseTemplateBehavior [ RunTime:0.008180s ]
INFO: [ view_parse ] --END-- [ RunTime:0.008319s ]
INFO: [ view_filter ] --START--
INFO: Run Behavior\WriteHtmlCacheBehavior [ RunTime:0.000881s ]
INFO: [ view_filter ] --END-- [ RunTime:0.000979s ]
INFO: [ app_end ] --START--
INFO: Run Behavior\ShowPageTraceBehavior [ RunTime:0.001231s ]
INFO: [ app_end ] --END-- [ RunTime:0.001335s ]

[ 2014-11-24T10:47:49+08:00 ] 192.168.0.152 /
INFO: [ app_init ] --START--
INFO: Run Behavior\BuildLiteBehavior [ RunTime:0.000037s ]
INFO: [ app_init ] --END-- [ RunTime:0.000659s ]
INFO: [ app_begin ] --START--
INFO: Run Behavior\ReadHtmlCacheBehavior [ RunTime:0.001060s ]
NOTIC: [8] Undefined index: HTTP_REFERER D:\home\coding\zendstudio\edu\Education_dev_hipi\branches\v1.0\Application\Common\Behaviors\AppBeginBehavior.class.php 第 13 行.
NOTIC: [8] Undefined index: REDIRECT_URL D:\home\coding\zendstudio\edu\Education_dev_hipi\branches\v1.0\Application\Common\Behaviors\AppBeginBehavior.class.php 第 15 行.
INFO: Run Common\Behaviors\AppBeginBehavior [ RunTime:0.001689s ]
INFO: [ app_begin ] --END-- [ RunTime:0.002980s ]
INFO: [ view_parse ] --START--
INFO: [ template_filter ] --START--
INFO: Run Behavior\ContentReplaceBehavior [ RunTime:0.000073s ]
INFO: [ template_filter ] --END-- [ RunTime:0.000186s ]
INFO: Run Behavior\ParseTemplateBehavior [ RunTime:0.008850s ]
INFO: [ view_parse ] --END-- [ RunTime:0.008984s ]
INFO: [ view_filter ] --START--
INFO: Run Behavior\WriteHtmlCacheBehavior [ RunTime:0.000415s ]
INFO: [ view_filter ] --END-- [ RunTime:0.000506s ]
INFO: [ app_end ] --START--
INFO: Run Behavior\ShowPageTraceBehavior [ RunTime:0.000732s ]
INFO: [ app_end ] --END-- [ RunTime:0.000828s ]

[ 2014-11-24T10:47:50+08:00 ] 192.168.0.152 /
INFO: [ app_init ] --START--
INFO: Run Behavior\BuildLiteBehavior [ RunTime:0.000035s ]
INFO: [ app_init ] --END-- [ RunTime:0.000628s ]
INFO: [ app_begin ] --START--
INFO: Run Behavior\ReadHtmlCacheBehavior [ RunTime:0.000790s ]
NOTIC: [8] Undefined index: HTTP_REFERER D:\home\coding\zendstudio\edu\Education_dev_hipi\branches\v1.0\Application\Common\Behaviors\AppBeginBehavior.class.php 第 13 行.
NOTIC: [8] Undefined index: REDIRECT_URL D:\home\coding\zendstudio\edu\Education_dev_hipi\branches\v1.0\Application\Common\Behaviors\AppBeginBehavior.class.php 第 15 行.
INFO: Run Common\Behaviors\AppBeginBehavior [ RunTime:0.001037s ]
INFO: [ app_begin ] --END-- [ RunTime:0.002009s ]
INFO: [ view_parse ] --START--
INFO: [ template_filter ] --START--
INFO: Run Behavior\ContentReplaceBehavior [ RunTime:0.000074s ]
INFO: [ template_filter ] --END-- [ RunTime:0.000197s ]
INFO: Run Behavior\ParseTemplateBehavior [ RunTime:0.009429s ]
INFO: [ view_parse ] --END-- [ RunTime:0.009557s ]
INFO: [ view_filter ] --START--
INFO: Run Behavior\WriteHtmlCacheBehavior [ RunTime:0.000474s ]
INFO: [ view_filter ] --END-- [ RunTime:0.000571s ]
INFO: [ app_end ] --START--
INFO: Run Behavior\ShowPageTraceBehavior [ RunTime:0.000708s ]
INFO: [ app_end ] --END-- [ RunTime:0.000809s ]

[ 2014-11-24T10:47:50+08:00 ] 192.168.0.152 /
INFO: [ app_init ] --START--
INFO: Run Behavior\BuildLiteBehavior [ RunTime:0.000028s ]
INFO: [ app_init ] --END-- [ RunTime:0.000867s ]
INFO: [ app_begin ] --START--
INFO: Run Behavior\ReadHtmlCacheBehavior [ RunTime:0.001066s ]
NOTIC: [8] Undefined index: HTTP_REFERER D:\home\coding\zendstudio\edu\Education_dev_hipi\branches\v1.0\Application\Common\Behaviors\AppBeginBehavior.class.php 第 13 行.
NOTIC: [8] Undefined index: REDIRECT_URL D:\home\coding\zendstudio\edu\Education_dev_hipi\branches\v1.0\Application\Common\Behaviors\AppBeginBehavior.class.php 第 15 行.
INFO: Run Common\Behaviors\AppBeginBehavior [ RunTime:0.001067s ]
INFO: [ app_begin ] --END-- [ RunTime:0.002442s ]
INFO: [ view_parse ] --START--
INFO: [ template_filter ] --START--
INFO: Run Behavior\ContentReplaceBehavior [ RunTime:0.000092s ]
INFO: [ template_filter ] --END-- [ RunTime:0.000242s ]
INFO: Run Behavior\ParseTemplateBehavior [ RunTime:0.007520s ]
INFO: [ view_parse ] --END-- [ RunTime:0.007643s ]
INFO: [ view_filter ] --START--
INFO: Run Behavior\WriteHtmlCacheBehavior [ RunTime:0.000458s ]
INFO: [ view_filter ] --END-- [ RunTime:0.000553s ]
INFO: [ app_end ] --START--
INFO: Run Behavior\ShowPageTraceBehavior [ RunTime:0.000743s ]
INFO: [ app_end ] --END-- [ RunTime:0.000849s ]

