[ 2014-12-09T09:23:10+08:00 ] 192.168.0.152 /
INFO: [ app_init ] --START--
INFO: Run Behavior\BuildLiteBehavior [ RunTime:0.000052s ]
INFO: [ app_init ] --END-- [ RunTime:0.010733s ]
INFO: [ app_begin ] --START--
INFO: Run Behavior\ReadHtmlCacheBehavior [ RunTime:0.005220s ]
NOTIC: [8] Undefined index: HTTP_REFERER D:\home\coding\zendstudio\edu\Education_dev_hipi\branches\v1.0\Application\Common\Behaviors\AppBeginBehavior.class.php 第 13 行.
NOTIC: [8] Undefined index: REDIRECT_URL D:\home\coding\zendstudio\edu\Education_dev_hipi\branches\v1.0\Application\Common\Behaviors\AppBeginBehavior.class.php 第 15 行.
INFO: Run Common\Behaviors\AppBeginBehavior [ RunTime:0.029722s ]
INFO: [ app_begin ] --END-- [ RunTime:0.035320s ]
INFO: [ view_parse ] --START--
INFO: [ template_filter ] --START--
INFO: Run Behavior\ContentReplaceBehavior [ RunTime:0.000206s ]
INFO: [ template_filter ] --END-- [ RunTime:0.000463s ]
NOTIC: [8] Undefined variable: pageTitle D:\home\coding\zendstudio\edu\Education_dev_hipi\branches\v1.0\Runtime\Cache\Hd\ce439ec412526cdd13de6e6c87898925.php 第 6 行.
NOTIC: [8] Undefined variable: button D:\home\coding\zendstudio\edu\Education_dev_hipi\branches\v1.0\Runtime\Cache\Hd\ce439ec412526cdd13de6e6c87898925.php 第 43 行.
NOTIC: [8] Undefined variable: button D:\home\coding\zendstudio\edu\Education_dev_hipi\branches\v1.0\Runtime\Cache\Hd\ce439ec412526cdd13de6e6c87898925.php 第 43 行.
NOTIC: [8] Undefined variable: key D:\home\coding\zendstudio\edu\Education_dev_hipi\branches\v1.0\Runtime\Cache\Hd\ce439ec412526cdd13de6e6c87898925.php 第 44 行.
NOTIC: [8] Undefined variable: button D:\home\coding\zendstudio\edu\Education_dev_hipi\branches\v1.0\Runtime\Cache\Hd\ce439ec412526cdd13de6e6c87898925.php 第 44 行.
NOTIC: [8] Undefined variable: key D:\home\coding\zendstudio\edu\Education_dev_hipi\branches\v1.0\Runtime\Cache\Hd\ce439ec412526cdd13de6e6c87898925.php 第 45 行.
NOTIC: [8] Undefined variable: button D:\home\coding\zendstudio\edu\Education_dev_hipi\branches\v1.0\Runtime\Cache\Hd\ce439ec412526cdd13de6e6c87898925.php 第 45 行.
NOTIC: [8] Undefined variable: key D:\home\coding\zendstudio\edu\Education_dev_hipi\branches\v1.0\Runtime\Cache\Hd\ce439ec412526cdd13de6e6c87898925.php 第 46 行.
NOTIC: [8] Undefined variable: button D:\home\coding\zendstudio\edu\Education_dev_hipi\branches\v1.0\Runtime\Cache\Hd\ce439ec412526cdd13de6e6c87898925.php 第 46 行.
NOTIC: [8] Undefined variable: buttons D:\home\coding\zendstudio\edu\Education_dev_hipi\branches\v1.0\Runtime\Cache\Hd\ce439ec412526cdd13de6e6c87898925.php 第 68 行.
INFO: Run Behavior\ParseTemplateBehavior [ RunTime:0.055003s ]
INFO: [ view_parse ] --END-- [ RunTime:0.055167s ]
INFO: [ view_filter ] --START--
INFO: Run Behavior\WriteHtmlCacheBehavior [ RunTime:0.009506s ]
INFO: [ view_filter ] --END-- [ RunTime:0.009635s ]

[ 2014-12-09T09:23:11+08:00 ] 192.168.0.152 /Hd/Misc/showMessage.html?t=1418088190890
INFO: [ app_init ] --START--
INFO: Run Behavior\BuildLiteBehavior [ RunTime:0.000029s ]
INFO: [ app_init ] --END-- [ RunTime:0.000439s ]
INFO: [ app_begin ] --START--
INFO: Run Behavior\ReadHtmlCacheBehavior [ RunTime:0.001148s ]
INFO: Run Common\Behaviors\AppBeginBehavior [ RunTime:0.000960s ]
INFO: [ app_begin ] --END-- [ RunTime:0.002347s ]
ERR: 无法加载控制器:Misc

[ 2014-12-09T09:25:03+08:00 ] 192.168.0.152 /
INFO: [ app_init ] --START--
INFO: Run Behavior\BuildLiteBehavior [ RunTime:0.000031s ]
INFO: [ app_init ] --END-- [ RunTime:0.000653s ]
INFO: [ app_begin ] --START--
INFO: Run Behavior\ReadHtmlCacheBehavior [ RunTime:0.000848s ]
NOTIC: [8] Undefined index: HTTP_REFERER D:\home\coding\zendstudio\edu\Education_dev_hipi\branches\v1.0\Application\Common\Behaviors\AppBeginBehavior.class.php 第 13 行.
NOTIC: [8] Undefined index: REDIRECT_URL D:\home\coding\zendstudio\edu\Education_dev_hipi\branches\v1.0\Application\Common\Behaviors\AppBeginBehavior.class.php 第 15 行.
INFO: Run Common\Behaviors\AppBeginBehavior [ RunTime:0.001387s ]
INFO: [ app_begin ] --END-- [ RunTime:0.002438s ]
INFO: [ view_parse ] --START--
INFO: [ template_filter ] --START--
INFO: Run Behavior\ContentReplaceBehavior [ RunTime:0.000125s ]
INFO: [ template_filter ] --END-- [ RunTime:0.000248s ]
NOTIC: [8] Undefined variable: pageTitle D:\home\coding\zendstudio\edu\Education_dev_hipi\branches\v1.0\Runtime\Cache\Hd\ce439ec412526cdd13de6e6c87898925.php 第 6 行.
NOTIC: [8] Undefined variable: buttons D:\home\coding\zendstudio\edu\Education_dev_hipi\branches\v1.0\Runtime\Cache\Hd\ce439ec412526cdd13de6e6c87898925.php 第 68 行.
INFO: Run Behavior\ParseTemplateBehavior [ RunTime:0.015704s ]
INFO: [ view_parse ] --END-- [ RunTime:0.015833s ]
INFO: [ view_filter ] --START--
INFO: Run Behavior\WriteHtmlCacheBehavior [ RunTime:0.000397s ]
INFO: [ view_filter ] --END-- [ RunTime:0.000494s ]

[ 2014-12-09T09:25:03+08:00 ] 192.168.0.152 /Hd/Misc/showMessage.html?t=1418088303323
INFO: [ app_init ] --START--
INFO: Run Behavior\BuildLiteBehavior [ RunTime:0.000024s ]
INFO: [ app_init ] --END-- [ RunTime:0.000397s ]
INFO: [ app_begin ] --START--
INFO: Run Behavior\ReadHtmlCacheBehavior [ RunTime:0.000716s ]
INFO: Run Common\Behaviors\AppBeginBehavior [ RunTime:0.001000s ]
INFO: [ app_begin ] --END-- [ RunTime:0.001937s ]
ERR: 无法加载控制器:Misc

[ 2014-12-09T09:25:05+08:00 ] 192.168.0.152 /
INFO: [ app_init ] --START--
INFO: Run Behavior\BuildLiteBehavior [ RunTime:0.000029s ]
INFO: [ app_init ] --END-- [ RunTime:0.000493s ]
INFO: [ app_begin ] --START--
INFO: Run Behavior\ReadHtmlCacheBehavior [ RunTime:0.000727s ]
NOTIC: [8] Undefined index: HTTP_REFERER D:\home\coding\zendstudio\edu\Education_dev_hipi\branches\v1.0\Application\Common\Behaviors\AppBeginBehavior.class.php 第 13 行.
NOTIC: [8] Undefined index: REDIRECT_URL D:\home\coding\zendstudio\edu\Education_dev_hipi\branches\v1.0\Application\Common\Behaviors\AppBeginBehavior.class.php 第 15 行.
INFO: Run Common\Behaviors\AppBeginBehavior [ RunTime:0.001303s ]
INFO: [ app_begin ] --END-- [ RunTime:0.002219s ]
INFO: [ view_parse ] --START--
INFO: [ template_filter ] --START--
INFO: Run Behavior\ContentReplaceBehavior [ RunTime:0.000124s ]
INFO: [ template_filter ] --END-- [ RunTime:0.000249s ]
NOTIC: [8] Undefined variable: pageTitle D:\home\coding\zendstudio\edu\Education_dev_hipi\branches\v1.0\Runtime\Cache\Hd\ce439ec412526cdd13de6e6c87898925.php 第 6 行.
NOTIC: [8] Undefined variable: buttons D:\home\coding\zendstudio\edu\Education_dev_hipi\branches\v1.0\Runtime\Cache\Hd\ce439ec412526cdd13de6e6c87898925.php 第 68 行.
INFO: Run Behavior\ParseTemplateBehavior [ RunTime:0.014103s ]
INFO: [ view_parse ] --END-- [ RunTime:0.014250s ]
INFO: [ view_filter ] --START--
INFO: Run Behavior\WriteHtmlCacheBehavior [ RunTime:0.000403s ]
INFO: [ view_filter ] --END-- [ RunTime:0.000501s ]

[ 2014-12-09T09:25:06+08:00 ] 192.168.0.152 /Hd/Misc/showMessage.html?t=1418088306030
INFO: [ app_init ] --START--
INFO: Run Behavior\BuildLiteBehavior [ RunTime:0.000035s ]
INFO: [ app_init ] --END-- [ RunTime:0.000487s ]
INFO: [ app_begin ] --START--
INFO: Run Behavior\ReadHtmlCacheBehavior [ RunTime:0.000834s ]
INFO: Run Common\Behaviors\AppBeginBehavior [ RunTime:0.001006s ]
INFO: [ app_begin ] --END-- [ RunTime:0.002102s ]
ERR: 无法加载控制器:Misc

[ 2014-12-09T09:25:06+08:00 ] 192.168.0.152 /
INFO: [ app_init ] --START--
INFO: Run Behavior\BuildLiteBehavior [ RunTime:0.000048s ]
INFO: [ app_init ] --END-- [ RunTime:0.001002s ]
INFO: [ app_begin ] --START--
INFO: Run Behavior\ReadHtmlCacheBehavior [ RunTime:0.003264s ]
NOTIC: [8] Undefined index: HTTP_REFERER D:\home\coding\zendstudio\edu\Education_dev_hipi\branches\v1.0\Application\Common\Behaviors\AppBeginBehavior.class.php 第 13 行.
NOTIC: [8] Undefined index: REDIRECT_URL D:\home\coding\zendstudio\edu\Education_dev_hipi\branches\v1.0\Application\Common\Behaviors\AppBeginBehavior.class.php 第 15 行.
INFO: Run Common\Behaviors\AppBeginBehavior [ RunTime:0.001127s ]
INFO: [ app_begin ] --END-- [ RunTime:0.004631s ]
INFO: [ view_parse ] --START--
INFO: [ template_filter ] --START--
INFO: Run Behavior\ContentReplaceBehavior [ RunTime:0.000120s ]
INFO: [ template_filter ] --END-- [ RunTime:0.000238s ]
NOTIC: [8] Undefined variable: pageTitle D:\home\coding\zendstudio\edu\Education_dev_hipi\branches\v1.0\Runtime\Cache\Hd\ce439ec412526cdd13de6e6c87898925.php 第 6 行.
NOTIC: [8] Undefined variable: buttons D:\home\coding\zendstudio\edu\Education_dev_hipi\branches\v1.0\Runtime\Cache\Hd\ce439ec412526cdd13de6e6c87898925.php 第 68 行.
INFO: Run Behavior\ParseTemplateBehavior [ RunTime:0.010967s ]
INFO: [ view_parse ] --END-- [ RunTime:0.011100s ]
INFO: [ view_filter ] --START--
INFO: Run Behavior\WriteHtmlCacheBehavior [ RunTime:0.000470s ]
INFO: [ view_filter ] --END-- [ RunTime:0.000573s ]

[ 2014-12-09T09:25:06+08:00 ] 192.168.0.152 /
INFO: [ app_init ] --START--
INFO: Run Behavior\BuildLiteBehavior [ RunTime:0.000024s ]
INFO: [ app_init ] --END-- [ RunTime:0.000445s ]
INFO: [ app_begin ] --START--
INFO: Run Behavior\ReadHtmlCacheBehavior [ RunTime:0.000604s ]
NOTIC: [8] Undefined index: HTTP_REFERER D:\home\coding\zendstudio\edu\Education_dev_hipi\branches\v1.0\Application\Common\Behaviors\AppBeginBehavior.class.php 第 13 行.
NOTIC: [8] Undefined index: REDIRECT_URL D:\home\coding\zendstudio\edu\Education_dev_hipi\branches\v1.0\Application\Common\Behaviors\AppBeginBehavior.class.php 第 15 行.
INFO: Run Common\Behaviors\AppBeginBehavior [ RunTime:0.001099s ]
INFO: [ app_begin ] --END-- [ RunTime:0.001865s ]
INFO: [ view_parse ] --START--
INFO: [ template_filter ] --START--
INFO: Run Behavior\ContentReplaceBehavior [ RunTime:0.000117s ]
INFO: [ template_filter ] --END-- [ RunTime:0.000234s ]
NOTIC: [8] Undefined variable: pageTitle D:\home\coding\zendstudio\edu\Education_dev_hipi\branches\v1.0\Runtime\Cache\Hd\ce439ec412526cdd13de6e6c87898925.php 第 6 行.
NOTIC: [8] Undefined variable: buttons D:\home\coding\zendstudio\edu\Education_dev_hipi\branches\v1.0\Runtime\Cache\Hd\ce439ec412526cdd13de6e6c87898925.php 第 68 行.
INFO: Run Behavior\ParseTemplateBehavior [ RunTime:0.010769s ]
INFO: [ view_parse ] --END-- [ RunTime:0.010939s ]
INFO: [ view_filter ] --START--
INFO: Run Behavior\WriteHtmlCacheBehavior [ RunTime:0.000491s ]
INFO: [ view_filter ] --END-- [ RunTime:0.000596s ]

[ 2014-12-09T09:25:06+08:00 ] 192.168.0.152 /
INFO: [ app_init ] --START--
INFO: Run Behavior\BuildLiteBehavior [ RunTime:0.000031s ]
INFO: [ app_init ] --END-- [ RunTime:0.000439s ]
INFO: [ app_begin ] --START--
INFO: Run Behavior\ReadHtmlCacheBehavior [ RunTime:0.000944s ]
NOTIC: [8] Undefined index: HTTP_REFERER D:\home\coding\zendstudio\edu\Education_dev_hipi\branches\v1.0\Application\Common\Behaviors\AppBeginBehavior.class.php 第 13 行.
NOTIC: [8] Undefined index: REDIRECT_URL D:\home\coding\zendstudio\edu\Education_dev_hipi\branches\v1.0\Application\Common\Behaviors\AppBeginBehavior.class.php 第 15 行.
INFO: Run Common\Behaviors\AppBeginBehavior [ RunTime:0.001499s ]
INFO: [ app_begin ] --END-- [ RunTime:0.002751s ]
INFO: [ view_parse ] --START--
INFO: [ template_filter ] --START--
INFO: Run Behavior\ContentReplaceBehavior [ RunTime:0.000116s ]
INFO: [ template_filter ] --END-- [ RunTime:0.000235s ]
NOTIC: [8] Undefined variable: pageTitle D:\home\coding\zendstudio\edu\Education_dev_hipi\branches\v1.0\Runtime\Cache\Hd\ce439ec412526cdd13de6e6c87898925.php 第 6 行.
NOTIC: [8] Undefined variable: buttons D:\home\coding\zendstudio\edu\Education_dev_hipi\branches\v1.0\Runtime\Cache\Hd\ce439ec412526cdd13de6e6c87898925.php 第 68 行.
INFO: Run Behavior\ParseTemplateBehavior [ RunTime:0.011221s ]
INFO: [ view_parse ] --END-- [ RunTime:0.011375s ]
INFO: [ view_filter ] --START--
INFO: Run Behavior\WriteHtmlCacheBehavior [ RunTime:0.000526s ]
INFO: [ view_filter ] --END-- [ RunTime:0.000684s ]

[ 2014-12-09T09:25:06+08:00 ] 192.168.0.152 /
INFO: [ app_init ] --START--
INFO: Run Behavior\BuildLiteBehavior [ RunTime:0.000041s ]
INFO: [ app_init ] --END-- [ RunTime:0.000581s ]
INFO: [ app_begin ] --START--
INFO: Run Behavior\ReadHtmlCacheBehavior [ RunTime:0.000645s ]
NOTIC: [8] Undefined index: HTTP_REFERER D:\home\coding\zendstudio\edu\Education_dev_hipi\branches\v1.0\Application\Common\Behaviors\AppBeginBehavior.class.php 第 13 行.
NOTIC: [8] Undefined index: REDIRECT_URL D:\home\coding\zendstudio\edu\Education_dev_hipi\branches\v1.0\Application\Common\Behaviors\AppBeginBehavior.class.php 第 15 行.
INFO: Run Common\Behaviors\AppBeginBehavior [ RunTime:0.001117s ]
INFO: [ app_begin ] --END-- [ RunTime:0.001942s ]
INFO: [ view_parse ] --START--
INFO: [ template_filter ] --START--
INFO: Run Behavior\ContentReplaceBehavior [ RunTime:0.000196s ]
INFO: [ template_filter ] --END-- [ RunTime:0.000403s ]
NOTIC: [8] Undefined variable: pageTitle D:\home\coding\zendstudio\edu\Education_dev_hipi\branches\v1.0\Runtime\Cache\Hd\ce439ec412526cdd13de6e6c87898925.php 第 6 行.
NOTIC: [8] Undefined variable: buttons D:\home\coding\zendstudio\edu\Education_dev_hipi\branches\v1.0\Runtime\Cache\Hd\ce439ec412526cdd13de6e6c87898925.php 第 68 行.
INFO: Run Behavior\ParseTemplateBehavior [ RunTime:0.017460s ]
INFO: [ view_parse ] --END-- [ RunTime:0.017738s ]
INFO: [ view_filter ] --START--
INFO: Run Behavior\WriteHtmlCacheBehavior [ RunTime:0.000602s ]
INFO: [ view_filter ] --END-- [ RunTime:0.000781s ]

[ 2014-12-09T09:25:06+08:00 ] 192.168.0.152 /
INFO: [ app_init ] --START--
INFO: Run Behavior\BuildLiteBehavior [ RunTime:0.000078s ]
INFO: [ app_init ] --END-- [ RunTime:0.000972s ]
INFO: [ app_begin ] --START--
INFO: Run Behavior\ReadHtmlCacheBehavior [ RunTime:0.000830s ]
NOTIC: [8] Undefined index: HTTP_REFERER D:\home\coding\zendstudio\edu\Education_dev_hipi\branches\v1.0\Application\Common\Behaviors\AppBeginBehavior.class.php 第 13 行.
NOTIC: [8] Undefined index: REDIRECT_URL D:\home\coding\zendstudio\edu\Education_dev_hipi\branches\v1.0\Application\Common\Behaviors\AppBeginBehavior.class.php 第 15 行.
INFO: Run Common\Behaviors\AppBeginBehavior [ RunTime:0.001429s ]
INFO: [ app_begin ] --END-- [ RunTime:0.002551s ]
INFO: [ view_parse ] --START--
INFO: [ template_filter ] --START--
INFO: Run Behavior\ContentReplaceBehavior [ RunTime:0.000328s ]
INFO: [ template_filter ] --END-- [ RunTime:0.000490s ]
NOTIC: [8] Undefined variable: pageTitle D:\home\coding\zendstudio\edu\Education_dev_hipi\branches\v1.0\Runtime\Cache\Hd\ce439ec412526cdd13de6e6c87898925.php 第 6 行.
NOTIC: [8] Undefined variable: buttons D:\home\coding\zendstudio\edu\Education_dev_hipi\branches\v1.0\Runtime\Cache\Hd\ce439ec412526cdd13de6e6c87898925.php 第 68 行.
INFO: Run Behavior\ParseTemplateBehavior [ RunTime:0.011892s ]
INFO: [ view_parse ] --END-- [ RunTime:0.012010s ]
INFO: [ view_filter ] --START--
INFO: Run Behavior\WriteHtmlCacheBehavior [ RunTime:0.000322s ]
INFO: [ view_filter ] --END-- [ RunTime:0.000413s ]

[ 2014-12-09T09:25:06+08:00 ] 192.168.0.152 /
INFO: [ app_init ] --START--
INFO: Run Behavior\BuildLiteBehavior [ RunTime:0.000035s ]
INFO: [ app_init ] --END-- [ RunTime:0.000611s ]
INFO: [ app_begin ] --START--
INFO: Run Behavior\ReadHtmlCacheBehavior [ RunTime:0.001013s ]
NOTIC: [8] Undefined index: HTTP_REFERER D:\home\coding\zendstudio\edu\Education_dev_hipi\branches\v1.0\Application\Common\Behaviors\AppBeginBehavior.class.php 第 13 行.
NOTIC: [8] Undefined index: REDIRECT_URL D:\home\coding\zendstudio\edu\Education_dev_hipi\branches\v1.0\Application\Common\Behaviors\AppBeginBehavior.class.php 第 15 行.
INFO: Run Common\Behaviors\AppBeginBehavior [ RunTime:0.001775s ]
INFO: [ app_begin ] --END-- [ RunTime:0.003103s ]
INFO: [ view_parse ] --START--
INFO: [ template_filter ] --START--
INFO: Run Behavior\ContentReplaceBehavior [ RunTime:0.000122s ]
INFO: [ template_filter ] --END-- [ RunTime:0.000234s ]
NOTIC: [8] Undefined variable: pageTitle D:\home\coding\zendstudio\edu\Education_dev_hipi\branches\v1.0\Runtime\Cache\Hd\ce439ec412526cdd13de6e6c87898925.php 第 6 行.
NOTIC: [8] Undefined variable: buttons D:\home\coding\zendstudio\edu\Education_dev_hipi\branches\v1.0\Runtime\Cache\Hd\ce439ec412526cdd13de6e6c87898925.php 第 68 行.
INFO: Run Behavior\ParseTemplateBehavior [ RunTime:0.011437s ]
INFO: [ view_parse ] --END-- [ RunTime:0.011606s ]
INFO: [ view_filter ] --START--
INFO: Run Behavior\WriteHtmlCacheBehavior [ RunTime:0.000659s ]
INFO: [ view_filter ] --END-- [ RunTime:0.000829s ]

[ 2014-12-09T09:25:06+08:00 ] 192.168.0.152 /Hd/Misc/showMessage.html?t=1418088306030
INFO: [ app_init ] --START--
INFO: Run Behavior\BuildLiteBehavior [ RunTime:0.000042s ]
INFO: [ app_init ] --END-- [ RunTime:0.000614s ]
INFO: [ app_begin ] --START--
INFO: Run Behavior\ReadHtmlCacheBehavior [ RunTime:0.000888s ]
INFO: Run Common\Behaviors\AppBeginBehavior [ RunTime:0.001445s ]
INFO: [ app_begin ] --END-- [ RunTime:0.002739s ]
ERR: 无法加载控制器:Misc

[ 2014-12-09T09:25:06+08:00 ] 192.168.0.152 /Hd/Misc/showMessage.html?t=1418088306799
INFO: [ app_init ] --START--
INFO: Run Behavior\BuildLiteBehavior [ RunTime:0.000054s ]
INFO: [ app_init ] --END-- [ RunTime:0.000978s ]
INFO: [ app_begin ] --START--
INFO: Run Behavior\ReadHtmlCacheBehavior [ RunTime:0.000717s ]
INFO: Run Common\Behaviors\AppBeginBehavior [ RunTime:0.000998s ]
INFO: [ app_begin ] --END-- [ RunTime:0.001928s ]
ERR: 无法加载控制器:Misc

[ 2014-12-09T09:25:27+08:00 ] 192.168.0.152 /
INFO: [ app_init ] --START--
INFO: Run Behavior\BuildLiteBehavior [ RunTime:0.000025s ]
INFO: [ app_init ] --END-- [ RunTime:0.000460s ]
INFO: [ app_begin ] --START--
INFO: Run Behavior\ReadHtmlCacheBehavior [ RunTime:0.000839s ]
NOTIC: [8] Undefined index: HTTP_REFERER D:\home\coding\zendstudio\edu\Education_dev_hipi\branches\v1.0\Application\Common\Behaviors\AppBeginBehavior.class.php 第 13 行.
NOTIC: [8] Undefined index: REDIRECT_URL D:\home\coding\zendstudio\edu\Education_dev_hipi\branches\v1.0\Application\Common\Behaviors\AppBeginBehavior.class.php 第 15 行.
INFO: Run Common\Behaviors\AppBeginBehavior [ RunTime:0.001155s ]
INFO: [ app_begin ] --END-- [ RunTime:0.002164s ]
INFO: [ view_parse ] --START--
INFO: [ template_filter ] --START--
INFO: Run Behavior\ContentReplaceBehavior [ RunTime:0.000119s ]
INFO: [ template_filter ] --END-- [ RunTime:0.000232s ]
NOTIC: [8] Undefined variable: pageTitle D:\home\coding\zendstudio\edu\Education_dev_hipi\branches\v1.0\Runtime\Cache\Hd\ce439ec412526cdd13de6e6c87898925.php 第 6 行.
NOTIC: [8] Undefined variable: buttons D:\home\coding\zendstudio\edu\Education_dev_hipi\branches\v1.0\Runtime\Cache\Hd\ce439ec412526cdd13de6e6c87898925.php 第 68 行.
INFO: Run Behavior\ParseTemplateBehavior [ RunTime:0.010845s ]
INFO: [ view_parse ] --END-- [ RunTime:0.010970s ]
INFO: [ view_filter ] --START--
INFO: Run Behavior\WriteHtmlCacheBehavior [ RunTime:0.000394s ]
INFO: [ view_filter ] --END-- [ RunTime:0.000491s ]

[ 2014-12-09T09:25:27+08:00 ] 192.168.0.152 /Hd/Misc/showMessage.html?t=1418088327281
INFO: [ app_init ] --START--
INFO: Run Behavior\BuildLiteBehavior [ RunTime:0.000024s ]
INFO: [ app_init ] --END-- [ RunTime:0.000380s ]
INFO: [ app_begin ] --START--
INFO: Run Behavior\ReadHtmlCacheBehavior [ RunTime:0.000624s ]
INFO: Run Common\Behaviors\AppBeginBehavior [ RunTime:0.003977s ]
INFO: [ app_begin ] --END-- [ RunTime:0.004842s ]
ERR: 无法加载控制器:Misc

[ 2014-12-09T09:25:38+08:00 ] 192.168.0.152 /
INFO: [ app_init ] --START--
INFO: Run Behavior\BuildLiteBehavior [ RunTime:0.000041s ]
INFO: [ app_init ] --END-- [ RunTime:0.000750s ]
INFO: [ app_begin ] --START--
INFO: Run Behavior\ReadHtmlCacheBehavior [ RunTime:0.003745s ]
NOTIC: [8] Undefined index: HTTP_REFERER D:\home\coding\zendstudio\edu\Education_dev_hipi\branches\v1.0\Application\Common\Behaviors\AppBeginBehavior.class.php 第 13 行.
NOTIC: [8] Undefined index: REDIRECT_URL D:\home\coding\zendstudio\edu\Education_dev_hipi\branches\v1.0\Application\Common\Behaviors\AppBeginBehavior.class.php 第 15 行.
INFO: Run Common\Behaviors\AppBeginBehavior [ RunTime:0.001457s ]
INFO: [ app_begin ] --END-- [ RunTime:0.005469s ]
INFO: [ view_parse ] --START--
INFO: [ template_filter ] --START--
INFO: Run Behavior\ContentReplaceBehavior [ RunTime:0.000123s ]
INFO: [ template_filter ] --END-- [ RunTime:0.000248s ]
NOTIC: [8] Undefined variable: pageTitle D:\home\coding\zendstudio\edu\Education_dev_hipi\branches\v1.0\Runtime\Cache\Hd\ce439ec412526cdd13de6e6c87898925.php 第 6 行.
NOTIC: [8] Undefined variable: buttons D:\home\coding\zendstudio\edu\Education_dev_hipi\branches\v1.0\Runtime\Cache\Hd\ce439ec412526cdd13de6e6c87898925.php 第 68 行.
INFO: Run Behavior\ParseTemplateBehavior [ RunTime:0.012571s ]
INFO: [ view_parse ] --END-- [ RunTime:0.012706s ]
INFO: [ view_filter ] --START--
INFO: Run Behavior\WriteHtmlCacheBehavior [ RunTime:0.000408s ]
INFO: [ view_filter ] --END-- [ RunTime:0.000505s ]

[ 2014-12-09T09:25:38+08:00 ] 192.168.0.152 /Hd/Misc/showMessage.html?t=1418088338190
INFO: [ app_init ] --START--
INFO: Run Behavior\BuildLiteBehavior [ RunTime:0.000025s ]
INFO: [ app_init ] --END-- [ RunTime:0.000417s ]
INFO: [ app_begin ] --START--
INFO: Run Behavior\ReadHtmlCacheBehavior [ RunTime:0.000736s ]
INFO: Run Common\Behaviors\AppBeginBehavior [ RunTime:0.001038s ]
INFO: [ app_begin ] --END-- [ RunTime:0.001974s ]
ERR: 无法加载控制器:Misc

[ 2014-12-09T09:25:51+08:00 ] 192.168.0.152 /Hd/Index/index.html
INFO: [ app_init ] --START--
INFO: Run Behavior\BuildLiteBehavior [ RunTime:0.000028s ]
INFO: [ app_init ] --END-- [ RunTime:0.000396s ]
INFO: [ app_begin ] --START--
INFO: Run Behavior\ReadHtmlCacheBehavior [ RunTime:0.000541s ]
INFO: Run Common\Behaviors\AppBeginBehavior [ RunTime:0.000801s ]
INFO: [ app_begin ] --END-- [ RunTime:0.001511s ]
INFO: [ view_parse ] --START--
INFO: [ template_filter ] --START--
INFO: Run Behavior\ContentReplaceBehavior [ RunTime:0.000112s ]
INFO: [ template_filter ] --END-- [ RunTime:0.000232s ]
NOTIC: [8] Undefined variable: pageTitle D:\home\coding\zendstudio\edu\Education_dev_hipi\branches\v1.0\Runtime\Cache\Hd\ce439ec412526cdd13de6e6c87898925.php 第 6 行.
NOTIC: [8] Undefined variable: buttons D:\home\coding\zendstudio\edu\Education_dev_hipi\branches\v1.0\Runtime\Cache\Hd\ce439ec412526cdd13de6e6c87898925.php 第 68 行.
INFO: Run Behavior\ParseTemplateBehavior [ RunTime:0.010863s ]
INFO: [ view_parse ] --END-- [ RunTime:0.011031s ]
INFO: [ view_filter ] --START--
INFO: Run Behavior\WriteHtmlCacheBehavior [ RunTime:0.000573s ]
INFO: [ view_filter ] --END-- [ RunTime:0.000685s ]

[ 2014-12-09T09:25:51+08:00 ] 192.168.0.152 /Hd/Misc/showMessage.html?t=1418088351273
INFO: [ app_init ] --START--
INFO: Run Behavior\BuildLiteBehavior [ RunTime:0.000025s ]
INFO: [ app_init ] --END-- [ RunTime:0.000391s ]
INFO: [ app_begin ] --START--
INFO: Run Behavior\ReadHtmlCacheBehavior [ RunTime:0.000548s ]
INFO: Run Common\Behaviors\AppBeginBehavior [ RunTime:0.000804s ]
INFO: [ app_begin ] --END-- [ RunTime:0.001522s ]
ERR: 无法加载控制器:Misc

[ 2014-12-09T09:25:52+08:00 ] 192.168.0.152 /
INFO: [ app_init ] --START--
INFO: Run Behavior\BuildLiteBehavior [ RunTime:0.000029s ]
INFO: [ app_init ] --END-- [ RunTime:0.000483s ]
INFO: [ app_begin ] --START--
INFO: Run Behavior\ReadHtmlCacheBehavior [ RunTime:0.000577s ]
NOTIC: [8] Undefined index: REDIRECT_URL D:\home\coding\zendstudio\edu\Education_dev_hipi\branches\v1.0\Application\Common\Behaviors\AppBeginBehavior.class.php 第 15 行.
INFO: Run Common\Behaviors\AppBeginBehavior [ RunTime:0.000868s ]
INFO: [ app_begin ] --END-- [ RunTime:0.001607s ]
INFO: [ view_parse ] --START--
INFO: [ template_filter ] --START--
INFO: Run Behavior\ContentReplaceBehavior [ RunTime:0.000115s ]
INFO: [ template_filter ] --END-- [ RunTime:0.000240s ]
NOTIC: [8] Undefined variable: pageTitle D:\home\coding\zendstudio\edu\Education_dev_hipi\branches\v1.0\Runtime\Cache\Hd\ce439ec412526cdd13de6e6c87898925.php 第 6 行.
NOTIC: [8] Undefined variable: buttons D:\home\coding\zendstudio\edu\Education_dev_hipi\branches\v1.0\Runtime\Cache\Hd\ce439ec412526cdd13de6e6c87898925.php 第 68 行.
INFO: Run Behavior\ParseTemplateBehavior [ RunTime:0.012514s ]
INFO: [ view_parse ] --END-- [ RunTime:0.012654s ]
INFO: [ view_filter ] --START--
INFO: Run Behavior\WriteHtmlCacheBehavior [ RunTime:0.000473s ]
INFO: [ view_filter ] --END-- [ RunTime:0.000578s ]

[ 2014-12-09T09:25:52+08:00 ] 192.168.0.152 /Hd/Misc/showMessage.html?t=1418088352330
INFO: [ app_init ] --START--
INFO: Run Behavior\BuildLiteBehavior [ RunTime:0.000024s ]
INFO: [ app_init ] --END-- [ RunTime:0.000377s ]
INFO: [ app_begin ] --START--
INFO: Run Behavior\ReadHtmlCacheBehavior [ RunTime:0.000678s ]
INFO: Run Common\Behaviors\AppBeginBehavior [ RunTime:0.001116s ]
INFO: [ app_begin ] --END-- [ RunTime:0.002030s ]
ERR: 无法加载控制器:Misc

[ 2014-12-09T09:25:53+08:00 ] 192.168.0.152 /Hd/Index/index.html
INFO: [ app_init ] --START--
INFO: Run Behavior\BuildLiteBehavior [ RunTime:0.000032s ]
INFO: [ app_init ] --END-- [ RunTime:0.000544s ]
INFO: [ app_begin ] --START--
INFO: Run Behavior\ReadHtmlCacheBehavior [ RunTime:0.000674s ]
INFO: Run Common\Behaviors\AppBeginBehavior [ RunTime:0.000912s ]
INFO: [ app_begin ] --END-- [ RunTime:0.001817s ]
INFO: [ view_parse ] --START--
INFO: [ template_filter ] --START--
INFO: Run Behavior\ContentReplaceBehavior [ RunTime:0.000116s ]
INFO: [ template_filter ] --END-- [ RunTime:0.000245s ]
NOTIC: [8] Undefined variable: pageTitle D:\home\coding\zendstudio\edu\Education_dev_hipi\branches\v1.0\Runtime\Cache\Hd\ce439ec412526cdd13de6e6c87898925.php 第 6 行.
NOTIC: [8] Undefined variable: buttons D:\home\coding\zendstudio\edu\Education_dev_hipi\branches\v1.0\Runtime\Cache\Hd\ce439ec412526cdd13de6e6c87898925.php 第 68 行.
INFO: Run Behavior\ParseTemplateBehavior [ RunTime:0.011923s ]
INFO: [ view_parse ] --END-- [ RunTime:0.012061s ]
INFO: [ view_filter ] --START--
INFO: Run Behavior\WriteHtmlCacheBehavior [ RunTime:0.000372s ]
INFO: [ view_filter ] --END-- [ RunTime:0.000467s ]

[ 2014-12-09T09:25:54+08:00 ] 192.168.0.152 /Hd/Misc/showMessage.html?t=1418088353997
INFO: [ app_init ] --START--
INFO: Run Behavior\BuildLiteBehavior [ RunTime:0.000028s ]
INFO: [ app_init ] --END-- [ RunTime:0.000398s ]
INFO: [ app_begin ] --START--
INFO: Run Behavior\ReadHtmlCacheBehavior [ RunTime:0.001048s ]
INFO: Run Common\Behaviors\AppBeginBehavior [ RunTime:0.001930s ]
INFO: [ app_begin ] --END-- [ RunTime:0.003275s ]
ERR: 无法加载控制器:Misc

[ 2014-12-09T09:25:54+08:00 ] 192.168.0.152 /Hd/Index/index.html
INFO: [ app_init ] --START--
INFO: Run Behavior\BuildLiteBehavior [ RunTime:0.000027s ]
INFO: [ app_init ] --END-- [ RunTime:0.000397s ]
INFO: [ app_begin ] --START--
INFO: Run Behavior\ReadHtmlCacheBehavior [ RunTime:0.001083s ]
INFO: Run Common\Behaviors\AppBeginBehavior [ RunTime:0.001104s ]
INFO: [ app_begin ] --END-- [ RunTime:0.002448s ]
INFO: [ view_parse ] --START--
INFO: [ template_filter ] --START--
INFO: Run Behavior\ContentReplaceBehavior [ RunTime:0.000111s ]
INFO: [ template_filter ] --END-- [ RunTime:0.000233s ]
NOTIC: [8] Undefined variable: pageTitle D:\home\coding\zendstudio\edu\Education_dev_hipi\branches\v1.0\Runtime\Cache\Hd\ce439ec412526cdd13de6e6c87898925.php 第 6 行.
NOTIC: [8] Undefined variable: buttons D:\home\coding\zendstudio\edu\Education_dev_hipi\branches\v1.0\Runtime\Cache\Hd\ce439ec412526cdd13de6e6c87898925.php 第 68 行.
INFO: Run Behavior\ParseTemplateBehavior [ RunTime:0.012184s ]
INFO: [ view_parse ] --END-- [ RunTime:0.012323s ]
INFO: [ view_filter ] --START--
INFO: Run Behavior\WriteHtmlCacheBehavior [ RunTime:0.000316s ]
INFO: [ view_filter ] --END-- [ RunTime:0.000409s ]

[ 2014-12-09T09:25:54+08:00 ] 192.168.0.152 /Hd/Misc/showMessage.html?t=1418088354324
INFO: [ app_init ] --START--
INFO: Run Behavior\BuildLiteBehavior [ RunTime:0.000025s ]
INFO: [ app_init ] --END-- [ RunTime:0.000377s ]
INFO: [ app_begin ] --START--
INFO: Run Behavior\ReadHtmlCacheBehavior [ RunTime:0.000686s ]
INFO: Run Common\Behaviors\AppBeginBehavior [ RunTime:0.000859s ]
INFO: [ app_begin ] --END-- [ RunTime:0.001736s ]
ERR: 无法加载控制器:Misc

[ 2014-12-09T10:03:05+08:00 ] 192.168.0.152 /Hd/Index/index.html
INFO: [ app_init ] --START--
INFO: Run Behavior\BuildLiteBehavior [ RunTime:0.000027s ]
INFO: [ app_init ] --END-- [ RunTime:0.000430s ]
INFO: [ app_begin ] --START--
INFO: Run Behavior\ReadHtmlCacheBehavior [ RunTime:0.000628s ]
INFO: Run Common\Behaviors\AppBeginBehavior [ RunTime:0.001083s ]
INFO: [ app_begin ] --END-- [ RunTime:0.001921s ]
INFO: [ view_parse ] --START--
INFO: [ template_filter ] --START--
INFO: Run Behavior\ContentReplaceBehavior [ RunTime:0.001461s ]
INFO: [ template_filter ] --END-- [ RunTime:0.001622s ]
NOTIC: [8] Undefined variable: pageTitle D:\home\coding\zendstudio\edu\Education_dev_hipi\branches\v1.0\Runtime\Cache\Hd\ce439ec412526cdd13de6e6c87898925.php 第 6 行.
INFO: Run Behavior\ParseTemplateBehavior [ RunTime:0.009784s ]
INFO: [ view_parse ] --END-- [ RunTime:0.009931s ]
INFO: [ view_filter ] --START--
INFO: Run Behavior\WriteHtmlCacheBehavior [ RunTime:0.000347s ]
INFO: [ view_filter ] --END-- [ RunTime:0.000442s ]

[ 2014-12-09T10:03:05+08:00 ] 192.168.0.152 /Hd/Misc/showMessage.html?t=1418090585455
INFO: [ app_init ] --START--
INFO: Run Behavior\BuildLiteBehavior [ RunTime:0.000020s ]
INFO: [ app_init ] --END-- [ RunTime:0.000368s ]
INFO: [ app_begin ] --START--
INFO: Run Behavior\ReadHtmlCacheBehavior [ RunTime:0.000576s ]
INFO: Run Common\Behaviors\AppBeginBehavior [ RunTime:0.000891s ]
INFO: [ app_begin ] --END-- [ RunTime:0.001672s ]
ERR: 无法加载控制器:Misc

[ 2014-12-09T11:02:58+08:00 ] 192.168.0.152 /Api/Sync
INFO: [ app_init ] --START--
INFO: Run Behavior\BuildLiteBehavior [ RunTime:0.000027s ]
INFO: [ app_init ] --END-- [ RunTime:0.000547s ]
INFO: [ app_begin ] --START--
INFO: Run Behavior\ReadHtmlCacheBehavior [ RunTime:0.001072s ]
NOTIC: [8] Undefined index: HTTP_REFERER D:\home\coding\zendstudio\edu\Education_dev_hipi\branches\v1.0\Application\Common\Behaviors\AppBeginBehavior.class.php 第 13 行.
INFO: Run Common\Behaviors\AppBeginBehavior [ RunTime:0.001806s ]
INFO: [ app_begin ] --END-- [ RunTime:0.003052s ]

[ 2014-12-09T11:09:12+08:00 ] 192.168.0.152 /Api/Sync
INFO: [ app_init ] --START--
INFO: Run Behavior\BuildLiteBehavior [ RunTime:0.000047s ]
INFO: [ app_init ] --END-- [ RunTime:0.000484s ]
INFO: [ app_begin ] --START--
INFO: Run Behavior\ReadHtmlCacheBehavior [ RunTime:0.000672s ]
NOTIC: [8] Undefined index: HTTP_REFERER D:\home\coding\zendstudio\edu\Education_dev_hipi\branches\v1.0\Application\Common\Behaviors\AppBeginBehavior.class.php 第 13 行.
INFO: Run Common\Behaviors\AppBeginBehavior [ RunTime:0.001142s ]
INFO: [ app_begin ] --END-- [ RunTime:0.001987s ]

[ 2014-12-09T11:10:35+08:00 ] 192.168.0.152 /Api/Sync
INFO: [ app_init ] --START--
INFO: Run Behavior\BuildLiteBehavior [ RunTime:0.000023s ]
INFO: [ app_init ] --END-- [ RunTime:0.000395s ]
INFO: [ app_begin ] --START--
INFO: Run Behavior\ReadHtmlCacheBehavior [ RunTime:0.000656s ]
NOTIC: [8] Undefined index: HTTP_REFERER D:\home\coding\zendstudio\edu\Education_dev_hipi\branches\v1.0\Application\Common\Behaviors\AppBeginBehavior.class.php 第 13 行.
INFO: Run Common\Behaviors\AppBeginBehavior [ RunTime:0.001003s ]
INFO: [ app_begin ] --END-- [ RunTime:0.001830s ]

[ 2014-12-09T11:10:49+08:00 ] 192.168.0.152 /Api/Sync
INFO: [ app_init ] --START--
INFO: Run Behavior\BuildLiteBehavior [ RunTime:0.000025s ]
INFO: [ app_init ] --END-- [ RunTime:0.000479s ]
INFO: [ app_begin ] --START--
INFO: Run Behavior\ReadHtmlCacheBehavior [ RunTime:0.000625s ]
NOTIC: [8] Undefined index: HTTP_REFERER D:\home\coding\zendstudio\edu\Education_dev_hipi\branches\v1.0\Application\Common\Behaviors\AppBeginBehavior.class.php 第 13 行.
INFO: Run Common\Behaviors\AppBeginBehavior [ RunTime:0.001019s ]
INFO: [ app_begin ] --END-- [ RunTime:0.001809s ]

[ 2014-12-09T11:11:01+08:00 ] 192.168.0.152 /Api/Sync
INFO: [ app_init ] --START--
INFO: Run Behavior\BuildLiteBehavior [ RunTime:0.000025s ]
INFO: [ app_init ] --END-- [ RunTime:0.000403s ]
INFO: [ app_begin ] --START--
INFO: Run Behavior\ReadHtmlCacheBehavior [ RunTime:0.000706s ]
NOTIC: [8] Undefined index: HTTP_REFERER D:\home\coding\zendstudio\edu\Education_dev_hipi\branches\v1.0\Application\Common\Behaviors\AppBeginBehavior.class.php 第 13 行.
INFO: Run Common\Behaviors\AppBeginBehavior [ RunTime:0.001137s ]
INFO: [ app_begin ] --END-- [ RunTime:0.002057s ]

[ 2014-12-09T11:11:31+08:00 ] 192.168.0.152 /Api/Sync
INFO: [ app_init ] --START--
INFO: Run Behavior\BuildLiteBehavior [ RunTime:0.000024s ]
INFO: [ app_init ] --END-- [ RunTime:0.000378s ]
INFO: [ app_begin ] --START--
INFO: Run Behavior\ReadHtmlCacheBehavior [ RunTime:0.000641s ]
NOTIC: [8] Undefined index: HTTP_REFERER D:\home\coding\zendstudio\edu\Education_dev_hipi\branches\v1.0\Application\Common\Behaviors\AppBeginBehavior.class.php 第 13 行.
INFO: Run Common\Behaviors\AppBeginBehavior [ RunTime:0.000992s ]
INFO: [ app_begin ] --END-- [ RunTime:0.001846s ]

[ 2014-12-09T11:11:35+08:00 ] 192.168.0.152 /Api/Sync
INFO: [ app_init ] --START--
INFO: Run Behavior\BuildLiteBehavior [ RunTime:0.000026s ]
INFO: [ app_init ] --END-- [ RunTime:0.000424s ]
INFO: [ app_begin ] --START--
INFO: Run Behavior\ReadHtmlCacheBehavior [ RunTime:0.000652s ]
NOTIC: [8] Undefined index: HTTP_REFERER D:\home\coding\zendstudio\edu\Education_dev_hipi\branches\v1.0\Application\Common\Behaviors\AppBeginBehavior.class.php 第 13 行.
INFO: Run Common\Behaviors\AppBeginBehavior [ RunTime:0.000952s ]
INFO: [ app_begin ] --END-- [ RunTime:0.001785s ]

[ 2014-12-09T11:11:42+08:00 ] 192.168.0.152 /Api/Sync
INFO: [ app_init ] --START--
INFO: Run Behavior\BuildLiteBehavior [ RunTime:0.000025s ]
INFO: [ app_init ] --END-- [ RunTime:0.000393s ]
INFO: [ app_begin ] --START--
INFO: Run Behavior\ReadHtmlCacheBehavior [ RunTime:0.000781s ]
NOTIC: [8] Undefined index: HTTP_REFERER D:\home\coding\zendstudio\edu\Education_dev_hipi\branches\v1.0\Application\Common\Behaviors\AppBeginBehavior.class.php 第 13 行.
INFO: Run Common\Behaviors\AppBeginBehavior [ RunTime:0.000995s ]
INFO: [ app_begin ] --END-- [ RunTime:0.001972s ]

[ 2014-12-09T11:11:58+08:00 ] 192.168.0.152 /Api/Sync
INFO: [ app_init ] --START--
INFO: Run Behavior\BuildLiteBehavior [ RunTime:0.000024s ]
INFO: [ app_init ] --END-- [ RunTime:0.000373s ]
INFO: [ app_begin ] --START--
INFO: Run Behavior\ReadHtmlCacheBehavior [ RunTime:0.000637s ]
NOTIC: [8] Undefined index: HTTP_REFERER D:\home\coding\zendstudio\edu\Education_dev_hipi\branches\v1.0\Application\Common\Behaviors\AppBeginBehavior.class.php 第 13 行.
INFO: Run Common\Behaviors\AppBeginBehavior [ RunTime:0.000948s ]
INFO: [ app_begin ] --END-- [ RunTime:0.001750s ]

[ 2014-12-09T11:12:03+08:00 ] 192.168.0.152 /Api/Sync
INFO: [ app_init ] --START--
INFO: Run Behavior\BuildLiteBehavior [ RunTime:0.000025s ]
INFO: [ app_init ] --END-- [ RunTime:0.000408s ]
INFO: [ app_begin ] --START--
INFO: Run Behavior\ReadHtmlCacheBehavior [ RunTime:0.000791s ]
NOTIC: [8] Undefined index: HTTP_REFERER D:\home\coding\zendstudio\edu\Education_dev_hipi\branches\v1.0\Application\Common\Behaviors\AppBeginBehavior.class.php 第 13 行.
INFO: Run Common\Behaviors\AppBeginBehavior [ RunTime:0.001143s ]
INFO: [ app_begin ] --END-- [ RunTime:0.002158s ]

[ 2014-12-09T11:12:07+08:00 ] 192.168.0.152 /Api/Sync
INFO: [ app_init ] --START--
INFO: Run Behavior\BuildLiteBehavior [ RunTime:0.000028s ]
INFO: [ app_init ] --END-- [ RunTime:0.000442s ]
INFO: [ app_begin ] --START--
INFO: Run Behavior\ReadHtmlCacheBehavior [ RunTime:0.000707s ]
NOTIC: [8] Undefined index: HTTP_REFERER D:\home\coding\zendstudio\edu\Education_dev_hipi\branches\v1.0\Application\Common\Behaviors\AppBeginBehavior.class.php 第 13 行.
INFO: Run Common\Behaviors\AppBeginBehavior [ RunTime:0.000955s ]
INFO: [ app_begin ] --END-- [ RunTime:0.001855s ]

[ 2014-12-09T11:12:11+08:00 ] 192.168.0.152 /Api/Sync
INFO: [ app_init ] --START--
INFO: Run Behavior\BuildLiteBehavior [ RunTime:0.000025s ]
INFO: [ app_init ] --END-- [ RunTime:0.000399s ]
INFO: [ app_begin ] --START--
INFO: Run Behavior\ReadHtmlCacheBehavior [ RunTime:0.000710s ]
NOTIC: [8] Undefined index: HTTP_REFERER D:\home\coding\zendstudio\edu\Education_dev_hipi\branches\v1.0\Application\Common\Behaviors\AppBeginBehavior.class.php 第 13 行.
INFO: Run Common\Behaviors\AppBeginBehavior [ RunTime:0.000988s ]
INFO: [ app_begin ] --END-- [ RunTime:0.001875s ]

[ 2014-12-09T11:16:18+08:00 ] 192.168.0.152 /Api/Sync
INFO: [ app_init ] --START--
INFO: Run Behavior\BuildLiteBehavior [ RunTime:0.000045s ]
INFO: [ app_init ] --END-- [ RunTime:0.000762s ]
INFO: [ app_begin ] --START--
INFO: Run Behavior\ReadHtmlCacheBehavior [ RunTime:0.000665s ]
NOTIC: [8] Undefined index: HTTP_REFERER D:\home\coding\zendstudio\edu\Education_dev_hipi\branches\v1.0\Application\Common\Behaviors\AppBeginBehavior.class.php 第 13 行.
INFO: Run Common\Behaviors\AppBeginBehavior [ RunTime:0.000967s ]
INFO: [ app_begin ] --END-- [ RunTime:0.001846s ]

[ 2014-12-09T11:16:48+08:00 ] 192.168.0.152 /Api/Sync
INFO: [ app_init ] --START--
INFO: Run Behavior\BuildLiteBehavior [ RunTime:0.000026s ]
INFO: [ app_init ] --END-- [ RunTime:0.000399s ]
INFO: [ app_begin ] --START--
INFO: Run Behavior\ReadHtmlCacheBehavior [ RunTime:0.000543s ]
NOTIC: [8] Undefined index: HTTP_REFERER D:\home\coding\zendstudio\edu\Education_dev_hipi\branches\v1.0\Application\Common\Behaviors\AppBeginBehavior.class.php 第 13 行.
INFO: Run Common\Behaviors\AppBeginBehavior [ RunTime:0.000883s ]
INFO: [ app_begin ] --END-- [ RunTime:0.001607s ]

[ 2014-12-09T11:17:09+08:00 ] 192.168.0.152 /Api/Sync
INFO: [ app_init ] --START--
INFO: Run Behavior\BuildLiteBehavior [ RunTime:0.000025s ]
INFO: [ app_init ] --END-- [ RunTime:0.000399s ]
INFO: [ app_begin ] --START--
INFO: Run Behavior\ReadHtmlCacheBehavior [ RunTime:0.000511s ]
NOTIC: [8] Undefined index: HTTP_REFERER D:\home\coding\zendstudio\edu\Education_dev_hipi\branches\v1.0\Application\Common\Behaviors\AppBeginBehavior.class.php 第 13 行.
INFO: Run Common\Behaviors\AppBeginBehavior [ RunTime:0.000851s ]
INFO: [ app_begin ] --END-- [ RunTime:0.001542s ]

[ 2014-12-09T11:18:04+08:00 ] 192.168.0.152 /Api/Sync
INFO: [ app_init ] --START--
INFO: Run Behavior\BuildLiteBehavior [ RunTime:0.000025s ]
INFO: [ app_init ] --END-- [ RunTime:0.000385s ]
INFO: [ app_begin ] --START--
INFO: Run Behavior\ReadHtmlCacheBehavior [ RunTime:0.000522s ]
NOTIC: [8] Undefined index: HTTP_REFERER D:\home\coding\zendstudio\edu\Education_dev_hipi\branches\v1.0\Application\Common\Behaviors\AppBeginBehavior.class.php 第 13 行.
INFO: Run Common\Behaviors\AppBeginBehavior [ RunTime:0.000877s ]
INFO: [ app_begin ] --END-- [ RunTime:0.001582s ]

[ 2014-12-09T11:18:30+08:00 ] 192.168.0.152 /Api/Sync
INFO: [ app_init ] --START--
INFO: Run Behavior\BuildLiteBehavior [ RunTime:0.000033s ]
INFO: [ app_init ] --END-- [ RunTime:0.000651s ]
INFO: [ app_begin ] --START--
INFO: Run Behavior\ReadHtmlCacheBehavior [ RunTime:0.000622s ]
NOTIC: [8] Undefined index: HTTP_REFERER D:\home\coding\zendstudio\edu\Education_dev_hipi\branches\v1.0\Application\Common\Behaviors\AppBeginBehavior.class.php 第 13 行.
INFO: Run Common\Behaviors\AppBeginBehavior [ RunTime:0.000951s ]
INFO: [ app_begin ] --END-- [ RunTime:0.001763s ]

[ 2014-12-09T13:22:43+08:00 ] 192.168.0.152 /Test
INFO: [ app_init ] --START--
INFO: Run Behavior\BuildLiteBehavior [ RunTime:0.000036s ]
INFO: [ app_init ] --END-- [ RunTime:0.000581s ]
INFO: [ app_begin ] --START--
INFO: Run Behavior\ReadHtmlCacheBehavior [ RunTime:0.000914s ]
INFO: Run Common\Behaviors\AppBeginBehavior [ RunTime:0.000990s ]
INFO: [ app_begin ] --END-- [ RunTime:0.002138s ]
INFO: [ view_parse ] --START--
INFO: [ template_filter ] --START--
INFO: Run Behavior\ContentReplaceBehavior [ RunTime:0.000094s ]
INFO: [ template_filter ] --END-- [ RunTime:0.000218s ]
INFO: Run Behavior\ParseTemplateBehavior [ RunTime:0.023275s ]
INFO: [ view_parse ] --END-- [ RunTime:0.023489s ]
INFO: [ view_filter ] --START--
INFO: Run Behavior\WriteHtmlCacheBehavior [ RunTime:0.000547s ]
INFO: [ view_filter ] --END-- [ RunTime:0.000708s ]
INFO: [ app_end ] --START--
INFO: Run Behavior\ShowPageTraceBehavior [ RunTime:0.004821s ]
INFO: [ app_end ] --END-- [ RunTime:0.005079s ]

[ 2014-12-09T13:22:45+08:00 ] 192.168.0.152 /?params=%7B%22username%22%3A%20%2200000000%22%2C%20%22epg_full_url%22%3A%20%22/epg_redirect/education/%3FINFO%3D%253CuserId%253E123456789036%253C/userId%253E%253CuserToken%253E03111508256980016640821125101009%253C/userToken%253E%253CTokenExpiretime%253E20140402023516%253C/TokenExpiretime%253E%253CGroupId%253E26%253C/GroupId%253E%253CuserIP%253E10.132.100.143%253C/userIP%253E%253CpetName%253E%253C/petName%253E%253CareaCode%253E00%253C/areaCode%253E%253CTradeId%253Enull%253C/TradeId%253E%253CstbId%253E411001990070119000014C09B4E84B2D%253C/stbId%253E%253Cback_hall_url%253Ehttp%3A//61.160.131.12%3A8296/SPToAms%253C/back_hall_url%253E%253Cfrom%253E000%253C/from%253E%22%2C%20%22c_zsj_userid%22%3A%20%22900176%22%2C%20%22areacode%22%3A%2090017%2C%20%22usertoken%22%3A%20%2203111508256980016640821125101009%22%2C%20%22stbtype%22%3A%20%22ztebw%22%2C%20%22userid%22%3A%20%22123456789036%22%2C%20%22return_url%22%3A%20%22http%3A//61.160.131.12%3A8296/SPToAms%3FINFO%3D%3CuserId%3E02586588234%3C/userId%3E%3CuserToken%3E03111508256980016640821125101009%3C/userToken%3E%3CTokenExpiretime%3E20140402023516%3C/TokenExpiretime%3E%3CGroupId%3E26%3C/GroupId%3E%3CuserIP%3E10.132.100.143%3C/userIP%3E%3CareaCode%3E00%3C/areaCode%3E%3CTradeId%3E%3C/TradeId%3E%3CstbId%3E411001990070119000014C09B4E84B2D%3C/stbId%3E%3CoptFlag%3EGAME%3C/optFlag%3E%3CSPID%3Espa00022%3C/SPID%3E%3Cback_epg_url%3Ehttp%3A//61.160.131.12%3A8296/SPToAms%3C/back_epg_url%3E%22%7D
INFO: [ app_init ] --START--
INFO: Run Behavior\BuildLiteBehavior [ RunTime:0.000025s ]
INFO: [ app_init ] --END-- [ RunTime:0.000397s ]
INFO: [ app_begin ] --START--
INFO: Run Behavior\ReadHtmlCacheBehavior [ RunTime:0.000561s ]
NOTIC: [8] Undefined index: REDIRECT_URL D:\home\coding\zendstudio\edu\Education_dev_hipi\branches\v1.0\Application\Common\Behaviors\AppBeginBehavior.class.php 第 15 行.
INFO: Run Common\Behaviors\AppBeginBehavior [ RunTime:0.001161s ]
INFO: [ app_begin ] --END-- [ RunTime:0.001926s ]
INFO: [ view_parse ] --START--
INFO: [ template_filter ] --START--
INFO: Run Behavior\ContentReplaceBehavior [ RunTime:0.000075s ]
INFO: [ template_filter ] --END-- [ RunTime:0.000191s ]
INFO: Run Behavior\ParseTemplateBehavior [ RunTime:0.005813s ]
INFO: [ view_parse ] --END-- [ RunTime:0.005931s ]
INFO: [ view_filter ] --START--
INFO: Run Behavior\WriteHtmlCacheBehavior [ RunTime:0.000325s ]
INFO: [ view_filter ] --END-- [ RunTime:0.000418s ]
INFO: [ app_end ] --START--
INFO: Run Behavior\ShowPageTraceBehavior [ RunTime:0.000585s ]
INFO: [ app_end ] --END-- [ RunTime:0.000677s ]

[ 2014-12-09T13:40:45+08:00 ] 192.168.0.152 /Test
INFO: [ app_init ] --START--
INFO: Run Behavior\BuildLiteBehavior [ RunTime:0.000033s ]
INFO: [ app_init ] --END-- [ RunTime:0.000555s ]
INFO: [ app_begin ] --START--
INFO: Run Behavior\ReadHtmlCacheBehavior [ RunTime:0.000995s ]
INFO: Run Common\Behaviors\AppBeginBehavior [ RunTime:0.001267s ]
INFO: [ app_begin ] --END-- [ RunTime:0.002567s ]
INFO: [ view_parse ] --START--
INFO: [ template_filter ] --START--
INFO: Run Behavior\ContentReplaceBehavior [ RunTime:0.000097s ]
INFO: [ template_filter ] --END-- [ RunTime:0.000250s ]
INFO: Run Behavior\ParseTemplateBehavior [ RunTime:0.007814s ]
INFO: [ view_parse ] --END-- [ RunTime:0.007994s ]
INFO: [ view_filter ] --START--
INFO: Run Behavior\WriteHtmlCacheBehavior [ RunTime:0.000543s ]
INFO: [ view_filter ] --END-- [ RunTime:0.000662s ]
INFO: [ app_end ] --START--
INFO: Run Behavior\ShowPageTraceBehavior [ RunTime:0.000761s ]
INFO: [ app_end ] --END-- [ RunTime:0.000868s ]

[ 2014-12-09T13:40:47+08:00 ] 192.168.0.152 /?params=%7B%22username%22%3A%20%2200000000%22%2C%20%22epg_full_url%22%3A%20%22/epg_redirect/education/%3FINFO%3D%253CuserId%253E123456789036%253C/userId%253E%253CuserToken%253E03111508256980016640821125101009%253C/userToken%253E%253CTokenExpiretime%253E20140402023516%253C/TokenExpiretime%253E%253CGroupId%253E26%253C/GroupId%253E%253CuserIP%253E10.132.100.143%253C/userIP%253E%253CpetName%253E%253C/petName%253E%253CareaCode%253E00%253C/areaCode%253E%253CTradeId%253Enull%253C/TradeId%253E%253CstbId%253E411001990070119000014C09B4E84B2D%253C/stbId%253E%253Cback_hall_url%253Ehttp%3A//61.160.131.12%3A8296/SPToAms%253C/back_hall_url%253E%253Cfrom%253E000%253C/from%253E%22%2C%20%22c_zsj_userid%22%3A%20%22900176%22%2C%20%22areacode%22%3A%2090017%2C%20%22usertoken%22%3A%20%2203111508256980016640821125101009%22%2C%20%22stbtype%22%3A%20%22ztebw%22%2C%20%22userid%22%3A%20%22123456789036%22%2C%20%22return_url%22%3A%20%22http%3A//61.160.131.12%3A8296/SPToAms%3FINFO%3D%3CuserId%3E02586588234%3C/userId%3E%3CuserToken%3E03111508256980016640821125101009%3C/userToken%3E%3CTokenExpiretime%3E20140402023516%3C/TokenExpiretime%3E%3CGroupId%3E26%3C/GroupId%3E%3CuserIP%3E10.132.100.143%3C/userIP%3E%3CareaCode%3E00%3C/areaCode%3E%3CTradeId%3E%3C/TradeId%3E%3CstbId%3E411001990070119000014C09B4E84B2D%3C/stbId%3E%3CoptFlag%3EGAME%3C/optFlag%3E%3CSPID%3Espa00022%3C/SPID%3E%3Cback_epg_url%3Ehttp%3A//61.160.131.12%3A8296/SPToAms%3C/back_epg_url%3E%22%7D
INFO: [ app_init ] --START--
INFO: Run Behavior\BuildLiteBehavior [ RunTime:0.000110s ]
INFO: [ app_init ] --END-- [ RunTime:0.001154s ]
INFO: [ app_begin ] --START--
INFO: Run Behavior\ReadHtmlCacheBehavior [ RunTime:0.000620s ]
NOTIC: [8] Undefined index: REDIRECT_URL D:\home\coding\zendstudio\edu\Education_dev_hipi\branches\v1.0\Application\Common\Behaviors\AppBeginBehavior.class.php 第 15 行.
INFO: Run Common\Behaviors\AppBeginBehavior [ RunTime:0.000981s ]
INFO: [ app_begin ] --END-- [ RunTime:0.001825s ]
INFO: [ view_parse ] --START--
INFO: [ template_filter ] --START--
INFO: Run Behavior\ContentReplaceBehavior [ RunTime:0.000084s ]
INFO: [ template_filter ] --END-- [ RunTime:0.000211s ]
INFO: Run Behavior\ParseTemplateBehavior [ RunTime:0.005995s ]
INFO: [ view_parse ] --END-- [ RunTime:0.006122s ]
INFO: [ view_filter ] --START--
INFO: Run Behavior\WriteHtmlCacheBehavior [ RunTime:0.000315s ]
INFO: [ view_filter ] --END-- [ RunTime:0.000413s ]
INFO: [ app_end ] --START--
INFO: Run Behavior\ShowPageTraceBehavior [ RunTime:0.000593s ]
INFO: [ app_end ] --END-- [ RunTime:0.000693s ]

[ 2014-12-09T13:58:17+08:00 ] 192.168.0.149 /?params=%7B%22username%22%3A%20%2200000000%22%2C%20%22epg_full_url%22%3A%20%22/epg_redirect/education/%3FINFO%3D%253CuserId%253E123456789036%253C/userId%253E%253CuserToken%253E03111508256980016640821125101009%253C/userToken%253E%253CTokenExpiretime%253E20140402023516%253C/TokenExpiretime%253E%253CGroupId%253E26%253C/GroupId%253E%253CuserIP%253E10.132.100.143%253C/userIP%253E%253CpetName%253E%253C/petName%253E%253CareaCode%253E00%253C/areaCode%253E%253CTradeId%253Enull%253C/TradeId%253E%253CstbId%253E411001990070119000014C09B4E84B2D%253C/stbId%253E%253Cback_hall_url%253Ehttp%3A//61.160.131.12%3A8296/SPToAms%253C/back_hall_url%253E%253Cfrom%253E000%253C/from%253E%22%2C%20%22c_zsj_userid%22%3A%20%22900176%22%2C%20%22areacode%22%3A%2090017%2C%20%22usertoken%22%3A%20%2203111508256980016640821125101009%22%2C%20%22stbtype%22%3A%20%22ztebw%22%2C%20%22userid%22%3A%20%22123456789036%22%2C%20%22return_url%22%3A%20%22http%3A//61.160.131.12%3A8296/SPToAms%3FINFO%3D%3CuserId%3E02586588234%3C/userId%3E%3CuserToken%3E03111508256980016640821125101009%3C/userToken%3E%3CTokenExpiretime%3E20140402023516%3C/TokenExpiretime%3E%3CGroupId%3E26%3C/GroupId%3E%3CuserIP%3E10.132.100.143%3C/userIP%3E%3CareaCode%3E00%3C/areaCode%3E%3CTradeId%3E%3C/TradeId%3E%3CstbId%3E411001990070119000014C09B4E84B2D%3C/stbId%3E%3CoptFlag%3EGAME%3C/optFlag%3E%3CSPID%3Espa00022%3C/SPID%3E%3Cback_epg_url%3Ehttp%3A//61.160.131.12%3A8296/SPToAms%3C/back_epg_url%3E%22%7D
INFO: [ app_init ] --START--
INFO: Run Behavior\BuildLiteBehavior [ RunTime:0.000026s ]
INFO: [ app_init ] --END-- [ RunTime:0.000391s ]
INFO: [ app_begin ] --START--
INFO: Run Behavior\ReadHtmlCacheBehavior [ RunTime:0.000745s ]
NOTIC: [8] Undefined index: REDIRECT_URL D:\home\coding\zendstudio\edu\Education_dev_hipi\branches\v1.0\Application\Common\Behaviors\AppBeginBehavior.class.php 第 15 行.
INFO: Run Common\Behaviors\AppBeginBehavior [ RunTime:0.001140s ]
INFO: [ app_begin ] --END-- [ RunTime:0.002077s ]
INFO: [ view_parse ] --START--
INFO: [ template_filter ] --START--
INFO: Run Behavior\ContentReplaceBehavior [ RunTime:0.000079s ]
INFO: [ template_filter ] --END-- [ RunTime:0.000194s ]
INFO: Run Behavior\ParseTemplateBehavior [ RunTime:0.006320s ]
INFO: [ view_parse ] --END-- [ RunTime:0.006449s ]
INFO: [ view_filter ] --START--
INFO: Run Behavior\WriteHtmlCacheBehavior [ RunTime:0.000401s ]
INFO: [ view_filter ] --END-- [ RunTime:0.000497s ]
INFO: [ app_end ] --START--
INFO: Run Behavior\ShowPageTraceBehavior [ RunTime:0.000661s ]
INFO: [ app_end ] --END-- [ RunTime:0.000757s ]

[ 2014-12-09T14:02:24+08:00 ] 192.168.0.187 /Test
INFO: [ app_init ] --START--
INFO: Run Behavior\BuildLiteBehavior [ RunTime:0.000028s ]
INFO: [ app_init ] --END-- [ RunTime:0.000490s ]
INFO: [ app_begin ] --START--
INFO: Run Behavior\ReadHtmlCacheBehavior [ RunTime:0.000728s ]
INFO: Run Common\Behaviors\AppBeginBehavior [ RunTime:0.001266s ]
INFO: [ app_begin ] --END-- [ RunTime:0.002200s ]
INFO: [ view_parse ] --START--
INFO: [ template_filter ] --START--
INFO: Run Behavior\ContentReplaceBehavior [ RunTime:0.000106s ]
INFO: [ template_filter ] --END-- [ RunTime:0.000247s ]
INFO: Run Behavior\ParseTemplateBehavior [ RunTime:0.007819s ]
INFO: [ view_parse ] --END-- [ RunTime:0.007974s ]
INFO: [ view_filter ] --START--
INFO: Run Behavior\WriteHtmlCacheBehavior [ RunTime:0.000360s ]
INFO: [ view_filter ] --END-- [ RunTime:0.000483s ]
INFO: [ app_end ] --START--
INFO: Run Behavior\ShowPageTraceBehavior [ RunTime:0.000724s ]
INFO: [ app_end ] --END-- [ RunTime:0.000843s ]

[ 2014-12-09T14:05:14+08:00 ] 192.168.0.187 /Test
INFO: [ app_init ] --START--
INFO: Run Behavior\BuildLiteBehavior [ RunTime:0.000028s ]
INFO: [ app_init ] --END-- [ RunTime:0.000440s ]
INFO: [ app_begin ] --START--
INFO: Run Behavior\ReadHtmlCacheBehavior [ RunTime:0.000617s ]
INFO: Run Common\Behaviors\AppBeginBehavior [ RunTime:0.001056s ]
INFO: [ app_begin ] --END-- [ RunTime:0.001861s ]
INFO: [ view_parse ] --START--
INFO: [ template_filter ] --START--
INFO: Run Behavior\ContentReplaceBehavior [ RunTime:0.000093s ]
INFO: [ template_filter ] --END-- [ RunTime:0.000214s ]
INFO: Run Behavior\ParseTemplateBehavior [ RunTime:0.007233s ]
INFO: [ view_parse ] --END-- [ RunTime:0.007366s ]
INFO: [ view_filter ] --START--
INFO: Run Behavior\WriteHtmlCacheBehavior [ RunTime:0.000332s ]
INFO: [ view_filter ] --END-- [ RunTime:0.000443s ]
INFO: [ app_end ] --START--
INFO: Run Behavior\ShowPageTraceBehavior [ RunTime:0.000650s ]
INFO: [ app_end ] --END-- [ RunTime:0.000771s ]

[ 2014-12-09T14:19:05+08:00 ] 192.168.0.185 /Test
INFO: [ app_init ] --START--
INFO: Run Behavior\BuildLiteBehavior [ RunTime:0.000051s ]
INFO: [ app_init ] --END-- [ RunTime:0.000796s ]
INFO: [ app_begin ] --START--
INFO: Run Behavior\ReadHtmlCacheBehavior [ RunTime:0.000732s ]
INFO: Run Common\Behaviors\AppBeginBehavior [ RunTime:0.000927s ]
INFO: [ app_begin ] --END-- [ RunTime:0.001869s ]
INFO: [ view_parse ] --START--
INFO: [ template_filter ] --START--
INFO: Run Behavior\ContentReplaceBehavior [ RunTime:0.000098s ]
INFO: [ template_filter ] --END-- [ RunTime:0.000234s ]
INFO: Run Behavior\ParseTemplateBehavior [ RunTime:0.008149s ]
INFO: [ view_parse ] --END-- [ RunTime:0.008287s ]
INFO: [ view_filter ] --START--
INFO: Run Behavior\WriteHtmlCacheBehavior [ RunTime:0.000361s ]
INFO: [ view_filter ] --END-- [ RunTime:0.000465s ]
INFO: [ app_end ] --START--
INFO: Run Behavior\ShowPageTraceBehavior [ RunTime:0.000667s ]
INFO: [ app_end ] --END-- [ RunTime:0.000776s ]

