[ 2014-12-29T18:09:53+08:00 ] 192.168.0.188 /Hd/Index/recommend.html
INFO: [ app_init ] --START--
INFO: Run Behavior\BuildLiteBehavior [ RunTime:0.000023s ]
INFO: [ app_init ] --END-- [ RunTime:0.000353s ]
INFO: [ app_begin ] --START--
INFO: Run Behavior\ReadHtmlCacheBehavior [ RunTime:0.000468s ]
INFO: Run Common\Behaviors\AppBeginBehavior [ RunTime:0.000507s ]
INFO: [ app_begin ] --END-- [ RunTime:0.001153s ]
NOTIC: [2] Invalid argument supplied for foreach() D:\home\coding\zendstudio\edu\Education_dev_hipi\branches\v1.0\Application\Common\Common\common.php 第 26 行.
NOTIC: [2] Invalid argument supplied for foreach() D:\home\coding\zendstudio\edu\Education_dev_hipi\branches\v1.0\Application\Common\Common\common.php 第 26 行.
NOTIC: [2] Invalid argument supplied for foreach() D:\home\coding\zendstudio\edu\Education_dev_hipi\branches\v1.0\Application\Common\Common\common.php 第 26 行.
NOTIC: [2] Invalid argument supplied for foreach() D:\home\coding\zendstudio\edu\Education_dev_hipi\branches\v1.0\Application\Common\Common\common.php 第 26 行.
NOTIC: [2] Invalid argument supplied for foreach() D:\home\coding\zendstudio\edu\Education_dev_hipi\branches\v1.0\Application\Common\Common\common.php 第 26 行.
NOTIC: [2] Invalid argument supplied for foreach() D:\home\coding\zendstudio\edu\Education_dev_hipi\branches\v1.0\Application\Common\Common\common.php 第 26 行.
NOTIC: [2] Invalid argument supplied for foreach() D:\home\coding\zendstudio\edu\Education_dev_hipi\branches\v1.0\Application\Common\Common\common.php 第 26 行.
NOTIC: [2] Invalid argument supplied for foreach() D:\home\coding\zendstudio\edu\Education_dev_hipi\branches\v1.0\Application\Common\Common\common.php 第 26 行.
NOTIC: [2] Invalid argument supplied for foreach() D:\home\coding\zendstudio\edu\Education_dev_hipi\branches\v1.0\Application\Common\Common\common.php 第 26 行.
NOTIC: [2] Invalid argument supplied for foreach() D:\home\coding\zendstudio\edu\Education_dev_hipi\branches\v1.0\Application\Common\Common\common.php 第 26 行.
NOTIC: [2] Invalid argument supplied for foreach() D:\home\coding\zendstudio\edu\Education_dev_hipi\branches\v1.0\Application\Common\Common\common.php 第 26 行.
NOTIC: [2] Invalid argument supplied for foreach() D:\home\coding\zendstudio\edu\Education_dev_hipi\branches\v1.0\Application\Common\Common\common.php 第 26 行.
NOTIC: [2] Invalid argument supplied for foreach() D:\home\coding\zendstudio\edu\Education_dev_hipi\branches\v1.0\Application\Common\Common\common.php 第 26 行.
NOTIC: [2] Invalid argument supplied for foreach() D:\home\coding\zendstudio\edu\Education_dev_hipi\branches\v1.0\Application\Common\Common\common.php 第 26 行.
NOTIC: [2] Invalid argument supplied for foreach() D:\home\coding\zendstudio\edu\Education_dev_hipi\branches\v1.0\Application\Common\Common\common.php 第 26 行.
NOTIC: [2] Invalid argument supplied for foreach() D:\home\coding\zendstudio\edu\Education_dev_hipi\branches\v1.0\Application\Common\Common\common.php 第 26 行.
NOTIC: [8] Undefined offset: 0 D:\home\coding\zendstudio\edu\Education_dev_hipi\branches\v1.0\Application\Hd\Controller\IndexController.class.php 第 70 行.
NOTIC: [8] Undefined variable: isEarly D:\home\coding\zendstudio\edu\Education_dev_hipi\branches\v1.0\Application\Hd\Controller\IndexController.class.php 第 80 行.
INFO: [ view_parse ] --START--
INFO: [ template_filter ] --START--
INFO: Run Behavior\ContentReplaceBehavior [ RunTime:0.000220s ]
INFO: [ template_filter ] --END-- [ RunTime:0.000338s ]
NOTIC: [8] Undefined variable: pageTitle D:\home\coding\zendstudio\edu\Education_dev_hipi\branches\v1.0\Runtime\Cache\Hd\cfb908667d2443f09ecac18a03abf2ad.php 第 6 行.
NOTIC: [8] Undefined offset: 0 D:\home\coding\zendstudio\edu\Education_dev_hipi\branches\v1.0\Runtime\Cache\Hd\cfb908667d2443f09ecac18a03abf2ad.php 第 128 行.
NOTIC: [8] Undefined offset: 0 D:\home\coding\zendstudio\edu\Education_dev_hipi\branches\v1.0\Runtime\Cache\Hd\cfb908667d2443f09ecac18a03abf2ad.php 第 128 行.
NOTIC: [8] Undefined offset: 0 D:\home\coding\zendstudio\edu\Education_dev_hipi\branches\v1.0\Runtime\Cache\Hd\cfb908667d2443f09ecac18a03abf2ad.php 第 128 行.
NOTIC: [8] Undefined offset: 0 D:\home\coding\zendstudio\edu\Education_dev_hipi\branches\v1.0\Runtime\Cache\Hd\cfb908667d2443f09ecac18a03abf2ad.php 第 128 行.
NOTIC: [8] Undefined offset: 1 D:\home\coding\zendstudio\edu\Education_dev_hipi\branches\v1.0\Runtime\Cache\Hd\cfb908667d2443f09ecac18a03abf2ad.php 第 140 行.
NOTIC: [8] Undefined offset: 1 D:\home\coding\zendstudio\edu\Education_dev_hipi\branches\v1.0\Runtime\Cache\Hd\cfb908667d2443f09ecac18a03abf2ad.php 第 140 行.
NOTIC: [8] Undefined offset: 1 D:\home\coding\zendstudio\edu\Education_dev_hipi\branches\v1.0\Runtime\Cache\Hd\cfb908667d2443f09ecac18a03abf2ad.php 第 140 行.
NOTIC: [8] Undefined offset: 1 D:\home\coding\zendstudio\edu\Education_dev_hipi\branches\v1.0\Runtime\Cache\Hd\cfb908667d2443f09ecac18a03abf2ad.php 第 140 行.
NOTIC: [8] Undefined variable:  D:\home\coding\zendstudio\edu\Education_dev_hipi\branches\v1.0\Runtime\Cache\Hd\cfb908667d2443f09ecac18a03abf2ad.php 第 151 行.
NOTIC: [8] Undefined variable:  D:\home\coding\zendstudio\edu\Education_dev_hipi\branches\v1.0\Runtime\Cache\Hd\cfb908667d2443f09ecac18a03abf2ad.php 第 151 行.
NOTIC: [8] Undefined variable:  D:\home\coding\zendstudio\edu\Education_dev_hipi\branches\v1.0\Runtime\Cache\Hd\cfb908667d2443f09ecac18a03abf2ad.php 第 151 行.
INFO: Run Behavior\ParseTemplateBehavior [ RunTime:0.015170s ]
INFO: [ view_parse ] --END-- [ RunTime:0.015293s ]
INFO: [ view_filter ] --START--
INFO: Run Behavior\WriteHtmlCacheBehavior [ RunTime:0.000245s ]
INFO: [ view_filter ] --END-- [ RunTime:0.000342s ]
INFO: [ app_end ] --START--
INFO: Run Behavior\ShowPageTraceBehavior [ RunTime:0.000433s ]
INFO: [ app_end ] --END-- [ RunTime:0.000526s ]

[ 2014-12-29T18:10:38+08:00 ] 192.168.0.152 /Hd/Index/recommend.html
INFO: [ app_init ] --START--
INFO: Run Behavior\BuildLiteBehavior [ RunTime:0.000024s ]
INFO: [ app_init ] --END-- [ RunTime:0.000397s ]
INFO: [ app_begin ] --START--
INFO: Run Behavior\ReadHtmlCacheBehavior [ RunTime:0.000544s ]
INFO: Run Common\Behaviors\AppBeginBehavior [ RunTime:0.000717s ]
INFO: [ app_begin ] --END-- [ RunTime:0.001432s ]
NOTIC: [2] Invalid argument supplied for foreach() D:\home\coding\zendstudio\edu\Education_dev_hipi\branches\v1.0\Application\Common\Common\common.php 第 26 行.
NOTIC: [2] Invalid argument supplied for foreach() D:\home\coding\zendstudio\edu\Education_dev_hipi\branches\v1.0\Application\Common\Common\common.php 第 26 行.
NOTIC: [2] Invalid argument supplied for foreach() D:\home\coding\zendstudio\edu\Education_dev_hipi\branches\v1.0\Application\Common\Common\common.php 第 26 行.
NOTIC: [2] Invalid argument supplied for foreach() D:\home\coding\zendstudio\edu\Education_dev_hipi\branches\v1.0\Application\Common\Common\common.php 第 26 行.
NOTIC: [2] Invalid argument supplied for foreach() D:\home\coding\zendstudio\edu\Education_dev_hipi\branches\v1.0\Application\Common\Common\common.php 第 26 行.
NOTIC: [2] Invalid argument supplied for foreach() D:\home\coding\zendstudio\edu\Education_dev_hipi\branches\v1.0\Application\Common\Common\common.php 第 26 行.
NOTIC: [2] Invalid argument supplied for foreach() D:\home\coding\zendstudio\edu\Education_dev_hipi\branches\v1.0\Application\Common\Common\common.php 第 26 行.
NOTIC: [2] Invalid argument supplied for foreach() D:\home\coding\zendstudio\edu\Education_dev_hipi\branches\v1.0\Application\Common\Common\common.php 第 26 行.
NOTIC: [2] Invalid argument supplied for foreach() D:\home\coding\zendstudio\edu\Education_dev_hipi\branches\v1.0\Application\Common\Common\common.php 第 26 行.
NOTIC: [2] Invalid argument supplied for foreach() D:\home\coding\zendstudio\edu\Education_dev_hipi\branches\v1.0\Application\Common\Common\common.php 第 26 行.
NOTIC: [2] Invalid argument supplied for foreach() D:\home\coding\zendstudio\edu\Education_dev_hipi\branches\v1.0\Application\Common\Common\common.php 第 26 行.
NOTIC: [2] Invalid argument supplied for foreach() D:\home\coding\zendstudio\edu\Education_dev_hipi\branches\v1.0\Application\Common\Common\common.php 第 26 行.
NOTIC: [2] Invalid argument supplied for foreach() D:\home\coding\zendstudio\edu\Education_dev_hipi\branches\v1.0\Application\Common\Common\common.php 第 26 行.
NOTIC: [2] Invalid argument supplied for foreach() D:\home\coding\zendstudio\edu\Education_dev_hipi\branches\v1.0\Application\Common\Common\common.php 第 26 行.
NOTIC: [2] Invalid argument supplied for foreach() D:\home\coding\zendstudio\edu\Education_dev_hipi\branches\v1.0\Application\Common\Common\common.php 第 26 行.
NOTIC: [2] Invalid argument supplied for foreach() D:\home\coding\zendstudio\edu\Education_dev_hipi\branches\v1.0\Application\Common\Common\common.php 第 26 行.
NOTIC: [8] Undefined offset: 0 D:\home\coding\zendstudio\edu\Education_dev_hipi\branches\v1.0\Application\Hd\Controller\IndexController.class.php 第 70 行.
NOTIC: [8] Undefined variable: isEarly D:\home\coding\zendstudio\edu\Education_dev_hipi\branches\v1.0\Application\Hd\Controller\IndexController.class.php 第 80 行.
INFO: [ view_parse ] --START--
INFO: [ template_filter ] --START--
INFO: Run Behavior\ContentReplaceBehavior [ RunTime:0.000217s ]
INFO: [ template_filter ] --END-- [ RunTime:0.000366s ]
NOTIC: [8] Undefined variable: pageTitle D:\home\coding\zendstudio\edu\Education_dev_hipi\branches\v1.0\Runtime\Cache\Hd\cfb908667d2443f09ecac18a03abf2ad.php 第 6 行.
NOTIC: [8] Undefined offset: 0 D:\home\coding\zendstudio\edu\Education_dev_hipi\branches\v1.0\Runtime\Cache\Hd\cfb908667d2443f09ecac18a03abf2ad.php 第 128 行.
NOTIC: [8] Undefined offset: 0 D:\home\coding\zendstudio\edu\Education_dev_hipi\branches\v1.0\Runtime\Cache\Hd\cfb908667d2443f09ecac18a03abf2ad.php 第 128 行.
NOTIC: [8] Undefined offset: 0 D:\home\coding\zendstudio\edu\Education_dev_hipi\branches\v1.0\Runtime\Cache\Hd\cfb908667d2443f09ecac18a03abf2ad.php 第 128 行.
NOTIC: [8] Undefined offset: 0 D:\home\coding\zendstudio\edu\Education_dev_hipi\branches\v1.0\Runtime\Cache\Hd\cfb908667d2443f09ecac18a03abf2ad.php 第 128 行.
NOTIC: [8] Undefined offset: 1 D:\home\coding\zendstudio\edu\Education_dev_hipi\branches\v1.0\Runtime\Cache\Hd\cfb908667d2443f09ecac18a03abf2ad.php 第 140 行.
NOTIC: [8] Undefined offset: 1 D:\home\coding\zendstudio\edu\Education_dev_hipi\branches\v1.0\Runtime\Cache\Hd\cfb908667d2443f09ecac18a03abf2ad.php 第 140 行.
NOTIC: [8] Undefined offset: 1 D:\home\coding\zendstudio\edu\Education_dev_hipi\branches\v1.0\Runtime\Cache\Hd\cfb908667d2443f09ecac18a03abf2ad.php 第 140 行.
NOTIC: [8] Undefined offset: 1 D:\home\coding\zendstudio\edu\Education_dev_hipi\branches\v1.0\Runtime\Cache\Hd\cfb908667d2443f09ecac18a03abf2ad.php 第 140 行.
NOTIC: [8] Undefined variable:  D:\home\coding\zendstudio\edu\Education_dev_hipi\branches\v1.0\Runtime\Cache\Hd\cfb908667d2443f09ecac18a03abf2ad.php 第 151 行.
NOTIC: [8] Undefined variable:  D:\home\coding\zendstudio\edu\Education_dev_hipi\branches\v1.0\Runtime\Cache\Hd\cfb908667d2443f09ecac18a03abf2ad.php 第 151 行.
NOTIC: [8] Undefined variable:  D:\home\coding\zendstudio\edu\Education_dev_hipi\branches\v1.0\Runtime\Cache\Hd\cfb908667d2443f09ecac18a03abf2ad.php 第 151 行.
INFO: Run Behavior\ParseTemplateBehavior [ RunTime:0.017048s ]
INFO: [ view_parse ] --END-- [ RunTime:0.017169s ]
INFO: [ view_filter ] --START--
INFO: Run Behavior\WriteHtmlCacheBehavior [ RunTime:0.000473s ]
INFO: [ view_filter ] --END-- [ RunTime:0.000581s ]
INFO: [ app_end ] --START--
INFO: Run Behavior\ShowPageTraceBehavior [ RunTime:0.000586s ]
INFO: [ app_end ] --END-- [ RunTime:0.000682s ]

[ 2014-12-29T18:12:03+08:00 ] 192.168.0.188 /Test
INFO: [ app_init ] --START--
INFO: Run Behavior\BuildLiteBehavior [ RunTime:0.000050s ]
INFO: [ app_init ] --END-- [ RunTime:0.000829s ]
INFO: [ app_begin ] --START--
INFO: Run Behavior\ReadHtmlCacheBehavior [ RunTime:0.001359s ]
INFO: Run Common\Behaviors\AppBeginBehavior [ RunTime:0.001022s ]
INFO: [ app_begin ] --END-- [ RunTime:0.002689s ]
INFO: [ view_parse ] --START--
INFO: [ template_filter ] --START--
INFO: Run Behavior\ContentReplaceBehavior [ RunTime:0.000084s ]
INFO: [ template_filter ] --END-- [ RunTime:0.000199s ]
INFO: Run Behavior\ParseTemplateBehavior [ RunTime:0.006947s ]
INFO: [ view_parse ] --END-- [ RunTime:0.007105s ]
INFO: [ view_filter ] --START--
INFO: Run Behavior\WriteHtmlCacheBehavior [ RunTime:0.000362s ]
INFO: [ view_filter ] --END-- [ RunTime:0.000458s ]
INFO: [ app_end ] --START--
INFO: Run Behavior\ShowPageTraceBehavior [ RunTime:0.000655s ]
INFO: [ app_end ] --END-- [ RunTime:0.000770s ]

[ 2014-12-29T18:12:04+08:00 ] 192.168.0.188 /?params=%7B%22username%22%3A%20%2200000000%22%2C%20%22epg_full_url%22%3A%20%22/epg_redirect/education/%3FINFO%3D%253CuserId%253E123456789036%253C/userId%253E%253CuserToken%253E03111508256980016640821125101009%253C/userToken%253E%253CTokenExpiretime%253E20140402023516%253C/TokenExpiretime%253E%253CGroupId%253E26%253C/GroupId%253E%253CuserIP%253E10.132.100.143%253C/userIP%253E%253CpetName%253E%253C/petName%253E%253CareaCode%253E00%253C/areaCode%253E%253CTradeId%253Enull%253C/TradeId%253E%253CstbId%253E411001990070119000014C09B4E84B2D%253C/stbId%253E%253Cback_hall_url%253Ehttp%3A//61.160.131.12%3A8296/SPToAms%253C/back_hall_url%253E%253Cfrom%253E000%253C/from%253E%22%2C%20%22c_zsj_userid%22%3A%20%22900176%22%2C%20%22areacode%22%3A%2090017%2C%20%22usertoken%22%3A%20%2203111508256980016640821125101009%22%2C%20%22stbtype%22%3A%20%22ztebw%22%2C%20%22userid%22%3A%20%22123456789036%22%2C%20%22return_url%22%3A%20%22http%3A//61.160.131.12%3A8296/SPToAms%3FINFO%3D%3CuserId%3E02586588234%3C/userId%3E%3CuserToken%3E03111508256980016640821125101009%3C/userToken%3E%3CTokenExpiretime%3E20140402023516%3C/TokenExpiretime%3E%3CGroupId%3E26%3C/GroupId%3E%3CuserIP%3E10.132.100.143%3C/userIP%3E%3CareaCode%3E00%3C/areaCode%3E%3CTradeId%3E%3C/TradeId%3E%3CstbId%3E411001990070119000014C09B4E84B2D%3C/stbId%3E%3CoptFlag%3EGAME%3C/optFlag%3E%3CSPID%3Espa00022%3C/SPID%3E%3Cback_epg_url%3Ehttp%3A//61.160.131.12%3A8296/SPToAms%3C/back_epg_url%3E%22%7D
INFO: [ app_init ] --START--
INFO: Run Behavior\BuildLiteBehavior [ RunTime:0.000043s ]
INFO: [ app_init ] --END-- [ RunTime:0.000705s ]
INFO: [ app_begin ] --START--
INFO: Run Behavior\ReadHtmlCacheBehavior [ RunTime:0.000830s ]
NOTIC: [8] Undefined index: REDIRECT_URL D:\home\coding\zendstudio\edu\Education_dev_hipi\branches\v1.0\Application\Common\Behaviors\AppBeginBehavior.class.php 第 15 行.
INFO: Run Common\Behaviors\AppBeginBehavior [ RunTime:0.001003s ]
INFO: [ app_begin ] --END-- [ RunTime:0.002136s ]
NOTIC: [2] Invalid argument supplied for foreach() D:\home\coding\zendstudio\edu\Education_dev_hipi\branches\v1.0\Application\Common\Common\common.php 第 26 行.
NOTIC: [2] Invalid argument supplied for foreach() D:\home\coding\zendstudio\edu\Education_dev_hipi\branches\v1.0\Application\Common\Common\common.php 第 26 行.
NOTIC: [2] Invalid argument supplied for foreach() D:\home\coding\zendstudio\edu\Education_dev_hipi\branches\v1.0\Application\Common\Common\common.php 第 26 行.
NOTIC: [2] Invalid argument supplied for foreach() D:\home\coding\zendstudio\edu\Education_dev_hipi\branches\v1.0\Application\Common\Common\common.php 第 26 行.
NOTIC: [2] Invalid argument supplied for foreach() D:\home\coding\zendstudio\edu\Education_dev_hipi\branches\v1.0\Application\Common\Common\common.php 第 26 行.
NOTIC: [2] Invalid argument supplied for foreach() D:\home\coding\zendstudio\edu\Education_dev_hipi\branches\v1.0\Application\Common\Common\common.php 第 26 行.

[ 2014-12-29T18:12:04+08:00 ] 192.168.0.188 /Hd/Index/recommend.html
INFO: [ app_init ] --START--
INFO: Run Behavior\BuildLiteBehavior [ RunTime:0.000024s ]
INFO: [ app_init ] --END-- [ RunTime:0.000359s ]
INFO: [ app_begin ] --START--
INFO: Run Behavior\ReadHtmlCacheBehavior [ RunTime:0.000449s ]
INFO: Run Common\Behaviors\AppBeginBehavior [ RunTime:0.000488s ]
INFO: [ app_begin ] --END-- [ RunTime:0.001111s ]
NOTIC: [2] Invalid argument supplied for foreach() D:\home\coding\zendstudio\edu\Education_dev_hipi\branches\v1.0\Application\Common\Common\common.php 第 26 行.
NOTIC: [2] Invalid argument supplied for foreach() D:\home\coding\zendstudio\edu\Education_dev_hipi\branches\v1.0\Application\Common\Common\common.php 第 26 行.
NOTIC: [2] Invalid argument supplied for foreach() D:\home\coding\zendstudio\edu\Education_dev_hipi\branches\v1.0\Application\Common\Common\common.php 第 26 行.
NOTIC: [2] Invalid argument supplied for foreach() D:\home\coding\zendstudio\edu\Education_dev_hipi\branches\v1.0\Application\Common\Common\common.php 第 26 行.
NOTIC: [2] Invalid argument supplied for foreach() D:\home\coding\zendstudio\edu\Education_dev_hipi\branches\v1.0\Application\Common\Common\common.php 第 26 行.
NOTIC: [2] Invalid argument supplied for foreach() D:\home\coding\zendstudio\edu\Education_dev_hipi\branches\v1.0\Application\Common\Common\common.php 第 26 行.
NOTIC: [2] Invalid argument supplied for foreach() D:\home\coding\zendstudio\edu\Education_dev_hipi\branches\v1.0\Application\Common\Common\common.php 第 26 行.
NOTIC: [2] Invalid argument supplied for foreach() D:\home\coding\zendstudio\edu\Education_dev_hipi\branches\v1.0\Application\Common\Common\common.php 第 26 行.
NOTIC: [2] Invalid argument supplied for foreach() D:\home\coding\zendstudio\edu\Education_dev_hipi\branches\v1.0\Application\Common\Common\common.php 第 26 行.
NOTIC: [2] Invalid argument supplied for foreach() D:\home\coding\zendstudio\edu\Education_dev_hipi\branches\v1.0\Application\Common\Common\common.php 第 26 行.
NOTIC: [2] Invalid argument supplied for foreach() D:\home\coding\zendstudio\edu\Education_dev_hipi\branches\v1.0\Application\Common\Common\common.php 第 26 行.
NOTIC: [2] Invalid argument supplied for foreach() D:\home\coding\zendstudio\edu\Education_dev_hipi\branches\v1.0\Application\Common\Common\common.php 第 26 行.
NOTIC: [2] Invalid argument supplied for foreach() D:\home\coding\zendstudio\edu\Education_dev_hipi\branches\v1.0\Application\Common\Common\common.php 第 26 行.
NOTIC: [2] Invalid argument supplied for foreach() D:\home\coding\zendstudio\edu\Education_dev_hipi\branches\v1.0\Application\Common\Common\common.php 第 26 行.
NOTIC: [2] Invalid argument supplied for foreach() D:\home\coding\zendstudio\edu\Education_dev_hipi\branches\v1.0\Application\Common\Common\common.php 第 26 行.
NOTIC: [2] Invalid argument supplied for foreach() D:\home\coding\zendstudio\edu\Education_dev_hipi\branches\v1.0\Application\Common\Common\common.php 第 26 行.
NOTIC: [8] Undefined offset: 0 D:\home\coding\zendstudio\edu\Education_dev_hipi\branches\v1.0\Application\Hd\Controller\IndexController.class.php 第 70 行.
NOTIC: [8] Undefined variable: isEarly D:\home\coding\zendstudio\edu\Education_dev_hipi\branches\v1.0\Application\Hd\Controller\IndexController.class.php 第 80 行.
INFO: [ view_parse ] --START--
INFO: [ template_filter ] --START--
INFO: Run Behavior\ContentReplaceBehavior [ RunTime:0.000265s ]
INFO: [ template_filter ] --END-- [ RunTime:0.000382s ]
NOTIC: [8] Undefined variable: pageTitle D:\home\coding\zendstudio\edu\Education_dev_hipi\branches\v1.0\Runtime\Cache\Hd\cfb908667d2443f09ecac18a03abf2ad.php 第 6 行.
NOTIC: [8] Undefined offset: 0 D:\home\coding\zendstudio\edu\Education_dev_hipi\branches\v1.0\Runtime\Cache\Hd\cfb908667d2443f09ecac18a03abf2ad.php 第 128 行.
NOTIC: [8] Undefined offset: 0 D:\home\coding\zendstudio\edu\Education_dev_hipi\branches\v1.0\Runtime\Cache\Hd\cfb908667d2443f09ecac18a03abf2ad.php 第 128 行.
NOTIC: [8] Undefined offset: 0 D:\home\coding\zendstudio\edu\Education_dev_hipi\branches\v1.0\Runtime\Cache\Hd\cfb908667d2443f09ecac18a03abf2ad.php 第 128 行.
NOTIC: [8] Undefined offset: 0 D:\home\coding\zendstudio\edu\Education_dev_hipi\branches\v1.0\Runtime\Cache\Hd\cfb908667d2443f09ecac18a03abf2ad.php 第 128 行.
NOTIC: [8] Undefined offset: 1 D:\home\coding\zendstudio\edu\Education_dev_hipi\branches\v1.0\Runtime\Cache\Hd\cfb908667d2443f09ecac18a03abf2ad.php 第 140 行.
NOTIC: [8] Undefined offset: 1 D:\home\coding\zendstudio\edu\Education_dev_hipi\branches\v1.0\Runtime\Cache\Hd\cfb908667d2443f09ecac18a03abf2ad.php 第 140 行.
NOTIC: [8] Undefined offset: 1 D:\home\coding\zendstudio\edu\Education_dev_hipi\branches\v1.0\Runtime\Cache\Hd\cfb908667d2443f09ecac18a03abf2ad.php 第 140 行.
NOTIC: [8] Undefined offset: 1 D:\home\coding\zendstudio\edu\Education_dev_hipi\branches\v1.0\Runtime\Cache\Hd\cfb908667d2443f09ecac18a03abf2ad.php 第 140 行.
NOTIC: [8] Undefined variable:  D:\home\coding\zendstudio\edu\Education_dev_hipi\branches\v1.0\Runtime\Cache\Hd\cfb908667d2443f09ecac18a03abf2ad.php 第 151 行.
NOTIC: [8] Undefined variable:  D:\home\coding\zendstudio\edu\Education_dev_hipi\branches\v1.0\Runtime\Cache\Hd\cfb908667d2443f09ecac18a03abf2ad.php 第 151 行.
NOTIC: [8] Undefined variable:  D:\home\coding\zendstudio\edu\Education_dev_hipi\branches\v1.0\Runtime\Cache\Hd\cfb908667d2443f09ecac18a03abf2ad.php 第 151 行.
INFO: Run Behavior\ParseTemplateBehavior [ RunTime:0.016362s ]
INFO: [ view_parse ] --END-- [ RunTime:0.016473s ]
INFO: [ view_filter ] --START--
INFO: Run Behavior\WriteHtmlCacheBehavior [ RunTime:0.000349s ]
INFO: [ view_filter ] --END-- [ RunTime:0.000444s ]
INFO: [ app_end ] --START--
INFO: Run Behavior\ShowPageTraceBehavior [ RunTime:0.000554s ]
INFO: [ app_end ] --END-- [ RunTime:0.000645s ]

[ 2014-12-29T18:12:43+08:00 ] 192.168.0.188 /Hd/Index/recommend.html
INFO: [ app_init ] --START--
INFO: Run Behavior\BuildLiteBehavior [ RunTime:0.000032s ]
INFO: [ app_init ] --END-- [ RunTime:0.000502s ]
INFO: [ app_begin ] --START--
INFO: Run Behavior\ReadHtmlCacheBehavior [ RunTime:0.000681s ]
INFO: Run Common\Behaviors\AppBeginBehavior [ RunTime:0.001474s ]
INFO: [ app_begin ] --END-- [ RunTime:0.002371s ]
NOTIC: [2] Invalid argument supplied for foreach() D:\home\coding\zendstudio\edu\Education_dev_hipi\branches\v1.0\Application\Common\Common\common.php 第 26 行.
NOTIC: [2] Invalid argument supplied for foreach() D:\home\coding\zendstudio\edu\Education_dev_hipi\branches\v1.0\Application\Common\Common\common.php 第 26 行.
NOTIC: [2] Invalid argument supplied for foreach() D:\home\coding\zendstudio\edu\Education_dev_hipi\branches\v1.0\Application\Common\Common\common.php 第 26 行.
NOTIC: [2] Invalid argument supplied for foreach() D:\home\coding\zendstudio\edu\Education_dev_hipi\branches\v1.0\Application\Common\Common\common.php 第 26 行.
NOTIC: [2] Invalid argument supplied for foreach() D:\home\coding\zendstudio\edu\Education_dev_hipi\branches\v1.0\Application\Common\Common\common.php 第 26 行.
NOTIC: [2] Invalid argument supplied for foreach() D:\home\coding\zendstudio\edu\Education_dev_hipi\branches\v1.0\Application\Common\Common\common.php 第 26 行.
NOTIC: [2] Invalid argument supplied for foreach() D:\home\coding\zendstudio\edu\Education_dev_hipi\branches\v1.0\Application\Common\Common\common.php 第 26 行.
NOTIC: [2] Invalid argument supplied for foreach() D:\home\coding\zendstudio\edu\Education_dev_hipi\branches\v1.0\Application\Common\Common\common.php 第 26 行.
NOTIC: [2] Invalid argument supplied for foreach() D:\home\coding\zendstudio\edu\Education_dev_hipi\branches\v1.0\Application\Common\Common\common.php 第 26 行.
NOTIC: [2] Invalid argument supplied for foreach() D:\home\coding\zendstudio\edu\Education_dev_hipi\branches\v1.0\Application\Common\Common\common.php 第 26 行.
NOTIC: [2] Invalid argument supplied for foreach() D:\home\coding\zendstudio\edu\Education_dev_hipi\branches\v1.0\Application\Common\Common\common.php 第 26 行.
NOTIC: [2] Invalid argument supplied for foreach() D:\home\coding\zendstudio\edu\Education_dev_hipi\branches\v1.0\Application\Common\Common\common.php 第 26 行.
NOTIC: [2] Invalid argument supplied for foreach() D:\home\coding\zendstudio\edu\Education_dev_hipi\branches\v1.0\Application\Common\Common\common.php 第 26 行.
NOTIC: [2] Invalid argument supplied for foreach() D:\home\coding\zendstudio\edu\Education_dev_hipi\branches\v1.0\Application\Common\Common\common.php 第 26 行.
NOTIC: [2] Invalid argument supplied for foreach() D:\home\coding\zendstudio\edu\Education_dev_hipi\branches\v1.0\Application\Common\Common\common.php 第 26 行.
NOTIC: [2] Invalid argument supplied for foreach() D:\home\coding\zendstudio\edu\Education_dev_hipi\branches\v1.0\Application\Common\Common\common.php 第 26 行.
NOTIC: [8] Undefined offset: 0 D:\home\coding\zendstudio\edu\Education_dev_hipi\branches\v1.0\Application\Hd\Controller\IndexController.class.php 第 70 行.
NOTIC: [8] Undefined variable: isEarly D:\home\coding\zendstudio\edu\Education_dev_hipi\branches\v1.0\Application\Hd\Controller\IndexController.class.php 第 80 行.
INFO: [ view_parse ] --START--
INFO: [ template_filter ] --START--
INFO: Run Behavior\ContentReplaceBehavior [ RunTime:0.000234s ]
INFO: [ template_filter ] --END-- [ RunTime:0.000342s ]
NOTIC: [8] Undefined variable: pageTitle D:\home\coding\zendstudio\edu\Education_dev_hipi\branches\v1.0\Runtime\Cache\Hd\cfb908667d2443f09ecac18a03abf2ad.php 第 6 行.
NOTIC: [8] Undefined offset: 0 D:\home\coding\zendstudio\edu\Education_dev_hipi\branches\v1.0\Runtime\Cache\Hd\cfb908667d2443f09ecac18a03abf2ad.php 第 128 行.
NOTIC: [8] Undefined offset: 0 D:\home\coding\zendstudio\edu\Education_dev_hipi\branches\v1.0\Runtime\Cache\Hd\cfb908667d2443f09ecac18a03abf2ad.php 第 128 行.
NOTIC: [8] Undefined offset: 0 D:\home\coding\zendstudio\edu\Education_dev_hipi\branches\v1.0\Runtime\Cache\Hd\cfb908667d2443f09ecac18a03abf2ad.php 第 128 行.
NOTIC: [8] Undefined offset: 0 D:\home\coding\zendstudio\edu\Education_dev_hipi\branches\v1.0\Runtime\Cache\Hd\cfb908667d2443f09ecac18a03abf2ad.php 第 128 行.
NOTIC: [8] Undefined offset: 1 D:\home\coding\zendstudio\edu\Education_dev_hipi\branches\v1.0\Runtime\Cache\Hd\cfb908667d2443f09ecac18a03abf2ad.php 第 140 行.
NOTIC: [8] Undefined offset: 1 D:\home\coding\zendstudio\edu\Education_dev_hipi\branches\v1.0\Runtime\Cache\Hd\cfb908667d2443f09ecac18a03abf2ad.php 第 140 行.
NOTIC: [8] Undefined offset: 1 D:\home\coding\zendstudio\edu\Education_dev_hipi\branches\v1.0\Runtime\Cache\Hd\cfb908667d2443f09ecac18a03abf2ad.php 第 140 行.
NOTIC: [8] Undefined offset: 1 D:\home\coding\zendstudio\edu\Education_dev_hipi\branches\v1.0\Runtime\Cache\Hd\cfb908667d2443f09ecac18a03abf2ad.php 第 140 行.
NOTIC: [8] Undefined variable:  D:\home\coding\zendstudio\edu\Education_dev_hipi\branches\v1.0\Runtime\Cache\Hd\cfb908667d2443f09ecac18a03abf2ad.php 第 151 行.
NOTIC: [8] Undefined variable:  D:\home\coding\zendstudio\edu\Education_dev_hipi\branches\v1.0\Runtime\Cache\Hd\cfb908667d2443f09ecac18a03abf2ad.php 第 151 行.
NOTIC: [8] Undefined variable:  D:\home\coding\zendstudio\edu\Education_dev_hipi\branches\v1.0\Runtime\Cache\Hd\cfb908667d2443f09ecac18a03abf2ad.php 第 151 行.
INFO: Run Behavior\ParseTemplateBehavior [ RunTime:0.015064s ]
INFO: [ view_parse ] --END-- [ RunTime:0.015173s ]
INFO: [ view_filter ] --START--
INFO: Run Behavior\WriteHtmlCacheBehavior [ RunTime:0.000283s ]
INFO: [ view_filter ] --END-- [ RunTime:0.000378s ]
INFO: [ app_end ] --START--
INFO: Run Behavior\ShowPageTraceBehavior [ RunTime:0.000491s ]
INFO: [ app_end ] --END-- [ RunTime:0.000581s ]

[ 2014-12-29T18:16:11+08:00 ] 192.168.0.152 /Hd/Index/recommend.html
INFO: [ app_init ] --START--
INFO: Run Behavior\BuildLiteBehavior [ RunTime:0.000044s ]
INFO: [ app_init ] --END-- [ RunTime:0.000850s ]
INFO: [ app_begin ] --START--
INFO: Run Behavior\ReadHtmlCacheBehavior [ RunTime:0.000880s ]
INFO: Run Common\Behaviors\AppBeginBehavior [ RunTime:0.000842s ]
INFO: [ app_begin ] --END-- [ RunTime:0.001983s ]
NOTIC: [2] Invalid argument supplied for foreach() D:\home\coding\zendstudio\edu\Education_dev_hipi\branches\v1.0\Application\Common\Common\common.php 第 26 行.
NOTIC: [2] Invalid argument supplied for foreach() D:\home\coding\zendstudio\edu\Education_dev_hipi\branches\v1.0\Application\Common\Common\common.php 第 26 行.
NOTIC: [2] Invalid argument supplied for foreach() D:\home\coding\zendstudio\edu\Education_dev_hipi\branches\v1.0\Application\Common\Common\common.php 第 26 行.
NOTIC: [2] Invalid argument supplied for foreach() D:\home\coding\zendstudio\edu\Education_dev_hipi\branches\v1.0\Application\Common\Common\common.php 第 26 行.
NOTIC: [2] Invalid argument supplied for foreach() D:\home\coding\zendstudio\edu\Education_dev_hipi\branches\v1.0\Application\Common\Common\common.php 第 26 行.
NOTIC: [2] Invalid argument supplied for foreach() D:\home\coding\zendstudio\edu\Education_dev_hipi\branches\v1.0\Application\Common\Common\common.php 第 26 行.
NOTIC: [2] Invalid argument supplied for foreach() D:\home\coding\zendstudio\edu\Education_dev_hipi\branches\v1.0\Application\Common\Common\common.php 第 26 行.
NOTIC: [2] Invalid argument supplied for foreach() D:\home\coding\zendstudio\edu\Education_dev_hipi\branches\v1.0\Application\Common\Common\common.php 第 26 行.
NOTIC: [2] Invalid argument supplied for foreach() D:\home\coding\zendstudio\edu\Education_dev_hipi\branches\v1.0\Application\Common\Common\common.php 第 26 行.
NOTIC: [2] Invalid argument supplied for foreach() D:\home\coding\zendstudio\edu\Education_dev_hipi\branches\v1.0\Application\Common\Common\common.php 第 26 行.
NOTIC: [2] Invalid argument supplied for foreach() D:\home\coding\zendstudio\edu\Education_dev_hipi\branches\v1.0\Application\Common\Common\common.php 第 26 行.
NOTIC: [2] Invalid argument supplied for foreach() D:\home\coding\zendstudio\edu\Education_dev_hipi\branches\v1.0\Application\Common\Common\common.php 第 26 行.
NOTIC: [2] Invalid argument supplied for foreach() D:\home\coding\zendstudio\edu\Education_dev_hipi\branches\v1.0\Application\Common\Common\common.php 第 26 行.
NOTIC: [2] Invalid argument supplied for foreach() D:\home\coding\zendstudio\edu\Education_dev_hipi\branches\v1.0\Application\Common\Common\common.php 第 26 行.
NOTIC: [2] Invalid argument supplied for foreach() D:\home\coding\zendstudio\edu\Education_dev_hipi\branches\v1.0\Application\Common\Common\common.php 第 26 行.
NOTIC: [2] Invalid argument supplied for foreach() D:\home\coding\zendstudio\edu\Education_dev_hipi\branches\v1.0\Application\Common\Common\common.php 第 26 行.
NOTIC: [8] Undefined offset: 0 D:\home\coding\zendstudio\edu\Education_dev_hipi\branches\v1.0\Application\Hd\Controller\IndexController.class.php 第 70 行.
NOTIC: [8] Undefined variable: isEarly D:\home\coding\zendstudio\edu\Education_dev_hipi\branches\v1.0\Application\Hd\Controller\IndexController.class.php 第 80 行.
INFO: [ view_parse ] --START--
INFO: [ template_filter ] --START--
INFO: Run Behavior\ContentReplaceBehavior [ RunTime:0.000216s ]
INFO: [ template_filter ] --END-- [ RunTime:0.000329s ]
NOTIC: [8] Undefined variable: pageTitle D:\home\coding\zendstudio\edu\Education_dev_hipi\branches\v1.0\Runtime\Cache\Hd\cfb908667d2443f09ecac18a03abf2ad.php 第 6 行.
NOTIC: [8] Undefined offset: 0 D:\home\coding\zendstudio\edu\Education_dev_hipi\branches\v1.0\Runtime\Cache\Hd\cfb908667d2443f09ecac18a03abf2ad.php 第 128 行.
NOTIC: [8] Undefined offset: 0 D:\home\coding\zendstudio\edu\Education_dev_hipi\branches\v1.0\Runtime\Cache\Hd\cfb908667d2443f09ecac18a03abf2ad.php 第 128 行.
NOTIC: [8] Undefined offset: 0 D:\home\coding\zendstudio\edu\Education_dev_hipi\branches\v1.0\Runtime\Cache\Hd\cfb908667d2443f09ecac18a03abf2ad.php 第 128 行.
NOTIC: [8] Undefined offset: 0 D:\home\coding\zendstudio\edu\Education_dev_hipi\branches\v1.0\Runtime\Cache\Hd\cfb908667d2443f09ecac18a03abf2ad.php 第 128 行.
NOTIC: [8] Undefined offset: 1 D:\home\coding\zendstudio\edu\Education_dev_hipi\branches\v1.0\Runtime\Cache\Hd\cfb908667d2443f09ecac18a03abf2ad.php 第 140 行.
NOTIC: [8] Undefined offset: 1 D:\home\coding\zendstudio\edu\Education_dev_hipi\branches\v1.0\Runtime\Cache\Hd\cfb908667d2443f09ecac18a03abf2ad.php 第 140 行.
NOTIC: [8] Undefined offset: 1 D:\home\coding\zendstudio\edu\Education_dev_hipi\branches\v1.0\Runtime\Cache\Hd\cfb908667d2443f09ecac18a03abf2ad.php 第 140 行.
NOTIC: [8] Undefined offset: 1 D:\home\coding\zendstudio\edu\Education_dev_hipi\branches\v1.0\Runtime\Cache\Hd\cfb908667d2443f09ecac18a03abf2ad.php 第 140 行.
NOTIC: [8] Undefined variable:  D:\home\coding\zendstudio\edu\Education_dev_hipi\branches\v1.0\Runtime\Cache\Hd\cfb908667d2443f09ecac18a03abf2ad.php 第 151 行.
NOTIC: [8] Undefined variable:  D:\home\coding\zendstudio\edu\Education_dev_hipi\branches\v1.0\Runtime\Cache\Hd\cfb908667d2443f09ecac18a03abf2ad.php 第 151 行.
NOTIC: [8] Undefined variable:  D:\home\coding\zendstudio\edu\Education_dev_hipi\branches\v1.0\Runtime\Cache\Hd\cfb908667d2443f09ecac18a03abf2ad.php 第 151 行.
INFO: Run Behavior\ParseTemplateBehavior [ RunTime:0.016553s ]
INFO: [ view_parse ] --END-- [ RunTime:0.016664s ]
INFO: [ view_filter ] --START--
INFO: Run Behavior\WriteHtmlCacheBehavior [ RunTime:0.000302s ]
INFO: [ view_filter ] --END-- [ RunTime:0.000401s ]
INFO: [ app_end ] --START--
INFO: Run Behavior\ShowPageTraceBehavior [ RunTime:0.000501s ]
INFO: [ app_end ] --END-- [ RunTime:0.000595s ]

[ 2014-12-29T18:17:09+08:00 ] 192.168.0.152 /Hd/Index/recommend.html
INFO: [ app_init ] --START--
INFO: Run Behavior\BuildLiteBehavior [ RunTime:0.000044s ]
INFO: [ app_init ] --END-- [ RunTime:0.000749s ]
INFO: [ app_begin ] --START--
INFO: Run Behavior\ReadHtmlCacheBehavior [ RunTime:0.000686s ]
INFO: Run Common\Behaviors\AppBeginBehavior [ RunTime:0.000572s ]
INFO: [ app_begin ] --END-- [ RunTime:0.001462s ]
NOTIC: [2] Invalid argument supplied for foreach() D:\home\coding\zendstudio\edu\Education_dev_hipi\branches\v1.0\Application\Common\Common\common.php 第 26 行.
NOTIC: [2] Invalid argument supplied for foreach() D:\home\coding\zendstudio\edu\Education_dev_hipi\branches\v1.0\Application\Common\Common\common.php 第 26 行.
NOTIC: [2] Invalid argument supplied for foreach() D:\home\coding\zendstudio\edu\Education_dev_hipi\branches\v1.0\Application\Common\Common\common.php 第 26 行.
NOTIC: [2] Invalid argument supplied for foreach() D:\home\coding\zendstudio\edu\Education_dev_hipi\branches\v1.0\Application\Common\Common\common.php 第 26 行.
NOTIC: [2] Invalid argument supplied for foreach() D:\home\coding\zendstudio\edu\Education_dev_hipi\branches\v1.0\Application\Common\Common\common.php 第 26 行.
NOTIC: [2] Invalid argument supplied for foreach() D:\home\coding\zendstudio\edu\Education_dev_hipi\branches\v1.0\Application\Common\Common\common.php 第 26 行.
NOTIC: [2] Invalid argument supplied for foreach() D:\home\coding\zendstudio\edu\Education_dev_hipi\branches\v1.0\Application\Common\Common\common.php 第 26 行.
NOTIC: [2] Invalid argument supplied for foreach() D:\home\coding\zendstudio\edu\Education_dev_hipi\branches\v1.0\Application\Common\Common\common.php 第 26 行.
NOTIC: [2] Invalid argument supplied for foreach() D:\home\coding\zendstudio\edu\Education_dev_hipi\branches\v1.0\Application\Common\Common\common.php 第 26 行.
NOTIC: [2] Invalid argument supplied for foreach() D:\home\coding\zendstudio\edu\Education_dev_hipi\branches\v1.0\Application\Common\Common\common.php 第 26 行.
NOTIC: [2] Invalid argument supplied for foreach() D:\home\coding\zendstudio\edu\Education_dev_hipi\branches\v1.0\Application\Common\Common\common.php 第 26 行.
NOTIC: [2] Invalid argument supplied for foreach() D:\home\coding\zendstudio\edu\Education_dev_hipi\branches\v1.0\Application\Common\Common\common.php 第 26 行.
NOTIC: [2] Invalid argument supplied for foreach() D:\home\coding\zendstudio\edu\Education_dev_hipi\branches\v1.0\Application\Common\Common\common.php 第 26 行.
NOTIC: [2] Invalid argument supplied for foreach() D:\home\coding\zendstudio\edu\Education_dev_hipi\branches\v1.0\Application\Common\Common\common.php 第 26 行.
NOTIC: [2] Invalid argument supplied for foreach() D:\home\coding\zendstudio\edu\Education_dev_hipi\branches\v1.0\Application\Common\Common\common.php 第 26 行.
NOTIC: [2] Invalid argument supplied for foreach() D:\home\coding\zendstudio\edu\Education_dev_hipi\branches\v1.0\Application\Common\Common\common.php 第 26 行.
NOTIC: [8] Undefined offset: 0 D:\home\coding\zendstudio\edu\Education_dev_hipi\branches\v1.0\Application\Hd\Controller\IndexController.class.php 第 70 行.
NOTIC: [8] Undefined variable: isEarly D:\home\coding\zendstudio\edu\Education_dev_hipi\branches\v1.0\Application\Hd\Controller\IndexController.class.php 第 80 行.
INFO: [ view_parse ] --START--
INFO: [ template_filter ] --START--
INFO: Run Behavior\ContentReplaceBehavior [ RunTime:0.000237s ]
INFO: [ template_filter ] --END-- [ RunTime:0.000374s ]
NOTIC: [8] Undefined variable: pageTitle D:\home\coding\zendstudio\edu\Education_dev_hipi\branches\v1.0\Runtime\Cache\Hd\cfb908667d2443f09ecac18a03abf2ad.php 第 6 行.
NOTIC: [8] Undefined offset: 0 D:\home\coding\zendstudio\edu\Education_dev_hipi\branches\v1.0\Runtime\Cache\Hd\cfb908667d2443f09ecac18a03abf2ad.php 第 128 行.
NOTIC: [8] Undefined offset: 0 D:\home\coding\zendstudio\edu\Education_dev_hipi\branches\v1.0\Runtime\Cache\Hd\cfb908667d2443f09ecac18a03abf2ad.php 第 128 行.
NOTIC: [8] Undefined offset: 0 D:\home\coding\zendstudio\edu\Education_dev_hipi\branches\v1.0\Runtime\Cache\Hd\cfb908667d2443f09ecac18a03abf2ad.php 第 128 行.
NOTIC: [8] Undefined offset: 0 D:\home\coding\zendstudio\edu\Education_dev_hipi\branches\v1.0\Runtime\Cache\Hd\cfb908667d2443f09ecac18a03abf2ad.php 第 128 行.
NOTIC: [8] Undefined offset: 1 D:\home\coding\zendstudio\edu\Education_dev_hipi\branches\v1.0\Runtime\Cache\Hd\cfb908667d2443f09ecac18a03abf2ad.php 第 140 行.
NOTIC: [8] Undefined offset: 1 D:\home\coding\zendstudio\edu\Education_dev_hipi\branches\v1.0\Runtime\Cache\Hd\cfb908667d2443f09ecac18a03abf2ad.php 第 140 行.
NOTIC: [8] Undefined offset: 1 D:\home\coding\zendstudio\edu\Education_dev_hipi\branches\v1.0\Runtime\Cache\Hd\cfb908667d2443f09ecac18a03abf2ad.php 第 140 行.
NOTIC: [8] Undefined offset: 1 D:\home\coding\zendstudio\edu\Education_dev_hipi\branches\v1.0\Runtime\Cache\Hd\cfb908667d2443f09ecac18a03abf2ad.php 第 140 行.
NOTIC: [8] Undefined variable:  D:\home\coding\zendstudio\edu\Education_dev_hipi\branches\v1.0\Runtime\Cache\Hd\cfb908667d2443f09ecac18a03abf2ad.php 第 151 行.
NOTIC: [8] Undefined variable:  D:\home\coding\zendstudio\edu\Education_dev_hipi\branches\v1.0\Runtime\Cache\Hd\cfb908667d2443f09ecac18a03abf2ad.php 第 151 行.
NOTIC: [8] Undefined variable:  D:\home\coding\zendstudio\edu\Education_dev_hipi\branches\v1.0\Runtime\Cache\Hd\cfb908667d2443f09ecac18a03abf2ad.php 第 151 行.
INFO: Run Behavior\ParseTemplateBehavior [ RunTime:0.015974s ]
INFO: [ view_parse ] --END-- [ RunTime:0.016107s ]
INFO: [ view_filter ] --START--
INFO: Run Behavior\WriteHtmlCacheBehavior [ RunTime:0.000221s ]
INFO: [ view_filter ] --END-- [ RunTime:0.000315s ]
INFO: [ app_end ] --START--
INFO: Run Behavior\ShowPageTraceBehavior [ RunTime:0.000432s ]
INFO: [ app_end ] --END-- [ RunTime:0.000525s ]

[ 2014-12-29T18:17:21+08:00 ] 192.168.0.188 /Test
INFO: [ app_init ] --START--
INFO: Run Behavior\BuildLiteBehavior [ RunTime:0.000060s ]
INFO: [ app_init ] --END-- [ RunTime:0.000723s ]
INFO: [ app_begin ] --START--
INFO: Run Behavior\ReadHtmlCacheBehavior [ RunTime:0.001011s ]
INFO: Run Common\Behaviors\AppBeginBehavior [ RunTime:0.001053s ]
INFO: [ app_begin ] --END-- [ RunTime:0.002424s ]
INFO: [ view_parse ] --START--
INFO: [ template_filter ] --START--
INFO: Run Behavior\ContentReplaceBehavior [ RunTime:0.000165s ]
INFO: [ template_filter ] --END-- [ RunTime:0.000415s ]
INFO: Run Behavior\ParseTemplateBehavior [ RunTime:0.012870s ]
INFO: [ view_parse ] --END-- [ RunTime:0.013107s ]
INFO: [ view_filter ] --START--
INFO: Run Behavior\WriteHtmlCacheBehavior [ RunTime:0.000477s ]
INFO: [ view_filter ] --END-- [ RunTime:0.000658s ]
INFO: [ app_end ] --START--
INFO: Run Behavior\ShowPageTraceBehavior [ RunTime:0.001186s ]
INFO: [ app_end ] --END-- [ RunTime:0.001458s ]

[ 2014-12-29T18:17:22+08:00 ] 192.168.0.188 /?params=%7B%22username%22%3A%20%2200000000%22%2C%20%22epg_full_url%22%3A%20%22/epg_redirect/education/%3FINFO%3D%253CuserId%253E123456789036%253C/userId%253E%253CuserToken%253E03111508256980016640821125101009%253C/userToken%253E%253CTokenExpiretime%253E20140402023516%253C/TokenExpiretime%253E%253CGroupId%253E26%253C/GroupId%253E%253CuserIP%253E10.132.100.143%253C/userIP%253E%253CpetName%253E%253C/petName%253E%253CareaCode%253E00%253C/areaCode%253E%253CTradeId%253Enull%253C/TradeId%253E%253CstbId%253E411001990070119000014C09B4E84B2D%253C/stbId%253E%253Cback_hall_url%253Ehttp%3A//61.160.131.12%3A8296/SPToAms%253C/back_hall_url%253E%253Cfrom%253E000%253C/from%253E%22%2C%20%22c_zsj_userid%22%3A%20%22900176%22%2C%20%22areacode%22%3A%2090017%2C%20%22usertoken%22%3A%20%2203111508256980016640821125101009%22%2C%20%22stbtype%22%3A%20%22ztebw%22%2C%20%22userid%22%3A%20%22123456789036%22%2C%20%22return_url%22%3A%20%22http%3A//61.160.131.12%3A8296/SPToAms%3FINFO%3D%3CuserId%3E02586588234%3C/userId%3E%3CuserToken%3E03111508256980016640821125101009%3C/userToken%3E%3CTokenExpiretime%3E20140402023516%3C/TokenExpiretime%3E%3CGroupId%3E26%3C/GroupId%3E%3CuserIP%3E10.132.100.143%3C/userIP%3E%3CareaCode%3E00%3C/areaCode%3E%3CTradeId%3E%3C/TradeId%3E%3CstbId%3E411001990070119000014C09B4E84B2D%3C/stbId%3E%3CoptFlag%3EGAME%3C/optFlag%3E%3CSPID%3Espa00022%3C/SPID%3E%3Cback_epg_url%3Ehttp%3A//61.160.131.12%3A8296/SPToAms%3C/back_epg_url%3E%22%7D
INFO: [ app_init ] --START--
INFO: Run Behavior\BuildLiteBehavior [ RunTime:0.000043s ]
INFO: [ app_init ] --END-- [ RunTime:0.000727s ]
INFO: [ app_begin ] --START--
INFO: Run Behavior\ReadHtmlCacheBehavior [ RunTime:0.000909s ]
NOTIC: [8] Undefined index: REDIRECT_URL D:\home\coding\zendstudio\edu\Education_dev_hipi\branches\v1.0\Application\Common\Behaviors\AppBeginBehavior.class.php 第 15 行.
INFO: Run Common\Behaviors\AppBeginBehavior [ RunTime:0.001019s ]
INFO: [ app_begin ] --END-- [ RunTime:0.002208s ]
NOTIC: [2] Invalid argument supplied for foreach() D:\home\coding\zendstudio\edu\Education_dev_hipi\branches\v1.0\Application\Common\Common\common.php 第 26 行.
NOTIC: [2] Invalid argument supplied for foreach() D:\home\coding\zendstudio\edu\Education_dev_hipi\branches\v1.0\Application\Common\Common\common.php 第 26 行.
NOTIC: [2] Invalid argument supplied for foreach() D:\home\coding\zendstudio\edu\Education_dev_hipi\branches\v1.0\Application\Common\Common\common.php 第 26 行.
NOTIC: [2] Invalid argument supplied for foreach() D:\home\coding\zendstudio\edu\Education_dev_hipi\branches\v1.0\Application\Common\Common\common.php 第 26 行.
NOTIC: [2] Invalid argument supplied for foreach() D:\home\coding\zendstudio\edu\Education_dev_hipi\branches\v1.0\Application\Common\Common\common.php 第 26 行.
NOTIC: [2] Invalid argument supplied for foreach() D:\home\coding\zendstudio\edu\Education_dev_hipi\branches\v1.0\Application\Common\Common\common.php 第 26 行.

[ 2014-12-29T18:17:23+08:00 ] 192.168.0.188 /Hd/Index/recommend.html
INFO: [ app_init ] --START--
INFO: Run Behavior\BuildLiteBehavior [ RunTime:0.000023s ]
INFO: [ app_init ] --END-- [ RunTime:0.000366s ]
INFO: [ app_begin ] --START--
INFO: Run Behavior\ReadHtmlCacheBehavior [ RunTime:0.000432s ]
INFO: Run Common\Behaviors\AppBeginBehavior [ RunTime:0.000488s ]
INFO: [ app_begin ] --END-- [ RunTime:0.001082s ]
NOTIC: [2] Invalid argument supplied for foreach() D:\home\coding\zendstudio\edu\Education_dev_hipi\branches\v1.0\Application\Common\Common\common.php 第 26 行.
NOTIC: [2] Invalid argument supplied for foreach() D:\home\coding\zendstudio\edu\Education_dev_hipi\branches\v1.0\Application\Common\Common\common.php 第 26 行.
NOTIC: [2] Invalid argument supplied for foreach() D:\home\coding\zendstudio\edu\Education_dev_hipi\branches\v1.0\Application\Common\Common\common.php 第 26 行.
NOTIC: [2] Invalid argument supplied for foreach() D:\home\coding\zendstudio\edu\Education_dev_hipi\branches\v1.0\Application\Common\Common\common.php 第 26 行.
NOTIC: [2] Invalid argument supplied for foreach() D:\home\coding\zendstudio\edu\Education_dev_hipi\branches\v1.0\Application\Common\Common\common.php 第 26 行.
NOTIC: [2] Invalid argument supplied for foreach() D:\home\coding\zendstudio\edu\Education_dev_hipi\branches\v1.0\Application\Common\Common\common.php 第 26 行.
NOTIC: [2] Invalid argument supplied for foreach() D:\home\coding\zendstudio\edu\Education_dev_hipi\branches\v1.0\Application\Common\Common\common.php 第 26 行.
NOTIC: [2] Invalid argument supplied for foreach() D:\home\coding\zendstudio\edu\Education_dev_hipi\branches\v1.0\Application\Common\Common\common.php 第 26 行.
NOTIC: [2] Invalid argument supplied for foreach() D:\home\coding\zendstudio\edu\Education_dev_hipi\branches\v1.0\Application\Common\Common\common.php 第 26 行.
NOTIC: [2] Invalid argument supplied for foreach() D:\home\coding\zendstudio\edu\Education_dev_hipi\branches\v1.0\Application\Common\Common\common.php 第 26 行.
NOTIC: [2] Invalid argument supplied for foreach() D:\home\coding\zendstudio\edu\Education_dev_hipi\branches\v1.0\Application\Common\Common\common.php 第 26 行.
NOTIC: [2] Invalid argument supplied for foreach() D:\home\coding\zendstudio\edu\Education_dev_hipi\branches\v1.0\Application\Common\Common\common.php 第 26 行.
NOTIC: [2] Invalid argument supplied for foreach() D:\home\coding\zendstudio\edu\Education_dev_hipi\branches\v1.0\Application\Common\Common\common.php 第 26 行.
NOTIC: [2] Invalid argument supplied for foreach() D:\home\coding\zendstudio\edu\Education_dev_hipi\branches\v1.0\Application\Common\Common\common.php 第 26 行.
NOTIC: [2] Invalid argument supplied for foreach() D:\home\coding\zendstudio\edu\Education_dev_hipi\branches\v1.0\Application\Common\Common\common.php 第 26 行.
NOTIC: [2] Invalid argument supplied for foreach() D:\home\coding\zendstudio\edu\Education_dev_hipi\branches\v1.0\Application\Common\Common\common.php 第 26 行.
NOTIC: [8] Undefined offset: 0 D:\home\coding\zendstudio\edu\Education_dev_hipi\branches\v1.0\Application\Hd\Controller\IndexController.class.php 第 70 行.
NOTIC: [8] Undefined variable: isEarly D:\home\coding\zendstudio\edu\Education_dev_hipi\branches\v1.0\Application\Hd\Controller\IndexController.class.php 第 80 行.
INFO: [ view_parse ] --START--
INFO: [ template_filter ] --START--
INFO: Run Behavior\ContentReplaceBehavior [ RunTime:0.000224s ]
INFO: [ template_filter ] --END-- [ RunTime:0.000333s ]
NOTIC: [8] Undefined variable: pageTitle D:\home\coding\zendstudio\edu\Education_dev_hipi\branches\v1.0\Runtime\Cache\Hd\cfb908667d2443f09ecac18a03abf2ad.php 第 6 行.
NOTIC: [8] Undefined offset: 0 D:\home\coding\zendstudio\edu\Education_dev_hipi\branches\v1.0\Runtime\Cache\Hd\cfb908667d2443f09ecac18a03abf2ad.php 第 128 行.
NOTIC: [8] Undefined offset: 0 D:\home\coding\zendstudio\edu\Education_dev_hipi\branches\v1.0\Runtime\Cache\Hd\cfb908667d2443f09ecac18a03abf2ad.php 第 128 行.
NOTIC: [8] Undefined offset: 0 D:\home\coding\zendstudio\edu\Education_dev_hipi\branches\v1.0\Runtime\Cache\Hd\cfb908667d2443f09ecac18a03abf2ad.php 第 128 行.
NOTIC: [8] Undefined offset: 0 D:\home\coding\zendstudio\edu\Education_dev_hipi\branches\v1.0\Runtime\Cache\Hd\cfb908667d2443f09ecac18a03abf2ad.php 第 128 行.
NOTIC: [8] Undefined offset: 1 D:\home\coding\zendstudio\edu\Education_dev_hipi\branches\v1.0\Runtime\Cache\Hd\cfb908667d2443f09ecac18a03abf2ad.php 第 140 行.
NOTIC: [8] Undefined offset: 1 D:\home\coding\zendstudio\edu\Education_dev_hipi\branches\v1.0\Runtime\Cache\Hd\cfb908667d2443f09ecac18a03abf2ad.php 第 140 行.
NOTIC: [8] Undefined offset: 1 D:\home\coding\zendstudio\edu\Education_dev_hipi\branches\v1.0\Runtime\Cache\Hd\cfb908667d2443f09ecac18a03abf2ad.php 第 140 行.
NOTIC: [8] Undefined offset: 1 D:\home\coding\zendstudio\edu\Education_dev_hipi\branches\v1.0\Runtime\Cache\Hd\cfb908667d2443f09ecac18a03abf2ad.php 第 140 行.
NOTIC: [8] Undefined variable:  D:\home\coding\zendstudio\edu\Education_dev_hipi\branches\v1.0\Runtime\Cache\Hd\cfb908667d2443f09ecac18a03abf2ad.php 第 151 行.
NOTIC: [8] Undefined variable:  D:\home\coding\zendstudio\edu\Education_dev_hipi\branches\v1.0\Runtime\Cache\Hd\cfb908667d2443f09ecac18a03abf2ad.php 第 151 行.
NOTIC: [8] Undefined variable:  D:\home\coding\zendstudio\edu\Education_dev_hipi\branches\v1.0\Runtime\Cache\Hd\cfb908667d2443f09ecac18a03abf2ad.php 第 151 行.
INFO: Run Behavior\ParseTemplateBehavior [ RunTime:0.014914s ]
INFO: [ view_parse ] --END-- [ RunTime:0.015022s ]
INFO: [ view_filter ] --START--
INFO: Run Behavior\WriteHtmlCacheBehavior [ RunTime:0.000234s ]
INFO: [ view_filter ] --END-- [ RunTime:0.000329s ]
INFO: [ app_end ] --START--
INFO: Run Behavior\ShowPageTraceBehavior [ RunTime:0.000438s ]
INFO: [ app_end ] --END-- [ RunTime:0.000530s ]

[ 2014-12-29T18:17:46+08:00 ] 192.168.0.152 /Hd/Index/recommend.html
INFO: [ app_init ] --START--
INFO: Run Behavior\BuildLiteBehavior [ RunTime:0.000022s ]
INFO: [ app_init ] --END-- [ RunTime:0.000386s ]
INFO: [ app_begin ] --START--
INFO: Run Behavior\ReadHtmlCacheBehavior [ RunTime:0.000478s ]
INFO: Run Common\Behaviors\AppBeginBehavior [ RunTime:0.000481s ]
INFO: [ app_begin ] --END-- [ RunTime:0.001117s ]
NOTIC: [2] Invalid argument supplied for foreach() D:\home\coding\zendstudio\edu\Education_dev_hipi\branches\v1.0\Application\Common\Common\common.php 第 26 行.
NOTIC: [2] Invalid argument supplied for foreach() D:\home\coding\zendstudio\edu\Education_dev_hipi\branches\v1.0\Application\Common\Common\common.php 第 26 行.
NOTIC: [2] Invalid argument supplied for foreach() D:\home\coding\zendstudio\edu\Education_dev_hipi\branches\v1.0\Application\Common\Common\common.php 第 26 行.
NOTIC: [2] Invalid argument supplied for foreach() D:\home\coding\zendstudio\edu\Education_dev_hipi\branches\v1.0\Application\Common\Common\common.php 第 26 行.
NOTIC: [2] Invalid argument supplied for foreach() D:\home\coding\zendstudio\edu\Education_dev_hipi\branches\v1.0\Application\Common\Common\common.php 第 26 行.
NOTIC: [2] Invalid argument supplied for foreach() D:\home\coding\zendstudio\edu\Education_dev_hipi\branches\v1.0\Application\Common\Common\common.php 第 26 行.
NOTIC: [2] Invalid argument supplied for foreach() D:\home\coding\zendstudio\edu\Education_dev_hipi\branches\v1.0\Application\Common\Common\common.php 第 26 行.
NOTIC: [2] Invalid argument supplied for foreach() D:\home\coding\zendstudio\edu\Education_dev_hipi\branches\v1.0\Application\Common\Common\common.php 第 26 行.
NOTIC: [2] Invalid argument supplied for foreach() D:\home\coding\zendstudio\edu\Education_dev_hipi\branches\v1.0\Application\Common\Common\common.php 第 26 行.
NOTIC: [2] Invalid argument supplied for foreach() D:\home\coding\zendstudio\edu\Education_dev_hipi\branches\v1.0\Application\Common\Common\common.php 第 26 行.
NOTIC: [2] Invalid argument supplied for foreach() D:\home\coding\zendstudio\edu\Education_dev_hipi\branches\v1.0\Application\Common\Common\common.php 第 26 行.
NOTIC: [2] Invalid argument supplied for foreach() D:\home\coding\zendstudio\edu\Education_dev_hipi\branches\v1.0\Application\Common\Common\common.php 第 26 行.
NOTIC: [2] Invalid argument supplied for foreach() D:\home\coding\zendstudio\edu\Education_dev_hipi\branches\v1.0\Application\Common\Common\common.php 第 26 行.
NOTIC: [2] Invalid argument supplied for foreach() D:\home\coding\zendstudio\edu\Education_dev_hipi\branches\v1.0\Application\Common\Common\common.php 第 26 行.
NOTIC: [2] Invalid argument supplied for foreach() D:\home\coding\zendstudio\edu\Education_dev_hipi\branches\v1.0\Application\Common\Common\common.php 第 26 行.
NOTIC: [2] Invalid argument supplied for foreach() D:\home\coding\zendstudio\edu\Education_dev_hipi\branches\v1.0\Application\Common\Common\common.php 第 26 行.
NOTIC: [8] Undefined offset: 0 D:\home\coding\zendstudio\edu\Education_dev_hipi\branches\v1.0\Application\Hd\Controller\IndexController.class.php 第 70 行.
NOTIC: [8] Undefined variable: isEarly D:\home\coding\zendstudio\edu\Education_dev_hipi\branches\v1.0\Application\Hd\Controller\IndexController.class.php 第 80 行.
INFO: [ view_parse ] --START--
INFO: [ template_filter ] --START--
INFO: Run Behavior\ContentReplaceBehavior [ RunTime:0.000272s ]
INFO: [ template_filter ] --END-- [ RunTime:0.000399s ]
NOTIC: [8] Undefined variable: pageTitle D:\home\coding\zendstudio\edu\Education_dev_hipi\branches\v1.0\Runtime\Cache\Hd\cfb908667d2443f09ecac18a03abf2ad.php 第 6 行.
NOTIC: [8] Undefined offset: 0 D:\home\coding\zendstudio\edu\Education_dev_hipi\branches\v1.0\Runtime\Cache\Hd\cfb908667d2443f09ecac18a03abf2ad.php 第 128 行.
NOTIC: [8] Undefined offset: 0 D:\home\coding\zendstudio\edu\Education_dev_hipi\branches\v1.0\Runtime\Cache\Hd\cfb908667d2443f09ecac18a03abf2ad.php 第 128 行.
NOTIC: [8] Undefined offset: 0 D:\home\coding\zendstudio\edu\Education_dev_hipi\branches\v1.0\Runtime\Cache\Hd\cfb908667d2443f09ecac18a03abf2ad.php 第 128 行.
NOTIC: [8] Undefined offset: 0 D:\home\coding\zendstudio\edu\Education_dev_hipi\branches\v1.0\Runtime\Cache\Hd\cfb908667d2443f09ecac18a03abf2ad.php 第 128 行.
NOTIC: [8] Undefined offset: 1 D:\home\coding\zendstudio\edu\Education_dev_hipi\branches\v1.0\Runtime\Cache\Hd\cfb908667d2443f09ecac18a03abf2ad.php 第 140 行.
NOTIC: [8] Undefined offset: 1 D:\home\coding\zendstudio\edu\Education_dev_hipi\branches\v1.0\Runtime\Cache\Hd\cfb908667d2443f09ecac18a03abf2ad.php 第 140 行.
NOTIC: [8] Undefined offset: 1 D:\home\coding\zendstudio\edu\Education_dev_hipi\branches\v1.0\Runtime\Cache\Hd\cfb908667d2443f09ecac18a03abf2ad.php 第 140 行.
NOTIC: [8] Undefined offset: 1 D:\home\coding\zendstudio\edu\Education_dev_hipi\branches\v1.0\Runtime\Cache\Hd\cfb908667d2443f09ecac18a03abf2ad.php 第 140 行.
NOTIC: [8] Undefined variable:  D:\home\coding\zendstudio\edu\Education_dev_hipi\branches\v1.0\Runtime\Cache\Hd\cfb908667d2443f09ecac18a03abf2ad.php 第 151 行.
NOTIC: [8] Undefined variable:  D:\home\coding\zendstudio\edu\Education_dev_hipi\branches\v1.0\Runtime\Cache\Hd\cfb908667d2443f09ecac18a03abf2ad.php 第 151 行.
NOTIC: [8] Undefined variable:  D:\home\coding\zendstudio\edu\Education_dev_hipi\branches\v1.0\Runtime\Cache\Hd\cfb908667d2443f09ecac18a03abf2ad.php 第 151 行.
INFO: Run Behavior\ParseTemplateBehavior [ RunTime:0.016933s ]
INFO: [ view_parse ] --END-- [ RunTime:0.017080s ]
INFO: [ view_filter ] --START--
INFO: Run Behavior\WriteHtmlCacheBehavior [ RunTime:0.000284s ]
INFO: [ view_filter ] --END-- [ RunTime:0.000390s ]
INFO: [ app_end ] --START--
INFO: Run Behavior\ShowPageTraceBehavior [ RunTime:0.000447s ]
INFO: [ app_end ] --END-- [ RunTime:0.000539s ]

[ 2014-12-29T18:18:04+08:00 ] 192.168.0.152 /Hd/Index/recommend.html
INFO: [ app_init ] --START--
INFO: Run Behavior\BuildLiteBehavior [ RunTime:0.000043s ]
INFO: [ app_init ] --END-- [ RunTime:0.000661s ]
INFO: [ app_begin ] --START--
INFO: Run Behavior\ReadHtmlCacheBehavior [ RunTime:0.000573s ]
INFO: Run Common\Behaviors\AppBeginBehavior [ RunTime:0.000528s ]
INFO: [ app_begin ] --END-- [ RunTime:0.001331s ]
NOTIC: [2] Invalid argument supplied for foreach() D:\home\coding\zendstudio\edu\Education_dev_hipi\branches\v1.0\Application\Common\Common\common.php 第 26 行.
NOTIC: [2] Invalid argument supplied for foreach() D:\home\coding\zendstudio\edu\Education_dev_hipi\branches\v1.0\Application\Common\Common\common.php 第 26 行.
NOTIC: [2] Invalid argument supplied for foreach() D:\home\coding\zendstudio\edu\Education_dev_hipi\branches\v1.0\Application\Common\Common\common.php 第 26 行.
NOTIC: [2] Invalid argument supplied for foreach() D:\home\coding\zendstudio\edu\Education_dev_hipi\branches\v1.0\Application\Common\Common\common.php 第 26 行.
NOTIC: [2] Invalid argument supplied for foreach() D:\home\coding\zendstudio\edu\Education_dev_hipi\branches\v1.0\Application\Common\Common\common.php 第 26 行.
NOTIC: [2] Invalid argument supplied for foreach() D:\home\coding\zendstudio\edu\Education_dev_hipi\branches\v1.0\Application\Common\Common\common.php 第 26 行.
NOTIC: [2] Invalid argument supplied for foreach() D:\home\coding\zendstudio\edu\Education_dev_hipi\branches\v1.0\Application\Common\Common\common.php 第 26 行.
NOTIC: [2] Invalid argument supplied for foreach() D:\home\coding\zendstudio\edu\Education_dev_hipi\branches\v1.0\Application\Common\Common\common.php 第 26 行.
NOTIC: [2] Invalid argument supplied for foreach() D:\home\coding\zendstudio\edu\Education_dev_hipi\branches\v1.0\Application\Common\Common\common.php 第 26 行.
NOTIC: [2] Invalid argument supplied for foreach() D:\home\coding\zendstudio\edu\Education_dev_hipi\branches\v1.0\Application\Common\Common\common.php 第 26 行.
NOTIC: [2] Invalid argument supplied for foreach() D:\home\coding\zendstudio\edu\Education_dev_hipi\branches\v1.0\Application\Common\Common\common.php 第 26 行.
NOTIC: [2] Invalid argument supplied for foreach() D:\home\coding\zendstudio\edu\Education_dev_hipi\branches\v1.0\Application\Common\Common\common.php 第 26 行.
NOTIC: [2] Invalid argument supplied for foreach() D:\home\coding\zendstudio\edu\Education_dev_hipi\branches\v1.0\Application\Common\Common\common.php 第 26 行.
NOTIC: [2] Invalid argument supplied for foreach() D:\home\coding\zendstudio\edu\Education_dev_hipi\branches\v1.0\Application\Common\Common\common.php 第 26 行.
NOTIC: [2] Invalid argument supplied for foreach() D:\home\coding\zendstudio\edu\Education_dev_hipi\branches\v1.0\Application\Common\Common\common.php 第 26 行.
NOTIC: [2] Invalid argument supplied for foreach() D:\home\coding\zendstudio\edu\Education_dev_hipi\branches\v1.0\Application\Common\Common\common.php 第 26 行.
NOTIC: [8] Undefined offset: 0 D:\home\coding\zendstudio\edu\Education_dev_hipi\branches\v1.0\Application\Hd\Controller\IndexController.class.php 第 70 行.
NOTIC: [8] Undefined variable: isEarly D:\home\coding\zendstudio\edu\Education_dev_hipi\branches\v1.0\Application\Hd\Controller\IndexController.class.php 第 80 行.
INFO: [ view_parse ] --START--
INFO: [ template_filter ] --START--
INFO: Run Behavior\ContentReplaceBehavior [ RunTime:0.000228s ]
INFO: [ template_filter ] --END-- [ RunTime:0.000372s ]
NOTIC: [8] Undefined variable: pageTitle D:\home\coding\zendstudio\edu\Education_dev_hipi\branches\v1.0\Runtime\Cache\Hd\cfb908667d2443f09ecac18a03abf2ad.php 第 6 行.
NOTIC: [8] Undefined offset: 0 D:\home\coding\zendstudio\edu\Education_dev_hipi\branches\v1.0\Runtime\Cache\Hd\cfb908667d2443f09ecac18a03abf2ad.php 第 128 行.
NOTIC: [8] Undefined offset: 0 D:\home\coding\zendstudio\edu\Education_dev_hipi\branches\v1.0\Runtime\Cache\Hd\cfb908667d2443f09ecac18a03abf2ad.php 第 128 行.
NOTIC: [8] Undefined offset: 0 D:\home\coding\zendstudio\edu\Education_dev_hipi\branches\v1.0\Runtime\Cache\Hd\cfb908667d2443f09ecac18a03abf2ad.php 第 128 行.
NOTIC: [8] Undefined offset: 0 D:\home\coding\zendstudio\edu\Education_dev_hipi\branches\v1.0\Runtime\Cache\Hd\cfb908667d2443f09ecac18a03abf2ad.php 第 128 行.
NOTIC: [8] Undefined offset: 1 D:\home\coding\zendstudio\edu\Education_dev_hipi\branches\v1.0\Runtime\Cache\Hd\cfb908667d2443f09ecac18a03abf2ad.php 第 140 行.
NOTIC: [8] Undefined offset: 1 D:\home\coding\zendstudio\edu\Education_dev_hipi\branches\v1.0\Runtime\Cache\Hd\cfb908667d2443f09ecac18a03abf2ad.php 第 140 行.
NOTIC: [8] Undefined offset: 1 D:\home\coding\zendstudio\edu\Education_dev_hipi\branches\v1.0\Runtime\Cache\Hd\cfb908667d2443f09ecac18a03abf2ad.php 第 140 行.
NOTIC: [8] Undefined offset: 1 D:\home\coding\zendstudio\edu\Education_dev_hipi\branches\v1.0\Runtime\Cache\Hd\cfb908667d2443f09ecac18a03abf2ad.php 第 140 行.
NOTIC: [8] Undefined variable:  D:\home\coding\zendstudio\edu\Education_dev_hipi\branches\v1.0\Runtime\Cache\Hd\cfb908667d2443f09ecac18a03abf2ad.php 第 151 行.
NOTIC: [8] Undefined variable:  D:\home\coding\zendstudio\edu\Education_dev_hipi\branches\v1.0\Runtime\Cache\Hd\cfb908667d2443f09ecac18a03abf2ad.php 第 151 行.
NOTIC: [8] Undefined variable:  D:\home\coding\zendstudio\edu\Education_dev_hipi\branches\v1.0\Runtime\Cache\Hd\cfb908667d2443f09ecac18a03abf2ad.php 第 151 行.
INFO: Run Behavior\ParseTemplateBehavior [ RunTime:0.015676s ]
INFO: [ view_parse ] --END-- [ RunTime:0.015785s ]
INFO: [ view_filter ] --START--
INFO: Run Behavior\WriteHtmlCacheBehavior [ RunTime:0.000222s ]
INFO: [ view_filter ] --END-- [ RunTime:0.000317s ]
INFO: [ app_end ] --START--
INFO: Run Behavior\ShowPageTraceBehavior [ RunTime:0.000430s ]
INFO: [ app_end ] --END-- [ RunTime:0.000521s ]

[ 2014-12-29T18:24:47+08:00 ] 192.168.0.152 /Hd/Index/recommend.html
INFO: [ app_init ] --START--
INFO: Run Behavior\BuildLiteBehavior [ RunTime:0.000041s ]
INFO: [ app_init ] --END-- [ RunTime:0.000499s ]
INFO: [ app_begin ] --START--
INFO: Run Behavior\ReadHtmlCacheBehavior [ RunTime:0.000643s ]
INFO: Run Common\Behaviors\AppBeginBehavior [ RunTime:0.000767s ]
INFO: [ app_begin ] --END-- [ RunTime:0.001592s ]
NOTIC: [2] Invalid argument supplied for foreach() D:\home\coding\zendstudio\edu\Education_dev_hipi\branches\v1.0\Application\Common\Common\common.php 第 26 行.
NOTIC: [2] Invalid argument supplied for foreach() D:\home\coding\zendstudio\edu\Education_dev_hipi\branches\v1.0\Application\Common\Common\common.php 第 26 行.
NOTIC: [2] Invalid argument supplied for foreach() D:\home\coding\zendstudio\edu\Education_dev_hipi\branches\v1.0\Application\Common\Common\common.php 第 26 行.
NOTIC: [2] Invalid argument supplied for foreach() D:\home\coding\zendstudio\edu\Education_dev_hipi\branches\v1.0\Application\Common\Common\common.php 第 26 行.
NOTIC: [2] Invalid argument supplied for foreach() D:\home\coding\zendstudio\edu\Education_dev_hipi\branches\v1.0\Application\Common\Common\common.php 第 26 行.
NOTIC: [2] Invalid argument supplied for foreach() D:\home\coding\zendstudio\edu\Education_dev_hipi\branches\v1.0\Application\Common\Common\common.php 第 26 行.
NOTIC: [2] Invalid argument supplied for foreach() D:\home\coding\zendstudio\edu\Education_dev_hipi\branches\v1.0\Application\Common\Common\common.php 第 26 行.
NOTIC: [2] Invalid argument supplied for foreach() D:\home\coding\zendstudio\edu\Education_dev_hipi\branches\v1.0\Application\Common\Common\common.php 第 26 行.
NOTIC: [2] Invalid argument supplied for foreach() D:\home\coding\zendstudio\edu\Education_dev_hipi\branches\v1.0\Application\Common\Common\common.php 第 26 行.
NOTIC: [2] Invalid argument supplied for foreach() D:\home\coding\zendstudio\edu\Education_dev_hipi\branches\v1.0\Application\Common\Common\common.php 第 26 行.
NOTIC: [2] Invalid argument supplied for foreach() D:\home\coding\zendstudio\edu\Education_dev_hipi\branches\v1.0\Application\Common\Common\common.php 第 26 行.
NOTIC: [2] Invalid argument supplied for foreach() D:\home\coding\zendstudio\edu\Education_dev_hipi\branches\v1.0\Application\Common\Common\common.php 第 26 行.
NOTIC: [2] Invalid argument supplied for foreach() D:\home\coding\zendstudio\edu\Education_dev_hipi\branches\v1.0\Application\Common\Common\common.php 第 26 行.
NOTIC: [2] Invalid argument supplied for foreach() D:\home\coding\zendstudio\edu\Education_dev_hipi\branches\v1.0\Application\Common\Common\common.php 第 26 行.
NOTIC: [2] Invalid argument supplied for foreach() D:\home\coding\zendstudio\edu\Education_dev_hipi\branches\v1.0\Application\Common\Common\common.php 第 26 行.
NOTIC: [2] Invalid argument supplied for foreach() D:\home\coding\zendstudio\edu\Education_dev_hipi\branches\v1.0\Application\Common\Common\common.php 第 26 行.
NOTIC: [8] Undefined offset: 0 D:\home\coding\zendstudio\edu\Education_dev_hipi\branches\v1.0\Application\Hd\Controller\IndexController.class.php 第 70 行.
NOTIC: [8] Undefined variable: isEarly D:\home\coding\zendstudio\edu\Education_dev_hipi\branches\v1.0\Application\Hd\Controller\IndexController.class.php 第 80 行.
INFO: [ view_parse ] --START--
INFO: [ template_filter ] --START--
INFO: Run Behavior\ContentReplaceBehavior [ RunTime:0.000221s ]
INFO: [ template_filter ] --END-- [ RunTime:0.000345s ]
NOTIC: [8] Undefined variable: pageTitle D:\home\coding\zendstudio\edu\Education_dev_hipi\branches\v1.0\Runtime\Cache\Hd\cfb908667d2443f09ecac18a03abf2ad.php 第 6 行.
NOTIC: [8] Undefined offset: 0 D:\home\coding\zendstudio\edu\Education_dev_hipi\branches\v1.0\Runtime\Cache\Hd\cfb908667d2443f09ecac18a03abf2ad.php 第 128 行.
NOTIC: [8] Undefined offset: 0 D:\home\coding\zendstudio\edu\Education_dev_hipi\branches\v1.0\Runtime\Cache\Hd\cfb908667d2443f09ecac18a03abf2ad.php 第 128 行.
NOTIC: [8] Undefined offset: 0 D:\home\coding\zendstudio\edu\Education_dev_hipi\branches\v1.0\Runtime\Cache\Hd\cfb908667d2443f09ecac18a03abf2ad.php 第 128 行.
NOTIC: [8] Undefined offset: 0 D:\home\coding\zendstudio\edu\Education_dev_hipi\branches\v1.0\Runtime\Cache\Hd\cfb908667d2443f09ecac18a03abf2ad.php 第 128 行.
NOTIC: [8] Undefined offset: 1 D:\home\coding\zendstudio\edu\Education_dev_hipi\branches\v1.0\Runtime\Cache\Hd\cfb908667d2443f09ecac18a03abf2ad.php 第 140 行.
NOTIC: [8] Undefined offset: 1 D:\home\coding\zendstudio\edu\Education_dev_hipi\branches\v1.0\Runtime\Cache\Hd\cfb908667d2443f09ecac18a03abf2ad.php 第 140 行.
NOTIC: [8] Undefined offset: 1 D:\home\coding\zendstudio\edu\Education_dev_hipi\branches\v1.0\Runtime\Cache\Hd\cfb908667d2443f09ecac18a03abf2ad.php 第 140 行.
NOTIC: [8] Undefined offset: 1 D:\home\coding\zendstudio\edu\Education_dev_hipi\branches\v1.0\Runtime\Cache\Hd\cfb908667d2443f09ecac18a03abf2ad.php 第 140 行.
NOTIC: [8] Undefined variable:  D:\home\coding\zendstudio\edu\Education_dev_hipi\branches\v1.0\Runtime\Cache\Hd\cfb908667d2443f09ecac18a03abf2ad.php 第 151 行.
NOTIC: [8] Undefined variable:  D:\home\coding\zendstudio\edu\Education_dev_hipi\branches\v1.0\Runtime\Cache\Hd\cfb908667d2443f09ecac18a03abf2ad.php 第 151 行.
NOTIC: [8] Undefined variable:  D:\home\coding\zendstudio\edu\Education_dev_hipi\branches\v1.0\Runtime\Cache\Hd\cfb908667d2443f09ecac18a03abf2ad.php 第 151 行.
INFO: Run Behavior\ParseTemplateBehavior [ RunTime:0.016673s ]
INFO: [ view_parse ] --END-- [ RunTime:0.016790s ]
INFO: [ view_filter ] --START--
INFO: Run Behavior\WriteHtmlCacheBehavior [ RunTime:0.000345s ]
INFO: [ view_filter ] --END-- [ RunTime:0.000446s ]
INFO: [ app_end ] --START--
INFO: Run Behavior\ShowPageTraceBehavior [ RunTime:0.000552s ]
INFO: [ app_end ] --END-- [ RunTime:0.000800s ]

[ 2014-12-29T18:24:54+08:00 ] 192.168.0.152 /Hd/Index/recommend.html
INFO: [ app_init ] --START--
INFO: Run Behavior\BuildLiteBehavior [ RunTime:0.000024s ]
INFO: [ app_init ] --END-- [ RunTime:0.000358s ]
INFO: [ app_begin ] --START--
INFO: Run Behavior\ReadHtmlCacheBehavior [ RunTime:0.000543s ]
INFO: Run Common\Behaviors\AppBeginBehavior [ RunTime:0.000678s ]
INFO: [ app_begin ] --END-- [ RunTime:0.001435s ]
NOTIC: [2] Invalid argument supplied for foreach() D:\home\coding\zendstudio\edu\Education_dev_hipi\branches\v1.0\Application\Common\Common\common.php 第 26 行.
NOTIC: [2] Invalid argument supplied for foreach() D:\home\coding\zendstudio\edu\Education_dev_hipi\branches\v1.0\Application\Common\Common\common.php 第 26 行.
NOTIC: [2] Invalid argument supplied for foreach() D:\home\coding\zendstudio\edu\Education_dev_hipi\branches\v1.0\Application\Common\Common\common.php 第 26 行.
NOTIC: [2] Invalid argument supplied for foreach() D:\home\coding\zendstudio\edu\Education_dev_hipi\branches\v1.0\Application\Common\Common\common.php 第 26 行.
NOTIC: [2] Invalid argument supplied for foreach() D:\home\coding\zendstudio\edu\Education_dev_hipi\branches\v1.0\Application\Common\Common\common.php 第 26 行.
NOTIC: [2] Invalid argument supplied for foreach() D:\home\coding\zendstudio\edu\Education_dev_hipi\branches\v1.0\Application\Common\Common\common.php 第 26 行.
NOTIC: [2] Invalid argument supplied for foreach() D:\home\coding\zendstudio\edu\Education_dev_hipi\branches\v1.0\Application\Common\Common\common.php 第 26 行.
NOTIC: [2] Invalid argument supplied for foreach() D:\home\coding\zendstudio\edu\Education_dev_hipi\branches\v1.0\Application\Common\Common\common.php 第 26 行.
NOTIC: [2] Invalid argument supplied for foreach() D:\home\coding\zendstudio\edu\Education_dev_hipi\branches\v1.0\Application\Common\Common\common.php 第 26 行.
NOTIC: [2] Invalid argument supplied for foreach() D:\home\coding\zendstudio\edu\Education_dev_hipi\branches\v1.0\Application\Common\Common\common.php 第 26 行.
NOTIC: [2] Invalid argument supplied for foreach() D:\home\coding\zendstudio\edu\Education_dev_hipi\branches\v1.0\Application\Common\Common\common.php 第 26 行.
NOTIC: [2] Invalid argument supplied for foreach() D:\home\coding\zendstudio\edu\Education_dev_hipi\branches\v1.0\Application\Common\Common\common.php 第 26 行.
NOTIC: [2] Invalid argument supplied for foreach() D:\home\coding\zendstudio\edu\Education_dev_hipi\branches\v1.0\Application\Common\Common\common.php 第 26 行.
NOTIC: [2] Invalid argument supplied for foreach() D:\home\coding\zendstudio\edu\Education_dev_hipi\branches\v1.0\Application\Common\Common\common.php 第 26 行.
NOTIC: [2] Invalid argument supplied for foreach() D:\home\coding\zendstudio\edu\Education_dev_hipi\branches\v1.0\Application\Common\Common\common.php 第 26 行.
NOTIC: [2] Invalid argument supplied for foreach() D:\home\coding\zendstudio\edu\Education_dev_hipi\branches\v1.0\Application\Common\Common\common.php 第 26 行.
NOTIC: [8] Undefined offset: 0 D:\home\coding\zendstudio\edu\Education_dev_hipi\branches\v1.0\Application\Hd\Controller\IndexController.class.php 第 70 行.
NOTIC: [8] Undefined variable: isEarly D:\home\coding\zendstudio\edu\Education_dev_hipi\branches\v1.0\Application\Hd\Controller\IndexController.class.php 第 80 行.
INFO: [ view_parse ] --START--
INFO: [ template_filter ] --START--
INFO: Run Behavior\ContentReplaceBehavior [ RunTime:0.000215s ]
INFO: [ template_filter ] --END-- [ RunTime:0.000330s ]
NOTIC: [8] Undefined variable: pageTitle D:\home\coding\zendstudio\edu\Education_dev_hipi\branches\v1.0\Runtime\Cache\Hd\cfb908667d2443f09ecac18a03abf2ad.php 第 6 行.
NOTIC: [8] Undefined offset: 0 D:\home\coding\zendstudio\edu\Education_dev_hipi\branches\v1.0\Runtime\Cache\Hd\cfb908667d2443f09ecac18a03abf2ad.php 第 128 行.
NOTIC: [8] Undefined offset: 0 D:\home\coding\zendstudio\edu\Education_dev_hipi\branches\v1.0\Runtime\Cache\Hd\cfb908667d2443f09ecac18a03abf2ad.php 第 128 行.
NOTIC: [8] Undefined offset: 0 D:\home\coding\zendstudio\edu\Education_dev_hipi\branches\v1.0\Runtime\Cache\Hd\cfb908667d2443f09ecac18a03abf2ad.php 第 128 行.
NOTIC: [8] Undefined offset: 0 D:\home\coding\zendstudio\edu\Education_dev_hipi\branches\v1.0\Runtime\Cache\Hd\cfb908667d2443f09ecac18a03abf2ad.php 第 128 行.
NOTIC: [8] Undefined offset: 1 D:\home\coding\zendstudio\edu\Education_dev_hipi\branches\v1.0\Runtime\Cache\Hd\cfb908667d2443f09ecac18a03abf2ad.php 第 140 行.
NOTIC: [8] Undefined offset: 1 D:\home\coding\zendstudio\edu\Education_dev_hipi\branches\v1.0\Runtime\Cache\Hd\cfb908667d2443f09ecac18a03abf2ad.php 第 140 行.
NOTIC: [8] Undefined offset: 1 D:\home\coding\zendstudio\edu\Education_dev_hipi\branches\v1.0\Runtime\Cache\Hd\cfb908667d2443f09ecac18a03abf2ad.php 第 140 行.
NOTIC: [8] Undefined offset: 1 D:\home\coding\zendstudio\edu\Education_dev_hipi\branches\v1.0\Runtime\Cache\Hd\cfb908667d2443f09ecac18a03abf2ad.php 第 140 行.
NOTIC: [8] Undefined variable:  D:\home\coding\zendstudio\edu\Education_dev_hipi\branches\v1.0\Runtime\Cache\Hd\cfb908667d2443f09ecac18a03abf2ad.php 第 151 行.
NOTIC: [8] Undefined variable:  D:\home\coding\zendstudio\edu\Education_dev_hipi\branches\v1.0\Runtime\Cache\Hd\cfb908667d2443f09ecac18a03abf2ad.php 第 151 行.
NOTIC: [8] Undefined variable:  D:\home\coding\zendstudio\edu\Education_dev_hipi\branches\v1.0\Runtime\Cache\Hd\cfb908667d2443f09ecac18a03abf2ad.php 第 151 行.
INFO: Run Behavior\ParseTemplateBehavior [ RunTime:0.015916s ]
INFO: [ view_parse ] --END-- [ RunTime:0.016024s ]
INFO: [ view_filter ] --START--
INFO: Run Behavior\WriteHtmlCacheBehavior [ RunTime:0.000216s ]
INFO: [ view_filter ] --END-- [ RunTime:0.000311s ]
INFO: [ app_end ] --START--
INFO: Run Behavior\ShowPageTraceBehavior [ RunTime:0.000432s ]
INFO: [ app_end ] --END-- [ RunTime:0.000524s ]

[ 2014-12-29T18:24:57+08:00 ] 192.168.0.152 /Hd/Role/userInfo.html
INFO: [ app_init ] --START--
INFO: Run Behavior\BuildLiteBehavior [ RunTime:0.000023s ]
INFO: [ app_init ] --END-- [ RunTime:0.000654s ]
INFO: [ app_begin ] --START--
INFO: Run Behavior\ReadHtmlCacheBehavior [ RunTime:0.000471s ]
INFO: Run Common\Behaviors\AppBeginBehavior [ RunTime:0.000585s ]
INFO: [ app_begin ] --END-- [ RunTime:0.001253s ]
NOTIC: [2] Invalid argument supplied for foreach() D:\home\coding\zendstudio\edu\Education_dev_hipi\branches\v1.0\Application\Common\Common\common.php 第 26 行.
NOTIC: [2] Invalid argument supplied for foreach() D:\home\coding\zendstudio\edu\Education_dev_hipi\branches\v1.0\Application\Common\Common\common.php 第 26 行.
NOTIC: [2] Invalid argument supplied for foreach() D:\home\coding\zendstudio\edu\Education_dev_hipi\branches\v1.0\Application\Common\Common\common.php 第 26 行.
NOTIC: [2] Invalid argument supplied for foreach() D:\home\coding\zendstudio\edu\Education_dev_hipi\branches\v1.0\Application\Common\Common\common.php 第 26 行.
NOTIC: [2] Invalid argument supplied for foreach() D:\home\coding\zendstudio\edu\Education_dev_hipi\branches\v1.0\Application\Common\Common\common.php 第 26 行.
NOTIC: [2] Invalid argument supplied for foreach() D:\home\coding\zendstudio\edu\Education_dev_hipi\branches\v1.0\Application\Common\Common\common.php 第 26 行.
INFO: [ view_parse ] --START--
INFO: [ template_filter ] --START--
INFO: Run Behavior\ContentReplaceBehavior [ RunTime:0.000198s ]
INFO: [ template_filter ] --END-- [ RunTime:0.000315s ]
NOTIC: [8] Undefined variable: pageTitle D:\home\coding\zendstudio\edu\Education_dev_hipi\branches\v1.0\Runtime\Cache\Hd\abc29aad7c5f3489ef50820a563edae0.php 第 6 行.
NOTIC: [8] Undefined index: linkUrl D:\home\coding\zendstudio\edu\Education_dev_hipi\branches\v1.0\Runtime\Cache\Hd\abc29aad7c5f3489ef50820a563edae0.php 第 129 行.
NOTIC: [8] Undefined index: linkUrl D:\home\coding\zendstudio\edu\Education_dev_hipi\branches\v1.0\Runtime\Cache\Hd\abc29aad7c5f3489ef50820a563edae0.php 第 129 行.
INFO: Run Behavior\ParseTemplateBehavior [ RunTime:0.028843s ]
INFO: [ view_parse ] --END-- [ RunTime:0.028980s ]
INFO: [ view_filter ] --START--
INFO: Run Behavior\WriteHtmlCacheBehavior [ RunTime:0.000231s ]
INFO: [ view_filter ] --END-- [ RunTime:0.000322s ]
INFO: [ app_end ] --START--
INFO: Run Behavior\ShowPageTraceBehavior [ RunTime:0.000460s ]
INFO: [ app_end ] --END-- [ RunTime:0.000553s ]

[ 2014-12-29T18:25:00+08:00 ] 192.168.0.152 /Hd/Role/changeNum.html
INFO: [ app_init ] --START--
INFO: Run Behavior\BuildLiteBehavior [ RunTime:0.000025s ]
INFO: [ app_init ] --END-- [ RunTime:0.000373s ]
INFO: [ app_begin ] --START--
INFO: Run Behavior\ReadHtmlCacheBehavior [ RunTime:0.000562s ]
INFO: Run Common\Behaviors\AppBeginBehavior [ RunTime:0.000560s ]
INFO: [ app_begin ] --END-- [ RunTime:0.001337s ]
NOTIC: [2] Invalid argument supplied for foreach() D:\home\coding\zendstudio\edu\Education_dev_hipi\branches\v1.0\Application\Common\Common\common.php 第 26 行.
NOTIC: [2] Invalid argument supplied for foreach() D:\home\coding\zendstudio\edu\Education_dev_hipi\branches\v1.0\Application\Common\Common\common.php 第 26 行.
NOTIC: [2] Invalid argument supplied for foreach() D:\home\coding\zendstudio\edu\Education_dev_hipi\branches\v1.0\Application\Common\Common\common.php 第 26 行.
NOTIC: [2] Invalid argument supplied for foreach() D:\home\coding\zendstudio\edu\Education_dev_hipi\branches\v1.0\Application\Common\Common\common.php 第 26 行.
NOTIC: [2] Invalid argument supplied for foreach() D:\home\coding\zendstudio\edu\Education_dev_hipi\branches\v1.0\Application\Common\Common\common.php 第 26 行.
NOTIC: [2] Invalid argument supplied for foreach() D:\home\coding\zendstudio\edu\Education_dev_hipi\branches\v1.0\Application\Common\Common\common.php 第 26 行.
INFO: [ view_parse ] --START--
INFO: [ template_filter ] --START--
INFO: Run Behavior\ContentReplaceBehavior [ RunTime:0.000155s ]
INFO: [ template_filter ] --END-- [ RunTime:0.000268s ]
NOTIC: [8] Undefined variable: pageTitle D:\home\coding\zendstudio\edu\Education_dev_hipi\branches\v1.0\Runtime\Cache\Hd\851d33733d686759eb45ee3450fbe129.php 第 6 行.
NOTIC: [8] Use of undefined constant Role - assumed 'Role' D:\home\coding\zendstudio\edu\Education_dev_hipi\branches\v1.0\Runtime\Cache\Hd\851d33733d686759eb45ee3450fbe129.php 第 149 行.
NOTIC: [8] Use of undefined constant changeNum - assumed 'changeNum' D:\home\coding\zendstudio\edu\Education_dev_hipi\branches\v1.0\Runtime\Cache\Hd\851d33733d686759eb45ee3450fbe129.php 第 149 行.
NOTIC: [2] Division by zero D:\home\coding\zendstudio\edu\Education_dev_hipi\branches\v1.0\Runtime\Cache\Hd\851d33733d686759eb45ee3450fbe129.php 第 149 行.
INFO: Run Behavior\ParseTemplateBehavior [ RunTime:0.041464s ]
INFO: [ view_parse ] --END-- [ RunTime:0.041674s ]
INFO: [ view_filter ] --START--
INFO: Run Behavior\WriteHtmlCacheBehavior [ RunTime:0.000625s ]
INFO: [ view_filter ] --END-- [ RunTime:0.000743s ]
INFO: [ app_end ] --START--
INFO: Run Behavior\ShowPageTraceBehavior [ RunTime:0.000568s ]
INFO: [ app_end ] --END-- [ RunTime:0.000672s ]

[ 2014-12-29T18:25:04+08:00 ] 192.168.0.152 /Hd/Role/changeNum.html
INFO: [ app_init ] --START--
INFO: Run Behavior\BuildLiteBehavior [ RunTime:0.000024s ]
INFO: [ app_init ] --END-- [ RunTime:0.000405s ]
INFO: [ app_begin ] --START--
INFO: Run Behavior\ReadHtmlCacheBehavior [ RunTime:0.000555s ]
INFO: Run Common\Behaviors\AppBeginBehavior [ RunTime:0.000731s ]
INFO: [ app_begin ] --END-- [ RunTime:0.001467s ]
NOTIC: [2] Invalid argument supplied for foreach() D:\home\coding\zendstudio\edu\Education_dev_hipi\branches\v1.0\Application\Common\Common\common.php 第 26 行.
NOTIC: [2] Invalid argument supplied for foreach() D:\home\coding\zendstudio\edu\Education_dev_hipi\branches\v1.0\Application\Common\Common\common.php 第 26 行.
NOTIC: [2] Invalid argument supplied for foreach() D:\home\coding\zendstudio\edu\Education_dev_hipi\branches\v1.0\Application\Common\Common\common.php 第 26 行.
NOTIC: [2] Invalid argument supplied for foreach() D:\home\coding\zendstudio\edu\Education_dev_hipi\branches\v1.0\Application\Common\Common\common.php 第 26 行.
NOTIC: [2] Invalid argument supplied for foreach() D:\home\coding\zendstudio\edu\Education_dev_hipi\branches\v1.0\Application\Common\Common\common.php 第 26 行.
NOTIC: [2] Invalid argument supplied for foreach() D:\home\coding\zendstudio\edu\Education_dev_hipi\branches\v1.0\Application\Common\Common\common.php 第 26 行.
INFO: [ app_end ] --START--
INFO: Run Behavior\ShowPageTraceBehavior [ RunTime:0.000698s ]
INFO: [ app_end ] --END-- [ RunTime:0.000815s ]

[ 2014-12-29T18:25:04+08:00 ] 192.168.0.152 /Hd/Role/userInfo.html
INFO: [ app_init ] --START--
INFO: Run Behavior\BuildLiteBehavior [ RunTime:0.000026s ]
INFO: [ app_init ] --END-- [ RunTime:0.000399s ]
INFO: [ app_begin ] --START--
INFO: Run Behavior\ReadHtmlCacheBehavior [ RunTime:0.000554s ]
INFO: Run Common\Behaviors\AppBeginBehavior [ RunTime:0.000535s ]
INFO: [ app_begin ] --END-- [ RunTime:0.001287s ]
NOTIC: [2] Invalid argument supplied for foreach() D:\home\coding\zendstudio\edu\Education_dev_hipi\branches\v1.0\Application\Common\Common\common.php 第 26 行.
NOTIC: [2] Invalid argument supplied for foreach() D:\home\coding\zendstudio\edu\Education_dev_hipi\branches\v1.0\Application\Common\Common\common.php 第 26 行.
NOTIC: [2] Invalid argument supplied for foreach() D:\home\coding\zendstudio\edu\Education_dev_hipi\branches\v1.0\Application\Common\Common\common.php 第 26 行.
NOTIC: [2] Invalid argument supplied for foreach() D:\home\coding\zendstudio\edu\Education_dev_hipi\branches\v1.0\Application\Common\Common\common.php 第 26 行.
NOTIC: [2] Invalid argument supplied for foreach() D:\home\coding\zendstudio\edu\Education_dev_hipi\branches\v1.0\Application\Common\Common\common.php 第 26 行.
NOTIC: [2] Invalid argument supplied for foreach() D:\home\coding\zendstudio\edu\Education_dev_hipi\branches\v1.0\Application\Common\Common\common.php 第 26 行.
INFO: [ view_parse ] --START--
INFO: [ template_filter ] --START--
INFO: Run Behavior\ContentReplaceBehavior [ RunTime:0.000196s ]
INFO: [ template_filter ] --END-- [ RunTime:0.000336s ]
NOTIC: [8] Undefined variable: pageTitle D:\home\coding\zendstudio\edu\Education_dev_hipi\branches\v1.0\Runtime\Cache\Hd\abc29aad7c5f3489ef50820a563edae0.php 第 6 行.
NOTIC: [8] Undefined index: linkUrl D:\home\coding\zendstudio\edu\Education_dev_hipi\branches\v1.0\Runtime\Cache\Hd\abc29aad7c5f3489ef50820a563edae0.php 第 129 行.
NOTIC: [8] Undefined index: linkUrl D:\home\coding\zendstudio\edu\Education_dev_hipi\branches\v1.0\Runtime\Cache\Hd\abc29aad7c5f3489ef50820a563edae0.php 第 129 行.
INFO: Run Behavior\ParseTemplateBehavior [ RunTime:0.014496s ]
INFO: [ view_parse ] --END-- [ RunTime:0.014620s ]
INFO: [ view_filter ] --START--
INFO: Run Behavior\WriteHtmlCacheBehavior [ RunTime:0.000353s ]
INFO: [ view_filter ] --END-- [ RunTime:0.000450s ]
INFO: [ app_end ] --START--
INFO: Run Behavior\ShowPageTraceBehavior [ RunTime:0.000558s ]
INFO: [ app_end ] --END-- [ RunTime:0.000650s ]

[ 2014-12-29T18:25:05+08:00 ] 192.168.0.152 /Hd/Index/recommend.html
INFO: [ app_init ] --START--
INFO: Run Behavior\BuildLiteBehavior [ RunTime:0.000032s ]
INFO: [ app_init ] --END-- [ RunTime:0.000504s ]
INFO: [ app_begin ] --START--
INFO: Run Behavior\ReadHtmlCacheBehavior [ RunTime:0.000801s ]
INFO: Run Common\Behaviors\AppBeginBehavior [ RunTime:0.000726s ]
INFO: [ app_begin ] --END-- [ RunTime:0.001830s ]
NOTIC: [2] Invalid argument supplied for foreach() D:\home\coding\zendstudio\edu\Education_dev_hipi\branches\v1.0\Application\Common\Common\common.php 第 26 行.
NOTIC: [2] Invalid argument supplied for foreach() D:\home\coding\zendstudio\edu\Education_dev_hipi\branches\v1.0\Application\Common\Common\common.php 第 26 行.
NOTIC: [2] Invalid argument supplied for foreach() D:\home\coding\zendstudio\edu\Education_dev_hipi\branches\v1.0\Application\Common\Common\common.php 第 26 行.
NOTIC: [2] Invalid argument supplied for foreach() D:\home\coding\zendstudio\edu\Education_dev_hipi\branches\v1.0\Application\Common\Common\common.php 第 26 行.
NOTIC: [2] Invalid argument supplied for foreach() D:\home\coding\zendstudio\edu\Education_dev_hipi\branches\v1.0\Application\Common\Common\common.php 第 26 行.
NOTIC: [2] Invalid argument supplied for foreach() D:\home\coding\zendstudio\edu\Education_dev_hipi\branches\v1.0\Application\Common\Common\common.php 第 26 行.
NOTIC: [2] Invalid argument supplied for foreach() D:\home\coding\zendstudio\edu\Education_dev_hipi\branches\v1.0\Application\Common\Common\common.php 第 26 行.
NOTIC: [2] Invalid argument supplied for foreach() D:\home\coding\zendstudio\edu\Education_dev_hipi\branches\v1.0\Application\Common\Common\common.php 第 26 行.
NOTIC: [2] Invalid argument supplied for foreach() D:\home\coding\zendstudio\edu\Education_dev_hipi\branches\v1.0\Application\Common\Common\common.php 第 26 行.
NOTIC: [2] Invalid argument supplied for foreach() D:\home\coding\zendstudio\edu\Education_dev_hipi\branches\v1.0\Application\Common\Common\common.php 第 26 行.
NOTIC: [2] Invalid argument supplied for foreach() D:\home\coding\zendstudio\edu\Education_dev_hipi\branches\v1.0\Application\Common\Common\common.php 第 26 行.
NOTIC: [2] Invalid argument supplied for foreach() D:\home\coding\zendstudio\edu\Education_dev_hipi\branches\v1.0\Application\Common\Common\common.php 第 26 行.
NOTIC: [2] Invalid argument supplied for foreach() D:\home\coding\zendstudio\edu\Education_dev_hipi\branches\v1.0\Application\Common\Common\common.php 第 26 行.
NOTIC: [2] Invalid argument supplied for foreach() D:\home\coding\zendstudio\edu\Education_dev_hipi\branches\v1.0\Application\Common\Common\common.php 第 26 行.
NOTIC: [2] Invalid argument supplied for foreach() D:\home\coding\zendstudio\edu\Education_dev_hipi\branches\v1.0\Application\Common\Common\common.php 第 26 行.
NOTIC: [2] Invalid argument supplied for foreach() D:\home\coding\zendstudio\edu\Education_dev_hipi\branches\v1.0\Application\Common\Common\common.php 第 26 行.
NOTIC: [2] Invalid argument supplied for foreach() D:\home\coding\zendstudio\edu\Education_dev_hipi\branches\v1.0\Application\Common\Common\common.php 第 26 行.
NOTIC: [2] Invalid argument supplied for foreach() D:\home\coding\zendstudio\edu\Education_dev_hipi\branches\v1.0\Application\Common\Common\common.php 第 26 行.
NOTIC: [2] Invalid argument supplied for foreach() D:\home\coding\zendstudio\edu\Education_dev_hipi\branches\v1.0\Application\Common\Common\common.php 第 26 行.
NOTIC: [2] Invalid argument supplied for foreach() D:\home\coding\zendstudio\edu\Education_dev_hipi\branches\v1.0\Application\Common\Common\common.php 第 26 行.
INFO: [ view_parse ] --START--
INFO: [ template_filter ] --START--
INFO: Run Behavior\ContentReplaceBehavior [ RunTime:0.000252s ]
INFO: [ template_filter ] --END-- [ RunTime:0.000368s ]
NOTIC: [8] Undefined variable: pageTitle D:\home\coding\zendstudio\edu\Education_dev_hipi\branches\v1.0\Runtime\Cache\Hd\cfb908667d2443f09ecac18a03abf2ad.php 第 6 行.
NOTIC: [2] Invalid argument supplied for foreach() D:\home\coding\zendstudio\edu\Education_dev_hipi\branches\v1.0\Application\Common\Common\common.php 第 26 行.
NOTIC: [2] Invalid argument supplied for foreach() D:\home\coding\zendstudio\edu\Education_dev_hipi\branches\v1.0\Application\Common\Common\common.php 第 26 行.
NOTIC: [2] Invalid argument supplied for foreach() D:\home\coding\zendstudio\edu\Education_dev_hipi\branches\v1.0\Application\Common\Common\common.php 第 26 行.
INFO: Run Behavior\ParseTemplateBehavior [ RunTime:0.016968s ]
INFO: [ view_parse ] --END-- [ RunTime:0.017089s ]
INFO: [ view_filter ] --START--
INFO: Run Behavior\WriteHtmlCacheBehavior [ RunTime:0.000396s ]
INFO: [ view_filter ] --END-- [ RunTime:0.000494s ]
INFO: [ app_end ] --START--
INFO: Run Behavior\ShowPageTraceBehavior [ RunTime:0.000563s ]
INFO: [ app_end ] --END-- [ RunTime:0.000657s ]

