[ 2014-11-28T11:07:13+08:00 ] 192.168.0.152 /Api/Sync
INFO: [ app_init ] --START--
INFO: Run Behavior\BuildLiteBehavior [ RunTime:0.000057s ]
INFO: [ app_init ] --END-- [ RunTime:0.015625s ]
INFO: [ app_begin ] --START--
INFO: Run Behavior\ReadHtmlCacheBehavior [ RunTime:0.001720s ]
NOTIC: [8] Undefined index: HTTP_REFERER D:\home\coding\zendstudio\edu\Education_dev_hipi\branches\v1.0\Application\Common\Behaviors\AppBeginBehavior.class.php 第 13 行.
INFO: Run Common\Behaviors\AppBeginBehavior [ RunTime:0.019834s ]
INFO: [ app_begin ] --END-- [ RunTime:0.021933s ]

[ 2014-11-28T11:07:18+08:00 ] 192.168.0.152 /Test/
INFO: [ app_init ] --START--
INFO: Run Behavior\BuildLiteBehavior [ RunTime:0.000025s ]
INFO: [ app_init ] --END-- [ RunTime:0.000418s ]
INFO: [ app_begin ] --START--
INFO: Run Behavior\ReadHtmlCacheBehavior [ RunTime:0.000681s ]
NOTIC: [8] Undefined index: HTTP_REFERER D:\home\coding\zendstudio\edu\Education_dev_hipi\branches\v1.0\Application\Common\Behaviors\AppBeginBehavior.class.php 第 13 行.
INFO: Run Common\Behaviors\AppBeginBehavior [ RunTime:0.001346s ]
INFO: [ app_begin ] --END-- [ RunTime:0.002288s ]

[ 2014-11-28T11:07:20+08:00 ] 192.168.0.152 /Test/
INFO: [ app_init ] --START--
INFO: Run Behavior\BuildLiteBehavior [ RunTime:0.000096s ]
INFO: [ app_init ] --END-- [ RunTime:0.000691s ]
INFO: [ app_begin ] --START--
INFO: Run Behavior\ReadHtmlCacheBehavior [ RunTime:0.001053s ]
NOTIC: [8] Undefined index: HTTP_REFERER D:\home\coding\zendstudio\edu\Education_dev_hipi\branches\v1.0\Application\Common\Behaviors\AppBeginBehavior.class.php 第 13 行.
INFO: Run Common\Behaviors\AppBeginBehavior [ RunTime:0.001704s ]
INFO: [ app_begin ] --END-- [ RunTime:0.003140s ]

[ 2014-11-28T11:07:20+08:00 ] 192.168.0.152 /Test/
INFO: [ app_init ] --START--
INFO: Run Behavior\BuildLiteBehavior [ RunTime:0.000026s ]
INFO: [ app_init ] --END-- [ RunTime:0.008212s ]
INFO: [ app_begin ] --START--
INFO: Run Behavior\ReadHtmlCacheBehavior [ RunTime:0.001846s ]
NOTIC: [8] Undefined index: HTTP_REFERER D:\home\coding\zendstudio\edu\Education_dev_hipi\branches\v1.0\Application\Common\Behaviors\AppBeginBehavior.class.php 第 13 行.
INFO: Run Common\Behaviors\AppBeginBehavior [ RunTime:0.001533s ]
INFO: [ app_begin ] --END-- [ RunTime:0.003735s ]

[ 2014-11-28T11:07:20+08:00 ] 192.168.0.152 /Test/
INFO: [ app_init ] --START--
INFO: Run Behavior\BuildLiteBehavior [ RunTime:0.000068s ]
INFO: [ app_init ] --END-- [ RunTime:0.000783s ]
INFO: [ app_begin ] --START--
INFO: Run Behavior\ReadHtmlCacheBehavior [ RunTime:0.001133s ]
NOTIC: [8] Undefined index: HTTP_REFERER D:\home\coding\zendstudio\edu\Education_dev_hipi\branches\v1.0\Application\Common\Behaviors\AppBeginBehavior.class.php 第 13 行.
INFO: Run Common\Behaviors\AppBeginBehavior [ RunTime:0.002278s ]
INFO: [ app_begin ] --END-- [ RunTime:0.003706s ]

[ 2014-11-28T11:07:20+08:00 ] 192.168.0.152 /Test/
INFO: [ app_init ] --START--
INFO: Run Behavior\BuildLiteBehavior [ RunTime:0.000029s ]
INFO: [ app_init ] --END-- [ RunTime:0.000519s ]
INFO: [ app_begin ] --START--
INFO: Run Behavior\ReadHtmlCacheBehavior [ RunTime:0.000826s ]
NOTIC: [8] Undefined index: HTTP_REFERER D:\home\coding\zendstudio\edu\Education_dev_hipi\branches\v1.0\Application\Common\Behaviors\AppBeginBehavior.class.php 第 13 行.
INFO: Run Common\Behaviors\AppBeginBehavior [ RunTime:0.001715s ]
INFO: [ app_begin ] --END-- [ RunTime:0.002785s ]

[ 2014-11-28T11:07:20+08:00 ] 192.168.0.152 /Test/
INFO: [ app_init ] --START--
INFO: Run Behavior\BuildLiteBehavior [ RunTime:0.000100s ]
INFO: [ app_init ] --END-- [ RunTime:0.001265s ]
INFO: [ app_begin ] --START--
INFO: Run Behavior\ReadHtmlCacheBehavior [ RunTime:0.001451s ]
NOTIC: [8] Undefined index: HTTP_REFERER D:\home\coding\zendstudio\edu\Education_dev_hipi\branches\v1.0\Application\Common\Behaviors\AppBeginBehavior.class.php 第 13 行.
INFO: Run Common\Behaviors\AppBeginBehavior [ RunTime:0.002559s ]
INFO: [ app_begin ] --END-- [ RunTime:0.004293s ]

[ 2014-11-28T11:07:20+08:00 ] 192.168.0.152 /Test/
INFO: [ app_init ] --START--
INFO: Run Behavior\BuildLiteBehavior [ RunTime:0.000039s ]
INFO: [ app_init ] --END-- [ RunTime:0.000631s ]
INFO: [ app_begin ] --START--
INFO: Run Behavior\ReadHtmlCacheBehavior [ RunTime:0.000683s ]
NOTIC: [8] Undefined index: HTTP_REFERER D:\home\coding\zendstudio\edu\Education_dev_hipi\branches\v1.0\Application\Common\Behaviors\AppBeginBehavior.class.php 第 13 行.
INFO: Run Common\Behaviors\AppBeginBehavior [ RunTime:0.001153s ]
INFO: [ app_begin ] --END-- [ RunTime:0.002021s ]

[ 2014-11-28T11:07:20+08:00 ] 192.168.0.152 /Test/
INFO: [ app_init ] --START--
INFO: Run Behavior\BuildLiteBehavior [ RunTime:0.000031s ]
INFO: [ app_init ] --END-- [ RunTime:0.000545s ]
INFO: [ app_begin ] --START--
INFO: Run Behavior\ReadHtmlCacheBehavior [ RunTime:0.000823s ]
NOTIC: [8] Undefined index: HTTP_REFERER D:\home\coding\zendstudio\edu\Education_dev_hipi\branches\v1.0\Application\Common\Behaviors\AppBeginBehavior.class.php 第 13 行.
INFO: Run Common\Behaviors\AppBeginBehavior [ RunTime:0.001223s ]
INFO: [ app_begin ] --END-- [ RunTime:0.002222s ]

[ 2014-11-28T11:07:41+08:00 ] 192.168.0.152 /Test/
INFO: [ app_init ] --START--
INFO: Run Behavior\BuildLiteBehavior [ RunTime:0.000036s ]
INFO: [ app_init ] --END-- [ RunTime:0.000816s ]
INFO: [ app_begin ] --START--
INFO: Run Behavior\ReadHtmlCacheBehavior [ RunTime:0.000673s ]
NOTIC: [8] Undefined index: HTTP_REFERER D:\home\coding\zendstudio\edu\Education_dev_hipi\branches\v1.0\Application\Common\Behaviors\AppBeginBehavior.class.php 第 13 行.
INFO: Run Common\Behaviors\AppBeginBehavior [ RunTime:0.001067s ]
INFO: [ app_begin ] --END-- [ RunTime:0.001925s ]

[ 2014-11-28T11:07:55+08:00 ] 192.168.0.152 /Test/
INFO: [ app_init ] --START--
INFO: Run Behavior\BuildLiteBehavior [ RunTime:0.000028s ]
INFO: [ app_init ] --END-- [ RunTime:0.000464s ]
INFO: [ app_begin ] --START--
INFO: Run Behavior\ReadHtmlCacheBehavior [ RunTime:0.000744s ]
NOTIC: [8] Undefined index: HTTP_REFERER D:\home\coding\zendstudio\edu\Education_dev_hipi\branches\v1.0\Application\Common\Behaviors\AppBeginBehavior.class.php 第 13 行.
INFO: Run Common\Behaviors\AppBeginBehavior [ RunTime:0.001970s ]
INFO: [ app_begin ] --END-- [ RunTime:0.002898s ]

[ 2014-11-28T11:08:18+08:00 ] 192.168.0.152 /Test/
INFO: [ app_init ] --START--
INFO: Run Behavior\BuildLiteBehavior [ RunTime:0.000023s ]
INFO: [ app_init ] --END-- [ RunTime:0.000395s ]
INFO: [ app_begin ] --START--
INFO: Run Behavior\ReadHtmlCacheBehavior [ RunTime:0.000639s ]
NOTIC: [8] Undefined index: HTTP_REFERER D:\home\coding\zendstudio\edu\Education_dev_hipi\branches\v1.0\Application\Common\Behaviors\AppBeginBehavior.class.php 第 13 行.
INFO: Run Common\Behaviors\AppBeginBehavior [ RunTime:0.001058s ]
INFO: [ app_begin ] --END-- [ RunTime:0.001867s ]

[ 2014-11-28T11:50:46+08:00 ] 192.168.0.152 /Api/Sync
INFO: [ app_init ] --START--
INFO: Run Behavior\BuildLiteBehavior [ RunTime:0.000027s ]
INFO: [ app_init ] --END-- [ RunTime:0.000511s ]
INFO: [ app_begin ] --START--
INFO: Run Behavior\ReadHtmlCacheBehavior [ RunTime:0.000926s ]
NOTIC: [8] Undefined index: HTTP_REFERER D:\home\coding\zendstudio\edu\Education_dev_hipi\branches\v1.0\Application\Common\Behaviors\AppBeginBehavior.class.php 第 13 行.
INFO: Run Common\Behaviors\AppBeginBehavior [ RunTime:0.001214s ]
INFO: [ app_begin ] --END-- [ RunTime:0.002360s ]

[ 2014-11-28T11:50:47+08:00 ] 192.168.0.152 /Api/Sync
INFO: [ app_init ] --START--
INFO: Run Behavior\BuildLiteBehavior [ RunTime:0.000034s ]
INFO: [ app_init ] --END-- [ RunTime:0.000499s ]
INFO: [ app_begin ] --START--
INFO: Run Behavior\ReadHtmlCacheBehavior [ RunTime:0.000624s ]
NOTIC: [8] Undefined index: HTTP_REFERER D:\home\coding\zendstudio\edu\Education_dev_hipi\branches\v1.0\Application\Common\Behaviors\AppBeginBehavior.class.php 第 13 行.
INFO: Run Common\Behaviors\AppBeginBehavior [ RunTime:0.001559s ]
INFO: [ app_begin ] --END-- [ RunTime:0.002363s ]

[ 2014-11-28T11:50:47+08:00 ] 192.168.0.152 /Api/Sync
INFO: [ app_init ] --START--
INFO: Run Behavior\BuildLiteBehavior [ RunTime:0.000029s ]
INFO: [ app_init ] --END-- [ RunTime:0.000428s ]
INFO: [ app_begin ] --START--
INFO: Run Behavior\ReadHtmlCacheBehavior [ RunTime:0.000591s ]
NOTIC: [8] Undefined index: HTTP_REFERER D:\home\coding\zendstudio\edu\Education_dev_hipi\branches\v1.0\Application\Common\Behaviors\AppBeginBehavior.class.php 第 13 行.
INFO: Run Common\Behaviors\AppBeginBehavior [ RunTime:0.001125s ]
INFO: [ app_begin ] --END-- [ RunTime:0.001895s ]

[ 2014-11-28T11:51:02+08:00 ] 192.168.0.152 /Api/Sync
INFO: [ app_init ] --START--
INFO: Run Behavior\BuildLiteBehavior [ RunTime:0.000025s ]
INFO: [ app_init ] --END-- [ RunTime:0.000413s ]
INFO: [ app_begin ] --START--
INFO: Run Behavior\ReadHtmlCacheBehavior [ RunTime:0.000678s ]
NOTIC: [8] Undefined index: HTTP_REFERER D:\home\coding\zendstudio\edu\Education_dev_hipi\branches\v1.0\Application\Common\Behaviors\AppBeginBehavior.class.php 第 13 行.
INFO: Run Common\Behaviors\AppBeginBehavior [ RunTime:0.001112s ]
INFO: [ app_begin ] --END-- [ RunTime:0.001996s ]

[ 2014-11-28T11:51:04+08:00 ] 192.168.0.152 /Test/
INFO: [ app_init ] --START--
INFO: Run Behavior\BuildLiteBehavior [ RunTime:0.000029s ]
INFO: [ app_init ] --END-- [ RunTime:0.000525s ]
INFO: [ app_begin ] --START--
INFO: Run Behavior\ReadHtmlCacheBehavior [ RunTime:0.000801s ]
NOTIC: [8] Undefined index: HTTP_REFERER D:\home\coding\zendstudio\edu\Education_dev_hipi\branches\v1.0\Application\Common\Behaviors\AppBeginBehavior.class.php 第 13 行.
INFO: Run Common\Behaviors\AppBeginBehavior [ RunTime:0.001443s ]
INFO: [ app_begin ] --END-- [ RunTime:0.002444s ]

[ 2014-11-28T11:51:23+08:00 ] 192.168.0.152 /Test/
INFO: [ app_init ] --START--
INFO: Run Behavior\BuildLiteBehavior [ RunTime:0.000024s ]
INFO: [ app_init ] --END-- [ RunTime:0.000384s ]
INFO: [ app_begin ] --START--
INFO: Run Behavior\ReadHtmlCacheBehavior [ RunTime:0.000644s ]
NOTIC: [8] Undefined index: HTTP_REFERER D:\home\coding\zendstudio\edu\Education_dev_hipi\branches\v1.0\Application\Common\Behaviors\AppBeginBehavior.class.php 第 13 行.
INFO: Run Common\Behaviors\AppBeginBehavior [ RunTime:0.000770s ]
INFO: [ app_begin ] --END-- [ RunTime:0.001581s ]

[ 2014-11-28T11:51:46+08:00 ] 192.168.0.152 /Api/Sync
INFO: [ app_init ] --START--
INFO: Run Behavior\BuildLiteBehavior [ RunTime:0.000026s ]
INFO: [ app_init ] --END-- [ RunTime:0.000442s ]
INFO: [ app_begin ] --START--
INFO: Run Behavior\ReadHtmlCacheBehavior [ RunTime:0.000809s ]
NOTIC: [8] Undefined index: HTTP_REFERER D:\home\coding\zendstudio\edu\Education_dev_hipi\branches\v1.0\Application\Common\Behaviors\AppBeginBehavior.class.php 第 13 行.
INFO: Run Common\Behaviors\AppBeginBehavior [ RunTime:0.001048s ]
INFO: [ app_begin ] --END-- [ RunTime:0.002064s ]

[ 2014-11-28T11:51:49+08:00 ] 192.168.0.152 /Test/
INFO: [ app_init ] --START--
INFO: Run Behavior\BuildLiteBehavior [ RunTime:0.000045s ]
INFO: [ app_init ] --END-- [ RunTime:0.000537s ]
INFO: [ app_begin ] --START--
INFO: Run Behavior\ReadHtmlCacheBehavior [ RunTime:0.001163s ]
NOTIC: [8] Undefined index: HTTP_REFERER D:\home\coding\zendstudio\edu\Education_dev_hipi\branches\v1.0\Application\Common\Behaviors\AppBeginBehavior.class.php 第 13 行.
INFO: Run Common\Behaviors\AppBeginBehavior [ RunTime:0.001268s ]
INFO: [ app_begin ] --END-- [ RunTime:0.002662s ]

[ 2014-11-28T15:04:01+08:00 ] 192.168.0.152 /Api/Sync
INFO: [ app_init ] --START--
INFO: Run Behavior\BuildLiteBehavior [ RunTime:0.000027s ]
INFO: [ app_init ] --END-- [ RunTime:0.000443s ]
INFO: [ app_begin ] --START--
INFO: Run Behavior\ReadHtmlCacheBehavior [ RunTime:0.000756s ]
NOTIC: [8] Undefined index: HTTP_REFERER D:\home\coding\zendstudio\edu\Education_dev_hipi\branches\v1.0\Application\Common\Behaviors\AppBeginBehavior.class.php 第 13 行.
INFO: Run Common\Behaviors\AppBeginBehavior [ RunTime:0.001195s ]
INFO: [ app_begin ] --END-- [ RunTime:0.002177s ]

[ 2014-11-28T15:04:08+08:00 ] 192.168.0.152 /Api/Sync
INFO: [ app_init ] --START--
INFO: Run Behavior\BuildLiteBehavior [ RunTime:0.000024s ]
INFO: [ app_init ] --END-- [ RunTime:0.000408s ]
INFO: [ app_begin ] --START--
INFO: Run Behavior\ReadHtmlCacheBehavior [ RunTime:0.000603s ]
NOTIC: [8] Undefined index: HTTP_REFERER D:\home\coding\zendstudio\edu\Education_dev_hipi\branches\v1.0\Application\Common\Behaviors\AppBeginBehavior.class.php 第 13 行.
INFO: Run Common\Behaviors\AppBeginBehavior [ RunTime:0.001499s ]
INFO: [ app_begin ] --END-- [ RunTime:0.002379s ]

