[ 2015-01-01T12:09:20+08:00 ] 127.0.0.1 /?params=%7B%22username%22%3A%20%2200000000%22%2C%20%22epg_full_url%22%3A%20%22/epg_redirect/education/%3FINFO%3D%253CuserId%253E123456789036%253C/userId%253E%253CuserToken%253E03111508256980016640821125101009%253C/userToken%253E%253CTokenExpiretime%253E20140402023516%253C/TokenExpiretime%253E%253CGroupId%253E26%253C/GroupId%253E%253CuserIP%253E10.132.100.143%253C/userIP%253E%253CpetName%253E%253C/petName%253E%253CareaCode%253E00%253C/areaCode%253E%253CTradeId%253Enull%253C/TradeId%253E%253CstbId%253E411001990070119000014C09B4E84B2D%253C/stbId%253E%253Cback_hall_url%253Ehttp%3A//61.160.131.12%3A8296/SPToAms%253C/back_hall_url%253E%253Cfrom%253E000%253C/from%253E%22%2C%20%22c_zsj_userid%22%3A%20%22900176%22%2C%20%22areacode%22%3A%2090017%2C%20%22usertoken%22%3A%20%2203111508256980016640821125101009%22%2C%20%22stbtype%22%3A%20%22ztebw%22%2C%20%22userid%22%3A%20%22123456789036%22%2C%20%22return_url%22%3A%20%22http%3A//61.160.131.12%3A8296/SPToAms%3FINFO%3D%3CuserId%3E02586588234%3C/userId%3E%3CuserToken%3E03111508256980016640821125101009%3C/userToken%3E%3CTokenExpiretime%3E20140402023516%3C/TokenExpiretime%3E%3CGroupId%3E26%3C/GroupId%3E%3CuserIP%3E10.132.100.143%3C/userIP%3E%3CareaCode%3E00%3C/areaCode%3E%3CTradeId%3E%3C/TradeId%3E%3CstbId%3E411001990070119000014C09B4E84B2D%3C/stbId%3E%3CoptFlag%3EGAME%3C/optFlag%3E%3CSPID%3Espa00022%3C/SPID%3E%3Cback_epg_url%3Ehttp%3A//61.160.131.12%3A8296/SPToAms%3C/back_epg_url%3E%22%7D
INFO: [ app_init ] --START--
INFO: Run Behavior\BuildLiteBehavior [ RunTime:0.000057s ]
INFO: [ app_init ] --END-- [ RunTime:0.001069s ]
INFO: [ app_begin ] --START--
INFO: Run Behavior\ReadHtmlCacheBehavior [ RunTime:0.000893s ]
NOTIC: [8] Undefined index: REDIRECT_URL E:\home\code\zendstudio\Education_dev_hipi\Application\Common\Behaviors\AppBeginBehavior.class.php 第 15 行.
INFO: Run Common\Behaviors\AppBeginBehavior [ RunTime:0.001523s ]
INFO: [ app_begin ] --END-- [ RunTime:0.002641s ]

[ 2015-01-01T12:09:23+08:00 ] 127.0.0.1 /Hd/Index/recommend.html
INFO: [ app_init ] --START--
INFO: Run Behavior\BuildLiteBehavior [ RunTime:0.000088s ]
INFO: [ app_init ] --END-- [ RunTime:0.000737s ]
INFO: [ app_begin ] --START--
INFO: Run Behavior\ReadHtmlCacheBehavior [ RunTime:0.000589s ]
INFO: Run Common\Behaviors\AppBeginBehavior [ RunTime:0.000785s ]
INFO: [ app_begin ] --END-- [ RunTime:0.001575s ]
INFO: [ view_parse ] --START--
INFO: [ template_filter ] --START--
INFO: Run Behavior\ContentReplaceBehavior [ RunTime:0.000266s ]
INFO: [ template_filter ] --END-- [ RunTime:0.000403s ]
NOTIC: [8] Undefined variable: pageTitle E:\home\code\zendstudio\Education_dev_hipi\Runtime\Cache\Hd\cfb908667d2443f09ecac18a03abf2ad.php 第 6 行.
NOTIC: [8] Undefined offset: 0 E:\home\code\zendstudio\Education_dev_hipi\Runtime\Cache\Hd\cfb908667d2443f09ecac18a03abf2ad.php 第 133 行.
NOTIC: [8] Undefined offset: 0 E:\home\code\zendstudio\Education_dev_hipi\Runtime\Cache\Hd\cfb908667d2443f09ecac18a03abf2ad.php 第 133 行.
NOTIC: [8] Undefined offset: 0 E:\home\code\zendstudio\Education_dev_hipi\Runtime\Cache\Hd\cfb908667d2443f09ecac18a03abf2ad.php 第 133 行.
NOTIC: [8] Undefined offset: 0 E:\home\code\zendstudio\Education_dev_hipi\Runtime\Cache\Hd\cfb908667d2443f09ecac18a03abf2ad.php 第 133 行.
NOTIC: [8] Undefined offset: 1 E:\home\code\zendstudio\Education_dev_hipi\Runtime\Cache\Hd\cfb908667d2443f09ecac18a03abf2ad.php 第 145 行.
NOTIC: [8] Undefined offset: 1 E:\home\code\zendstudio\Education_dev_hipi\Runtime\Cache\Hd\cfb908667d2443f09ecac18a03abf2ad.php 第 145 行.
NOTIC: [8] Undefined offset: 1 E:\home\code\zendstudio\Education_dev_hipi\Runtime\Cache\Hd\cfb908667d2443f09ecac18a03abf2ad.php 第 145 行.
NOTIC: [8] Undefined offset: 1 E:\home\code\zendstudio\Education_dev_hipi\Runtime\Cache\Hd\cfb908667d2443f09ecac18a03abf2ad.php 第 145 行.
INFO: Run Behavior\ParseTemplateBehavior [ RunTime:0.116493s ]
INFO: [ view_parse ] --END-- [ RunTime:0.116644s ]
INFO: [ view_filter ] --START--
INFO: Run Behavior\WriteHtmlCacheBehavior [ RunTime:0.020009s ]
INFO: [ view_filter ] --END-- [ RunTime:0.020154s ]
INFO: [ app_end ] --START--
INFO: Run Behavior\ShowPageTraceBehavior [ RunTime:0.005224s ]
INFO: [ app_end ] --END-- [ RunTime:0.005375s ]

[ 2015-01-01T12:09:55+08:00 ] 127.0.0.1 /Test
INFO: [ app_init ] --START--
INFO: Run Behavior\BuildLiteBehavior [ RunTime:0.000032s ]
INFO: [ app_init ] --END-- [ RunTime:0.000585s ]
INFO: [ app_begin ] --START--
INFO: Run Behavior\ReadHtmlCacheBehavior [ RunTime:0.000811s ]
NOTIC: [8] Undefined index: HTTP_REFERER E:\home\code\zendstudio\Education_dev_hipi\Application\Common\Behaviors\AppBeginBehavior.class.php 第 13 行.
INFO: Run Common\Behaviors\AppBeginBehavior [ RunTime:0.001155s ]
INFO: [ app_begin ] --END-- [ RunTime:0.002170s ]
INFO: [ view_parse ] --START--
INFO: [ template_filter ] --START--
INFO: Run Behavior\ContentReplaceBehavior [ RunTime:0.000106s ]
INFO: [ template_filter ] --END-- [ RunTime:0.000262s ]
INFO: Run Behavior\ParseTemplateBehavior [ RunTime:0.021205s ]
INFO: [ view_parse ] --END-- [ RunTime:0.021359s ]
INFO: [ view_filter ] --START--
INFO: Run Behavior\WriteHtmlCacheBehavior [ RunTime:0.000503s ]
INFO: [ view_filter ] --END-- [ RunTime:0.000634s ]
INFO: [ app_end ] --START--
INFO: Run Behavior\ShowPageTraceBehavior [ RunTime:0.000836s ]
INFO: [ app_end ] --END-- [ RunTime:0.000972s ]

[ 2015-01-01T12:10:15+08:00 ] 127.0.0.1 /Test
INFO: [ app_init ] --START--
INFO: Run Behavior\BuildLiteBehavior [ RunTime:0.000031s ]
INFO: [ app_init ] --END-- [ RunTime:0.000669s ]
INFO: [ app_begin ] --START--
INFO: Run Behavior\ReadHtmlCacheBehavior [ RunTime:0.000822s ]
NOTIC: [8] Undefined index: HTTP_REFERER E:\home\code\zendstudio\Education_dev_hipi\Application\Common\Behaviors\AppBeginBehavior.class.php 第 13 行.
INFO: Run Common\Behaviors\AppBeginBehavior [ RunTime:0.001194s ]
INFO: [ app_begin ] --END-- [ RunTime:0.002230s ]
INFO: [ view_parse ] --START--
INFO: [ template_filter ] --START--
INFO: Run Behavior\ContentReplaceBehavior [ RunTime:0.000107s ]
INFO: [ template_filter ] --END-- [ RunTime:0.000268s ]
INFO: Run Behavior\ParseTemplateBehavior [ RunTime:0.008283s ]
INFO: [ view_parse ] --END-- [ RunTime:0.008444s ]
INFO: [ view_filter ] --START--
INFO: Run Behavior\WriteHtmlCacheBehavior [ RunTime:0.000382s ]
INFO: [ view_filter ] --END-- [ RunTime:0.000506s ]
INFO: [ app_end ] --START--
INFO: Run Behavior\ShowPageTraceBehavior [ RunTime:0.000802s ]
INFO: [ app_end ] --END-- [ RunTime:0.000931s ]

[ 2015-01-01T12:10:20+08:00 ] 127.0.0.1 /?params=%7B%22username%22%3A%20%2200000000%22%2C%20%22epg_full_url%22%3A%20%22/epg_redirect/education/%3FINFO%3D%253CuserId%253E123456789036%253C/userId%253E%253CuserToken%253E03111508256980016640821125101009%253C/userToken%253E%253CTokenExpiretime%253E20140402023516%253C/TokenExpiretime%253E%253CGroupId%253E26%253C/GroupId%253E%253CuserIP%253E10.132.100.143%253C/userIP%253E%253CpetName%253E%253C/petName%253E%253CareaCode%253E00%253C/areaCode%253E%253CTradeId%253Enull%253C/TradeId%253E%253CstbId%253E411001990070119000014C09B4E84B2D%253C/stbId%253E%253Cback_hall_url%253Ehttp%3A//61.160.131.12%3A8296/SPToAms%253C/back_hall_url%253E%253Cfrom%253E000%253C/from%253E%22%2C%20%22c_zsj_userid%22%3A%20%22900176%22%2C%20%22areacode%22%3A%2090017%2C%20%22usertoken%22%3A%20%2203111508256980016640821125101009%22%2C%20%22stbtype%22%3A%20%22ztebw%22%2C%20%22userid%22%3A%20%22123456789036%22%2C%20%22return_url%22%3A%20%22http%3A//61.160.131.12%3A8296/SPToAms%3FINFO%3D%3CuserId%3E02586588234%3C/userId%3E%3CuserToken%3E03111508256980016640821125101009%3C/userToken%3E%3CTokenExpiretime%3E20140402023516%3C/TokenExpiretime%3E%3CGroupId%3E26%3C/GroupId%3E%3CuserIP%3E10.132.100.143%3C/userIP%3E%3CareaCode%3E00%3C/areaCode%3E%3CTradeId%3E%3C/TradeId%3E%3CstbId%3E411001990070119000014C09B4E84B2D%3C/stbId%3E%3CoptFlag%3EGAME%3C/optFlag%3E%3CSPID%3Espa00022%3C/SPID%3E%3Cback_epg_url%3Ehttp%3A//61.160.131.12%3A8296/SPToAms%3C/back_epg_url%3E%22%7D
INFO: [ app_init ] --START--
INFO: Run Behavior\BuildLiteBehavior [ RunTime:0.000041s ]
INFO: [ app_init ] --END-- [ RunTime:0.001221s ]
INFO: [ app_begin ] --START--
INFO: Run Behavior\ReadHtmlCacheBehavior [ RunTime:0.000794s ]
NOTIC: [8] Undefined index: REDIRECT_URL E:\home\code\zendstudio\Education_dev_hipi\Application\Common\Behaviors\AppBeginBehavior.class.php 第 15 行.
INFO: Run Common\Behaviors\AppBeginBehavior [ RunTime:0.001086s ]
INFO: [ app_begin ] --END-- [ RunTime:0.002128s ]

[ 2015-01-01T12:10:20+08:00 ] 127.0.0.1 /Hd/Role/createRole.html
INFO: [ app_init ] --START--
INFO: Run Behavior\BuildLiteBehavior [ RunTime:0.000040s ]
INFO: [ app_init ] --END-- [ RunTime:0.000740s ]
INFO: [ app_begin ] --START--
INFO: Run Behavior\ReadHtmlCacheBehavior [ RunTime:0.000735s ]
INFO: Run Common\Behaviors\AppBeginBehavior [ RunTime:0.000793s ]
INFO: [ app_begin ] --END-- [ RunTime:0.001742s ]
INFO: [ view_parse ] --START--
INFO: [ template_filter ] --START--
INFO: Run Behavior\ContentReplaceBehavior [ RunTime:0.000254s ]
INFO: [ template_filter ] --END-- [ RunTime:0.000417s ]
NOTIC: [8] Undefined variable: pageTitle E:\home\code\zendstudio\Education_dev_hipi\Runtime\Cache\Hd\37c2ece22d48302cd098e88009061967.php 第 6 行.
INFO: Run Behavior\ParseTemplateBehavior [ RunTime:0.028524s ]
INFO: [ view_parse ] --END-- [ RunTime:0.028672s ]
INFO: [ view_filter ] --START--
INFO: Run Behavior\WriteHtmlCacheBehavior [ RunTime:0.000397s ]
INFO: [ view_filter ] --END-- [ RunTime:0.000520s ]
INFO: [ app_end ] --START--
INFO: Run Behavior\ShowPageTraceBehavior [ RunTime:0.000712s ]
INFO: [ app_end ] --END-- [ RunTime:0.000846s ]

[ 2015-01-01T12:20:40+08:00 ] 127.0.0.1 /Api/Sync
INFO: [ app_init ] --START--
INFO: Run Behavior\BuildLiteBehavior [ RunTime:0.000063s ]
INFO: [ app_init ] --END-- [ RunTime:0.001287s ]
INFO: [ app_begin ] --START--
INFO: Run Behavior\ReadHtmlCacheBehavior [ RunTime:0.000834s ]
NOTIC: [8] Undefined index: HTTP_REFERER E:\home\code\zendstudio\Education_dev_hipi\Application\Common\Behaviors\AppBeginBehavior.class.php 第 13 行.
INFO: Run Common\Behaviors\AppBeginBehavior [ RunTime:0.001504s ]
INFO: [ app_begin ] --END-- [ RunTime:0.002568s ]

[ 2015-01-01T12:20:43+08:00 ] 127.0.0.1 /Hd/Role/createRole.html?id=8&preId=s3_2
INFO: [ app_init ] --START--
INFO: Run Behavior\BuildLiteBehavior [ RunTime:0.000032s ]
INFO: [ app_init ] --END-- [ RunTime:0.000628s ]
INFO: [ app_begin ] --START--
INFO: Run Behavior\ReadHtmlCacheBehavior [ RunTime:0.000945s ]
INFO: Run Common\Behaviors\AppBeginBehavior [ RunTime:0.001363s ]
INFO: [ app_begin ] --END-- [ RunTime:0.002563s ]
INFO: [ view_parse ] --START--
INFO: [ template_filter ] --START--
INFO: Run Behavior\ContentReplaceBehavior [ RunTime:0.000229s ]
INFO: [ template_filter ] --END-- [ RunTime:0.000381s ]
NOTIC: [8] Undefined variable: pageTitle E:\home\code\zendstudio\Education_dev_hipi\Runtime\Cache\Hd\37c2ece22d48302cd098e88009061967.php 第 6 行.
NOTIC: [8] Undefined variable: stage E:\home\code\zendstudio\Education_dev_hipi\Runtime\Cache\Hd\37c2ece22d48302cd098e88009061967.php 第 107 行.
NOTIC: [8] Undefined variable: stage E:\home\code\zendstudio\Education_dev_hipi\Runtime\Cache\Hd\37c2ece22d48302cd098e88009061967.php 第 116 行.
NOTIC: [8] Undefined variable: stage E:\home\code\zendstudio\Education_dev_hipi\Runtime\Cache\Hd\37c2ece22d48302cd098e88009061967.php 第 125 行.
INFO: Run Behavior\ParseTemplateBehavior [ RunTime:0.019013s ]
INFO: [ view_parse ] --END-- [ RunTime:0.019155s ]
INFO: [ view_filter ] --START--
INFO: Run Behavior\WriteHtmlCacheBehavior [ RunTime:0.000519s ]
INFO: [ view_filter ] --END-- [ RunTime:0.000640s ]
INFO: [ app_end ] --START--
INFO: Run Behavior\ShowPageTraceBehavior [ RunTime:0.000830s ]
INFO: [ app_end ] --END-- [ RunTime:0.000945s ]

[ 2015-01-01T12:20:43+08:00 ] 127.0.0.1 /Hd/Index/index.html
INFO: [ app_init ] --START--
INFO: Run Behavior\BuildLiteBehavior [ RunTime:0.000049s ]
INFO: [ app_init ] --END-- [ RunTime:0.000648s ]
INFO: [ app_begin ] --START--
INFO: Run Behavior\ReadHtmlCacheBehavior [ RunTime:0.000645s ]
INFO: Run Common\Behaviors\AppBeginBehavior [ RunTime:0.001207s ]
INFO: [ app_begin ] --END-- [ RunTime:0.002156s ]

[ 2015-01-01T12:20:45+08:00 ] 127.0.0.1 /Hd/Index/recommend.html
INFO: [ app_init ] --START--
INFO: Run Behavior\BuildLiteBehavior [ RunTime:0.000029s ]
INFO: [ app_init ] --END-- [ RunTime:0.000573s ]
INFO: [ app_begin ] --START--
INFO: Run Behavior\ReadHtmlCacheBehavior [ RunTime:0.000710s ]
INFO: Run Common\Behaviors\AppBeginBehavior [ RunTime:0.000888s ]
INFO: [ app_begin ] --END-- [ RunTime:0.001863s ]
INFO: [ view_parse ] --START--
INFO: [ template_filter ] --START--
INFO: Run Behavior\ContentReplaceBehavior [ RunTime:0.000414s ]
INFO: [ template_filter ] --END-- [ RunTime:0.000594s ]
NOTIC: [8] Undefined variable: pageTitle E:\home\code\zendstudio\Education_dev_hipi\Runtime\Cache\Hd\cfb908667d2443f09ecac18a03abf2ad.php 第 6 行.
NOTIC: [8] Undefined offset: 0 E:\home\code\zendstudio\Education_dev_hipi\Runtime\Cache\Hd\cfb908667d2443f09ecac18a03abf2ad.php 第 133 行.
NOTIC: [8] Undefined offset: 0 E:\home\code\zendstudio\Education_dev_hipi\Runtime\Cache\Hd\cfb908667d2443f09ecac18a03abf2ad.php 第 133 行.
NOTIC: [8] Undefined offset: 0 E:\home\code\zendstudio\Education_dev_hipi\Runtime\Cache\Hd\cfb908667d2443f09ecac18a03abf2ad.php 第 133 行.
NOTIC: [8] Undefined offset: 0 E:\home\code\zendstudio\Education_dev_hipi\Runtime\Cache\Hd\cfb908667d2443f09ecac18a03abf2ad.php 第 133 行.
NOTIC: [8] Undefined offset: 1 E:\home\code\zendstudio\Education_dev_hipi\Runtime\Cache\Hd\cfb908667d2443f09ecac18a03abf2ad.php 第 145 行.
NOTIC: [8] Undefined offset: 1 E:\home\code\zendstudio\Education_dev_hipi\Runtime\Cache\Hd\cfb908667d2443f09ecac18a03abf2ad.php 第 145 行.
NOTIC: [8] Undefined offset: 1 E:\home\code\zendstudio\Education_dev_hipi\Runtime\Cache\Hd\cfb908667d2443f09ecac18a03abf2ad.php 第 145 行.
NOTIC: [8] Undefined offset: 1 E:\home\code\zendstudio\Education_dev_hipi\Runtime\Cache\Hd\cfb908667d2443f09ecac18a03abf2ad.php 第 145 行.
INFO: Run Behavior\ParseTemplateBehavior [ RunTime:0.020318s ]
INFO: [ view_parse ] --END-- [ RunTime:0.020484s ]
INFO: [ view_filter ] --START--
INFO: Run Behavior\WriteHtmlCacheBehavior [ RunTime:0.000366s ]
INFO: [ view_filter ] --END-- [ RunTime:0.000494s ]
INFO: [ app_end ] --START--
INFO: Run Behavior\ShowPageTraceBehavior [ RunTime:0.000682s ]
INFO: [ app_end ] --END-- [ RunTime:0.000801s ]

[ 2015-01-01T12:20:53+08:00 ] 127.0.0.1 /Hd/Role/userInfo.html?preId=user_center
INFO: [ app_init ] --START--
INFO: Run Behavior\BuildLiteBehavior [ RunTime:0.000030s ]
INFO: [ app_init ] --END-- [ RunTime:0.000545s ]
INFO: [ app_begin ] --START--
INFO: Run Behavior\ReadHtmlCacheBehavior [ RunTime:0.000762s ]
INFO: Run Common\Behaviors\AppBeginBehavior [ RunTime:0.001109s ]
INFO: [ app_begin ] --END-- [ RunTime:0.002107s ]
INFO: [ view_parse ] --START--
INFO: [ template_filter ] --START--
INFO: Run Behavior\ContentReplaceBehavior [ RunTime:0.000286s ]
INFO: [ template_filter ] --END-- [ RunTime:0.000487s ]
NOTIC: [8] Undefined variable: pageTitle E:\home\code\zendstudio\Education_dev_hipi\Runtime\Cache\Hd\abc29aad7c5f3489ef50820a563edae0.php 第 6 行.
NOTIC: [8] Undefined index: linkUrl E:\home\code\zendstudio\Education_dev_hipi\Runtime\Cache\Hd\abc29aad7c5f3489ef50820a563edae0.php 第 149 行.
NOTIC: [8] Undefined index: linkUrl E:\home\code\zendstudio\Education_dev_hipi\Runtime\Cache\Hd\abc29aad7c5f3489ef50820a563edae0.php 第 149 行.
INFO: Run Behavior\ParseTemplateBehavior [ RunTime:0.034931s ]
INFO: [ view_parse ] --END-- [ RunTime:0.035097s ]
INFO: [ view_filter ] --START--
INFO: Run Behavior\WriteHtmlCacheBehavior [ RunTime:0.000465s ]
INFO: [ view_filter ] --END-- [ RunTime:0.000593s ]
INFO: [ app_end ] --START--
INFO: Run Behavior\ShowPageTraceBehavior [ RunTime:0.000748s ]
INFO: [ app_end ] --END-- [ RunTime:0.000869s ]

[ 2015-01-01T12:20:59+08:00 ] 127.0.0.1 /Hd/Role/changeStage?preId=stage
INFO: [ app_init ] --START--
INFO: Run Behavior\BuildLiteBehavior [ RunTime:0.000031s ]
INFO: [ app_init ] --END-- [ RunTime:0.000504s ]
INFO: [ app_begin ] --START--
INFO: Run Behavior\ReadHtmlCacheBehavior [ RunTime:0.000655s ]
INFO: Run Common\Behaviors\AppBeginBehavior [ RunTime:0.000909s ]
INFO: [ app_begin ] --END-- [ RunTime:0.001806s ]
INFO: [ view_parse ] --START--
INFO: [ template_filter ] --START--
INFO: Run Behavior\ContentReplaceBehavior [ RunTime:0.000225s ]
INFO: [ template_filter ] --END-- [ RunTime:0.000380s ]
NOTIC: [8] Undefined variable: pageTitle E:\home\code\zendstudio\Education_dev_hipi\Runtime\Cache\Hd\10be96a09cdcdd2b03c441385b3ee38e.php 第 6 行.
INFO: Run Behavior\ParseTemplateBehavior [ RunTime:0.087610s ]
INFO: [ view_parse ] --END-- [ RunTime:0.087773s ]
INFO: [ view_filter ] --START--
INFO: Run Behavior\WriteHtmlCacheBehavior [ RunTime:0.000429s ]
INFO: [ view_filter ] --END-- [ RunTime:0.000555s ]
INFO: [ app_end ] --START--
INFO: Run Behavior\ShowPageTraceBehavior [ RunTime:0.000690s ]
INFO: [ app_end ] --END-- [ RunTime:0.000811s ]

[ 2015-01-01T12:21:06+08:00 ] 127.0.0.1 /Api/Sync
INFO: [ app_init ] --START--
INFO: Run Behavior\BuildLiteBehavior [ RunTime:0.000062s ]
INFO: [ app_init ] --END-- [ RunTime:0.001288s ]
INFO: [ app_begin ] --START--
INFO: Run Behavior\ReadHtmlCacheBehavior [ RunTime:0.000773s ]
NOTIC: [8] Undefined index: HTTP_REFERER E:\home\code\zendstudio\Education_dev_hipi\Application\Common\Behaviors\AppBeginBehavior.class.php 第 13 行.
INFO: Run Common\Behaviors\AppBeginBehavior [ RunTime:0.001221s ]
INFO: [ app_begin ] --END-- [ RunTime:0.002200s ]

[ 2015-01-01T12:21:07+08:00 ] 127.0.0.1 /Hd/Role/changeStage.html?id=9&preId=s3_3
INFO: [ app_init ] --START--
INFO: Run Behavior\BuildLiteBehavior [ RunTime:0.000031s ]
INFO: [ app_init ] --END-- [ RunTime:0.000506s ]
INFO: [ app_begin ] --START--
INFO: Run Behavior\ReadHtmlCacheBehavior [ RunTime:0.000747s ]
INFO: Run Common\Behaviors\AppBeginBehavior [ RunTime:0.000768s ]
INFO: [ app_begin ] --END-- [ RunTime:0.001751s ]
INFO: [ app_end ] --START--
INFO: Run Behavior\ShowPageTraceBehavior [ RunTime:0.000765s ]
INFO: [ app_end ] --END-- [ RunTime:0.000913s ]

[ 2015-01-01T12:21:07+08:00 ] 127.0.0.1 /Hd/Role/userInfo.html
INFO: [ app_init ] --START--
INFO: Run Behavior\BuildLiteBehavior [ RunTime:0.000030s ]
INFO: [ app_init ] --END-- [ RunTime:0.000519s ]
INFO: [ app_begin ] --START--
INFO: Run Behavior\ReadHtmlCacheBehavior [ RunTime:0.000778s ]
INFO: Run Common\Behaviors\AppBeginBehavior [ RunTime:0.000937s ]
INFO: [ app_begin ] --END-- [ RunTime:0.001999s ]
INFO: [ view_parse ] --START--
INFO: [ template_filter ] --START--
INFO: Run Behavior\ContentReplaceBehavior [ RunTime:0.000277s ]
INFO: [ template_filter ] --END-- [ RunTime:0.000426s ]
NOTIC: [8] Undefined variable: pageTitle E:\home\code\zendstudio\Education_dev_hipi\Runtime\Cache\Hd\abc29aad7c5f3489ef50820a563edae0.php 第 6 行.
NOTIC: [8] Undefined index: linkUrl E:\home\code\zendstudio\Education_dev_hipi\Runtime\Cache\Hd\abc29aad7c5f3489ef50820a563edae0.php 第 149 行.
NOTIC: [8] Undefined index: linkUrl E:\home\code\zendstudio\Education_dev_hipi\Runtime\Cache\Hd\abc29aad7c5f3489ef50820a563edae0.php 第 149 行.
INFO: Run Behavior\ParseTemplateBehavior [ RunTime:0.019354s ]
INFO: [ view_parse ] --END-- [ RunTime:0.019542s ]
INFO: [ view_filter ] --START--
INFO: Run Behavior\WriteHtmlCacheBehavior [ RunTime:0.000399s ]
INFO: [ view_filter ] --END-- [ RunTime:0.000520s ]
INFO: [ app_end ] --START--
INFO: Run Behavior\ShowPageTraceBehavior [ RunTime:0.000693s ]
INFO: [ app_end ] --END-- [ RunTime:0.000806s ]

[ 2015-01-01T12:21:10+08:00 ] 127.0.0.1 /Hd/Role/changeStage?preId=stage&preId=ch_3
INFO: [ app_init ] --START--
INFO: Run Behavior\BuildLiteBehavior [ RunTime:0.000032s ]
INFO: [ app_init ] --END-- [ RunTime:0.000525s ]
INFO: [ app_begin ] --START--
INFO: Run Behavior\ReadHtmlCacheBehavior [ RunTime:0.000656s ]
INFO: Run Common\Behaviors\AppBeginBehavior [ RunTime:0.000753s ]
INFO: [ app_begin ] --END-- [ RunTime:0.001631s ]
INFO: [ view_parse ] --START--
INFO: [ template_filter ] --START--
INFO: Run Behavior\ContentReplaceBehavior [ RunTime:0.000257s ]
INFO: [ template_filter ] --END-- [ RunTime:0.000406s ]
NOTIC: [8] Undefined variable: pageTitle E:\home\code\zendstudio\Education_dev_hipi\Runtime\Cache\Hd\10be96a09cdcdd2b03c441385b3ee38e.php 第 6 行.
INFO: Run Behavior\ParseTemplateBehavior [ RunTime:0.020400s ]
INFO: [ view_parse ] --END-- [ RunTime:0.020558s ]
INFO: [ view_filter ] --START--
INFO: Run Behavior\WriteHtmlCacheBehavior [ RunTime:0.000452s ]
INFO: [ view_filter ] --END-- [ RunTime:0.000608s ]
INFO: [ app_end ] --START--
INFO: Run Behavior\ShowPageTraceBehavior [ RunTime:0.000794s ]
INFO: [ app_end ] --END-- [ RunTime:0.000919s ]

[ 2015-01-01T12:21:12+08:00 ] 127.0.0.1 /Hd/Role/userInfo.html?preId=s1_1
INFO: [ app_init ] --START--
INFO: Run Behavior\BuildLiteBehavior [ RunTime:0.000031s ]
INFO: [ app_init ] --END-- [ RunTime:0.000514s ]
INFO: [ app_begin ] --START--
INFO: Run Behavior\ReadHtmlCacheBehavior [ RunTime:0.000662s ]
INFO: Run Common\Behaviors\AppBeginBehavior [ RunTime:0.000753s ]
INFO: [ app_begin ] --END-- [ RunTime:0.001650s ]
INFO: [ view_parse ] --START--
INFO: [ template_filter ] --START--
INFO: Run Behavior\ContentReplaceBehavior [ RunTime:0.000284s ]
INFO: [ template_filter ] --END-- [ RunTime:0.000417s ]
NOTIC: [8] Undefined variable: pageTitle E:\home\code\zendstudio\Education_dev_hipi\Runtime\Cache\Hd\abc29aad7c5f3489ef50820a563edae0.php 第 6 行.
NOTIC: [8] Undefined index: linkUrl E:\home\code\zendstudio\Education_dev_hipi\Runtime\Cache\Hd\abc29aad7c5f3489ef50820a563edae0.php 第 149 行.
NOTIC: [8] Undefined index: linkUrl E:\home\code\zendstudio\Education_dev_hipi\Runtime\Cache\Hd\abc29aad7c5f3489ef50820a563edae0.php 第 149 行.
INFO: Run Behavior\ParseTemplateBehavior [ RunTime:0.018694s ]
INFO: [ view_parse ] --END-- [ RunTime:0.018853s ]
INFO: [ view_filter ] --START--
INFO: Run Behavior\WriteHtmlCacheBehavior [ RunTime:0.000377s ]
INFO: [ view_filter ] --END-- [ RunTime:0.000504s ]
INFO: [ app_end ] --START--
INFO: Run Behavior\ShowPageTraceBehavior [ RunTime:0.000652s ]
INFO: [ app_end ] --END-- [ RunTime:0.000773s ]

[ 2015-01-01T12:21:26+08:00 ] 127.0.0.1 /Test
INFO: [ app_init ] --START--
INFO: Run Behavior\BuildLiteBehavior [ RunTime:0.000032s ]
INFO: [ app_init ] --END-- [ RunTime:0.000574s ]
INFO: [ app_begin ] --START--
INFO: Run Behavior\ReadHtmlCacheBehavior [ RunTime:0.000846s ]
NOTIC: [8] Undefined index: HTTP_REFERER E:\home\code\zendstudio\Education_dev_hipi\Application\Common\Behaviors\AppBeginBehavior.class.php 第 13 行.
INFO: Run Common\Behaviors\AppBeginBehavior [ RunTime:0.000982s ]
INFO: [ app_begin ] --END-- [ RunTime:0.002072s ]
INFO: [ view_parse ] --START--
INFO: [ template_filter ] --START--
INFO: Run Behavior\ContentReplaceBehavior [ RunTime:0.000114s ]
INFO: [ template_filter ] --END-- [ RunTime:0.000260s ]
INFO: Run Behavior\ParseTemplateBehavior [ RunTime:0.007996s ]
INFO: [ view_parse ] --END-- [ RunTime:0.008143s ]
INFO: [ view_filter ] --START--
INFO: Run Behavior\WriteHtmlCacheBehavior [ RunTime:0.000358s ]
INFO: [ view_filter ] --END-- [ RunTime:0.000516s ]
INFO: [ app_end ] --START--
INFO: Run Behavior\ShowPageTraceBehavior [ RunTime:0.000701s ]
INFO: [ app_end ] --END-- [ RunTime:0.000830s ]

[ 2015-01-01T12:21:31+08:00 ] 127.0.0.1 /?params=%7B%22username%22%3A%20%2200000000%22%2C%20%22epg_full_url%22%3A%20%22/epg_redirect/education/%3FINFO%3D%253CuserId%253E123456789036%253C/userId%253E%253CuserToken%253E03111508256980016640821125101009%253C/userToken%253E%253CTokenExpiretime%253E20140402023516%253C/TokenExpiretime%253E%253CGroupId%253E26%253C/GroupId%253E%253CuserIP%253E10.132.100.143%253C/userIP%253E%253CpetName%253E%253C/petName%253E%253CareaCode%253E00%253C/areaCode%253E%253CTradeId%253Enull%253C/TradeId%253E%253CstbId%253E411001990070119000014C09B4E84B2D%253C/stbId%253E%253Cback_hall_url%253Ehttp%3A//61.160.131.12%3A8296/SPToAms%253C/back_hall_url%253E%253Cfrom%253E000%253C/from%253E%22%2C%20%22c_zsj_userid%22%3A%20%22900176%22%2C%20%22areacode%22%3A%2090017%2C%20%22usertoken%22%3A%20%2203111508256980016640821125101009%22%2C%20%22stbtype%22%3A%20%22ztebw%22%2C%20%22userid%22%3A%20%22123456789036%22%2C%20%22return_url%22%3A%20%22http%3A//61.160.131.12%3A8296/SPToAms%3FINFO%3D%3CuserId%3E02586588234%3C/userId%3E%3CuserToken%3E03111508256980016640821125101009%3C/userToken%3E%3CTokenExpiretime%3E20140402023516%3C/TokenExpiretime%3E%3CGroupId%3E26%3C/GroupId%3E%3CuserIP%3E10.132.100.143%3C/userIP%3E%3CareaCode%3E00%3C/areaCode%3E%3CTradeId%3E%3C/TradeId%3E%3CstbId%3E411001990070119000014C09B4E84B2D%3C/stbId%3E%3CoptFlag%3EGAME%3C/optFlag%3E%3CSPID%3Espa00022%3C/SPID%3E%3Cback_epg_url%3Ehttp%3A//61.160.131.12%3A8296/SPToAms%3C/back_epg_url%3E%22%7D
INFO: [ app_init ] --START--
INFO: Run Behavior\BuildLiteBehavior [ RunTime:0.000031s ]
INFO: [ app_init ] --END-- [ RunTime:0.000518s ]
INFO: [ app_begin ] --START--
INFO: Run Behavior\ReadHtmlCacheBehavior [ RunTime:0.000679s ]
NOTIC: [8] Undefined index: REDIRECT_URL E:\home\code\zendstudio\Education_dev_hipi\Application\Common\Behaviors\AppBeginBehavior.class.php 第 15 行.
INFO: Run Common\Behaviors\AppBeginBehavior [ RunTime:0.000828s ]
INFO: [ app_begin ] --END-- [ RunTime:0.001727s ]

[ 2015-01-01T12:21:33+08:00 ] 127.0.0.1 /Hd/Index/recommend.html
INFO: [ app_init ] --START--
INFO: Run Behavior\BuildLiteBehavior [ RunTime:0.000031s ]
INFO: [ app_init ] --END-- [ RunTime:0.000505s ]
INFO: [ app_begin ] --START--
INFO: Run Behavior\ReadHtmlCacheBehavior [ RunTime:0.000780s ]
INFO: Run Common\Behaviors\AppBeginBehavior [ RunTime:0.000923s ]
INFO: [ app_begin ] --END-- [ RunTime:0.001975s ]
NOTIC: [8] Undefined offset: 1 E:\home\code\zendstudio\Education_dev_hipi\Application\Hd\Controller\IndexController.class.php 第 53 行.
INFO: [ view_parse ] --START--
INFO: [ template_filter ] --START--
INFO: Run Behavior\ContentReplaceBehavior [ RunTime:0.000305s ]
INFO: [ template_filter ] --END-- [ RunTime:0.000455s ]
NOTIC: [8] Undefined variable: pageTitle E:\home\code\zendstudio\Education_dev_hipi\Runtime\Cache\Hd\cfb908667d2443f09ecac18a03abf2ad.php 第 6 行.
NOTIC: [8] Undefined offset: 1 E:\home\code\zendstudio\Education_dev_hipi\Runtime\Cache\Hd\cfb908667d2443f09ecac18a03abf2ad.php 第 145 行.
NOTIC: [8] Undefined offset: 1 E:\home\code\zendstudio\Education_dev_hipi\Runtime\Cache\Hd\cfb908667d2443f09ecac18a03abf2ad.php 第 145 行.
NOTIC: [8] Undefined offset: 1 E:\home\code\zendstudio\Education_dev_hipi\Runtime\Cache\Hd\cfb908667d2443f09ecac18a03abf2ad.php 第 145 行.
NOTIC: [8] Undefined offset: 1 E:\home\code\zendstudio\Education_dev_hipi\Runtime\Cache\Hd\cfb908667d2443f09ecac18a03abf2ad.php 第 145 行.
INFO: Run Behavior\ParseTemplateBehavior [ RunTime:0.019717s ]
INFO: [ view_parse ] --END-- [ RunTime:0.019866s ]
INFO: [ view_filter ] --START--
INFO: Run Behavior\WriteHtmlCacheBehavior [ RunTime:0.000410s ]
INFO: [ view_filter ] --END-- [ RunTime:0.000535s ]
INFO: [ app_end ] --START--
INFO: Run Behavior\ShowPageTraceBehavior [ RunTime:0.000673s ]
INFO: [ app_end ] --END-- [ RunTime:0.000840s ]

[ 2015-01-01T12:23:33+08:00 ] 127.0.0.1 /Api/Sync
INFO: [ app_init ] --START--
INFO: Run Behavior\BuildLiteBehavior [ RunTime:0.000055s ]
INFO: [ app_init ] --END-- [ RunTime:0.001093s ]
INFO: [ app_begin ] --START--
INFO: Run Behavior\ReadHtmlCacheBehavior [ RunTime:0.000875s ]
NOTIC: [8] Undefined index: HTTP_REFERER E:\home\code\zendstudio\Education_dev_hipi\Application\Common\Behaviors\AppBeginBehavior.class.php 第 13 行.
INFO: Run Common\Behaviors\AppBeginBehavior [ RunTime:0.001529s ]
INFO: [ app_begin ] --END-- [ RunTime:0.002690s ]

[ 2015-01-01T12:24:06+08:00 ] 127.0.0.1 /Hd/Index/recommend.html
INFO: [ app_init ] --START--
INFO: Run Behavior\BuildLiteBehavior [ RunTime:0.000038s ]
INFO: [ app_init ] --END-- [ RunTime:0.001517s ]
INFO: [ app_begin ] --START--
INFO: Run Behavior\ReadHtmlCacheBehavior [ RunTime:0.000876s ]
INFO: Run Common\Behaviors\AppBeginBehavior [ RunTime:0.001166s ]
INFO: [ app_begin ] --END-- [ RunTime:0.002342s ]
NOTIC: [8] Undefined offset: 1 E:\home\code\zendstudio\Education_dev_hipi\Application\Hd\Controller\IndexController.class.php 第 53 行.
NOTIC: [8] Undefined offset: 1 E:\home\code\zendstudio\Education_dev_hipi\Application\Hd\Controller\IndexController.class.php 第 53 行.
INFO: [ view_parse ] --START--
INFO: [ template_filter ] --START--
INFO: Run Behavior\ContentReplaceBehavior [ RunTime:0.000260s ]
INFO: [ template_filter ] --END-- [ RunTime:0.000401s ]
NOTIC: [8] Undefined variable: pageTitle E:\home\code\zendstudio\Education_dev_hipi\Runtime\Cache\Hd\cfb908667d2443f09ecac18a03abf2ad.php 第 6 行.
INFO: Run Behavior\ParseTemplateBehavior [ RunTime:0.020076s ]
INFO: [ view_parse ] --END-- [ RunTime:0.020253s ]
INFO: [ view_filter ] --START--
INFO: Run Behavior\WriteHtmlCacheBehavior [ RunTime:0.000456s ]
INFO: [ view_filter ] --END-- [ RunTime:0.000588s ]
INFO: [ app_end ] --START--
INFO: Run Behavior\ShowPageTraceBehavior [ RunTime:0.000784s ]
INFO: [ app_end ] --END-- [ RunTime:0.000928s ]

[ 2015-01-01T12:25:56+08:00 ] 127.0.0.1 /Hd/Index/recommend.html
INFO: [ app_init ] --START--
INFO: Run Behavior\BuildLiteBehavior [ RunTime:0.000032s ]
INFO: [ app_init ] --END-- [ RunTime:0.000630s ]
INFO: [ app_begin ] --START--
INFO: Run Behavior\ReadHtmlCacheBehavior [ RunTime:0.000817s ]
INFO: Run Common\Behaviors\AppBeginBehavior [ RunTime:0.001182s ]
INFO: [ app_begin ] --END-- [ RunTime:0.002220s ]

