[ 2015-01-12T18:46:40+08:00 ] 192.168.0.152 /Hd/Index/allCourse
INFO: [ app_init ] --START--
INFO: Run Behavior\BuildLiteBehavior [ RunTime:0.000042s ]
INFO: [ app_init ] --END-- [ RunTime:0.000838s ]
INFO: [ app_begin ] --START--
INFO: Run Behavior\ReadHtmlCacheBehavior [ RunTime:0.000881s ]
INFO: Run Common\Behaviors\AppBeginBehavior [ RunTime:0.000867s ]
INFO: [ app_begin ] --END-- [ RunTime:0.003137s ]
INFO: [ view_parse ] --START--
INFO: [ template_filter ] --START--
INFO: Run Behavior\ContentReplaceBehavior [ RunTime:0.000173s ]
INFO: [ template_filter ] --END-- [ RunTime:0.000301s ]
NOTIC: [8] Undefined variable: pageTitle D:\home\coding\zendstudio\edu\Education_dev_hipi\branches\v1.0\Runtime\Cache\Hd\66360daab730568f0545fbb85a7b7e2a.php 第 6 行.
INFO: Run Behavior\ParseTemplateBehavior [ RunTime:0.014254s ]
INFO: [ view_parse ] --END-- [ RunTime:0.014404s ]
INFO: [ view_filter ] --START--
INFO: Run Behavior\WriteHtmlCacheBehavior [ RunTime:0.000216s ]
INFO: [ view_filter ] --END-- [ RunTime:0.000306s ]
INFO: [ app_end ] --START--
INFO: Run Behavior\ShowPageTraceBehavior [ RunTime:0.000449s ]
INFO: [ app_end ] --END-- [ RunTime:0.000541s ]

[ 2015-01-12T18:46:40+08:00 ] 192.168.0.152 /Hd/Index/allCourse
INFO: [ app_init ] --START--
INFO: Run Behavior\BuildLiteBehavior [ RunTime:0.000034s ]
INFO: [ app_init ] --END-- [ RunTime:0.000459s ]
INFO: [ app_begin ] --START--
INFO: Run Behavior\ReadHtmlCacheBehavior [ RunTime:0.001035s ]
INFO: Run Common\Behaviors\AppBeginBehavior [ RunTime:0.001172s ]
INFO: [ app_begin ] --END-- [ RunTime:0.002659s ]
INFO: [ view_parse ] --START--
INFO: [ template_filter ] --START--
INFO: Run Behavior\ContentReplaceBehavior [ RunTime:0.000179s ]
INFO: [ template_filter ] --END-- [ RunTime:0.000302s ]
NOTIC: [8] Undefined variable: pageTitle D:\home\coding\zendstudio\edu\Education_dev_hipi\branches\v1.0\Runtime\Cache\Hd\66360daab730568f0545fbb85a7b7e2a.php 第 6 行.
INFO: Run Behavior\ParseTemplateBehavior [ RunTime:0.013904s ]
INFO: [ view_parse ] --END-- [ RunTime:0.014075s ]
INFO: [ view_filter ] --START--
INFO: Run Behavior\WriteHtmlCacheBehavior [ RunTime:0.000317s ]
INFO: [ view_filter ] --END-- [ RunTime:0.000462s ]
INFO: [ app_end ] --START--
INFO: Run Behavior\ShowPageTraceBehavior [ RunTime:0.000550s ]
INFO: [ app_end ] --END-- [ RunTime:0.000653s ]

[ 2015-01-12T18:46:41+08:00 ] 192.168.0.152 /Hd/Index/recommend
INFO: [ app_init ] --START--
INFO: Run Behavior\BuildLiteBehavior [ RunTime:0.000030s ]
INFO: [ app_init ] --END-- [ RunTime:0.000444s ]
INFO: [ app_begin ] --START--
INFO: Run Behavior\ReadHtmlCacheBehavior [ RunTime:0.000538s ]
INFO: Run Common\Behaviors\AppBeginBehavior [ RunTime:0.000586s ]
INFO: [ app_begin ] --END-- [ RunTime:0.001348s ]
NOTIC: [8] Undefined offset: 1 D:\home\coding\zendstudio\edu\Education_dev_hipi\branches\v1.0\Application\Hd\Controller\IndexController.class.php 第 119 行.
NOTIC: [8] Undefined offset: 1 D:\home\coding\zendstudio\edu\Education_dev_hipi\branches\v1.0\Application\Hd\Controller\IndexController.class.php 第 140 行.
NOTIC: [8] Undefined offset: 1 D:\home\coding\zendstudio\edu\Education_dev_hipi\branches\v1.0\Application\Hd\Controller\IndexController.class.php 第 140 行.
NOTIC: [8] Undefined offset: 1 D:\home\coding\zendstudio\edu\Education_dev_hipi\branches\v1.0\Application\Hd\Controller\IndexController.class.php 第 140 行.
INFO: [ view_parse ] --START--
INFO: [ template_filter ] --START--
INFO: Run Behavior\ContentReplaceBehavior [ RunTime:0.000224s ]
INFO: [ template_filter ] --END-- [ RunTime:0.000346s ]
NOTIC: [8] Undefined variable: pageTitle D:\home\coding\zendstudio\edu\Education_dev_hipi\branches\v1.0\Runtime\Cache\Hd\cfb908667d2443f09ecac18a03abf2ad.php 第 6 行.
NOTIC: [8] Undefined variable: c1 D:\home\coding\zendstudio\edu\Education_dev_hipi\branches\v1.0\Runtime\Cache\Hd\cfb908667d2443f09ecac18a03abf2ad.php 第 147 行.
NOTIC: [8] Undefined variable: c1 D:\home\coding\zendstudio\edu\Education_dev_hipi\branches\v1.0\Runtime\Cache\Hd\cfb908667d2443f09ecac18a03abf2ad.php 第 147 行.
INFO: Run Behavior\ParseTemplateBehavior [ RunTime:0.015910s ]
INFO: [ view_parse ] --END-- [ RunTime:0.016034s ]
INFO: [ view_filter ] --START--
INFO: Run Behavior\WriteHtmlCacheBehavior [ RunTime:0.000213s ]
INFO: [ view_filter ] --END-- [ RunTime:0.000315s ]
INFO: [ app_end ] --START--
INFO: Run Behavior\ShowPageTraceBehavior [ RunTime:0.000443s ]
INFO: [ app_end ] --END-- [ RunTime:0.000548s ]

[ 2015-01-12T18:46:41+08:00 ] 192.168.0.152 /Hd/Index/recommend
INFO: [ app_init ] --START--
INFO: Run Behavior\BuildLiteBehavior [ RunTime:0.000024s ]
INFO: [ app_init ] --END-- [ RunTime:0.000443s ]
INFO: [ app_begin ] --START--
INFO: Run Behavior\ReadHtmlCacheBehavior [ RunTime:0.000586s ]
INFO: Run Common\Behaviors\AppBeginBehavior [ RunTime:0.000827s ]
INFO: [ app_begin ] --END-- [ RunTime:0.001597s ]
NOTIC: [8] Undefined offset: 1 D:\home\coding\zendstudio\edu\Education_dev_hipi\branches\v1.0\Application\Hd\Controller\IndexController.class.php 第 119 行.
NOTIC: [8] Undefined offset: 1 D:\home\coding\zendstudio\edu\Education_dev_hipi\branches\v1.0\Application\Hd\Controller\IndexController.class.php 第 140 行.
NOTIC: [8] Undefined offset: 1 D:\home\coding\zendstudio\edu\Education_dev_hipi\branches\v1.0\Application\Hd\Controller\IndexController.class.php 第 140 行.
NOTIC: [8] Undefined offset: 1 D:\home\coding\zendstudio\edu\Education_dev_hipi\branches\v1.0\Application\Hd\Controller\IndexController.class.php 第 140 行.
INFO: [ view_parse ] --START--
INFO: [ template_filter ] --START--
INFO: Run Behavior\ContentReplaceBehavior [ RunTime:0.000284s ]
INFO: [ template_filter ] --END-- [ RunTime:0.000439s ]
NOTIC: [8] Undefined variable: pageTitle D:\home\coding\zendstudio\edu\Education_dev_hipi\branches\v1.0\Runtime\Cache\Hd\cfb908667d2443f09ecac18a03abf2ad.php 第 6 行.
NOTIC: [8] Undefined variable: c1 D:\home\coding\zendstudio\edu\Education_dev_hipi\branches\v1.0\Runtime\Cache\Hd\cfb908667d2443f09ecac18a03abf2ad.php 第 147 行.
NOTIC: [8] Undefined variable: c1 D:\home\coding\zendstudio\edu\Education_dev_hipi\branches\v1.0\Runtime\Cache\Hd\cfb908667d2443f09ecac18a03abf2ad.php 第 147 行.
INFO: Run Behavior\ParseTemplateBehavior [ RunTime:0.017445s ]
INFO: [ view_parse ] --END-- [ RunTime:0.017551s ]
INFO: [ view_filter ] --START--
INFO: Run Behavior\WriteHtmlCacheBehavior [ RunTime:0.000342s ]
INFO: [ view_filter ] --END-- [ RunTime:0.000432s ]
INFO: [ app_end ] --START--
INFO: Run Behavior\ShowPageTraceBehavior [ RunTime:0.000659s ]
INFO: [ app_end ] --END-- [ RunTime:0.000763s ]

[ 2015-01-12T18:46:41+08:00 ] 192.168.0.152 /Hd/Index/allCourse
INFO: [ app_init ] --START--
INFO: Run Behavior\BuildLiteBehavior [ RunTime:0.000025s ]
INFO: [ app_init ] --END-- [ RunTime:0.000417s ]
INFO: [ app_begin ] --START--
INFO: Run Behavior\ReadHtmlCacheBehavior [ RunTime:0.000503s ]
INFO: Run Common\Behaviors\AppBeginBehavior [ RunTime:0.000538s ]
INFO: [ app_begin ] --END-- [ RunTime:0.001242s ]
INFO: [ view_parse ] --START--
INFO: [ template_filter ] --START--
INFO: Run Behavior\ContentReplaceBehavior [ RunTime:0.000172s ]
INFO: [ template_filter ] --END-- [ RunTime:0.000293s ]
NOTIC: [8] Undefined variable: pageTitle D:\home\coding\zendstudio\edu\Education_dev_hipi\branches\v1.0\Runtime\Cache\Hd\66360daab730568f0545fbb85a7b7e2a.php 第 6 行.
INFO: Run Behavior\ParseTemplateBehavior [ RunTime:0.020374s ]
INFO: [ view_parse ] --END-- [ RunTime:0.020495s ]
INFO: [ view_filter ] --START--
INFO: Run Behavior\WriteHtmlCacheBehavior [ RunTime:0.000336s ]
INFO: [ view_filter ] --END-- [ RunTime:0.000431s ]
INFO: [ app_end ] --START--
INFO: Run Behavior\ShowPageTraceBehavior [ RunTime:0.000761s ]
INFO: [ app_end ] --END-- [ RunTime:0.000893s ]

[ 2015-01-12T18:46:41+08:00 ] 192.168.0.152 /Hd/Index/allCourse
INFO: [ app_init ] --START--
INFO: Run Behavior\BuildLiteBehavior [ RunTime:0.000024s ]
INFO: [ app_init ] --END-- [ RunTime:0.000392s ]
INFO: [ app_begin ] --START--
INFO: Run Behavior\ReadHtmlCacheBehavior [ RunTime:0.000494s ]
INFO: Run Common\Behaviors\AppBeginBehavior [ RunTime:0.001253s ]
INFO: [ app_begin ] --END-- [ RunTime:0.001964s ]
INFO: [ view_parse ] --START--
INFO: [ template_filter ] --START--
INFO: Run Behavior\ContentReplaceBehavior [ RunTime:0.000177s ]
INFO: [ template_filter ] --END-- [ RunTime:0.000299s ]
NOTIC: [8] Undefined variable: pageTitle D:\home\coding\zendstudio\edu\Education_dev_hipi\branches\v1.0\Runtime\Cache\Hd\66360daab730568f0545fbb85a7b7e2a.php 第 6 行.
INFO: Run Behavior\ParseTemplateBehavior [ RunTime:0.013022s ]
INFO: [ view_parse ] --END-- [ RunTime:0.013148s ]
INFO: [ view_filter ] --START--
INFO: Run Behavior\WriteHtmlCacheBehavior [ RunTime:0.000229s ]
INFO: [ view_filter ] --END-- [ RunTime:0.000329s ]
INFO: [ app_end ] --START--
INFO: Run Behavior\ShowPageTraceBehavior [ RunTime:0.000455s ]
INFO: [ app_end ] --END-- [ RunTime:0.000550s ]

[ 2015-01-12T18:46:42+08:00 ] 192.168.0.152 /Hd/Index/myCourse
INFO: [ app_init ] --START--
INFO: Run Behavior\BuildLiteBehavior [ RunTime:0.000029s ]
INFO: [ app_init ] --END-- [ RunTime:0.000443s ]
INFO: [ app_begin ] --START--
INFO: Run Behavior\ReadHtmlCacheBehavior [ RunTime:0.000625s ]
INFO: Run Common\Behaviors\AppBeginBehavior [ RunTime:0.000601s ]
INFO: [ app_begin ] --END-- [ RunTime:0.001545s ]
NOTIC: [8] Undefined offset: 1 D:\home\coding\zendstudio\edu\Education_dev_hipi\branches\v1.0\Application\Hd\Controller\IndexController.class.php 第 226 行.
INFO: [ view_parse ] --START--
INFO: [ template_filter ] --START--
INFO: Run Behavior\ContentReplaceBehavior [ RunTime:0.000185s ]
INFO: [ template_filter ] --END-- [ RunTime:0.000316s ]
NOTIC: [8] Undefined variable: pageTitle D:\home\coding\zendstudio\edu\Education_dev_hipi\branches\v1.0\Runtime\Cache\Hd\7ec3f8009017b10ae10058ab1fcf444e.php 第 6 行.
INFO: Run Behavior\ParseTemplateBehavior [ RunTime:0.015081s ]
INFO: [ view_parse ] --END-- [ RunTime:0.015352s ]
INFO: [ view_filter ] --START--
INFO: Run Behavior\WriteHtmlCacheBehavior [ RunTime:0.000480s ]
INFO: [ view_filter ] --END-- [ RunTime:0.000626s ]
INFO: [ app_end ] --START--
INFO: Run Behavior\ShowPageTraceBehavior [ RunTime:0.000513s ]
INFO: [ app_end ] --END-- [ RunTime:0.000622s ]

[ 2015-01-12T18:46:42+08:00 ] 192.168.0.152 /Hd/Index/myCourse
INFO: [ app_init ] --START--
INFO: Run Behavior\BuildLiteBehavior [ RunTime:0.000024s ]
INFO: [ app_init ] --END-- [ RunTime:0.000416s ]
INFO: [ app_begin ] --START--
INFO: Run Behavior\ReadHtmlCacheBehavior [ RunTime:0.000495s ]
INFO: Run Common\Behaviors\AppBeginBehavior [ RunTime:0.000601s ]
INFO: [ app_begin ] --END-- [ RunTime:0.001284s ]
NOTIC: [8] Undefined offset: 1 D:\home\coding\zendstudio\edu\Education_dev_hipi\branches\v1.0\Application\Hd\Controller\IndexController.class.php 第 226 行.
INFO: [ view_parse ] --START--
INFO: [ template_filter ] --START--
INFO: Run Behavior\ContentReplaceBehavior [ RunTime:0.000185s ]
INFO: [ template_filter ] --END-- [ RunTime:0.000295s ]
NOTIC: [8] Undefined variable: pageTitle D:\home\coding\zendstudio\edu\Education_dev_hipi\branches\v1.0\Runtime\Cache\Hd\7ec3f8009017b10ae10058ab1fcf444e.php 第 6 行.
INFO: Run Behavior\ParseTemplateBehavior [ RunTime:0.014741s ]
INFO: [ view_parse ] --END-- [ RunTime:0.014885s ]
INFO: [ view_filter ] --START--
INFO: Run Behavior\WriteHtmlCacheBehavior [ RunTime:0.000325s ]
INFO: [ view_filter ] --END-- [ RunTime:0.000441s ]
INFO: [ app_end ] --START--
INFO: Run Behavior\ShowPageTraceBehavior [ RunTime:0.000552s ]
INFO: [ app_end ] --END-- [ RunTime:0.000643s ]

[ 2015-01-12T18:46:42+08:00 ] 192.168.0.152 /Hd/Index/allCourse
INFO: [ app_init ] --START--
INFO: Run Behavior\BuildLiteBehavior [ RunTime:0.000071s ]
INFO: [ app_init ] --END-- [ RunTime:0.001074s ]
INFO: [ app_begin ] --START--
INFO: Run Behavior\ReadHtmlCacheBehavior [ RunTime:0.000706s ]
INFO: Run Common\Behaviors\AppBeginBehavior [ RunTime:0.002175s ]
INFO: [ app_begin ] --END-- [ RunTime:0.003203s ]
INFO: [ view_parse ] --START--
INFO: [ template_filter ] --START--
INFO: Run Behavior\ContentReplaceBehavior [ RunTime:0.000212s ]
INFO: [ template_filter ] --END-- [ RunTime:0.000385s ]
NOTIC: [8] Undefined variable: pageTitle D:\home\coding\zendstudio\edu\Education_dev_hipi\branches\v1.0\Runtime\Cache\Hd\66360daab730568f0545fbb85a7b7e2a.php 第 6 行.
INFO: Run Behavior\ParseTemplateBehavior [ RunTime:0.014149s ]
INFO: [ view_parse ] --END-- [ RunTime:0.014275s ]
INFO: [ view_filter ] --START--
INFO: Run Behavior\WriteHtmlCacheBehavior [ RunTime:0.000325s ]
INFO: [ view_filter ] --END-- [ RunTime:0.000416s ]
INFO: [ app_end ] --START--
INFO: Run Behavior\ShowPageTraceBehavior [ RunTime:0.000566s ]
INFO: [ app_end ] --END-- [ RunTime:0.000664s ]

[ 2015-01-12T18:46:42+08:00 ] 192.168.0.152 /Hd/Index/allCourse
INFO: [ app_init ] --START--
INFO: Run Behavior\BuildLiteBehavior [ RunTime:0.000041s ]
INFO: [ app_init ] --END-- [ RunTime:0.000616s ]
INFO: [ app_begin ] --START--
INFO: Run Behavior\ReadHtmlCacheBehavior [ RunTime:0.000776s ]
INFO: Run Common\Behaviors\AppBeginBehavior [ RunTime:0.000865s ]
INFO: [ app_begin ] --END-- [ RunTime:0.001977s ]
INFO: [ view_parse ] --START--
INFO: [ template_filter ] --START--
INFO: Run Behavior\ContentReplaceBehavior [ RunTime:0.000191s ]
INFO: [ template_filter ] --END-- [ RunTime:0.000356s ]
NOTIC: [8] Undefined variable: pageTitle D:\home\coding\zendstudio\edu\Education_dev_hipi\branches\v1.0\Runtime\Cache\Hd\66360daab730568f0545fbb85a7b7e2a.php 第 6 行.
INFO: Run Behavior\ParseTemplateBehavior [ RunTime:0.014927s ]
INFO: [ view_parse ] --END-- [ RunTime:0.015057s ]
INFO: [ view_filter ] --START--
INFO: Run Behavior\WriteHtmlCacheBehavior [ RunTime:0.000222s ]
INFO: [ view_filter ] --END-- [ RunTime:0.000324s ]
INFO: [ app_end ] --START--
INFO: Run Behavior\ShowPageTraceBehavior [ RunTime:0.000439s ]
INFO: [ app_end ] --END-- [ RunTime:0.000532s ]

[ 2015-01-12T18:46:43+08:00 ] 192.168.0.152 /Hd/Index/recommend
INFO: [ app_init ] --START--
INFO: Run Behavior\BuildLiteBehavior [ RunTime:0.000046s ]
INFO: [ app_init ] --END-- [ RunTime:0.001075s ]
INFO: [ app_begin ] --START--
INFO: Run Behavior\ReadHtmlCacheBehavior [ RunTime:0.000557s ]
INFO: Run Common\Behaviors\AppBeginBehavior [ RunTime:0.001102s ]
INFO: [ app_begin ] --END-- [ RunTime:0.001937s ]
NOTIC: [8] Undefined offset: 1 D:\home\coding\zendstudio\edu\Education_dev_hipi\branches\v1.0\Application\Hd\Controller\IndexController.class.php 第 119 行.
NOTIC: [8] Undefined offset: 1 D:\home\coding\zendstudio\edu\Education_dev_hipi\branches\v1.0\Application\Hd\Controller\IndexController.class.php 第 140 行.
NOTIC: [8] Undefined offset: 1 D:\home\coding\zendstudio\edu\Education_dev_hipi\branches\v1.0\Application\Hd\Controller\IndexController.class.php 第 140 行.
NOTIC: [8] Undefined offset: 1 D:\home\coding\zendstudio\edu\Education_dev_hipi\branches\v1.0\Application\Hd\Controller\IndexController.class.php 第 140 行.
INFO: [ view_parse ] --START--
INFO: [ template_filter ] --START--
INFO: Run Behavior\ContentReplaceBehavior [ RunTime:0.000284s ]
INFO: [ template_filter ] --END-- [ RunTime:0.000414s ]
NOTIC: [8] Undefined variable: pageTitle D:\home\coding\zendstudio\edu\Education_dev_hipi\branches\v1.0\Runtime\Cache\Hd\cfb908667d2443f09ecac18a03abf2ad.php 第 6 行.
NOTIC: [8] Undefined variable: c1 D:\home\coding\zendstudio\edu\Education_dev_hipi\branches\v1.0\Runtime\Cache\Hd\cfb908667d2443f09ecac18a03abf2ad.php 第 147 行.
NOTIC: [8] Undefined variable: c1 D:\home\coding\zendstudio\edu\Education_dev_hipi\branches\v1.0\Runtime\Cache\Hd\cfb908667d2443f09ecac18a03abf2ad.php 第 147 行.
INFO: Run Behavior\ParseTemplateBehavior [ RunTime:0.016943s ]
INFO: [ view_parse ] --END-- [ RunTime:0.017115s ]
INFO: [ view_filter ] --START--
INFO: Run Behavior\WriteHtmlCacheBehavior [ RunTime:0.000425s ]
INFO: [ view_filter ] --END-- [ RunTime:0.000544s ]
INFO: [ app_end ] --START--
INFO: Run Behavior\ShowPageTraceBehavior [ RunTime:0.000745s ]
INFO: [ app_end ] --END-- [ RunTime:0.000876s ]

[ 2015-01-12T18:46:43+08:00 ] 192.168.0.152 /Hd/Index/recommend
INFO: [ app_init ] --START--
INFO: Run Behavior\BuildLiteBehavior [ RunTime:0.000022s ]
INFO: [ app_init ] --END-- [ RunTime:0.000415s ]
INFO: [ app_begin ] --START--
INFO: Run Behavior\ReadHtmlCacheBehavior [ RunTime:0.000487s ]
INFO: Run Common\Behaviors\AppBeginBehavior [ RunTime:0.000578s ]
INFO: [ app_begin ] --END-- [ RunTime:0.001274s ]
NOTIC: [8] Undefined offset: 1 D:\home\coding\zendstudio\edu\Education_dev_hipi\branches\v1.0\Application\Hd\Controller\IndexController.class.php 第 119 行.
NOTIC: [8] Undefined offset: 1 D:\home\coding\zendstudio\edu\Education_dev_hipi\branches\v1.0\Application\Hd\Controller\IndexController.class.php 第 140 行.
NOTIC: [8] Undefined offset: 1 D:\home\coding\zendstudio\edu\Education_dev_hipi\branches\v1.0\Application\Hd\Controller\IndexController.class.php 第 140 行.
NOTIC: [8] Undefined offset: 1 D:\home\coding\zendstudio\edu\Education_dev_hipi\branches\v1.0\Application\Hd\Controller\IndexController.class.php 第 140 行.
INFO: [ view_parse ] --START--
INFO: [ template_filter ] --START--
INFO: Run Behavior\ContentReplaceBehavior [ RunTime:0.000220s ]
INFO: [ template_filter ] --END-- [ RunTime:0.000330s ]
NOTIC: [8] Undefined variable: pageTitle D:\home\coding\zendstudio\edu\Education_dev_hipi\branches\v1.0\Runtime\Cache\Hd\cfb908667d2443f09ecac18a03abf2ad.php 第 6 行.
NOTIC: [8] Undefined variable: c1 D:\home\coding\zendstudio\edu\Education_dev_hipi\branches\v1.0\Runtime\Cache\Hd\cfb908667d2443f09ecac18a03abf2ad.php 第 147 行.
NOTIC: [8] Undefined variable: c1 D:\home\coding\zendstudio\edu\Education_dev_hipi\branches\v1.0\Runtime\Cache\Hd\cfb908667d2443f09ecac18a03abf2ad.php 第 147 行.
INFO: Run Behavior\ParseTemplateBehavior [ RunTime:0.016598s ]
INFO: [ view_parse ] --END-- [ RunTime:0.016713s ]
INFO: [ view_filter ] --START--
INFO: Run Behavior\WriteHtmlCacheBehavior [ RunTime:0.000385s ]
INFO: [ view_filter ] --END-- [ RunTime:0.000486s ]
INFO: [ app_end ] --START--
INFO: Run Behavior\ShowPageTraceBehavior [ RunTime:0.000874s ]
INFO: [ app_end ] --END-- [ RunTime:0.001051s ]

[ 2015-01-12T18:46:44+08:00 ] 192.168.0.152 /Hd/Index/allCourse
INFO: [ app_init ] --START--
INFO: Run Behavior\BuildLiteBehavior [ RunTime:0.000039s ]
INFO: [ app_init ] --END-- [ RunTime:0.000734s ]
INFO: [ app_begin ] --START--
INFO: Run Behavior\ReadHtmlCacheBehavior [ RunTime:0.000711s ]
INFO: Run Common\Behaviors\AppBeginBehavior [ RunTime:0.000542s ]
INFO: [ app_begin ] --END-- [ RunTime:0.001461s ]
INFO: [ view_parse ] --START--
INFO: [ template_filter ] --START--
INFO: Run Behavior\ContentReplaceBehavior [ RunTime:0.000173s ]
INFO: [ template_filter ] --END-- [ RunTime:0.000304s ]
NOTIC: [8] Undefined variable: pageTitle D:\home\coding\zendstudio\edu\Education_dev_hipi\branches\v1.0\Runtime\Cache\Hd\66360daab730568f0545fbb85a7b7e2a.php 第 6 行.
INFO: Run Behavior\ParseTemplateBehavior [ RunTime:0.014472s ]
INFO: [ view_parse ] --END-- [ RunTime:0.014721s ]
INFO: [ view_filter ] --START--
INFO: Run Behavior\WriteHtmlCacheBehavior [ RunTime:0.000496s ]
INFO: [ view_filter ] --END-- [ RunTime:0.000648s ]
INFO: [ app_end ] --START--
INFO: Run Behavior\ShowPageTraceBehavior [ RunTime:0.000785s ]
INFO: [ app_end ] --END-- [ RunTime:0.000912s ]

[ 2015-01-12T18:46:45+08:00 ] 192.168.0.152 /Hd/Index/myCourse
INFO: [ app_init ] --START--
INFO: Run Behavior\BuildLiteBehavior [ RunTime:0.000047s ]
INFO: [ app_init ] --END-- [ RunTime:0.000458s ]
INFO: [ app_begin ] --START--
INFO: Run Behavior\ReadHtmlCacheBehavior [ RunTime:0.000824s ]
INFO: Run Common\Behaviors\AppBeginBehavior [ RunTime:0.001013s ]
INFO: [ app_begin ] --END-- [ RunTime:0.002152s ]
NOTIC: [8] Undefined offset: 1 D:\home\coding\zendstudio\edu\Education_dev_hipi\branches\v1.0\Application\Hd\Controller\IndexController.class.php 第 226 行.
INFO: [ view_parse ] --START--
INFO: [ template_filter ] --START--
INFO: Run Behavior\ContentReplaceBehavior [ RunTime:0.000188s ]
INFO: [ template_filter ] --END-- [ RunTime:0.000306s ]
NOTIC: [8] Undefined variable: pageTitle D:\home\coding\zendstudio\edu\Education_dev_hipi\branches\v1.0\Runtime\Cache\Hd\7ec3f8009017b10ae10058ab1fcf444e.php 第 6 行.
INFO: Run Behavior\ParseTemplateBehavior [ RunTime:0.015178s ]
INFO: [ view_parse ] --END-- [ RunTime:0.015347s ]
INFO: [ view_filter ] --START--
INFO: Run Behavior\WriteHtmlCacheBehavior [ RunTime:0.000336s ]
INFO: [ view_filter ] --END-- [ RunTime:0.000434s ]
INFO: [ app_end ] --START--
INFO: Run Behavior\ShowPageTraceBehavior [ RunTime:0.000579s ]
INFO: [ app_end ] --END-- [ RunTime:0.000673s ]

[ 2015-01-12T18:46:45+08:00 ] 192.168.0.152 /Hd/Index/myCourse
INFO: [ app_init ] --START--
INFO: Run Behavior\BuildLiteBehavior [ RunTime:0.000040s ]
INFO: [ app_init ] --END-- [ RunTime:0.000604s ]
INFO: [ app_begin ] --START--
INFO: Run Behavior\ReadHtmlCacheBehavior [ RunTime:0.000500s ]
INFO: Run Common\Behaviors\AppBeginBehavior [ RunTime:0.000498s ]
INFO: [ app_begin ] --END-- [ RunTime:0.001180s ]
NOTIC: [8] Undefined offset: 1 D:\home\coding\zendstudio\edu\Education_dev_hipi\branches\v1.0\Application\Hd\Controller\IndexController.class.php 第 226 行.
INFO: [ view_parse ] --START--
INFO: [ template_filter ] --START--
INFO: Run Behavior\ContentReplaceBehavior [ RunTime:0.000182s ]
INFO: [ template_filter ] --END-- [ RunTime:0.000316s ]
NOTIC: [8] Undefined variable: pageTitle D:\home\coding\zendstudio\edu\Education_dev_hipi\branches\v1.0\Runtime\Cache\Hd\7ec3f8009017b10ae10058ab1fcf444e.php 第 6 行.
INFO: Run Behavior\ParseTemplateBehavior [ RunTime:0.015210s ]
INFO: [ view_parse ] --END-- [ RunTime:0.015334s ]
INFO: [ view_filter ] --START--
INFO: Run Behavior\WriteHtmlCacheBehavior [ RunTime:0.000204s ]
INFO: [ view_filter ] --END-- [ RunTime:0.000303s ]
INFO: [ app_end ] --START--
INFO: Run Behavior\ShowPageTraceBehavior [ RunTime:0.000441s ]
INFO: [ app_end ] --END-- [ RunTime:0.000539s ]

[ 2015-01-12T18:47:49+08:00 ] 192.168.0.152 /Hd/Index/allCourse
INFO: [ app_init ] --START--
INFO: Run Behavior\BuildLiteBehavior [ RunTime:0.000026s ]
INFO: [ app_init ] --END-- [ RunTime:0.000434s ]
INFO: [ app_begin ] --START--
INFO: Run Behavior\ReadHtmlCacheBehavior [ RunTime:0.000631s ]
INFO: Run Common\Behaviors\AppBeginBehavior [ RunTime:0.000584s ]
INFO: [ app_begin ] --END-- [ RunTime:0.001504s ]
INFO: [ view_parse ] --START--
INFO: [ template_filter ] --START--
INFO: Run Behavior\ContentReplaceBehavior [ RunTime:0.000177s ]
INFO: [ template_filter ] --END-- [ RunTime:0.000296s ]
NOTIC: [8] Undefined variable: pageTitle D:\home\coding\zendstudio\edu\Education_dev_hipi\branches\v1.0\Runtime\Cache\Hd\66360daab730568f0545fbb85a7b7e2a.php 第 6 行.
INFO: Run Behavior\ParseTemplateBehavior [ RunTime:0.013607s ]
INFO: [ view_parse ] --END-- [ RunTime:0.013745s ]
INFO: [ view_filter ] --START--
INFO: Run Behavior\WriteHtmlCacheBehavior [ RunTime:0.000228s ]
INFO: [ view_filter ] --END-- [ RunTime:0.000328s ]
INFO: [ app_end ] --START--
INFO: Run Behavior\ShowPageTraceBehavior [ RunTime:0.000444s ]
INFO: [ app_end ] --END-- [ RunTime:0.000536s ]

[ 2015-01-12T18:47:49+08:00 ] 192.168.0.152 /Hd/Index/recommend
INFO: [ app_init ] --START--
INFO: Run Behavior\BuildLiteBehavior [ RunTime:0.000050s ]
INFO: [ app_init ] --END-- [ RunTime:0.001272s ]
INFO: [ app_begin ] --START--
INFO: Run Behavior\ReadHtmlCacheBehavior [ RunTime:0.000876s ]
INFO: Run Common\Behaviors\AppBeginBehavior [ RunTime:0.000974s ]
INFO: [ app_begin ] --END-- [ RunTime:0.002221s ]
NOTIC: [8] Undefined offset: 1 D:\home\coding\zendstudio\edu\Education_dev_hipi\branches\v1.0\Application\Hd\Controller\IndexController.class.php 第 119 行.
NOTIC: [8] Undefined offset: 1 D:\home\coding\zendstudio\edu\Education_dev_hipi\branches\v1.0\Application\Hd\Controller\IndexController.class.php 第 140 行.
NOTIC: [8] Undefined offset: 1 D:\home\coding\zendstudio\edu\Education_dev_hipi\branches\v1.0\Application\Hd\Controller\IndexController.class.php 第 140 行.
NOTIC: [8] Undefined offset: 1 D:\home\coding\zendstudio\edu\Education_dev_hipi\branches\v1.0\Application\Hd\Controller\IndexController.class.php 第 140 行.
INFO: [ view_parse ] --START--
INFO: [ template_filter ] --START--
INFO: Run Behavior\ContentReplaceBehavior [ RunTime:0.000237s ]
INFO: [ template_filter ] --END-- [ RunTime:0.000365s ]
NOTIC: [8] Undefined variable: pageTitle D:\home\coding\zendstudio\edu\Education_dev_hipi\branches\v1.0\Runtime\Cache\Hd\cfb908667d2443f09ecac18a03abf2ad.php 第 6 行.
NOTIC: [8] Undefined variable: c1 D:\home\coding\zendstudio\edu\Education_dev_hipi\branches\v1.0\Runtime\Cache\Hd\cfb908667d2443f09ecac18a03abf2ad.php 第 147 行.
NOTIC: [8] Undefined variable: c1 D:\home\coding\zendstudio\edu\Education_dev_hipi\branches\v1.0\Runtime\Cache\Hd\cfb908667d2443f09ecac18a03abf2ad.php 第 147 行.
INFO: Run Behavior\ParseTemplateBehavior [ RunTime:0.016095s ]
INFO: [ view_parse ] --END-- [ RunTime:0.016271s ]
INFO: [ view_filter ] --START--
INFO: Run Behavior\WriteHtmlCacheBehavior [ RunTime:0.000336s ]
INFO: [ view_filter ] --END-- [ RunTime:0.000472s ]
INFO: [ app_end ] --START--
INFO: Run Behavior\ShowPageTraceBehavior [ RunTime:0.000453s ]
INFO: [ app_end ] --END-- [ RunTime:0.000555s ]

[ 2015-01-12T18:47:50+08:00 ] 192.168.0.152 /Hd/Index/recommend
INFO: [ app_init ] --START--
INFO: Run Behavior\BuildLiteBehavior [ RunTime:0.000036s ]
INFO: [ app_init ] --END-- [ RunTime:0.000529s ]
INFO: [ app_begin ] --START--
INFO: Run Behavior\ReadHtmlCacheBehavior [ RunTime:0.000674s ]
INFO: Run Common\Behaviors\AppBeginBehavior [ RunTime:0.000781s ]
INFO: [ app_begin ] --END-- [ RunTime:0.001836s ]
NOTIC: [8] Undefined offset: 1 D:\home\coding\zendstudio\edu\Education_dev_hipi\branches\v1.0\Application\Hd\Controller\IndexController.class.php 第 119 行.
NOTIC: [8] Undefined offset: 1 D:\home\coding\zendstudio\edu\Education_dev_hipi\branches\v1.0\Application\Hd\Controller\IndexController.class.php 第 140 行.
NOTIC: [8] Undefined offset: 1 D:\home\coding\zendstudio\edu\Education_dev_hipi\branches\v1.0\Application\Hd\Controller\IndexController.class.php 第 140 行.
NOTIC: [8] Undefined offset: 1 D:\home\coding\zendstudio\edu\Education_dev_hipi\branches\v1.0\Application\Hd\Controller\IndexController.class.php 第 140 行.
INFO: [ view_parse ] --START--
INFO: [ template_filter ] --START--
INFO: Run Behavior\ContentReplaceBehavior [ RunTime:0.000220s ]
INFO: [ template_filter ] --END-- [ RunTime:0.000329s ]
NOTIC: [8] Undefined variable: pageTitle D:\home\coding\zendstudio\edu\Education_dev_hipi\branches\v1.0\Runtime\Cache\Hd\cfb908667d2443f09ecac18a03abf2ad.php 第 6 行.
NOTIC: [8] Undefined variable: c1 D:\home\coding\zendstudio\edu\Education_dev_hipi\branches\v1.0\Runtime\Cache\Hd\cfb908667d2443f09ecac18a03abf2ad.php 第 147 行.
NOTIC: [8] Undefined variable: c1 D:\home\coding\zendstudio\edu\Education_dev_hipi\branches\v1.0\Runtime\Cache\Hd\cfb908667d2443f09ecac18a03abf2ad.php 第 147 行.
INFO: Run Behavior\ParseTemplateBehavior [ RunTime:0.016525s ]
INFO: [ view_parse ] --END-- [ RunTime:0.016665s ]
INFO: [ view_filter ] --START--
INFO: Run Behavior\WriteHtmlCacheBehavior [ RunTime:0.001189s ]
INFO: [ view_filter ] --END-- [ RunTime:0.001335s ]
INFO: [ app_end ] --START--
INFO: Run Behavior\ShowPageTraceBehavior [ RunTime:0.000773s ]
INFO: [ app_end ] --END-- [ RunTime:0.000886s ]

[ 2015-01-12T18:47:51+08:00 ] 192.168.0.152 /Hd/Index/allCourse
INFO: [ app_init ] --START--
INFO: Run Behavior\BuildLiteBehavior [ RunTime:0.000045s ]
INFO: [ app_init ] --END-- [ RunTime:0.000736s ]
INFO: [ app_begin ] --START--
INFO: Run Behavior\ReadHtmlCacheBehavior [ RunTime:0.001102s ]
INFO: Run Common\Behaviors\AppBeginBehavior [ RunTime:0.000991s ]
INFO: [ app_begin ] --END-- [ RunTime:0.002457s ]
INFO: [ view_parse ] --START--
INFO: [ template_filter ] --START--
INFO: Run Behavior\ContentReplaceBehavior [ RunTime:0.000183s ]
INFO: [ template_filter ] --END-- [ RunTime:0.000311s ]
NOTIC: [8] Undefined variable: pageTitle D:\home\coding\zendstudio\edu\Education_dev_hipi\branches\v1.0\Runtime\Cache\Hd\66360daab730568f0545fbb85a7b7e2a.php 第 6 行.
INFO: Run Behavior\ParseTemplateBehavior [ RunTime:0.015355s ]
INFO: [ view_parse ] --END-- [ RunTime:0.015531s ]
INFO: [ view_filter ] --START--
INFO: Run Behavior\WriteHtmlCacheBehavior [ RunTime:0.000542s ]
INFO: [ view_filter ] --END-- [ RunTime:0.000716s ]
INFO: [ app_end ] --START--
INFO: Run Behavior\ShowPageTraceBehavior [ RunTime:0.000636s ]
INFO: [ app_end ] --END-- [ RunTime:0.000774s ]

[ 2015-01-12T18:47:53+08:00 ] 192.168.0.152 /Hd/Index/myCourse
INFO: [ app_init ] --START--
INFO: Run Behavior\BuildLiteBehavior [ RunTime:0.000035s ]
INFO: [ app_init ] --END-- [ RunTime:0.000567s ]
INFO: [ app_begin ] --START--
INFO: Run Behavior\ReadHtmlCacheBehavior [ RunTime:0.000433s ]
INFO: Run Common\Behaviors\AppBeginBehavior [ RunTime:0.000479s ]
INFO: [ app_begin ] --END-- [ RunTime:0.001081s ]
NOTIC: [8] Undefined offset: 1 D:\home\coding\zendstudio\edu\Education_dev_hipi\branches\v1.0\Application\Hd\Controller\IndexController.class.php 第 226 行.
INFO: [ view_parse ] --START--
INFO: [ template_filter ] --START--
INFO: Run Behavior\ContentReplaceBehavior [ RunTime:0.000183s ]
INFO: [ template_filter ] --END-- [ RunTime:0.000296s ]
NOTIC: [8] Undefined variable: pageTitle D:\home\coding\zendstudio\edu\Education_dev_hipi\branches\v1.0\Runtime\Cache\Hd\7ec3f8009017b10ae10058ab1fcf444e.php 第 6 行.
INFO: Run Behavior\ParseTemplateBehavior [ RunTime:0.014159s ]
INFO: [ view_parse ] --END-- [ RunTime:0.014279s ]
INFO: [ view_filter ] --START--
INFO: Run Behavior\WriteHtmlCacheBehavior [ RunTime:0.000331s ]
INFO: [ view_filter ] --END-- [ RunTime:0.000426s ]
INFO: [ app_end ] --START--
INFO: Run Behavior\ShowPageTraceBehavior [ RunTime:0.000561s ]
INFO: [ app_end ] --END-- [ RunTime:0.000651s ]

[ 2015-01-12T18:47:53+08:00 ] 192.168.0.152 /Hd/Index/allCourse
INFO: [ app_init ] --START--
INFO: Run Behavior\BuildLiteBehavior [ RunTime:0.000029s ]
INFO: [ app_init ] --END-- [ RunTime:0.000405s ]
INFO: [ app_begin ] --START--
INFO: Run Behavior\ReadHtmlCacheBehavior [ RunTime:0.000582s ]
INFO: Run Common\Behaviors\AppBeginBehavior [ RunTime:0.001126s ]
INFO: [ app_begin ] --END-- [ RunTime:0.002093s ]
INFO: [ view_parse ] --START--
INFO: [ template_filter ] --START--
INFO: Run Behavior\ContentReplaceBehavior [ RunTime:0.000264s ]
INFO: [ template_filter ] --END-- [ RunTime:0.000475s ]
NOTIC: [8] Undefined variable: pageTitle D:\home\coding\zendstudio\edu\Education_dev_hipi\branches\v1.0\Runtime\Cache\Hd\66360daab730568f0545fbb85a7b7e2a.php 第 6 行.
INFO: Run Behavior\ParseTemplateBehavior [ RunTime:0.017092s ]
INFO: [ view_parse ] --END-- [ RunTime:0.017331s ]
INFO: [ view_filter ] --START--
INFO: Run Behavior\WriteHtmlCacheBehavior [ RunTime:0.000474s ]
INFO: [ view_filter ] --END-- [ RunTime:0.000641s ]
INFO: [ app_end ] --START--
INFO: Run Behavior\ShowPageTraceBehavior [ RunTime:0.000602s ]
INFO: [ app_end ] --END-- [ RunTime:0.000722s ]

[ 2015-01-12T18:47:53+08:00 ] 192.168.0.152 /Hd/Index/allCourse
INFO: [ app_init ] --START--
INFO: Run Behavior\BuildLiteBehavior [ RunTime:0.000041s ]
INFO: [ app_init ] --END-- [ RunTime:0.000619s ]
INFO: [ app_begin ] --START--
INFO: Run Behavior\ReadHtmlCacheBehavior [ RunTime:0.000460s ]
INFO: Run Common\Behaviors\AppBeginBehavior [ RunTime:0.000515s ]
INFO: [ app_begin ] --END-- [ RunTime:0.001154s ]
INFO: [ view_parse ] --START--
INFO: [ template_filter ] --START--
INFO: Run Behavior\ContentReplaceBehavior [ RunTime:0.000272s ]
INFO: [ template_filter ] --END-- [ RunTime:0.001315s ]
NOTIC: [8] Undefined variable: pageTitle D:\home\coding\zendstudio\edu\Education_dev_hipi\branches\v1.0\Runtime\Cache\Hd\66360daab730568f0545fbb85a7b7e2a.php 第 6 行.
INFO: Run Behavior\ParseTemplateBehavior [ RunTime:0.022927s ]
INFO: [ view_parse ] --END-- [ RunTime:0.023121s ]
INFO: [ view_filter ] --START--
INFO: Run Behavior\WriteHtmlCacheBehavior [ RunTime:0.000537s ]
INFO: [ view_filter ] --END-- [ RunTime:0.000674s ]
INFO: [ app_end ] --START--
INFO: Run Behavior\ShowPageTraceBehavior [ RunTime:0.000918s ]
INFO: [ app_end ] --END-- [ RunTime:0.001097s ]

[ 2015-01-12T18:47:54+08:00 ] 192.168.0.152 /Hd/Index/recommend
INFO: [ app_init ] --START--
INFO: Run Behavior\BuildLiteBehavior [ RunTime:0.000083s ]
INFO: [ app_init ] --END-- [ RunTime:0.001060s ]
INFO: [ app_begin ] --START--
INFO: Run Behavior\ReadHtmlCacheBehavior [ RunTime:0.000514s ]
INFO: Run Common\Behaviors\AppBeginBehavior [ RunTime:0.000543s ]
INFO: [ app_begin ] --END-- [ RunTime:0.001250s ]
NOTIC: [8] Undefined offset: 1 D:\home\coding\zendstudio\edu\Education_dev_hipi\branches\v1.0\Application\Hd\Controller\IndexController.class.php 第 119 行.
NOTIC: [8] Undefined offset: 1 D:\home\coding\zendstudio\edu\Education_dev_hipi\branches\v1.0\Application\Hd\Controller\IndexController.class.php 第 140 行.
NOTIC: [8] Undefined offset: 1 D:\home\coding\zendstudio\edu\Education_dev_hipi\branches\v1.0\Application\Hd\Controller\IndexController.class.php 第 140 行.
NOTIC: [8] Undefined offset: 1 D:\home\coding\zendstudio\edu\Education_dev_hipi\branches\v1.0\Application\Hd\Controller\IndexController.class.php 第 140 行.
INFO: [ view_parse ] --START--
INFO: [ template_filter ] --START--
INFO: Run Behavior\ContentReplaceBehavior [ RunTime:0.000351s ]
INFO: [ template_filter ] --END-- [ RunTime:0.000631s ]
NOTIC: [8] Undefined variable: pageTitle D:\home\coding\zendstudio\edu\Education_dev_hipi\branches\v1.0\Runtime\Cache\Hd\cfb908667d2443f09ecac18a03abf2ad.php 第 6 行.
NOTIC: [8] Undefined variable: c1 D:\home\coding\zendstudio\edu\Education_dev_hipi\branches\v1.0\Runtime\Cache\Hd\cfb908667d2443f09ecac18a03abf2ad.php 第 147 行.
NOTIC: [8] Undefined variable: c1 D:\home\coding\zendstudio\edu\Education_dev_hipi\branches\v1.0\Runtime\Cache\Hd\cfb908667d2443f09ecac18a03abf2ad.php 第 147 行.
INFO: Run Behavior\ParseTemplateBehavior [ RunTime:0.017945s ]
INFO: [ view_parse ] --END-- [ RunTime:0.018064s ]
INFO: [ view_filter ] --START--
INFO: Run Behavior\WriteHtmlCacheBehavior [ RunTime:0.000214s ]
INFO: [ view_filter ] --END-- [ RunTime:0.000320s ]
INFO: [ app_end ] --START--
INFO: Run Behavior\ShowPageTraceBehavior [ RunTime:0.000533s ]
INFO: [ app_end ] --END-- [ RunTime:0.000655s ]

[ 2015-01-12T18:47:54+08:00 ] 192.168.0.152 /Hd/Index/recommend
INFO: [ app_init ] --START--
INFO: Run Behavior\BuildLiteBehavior [ RunTime:0.000022s ]
INFO: [ app_init ] --END-- [ RunTime:0.000433s ]
INFO: [ app_begin ] --START--
INFO: Run Behavior\ReadHtmlCacheBehavior [ RunTime:0.000702s ]
INFO: Run Common\Behaviors\AppBeginBehavior [ RunTime:0.000879s ]
INFO: [ app_begin ] --END-- [ RunTime:0.001799s ]
NOTIC: [8] Undefined offset: 1 D:\home\coding\zendstudio\edu\Education_dev_hipi\branches\v1.0\Application\Hd\Controller\IndexController.class.php 第 119 行.
NOTIC: [8] Undefined offset: 1 D:\home\coding\zendstudio\edu\Education_dev_hipi\branches\v1.0\Application\Hd\Controller\IndexController.class.php 第 140 行.
NOTIC: [8] Undefined offset: 1 D:\home\coding\zendstudio\edu\Education_dev_hipi\branches\v1.0\Application\Hd\Controller\IndexController.class.php 第 140 行.
NOTIC: [8] Undefined offset: 1 D:\home\coding\zendstudio\edu\Education_dev_hipi\branches\v1.0\Application\Hd\Controller\IndexController.class.php 第 140 行.
INFO: [ view_parse ] --START--
INFO: [ template_filter ] --START--
INFO: Run Behavior\ContentReplaceBehavior [ RunTime:0.000217s ]
INFO: [ template_filter ] --END-- [ RunTime:0.000340s ]
NOTIC: [8] Undefined variable: pageTitle D:\home\coding\zendstudio\edu\Education_dev_hipi\branches\v1.0\Runtime\Cache\Hd\cfb908667d2443f09ecac18a03abf2ad.php 第 6 行.
NOTIC: [8] Undefined variable: c1 D:\home\coding\zendstudio\edu\Education_dev_hipi\branches\v1.0\Runtime\Cache\Hd\cfb908667d2443f09ecac18a03abf2ad.php 第 147 行.
NOTIC: [8] Undefined variable: c1 D:\home\coding\zendstudio\edu\Education_dev_hipi\branches\v1.0\Runtime\Cache\Hd\cfb908667d2443f09ecac18a03abf2ad.php 第 147 行.
INFO: Run Behavior\ParseTemplateBehavior [ RunTime:0.016072s ]
INFO: [ view_parse ] --END-- [ RunTime:0.016180s ]
INFO: [ view_filter ] --START--
INFO: Run Behavior\WriteHtmlCacheBehavior [ RunTime:0.000300s ]
INFO: [ view_filter ] --END-- [ RunTime:0.000392s ]
INFO: [ app_end ] --START--
INFO: Run Behavior\ShowPageTraceBehavior [ RunTime:0.000555s ]
INFO: [ app_end ] --END-- [ RunTime:0.000653s ]

[ 2015-01-12T18:47:54+08:00 ] 192.168.0.152 /Hd/Index/allCourse
INFO: [ app_init ] --START--
INFO: Run Behavior\BuildLiteBehavior [ RunTime:0.000024s ]
INFO: [ app_init ] --END-- [ RunTime:0.000379s ]
INFO: [ app_begin ] --START--
INFO: Run Behavior\ReadHtmlCacheBehavior [ RunTime:0.000461s ]
INFO: Run Common\Behaviors\AppBeginBehavior [ RunTime:0.000509s ]
INFO: [ app_begin ] --END-- [ RunTime:0.001154s ]
INFO: [ view_parse ] --START--
INFO: [ template_filter ] --START--
INFO: Run Behavior\ContentReplaceBehavior [ RunTime:0.000195s ]
INFO: [ template_filter ] --END-- [ RunTime:0.000333s ]
NOTIC: [8] Undefined variable: pageTitle D:\home\coding\zendstudio\edu\Education_dev_hipi\branches\v1.0\Runtime\Cache\Hd\66360daab730568f0545fbb85a7b7e2a.php 第 6 行.
INFO: Run Behavior\ParseTemplateBehavior [ RunTime:0.018671s ]
INFO: [ view_parse ] --END-- [ RunTime:0.018849s ]
INFO: [ view_filter ] --START--
INFO: Run Behavior\WriteHtmlCacheBehavior [ RunTime:0.000394s ]
INFO: [ view_filter ] --END-- [ RunTime:0.000517s ]
INFO: [ app_end ] --START--
INFO: Run Behavior\ShowPageTraceBehavior [ RunTime:0.000576s ]
INFO: [ app_end ] --END-- [ RunTime:0.000712s ]

[ 2015-01-12T18:47:54+08:00 ] 192.168.0.152 /Hd/Index/allCourse
INFO: [ app_init ] --START--
INFO: Run Behavior\BuildLiteBehavior [ RunTime:0.000035s ]
INFO: [ app_init ] --END-- [ RunTime:0.000560s ]
INFO: [ app_begin ] --START--
INFO: Run Behavior\ReadHtmlCacheBehavior [ RunTime:0.000729s ]
INFO: Run Common\Behaviors\AppBeginBehavior [ RunTime:0.000792s ]
INFO: [ app_begin ] --END-- [ RunTime:0.001856s ]
INFO: [ view_parse ] --START--
INFO: [ template_filter ] --START--
INFO: Run Behavior\ContentReplaceBehavior [ RunTime:0.000185s ]
INFO: [ template_filter ] --END-- [ RunTime:0.000331s ]
NOTIC: [8] Undefined variable: pageTitle D:\home\coding\zendstudio\edu\Education_dev_hipi\branches\v1.0\Runtime\Cache\Hd\66360daab730568f0545fbb85a7b7e2a.php 第 6 行.
INFO: Run Behavior\ParseTemplateBehavior [ RunTime:0.013765s ]
INFO: [ view_parse ] --END-- [ RunTime:0.013896s ]
INFO: [ view_filter ] --START--
INFO: Run Behavior\WriteHtmlCacheBehavior [ RunTime:0.000220s ]
INFO: [ view_filter ] --END-- [ RunTime:0.000321s ]
INFO: [ app_end ] --START--
INFO: Run Behavior\ShowPageTraceBehavior [ RunTime:0.000450s ]
INFO: [ app_end ] --END-- [ RunTime:0.000544s ]

[ 2015-01-12T18:47:55+08:00 ] 192.168.0.152 /Hd/Index/myCourse
INFO: [ app_init ] --START--
INFO: Run Behavior\BuildLiteBehavior [ RunTime:0.000032s ]
INFO: [ app_init ] --END-- [ RunTime:0.000542s ]
INFO: [ app_begin ] --START--
INFO: Run Behavior\ReadHtmlCacheBehavior [ RunTime:0.000741s ]
INFO: Run Common\Behaviors\AppBeginBehavior [ RunTime:0.000692s ]
INFO: [ app_begin ] --END-- [ RunTime:0.001764s ]
NOTIC: [8] Undefined offset: 1 D:\home\coding\zendstudio\edu\Education_dev_hipi\branches\v1.0\Application\Hd\Controller\IndexController.class.php 第 226 行.
INFO: [ view_parse ] --START--
INFO: [ template_filter ] --START--
INFO: Run Behavior\ContentReplaceBehavior [ RunTime:0.000184s ]
INFO: [ template_filter ] --END-- [ RunTime:0.000310s ]
NOTIC: [8] Undefined variable: pageTitle D:\home\coding\zendstudio\edu\Education_dev_hipi\branches\v1.0\Runtime\Cache\Hd\7ec3f8009017b10ae10058ab1fcf444e.php 第 6 行.
INFO: Run Behavior\ParseTemplateBehavior [ RunTime:0.015955s ]
INFO: [ view_parse ] --END-- [ RunTime:0.016171s ]
INFO: [ view_filter ] --START--
INFO: Run Behavior\WriteHtmlCacheBehavior [ RunTime:0.000320s ]
INFO: [ view_filter ] --END-- [ RunTime:0.000508s ]
INFO: [ app_end ] --START--
INFO: Run Behavior\ShowPageTraceBehavior [ RunTime:0.000719s ]
INFO: [ app_end ] --END-- [ RunTime:0.000904s ]

[ 2015-01-12T18:47:55+08:00 ] 192.168.0.152 /Hd/Index/myCourse
INFO: [ app_init ] --START--
INFO: Run Behavior\BuildLiteBehavior [ RunTime:0.000048s ]
INFO: [ app_init ] --END-- [ RunTime:0.000699s ]
INFO: [ app_begin ] --START--
INFO: Run Behavior\ReadHtmlCacheBehavior [ RunTime:0.000805s ]
INFO: Run Common\Behaviors\AppBeginBehavior [ RunTime:0.000818s ]
INFO: [ app_begin ] --END-- [ RunTime:0.002050s ]
NOTIC: [8] Undefined offset: 1 D:\home\coding\zendstudio\edu\Education_dev_hipi\branches\v1.0\Application\Hd\Controller\IndexController.class.php 第 226 行.
INFO: [ view_parse ] --START--
INFO: [ template_filter ] --START--
INFO: Run Behavior\ContentReplaceBehavior [ RunTime:0.000277s ]
INFO: [ template_filter ] --END-- [ RunTime:0.000430s ]
NOTIC: [8] Undefined variable: pageTitle D:\home\coding\zendstudio\edu\Education_dev_hipi\branches\v1.0\Runtime\Cache\Hd\7ec3f8009017b10ae10058ab1fcf444e.php 第 6 行.
INFO: Run Behavior\ParseTemplateBehavior [ RunTime:0.013071s ]
INFO: [ view_parse ] --END-- [ RunTime:0.013186s ]
INFO: [ view_filter ] --START--
INFO: Run Behavior\WriteHtmlCacheBehavior [ RunTime:0.000203s ]
INFO: [ view_filter ] --END-- [ RunTime:0.000293s ]
INFO: [ app_end ] --START--
INFO: Run Behavior\ShowPageTraceBehavior [ RunTime:0.000431s ]
INFO: [ app_end ] --END-- [ RunTime:0.000520s ]

[ 2015-01-12T18:47:56+08:00 ] 192.168.0.152 /Hd/Index/allCourse
INFO: [ app_init ] --START--
INFO: Run Behavior\BuildLiteBehavior [ RunTime:0.000028s ]
INFO: [ app_init ] --END-- [ RunTime:0.000460s ]
INFO: [ app_begin ] --START--
INFO: Run Behavior\ReadHtmlCacheBehavior [ RunTime:0.000543s ]
INFO: Run Common\Behaviors\AppBeginBehavior [ RunTime:0.000604s ]
INFO: [ app_begin ] --END-- [ RunTime:0.001364s ]
INFO: [ view_parse ] --START--
INFO: [ template_filter ] --START--
INFO: Run Behavior\ContentReplaceBehavior [ RunTime:0.000179s ]
INFO: [ template_filter ] --END-- [ RunTime:0.000307s ]
NOTIC: [8] Undefined variable: pageTitle D:\home\coding\zendstudio\edu\Education_dev_hipi\branches\v1.0\Runtime\Cache\Hd\66360daab730568f0545fbb85a7b7e2a.php 第 6 行.
INFO: Run Behavior\ParseTemplateBehavior [ RunTime:0.015914s ]
INFO: [ view_parse ] --END-- [ RunTime:0.016109s ]
INFO: [ view_filter ] --START--
INFO: Run Behavior\WriteHtmlCacheBehavior [ RunTime:0.000199s ]
INFO: [ view_filter ] --END-- [ RunTime:0.000286s ]
INFO: [ app_end ] --START--
INFO: Run Behavior\ShowPageTraceBehavior [ RunTime:0.000453s ]
INFO: [ app_end ] --END-- [ RunTime:0.000548s ]

[ 2015-01-12T18:47:56+08:00 ] 192.168.0.152 /Hd/Index/allCourse
INFO: [ app_init ] --START--
INFO: Run Behavior\BuildLiteBehavior [ RunTime:0.000027s ]
INFO: [ app_init ] --END-- [ RunTime:0.000455s ]
INFO: [ app_begin ] --START--
INFO: Run Behavior\ReadHtmlCacheBehavior [ RunTime:0.000564s ]
INFO: Run Common\Behaviors\AppBeginBehavior [ RunTime:0.000817s ]
INFO: [ app_begin ] --END-- [ RunTime:0.001600s ]
INFO: [ view_parse ] --START--
INFO: [ template_filter ] --START--
INFO: Run Behavior\ContentReplaceBehavior [ RunTime:0.000175s ]
INFO: [ template_filter ] --END-- [ RunTime:0.000307s ]
NOTIC: [8] Undefined variable: pageTitle D:\home\coding\zendstudio\edu\Education_dev_hipi\branches\v1.0\Runtime\Cache\Hd\66360daab730568f0545fbb85a7b7e2a.php 第 6 行.
INFO: Run Behavior\ParseTemplateBehavior [ RunTime:0.014592s ]
INFO: [ view_parse ] --END-- [ RunTime:0.014728s ]
INFO: [ view_filter ] --START--
INFO: Run Behavior\WriteHtmlCacheBehavior [ RunTime:0.000230s ]
INFO: [ view_filter ] --END-- [ RunTime:0.000331s ]
INFO: [ app_end ] --START--
INFO: Run Behavior\ShowPageTraceBehavior [ RunTime:0.000452s ]
INFO: [ app_end ] --END-- [ RunTime:0.000549s ]

[ 2015-01-12T18:47:57+08:00 ] 192.168.0.152 /Hd/Index/recommend
INFO: [ app_init ] --START--
INFO: Run Behavior\BuildLiteBehavior [ RunTime:0.000055s ]
INFO: [ app_init ] --END-- [ RunTime:0.000854s ]
INFO: [ app_begin ] --START--
INFO: Run Behavior\ReadHtmlCacheBehavior [ RunTime:0.000466s ]
INFO: Run Common\Behaviors\AppBeginBehavior [ RunTime:0.000504s ]
INFO: [ app_begin ] --END-- [ RunTime:0.001159s ]
NOTIC: [8] Undefined offset: 1 D:\home\coding\zendstudio\edu\Education_dev_hipi\branches\v1.0\Application\Hd\Controller\IndexController.class.php 第 119 行.
NOTIC: [8] Undefined offset: 1 D:\home\coding\zendstudio\edu\Education_dev_hipi\branches\v1.0\Application\Hd\Controller\IndexController.class.php 第 140 行.
NOTIC: [8] Undefined offset: 1 D:\home\coding\zendstudio\edu\Education_dev_hipi\branches\v1.0\Application\Hd\Controller\IndexController.class.php 第 140 行.
NOTIC: [8] Undefined offset: 1 D:\home\coding\zendstudio\edu\Education_dev_hipi\branches\v1.0\Application\Hd\Controller\IndexController.class.php 第 140 行.
INFO: [ view_parse ] --START--
INFO: [ template_filter ] --START--
INFO: Run Behavior\ContentReplaceBehavior [ RunTime:0.000223s ]
INFO: [ template_filter ] --END-- [ RunTime:0.000345s ]
NOTIC: [8] Undefined variable: pageTitle D:\home\coding\zendstudio\edu\Education_dev_hipi\branches\v1.0\Runtime\Cache\Hd\cfb908667d2443f09ecac18a03abf2ad.php 第 6 行.
NOTIC: [8] Undefined variable: c1 D:\home\coding\zendstudio\edu\Education_dev_hipi\branches\v1.0\Runtime\Cache\Hd\cfb908667d2443f09ecac18a03abf2ad.php 第 147 行.
NOTIC: [8] Undefined variable: c1 D:\home\coding\zendstudio\edu\Education_dev_hipi\branches\v1.0\Runtime\Cache\Hd\cfb908667d2443f09ecac18a03abf2ad.php 第 147 行.
INFO: Run Behavior\ParseTemplateBehavior [ RunTime:0.017263s ]
INFO: [ view_parse ] --END-- [ RunTime:0.017445s ]
INFO: [ view_filter ] --START--
INFO: Run Behavior\WriteHtmlCacheBehavior [ RunTime:0.000439s ]
INFO: [ view_filter ] --END-- [ RunTime:0.000571s ]
INFO: [ app_end ] --START--
INFO: Run Behavior\ShowPageTraceBehavior [ RunTime:0.000525s ]
INFO: [ app_end ] --END-- [ RunTime:0.000631s ]

[ 2015-01-12T18:47:57+08:00 ] 192.168.0.152 /Hd/Index/recommend
INFO: [ app_init ] --START--
INFO: Run Behavior\BuildLiteBehavior [ RunTime:0.000023s ]
INFO: [ app_init ] --END-- [ RunTime:0.000367s ]
INFO: [ app_begin ] --START--
INFO: Run Behavior\ReadHtmlCacheBehavior [ RunTime:0.000467s ]
INFO: Run Common\Behaviors\AppBeginBehavior [ RunTime:0.000514s ]
INFO: [ app_begin ] --END-- [ RunTime:0.001166s ]
NOTIC: [8] Undefined offset: 1 D:\home\coding\zendstudio\edu\Education_dev_hipi\branches\v1.0\Application\Hd\Controller\IndexController.class.php 第 119 行.
NOTIC: [8] Undefined offset: 1 D:\home\coding\zendstudio\edu\Education_dev_hipi\branches\v1.0\Application\Hd\Controller\IndexController.class.php 第 140 行.
NOTIC: [8] Undefined offset: 1 D:\home\coding\zendstudio\edu\Education_dev_hipi\branches\v1.0\Application\Hd\Controller\IndexController.class.php 第 140 行.
NOTIC: [8] Undefined offset: 1 D:\home\coding\zendstudio\edu\Education_dev_hipi\branches\v1.0\Application\Hd\Controller\IndexController.class.php 第 140 行.
INFO: [ view_parse ] --START--
INFO: [ template_filter ] --START--
INFO: Run Behavior\ContentReplaceBehavior [ RunTime:0.000230s ]
INFO: [ template_filter ] --END-- [ RunTime:0.000345s ]
NOTIC: [8] Undefined variable: pageTitle D:\home\coding\zendstudio\edu\Education_dev_hipi\branches\v1.0\Runtime\Cache\Hd\cfb908667d2443f09ecac18a03abf2ad.php 第 6 行.
NOTIC: [8] Undefined variable: c1 D:\home\coding\zendstudio\edu\Education_dev_hipi\branches\v1.0\Runtime\Cache\Hd\cfb908667d2443f09ecac18a03abf2ad.php 第 147 行.
NOTIC: [8] Undefined variable: c1 D:\home\coding\zendstudio\edu\Education_dev_hipi\branches\v1.0\Runtime\Cache\Hd\cfb908667d2443f09ecac18a03abf2ad.php 第 147 行.
INFO: Run Behavior\ParseTemplateBehavior [ RunTime:0.015853s ]
INFO: [ view_parse ] --END-- [ RunTime:0.015959s ]
INFO: [ view_filter ] --START--
INFO: Run Behavior\WriteHtmlCacheBehavior [ RunTime:0.000302s ]
INFO: [ view_filter ] --END-- [ RunTime:0.000399s ]
INFO: [ app_end ] --START--
INFO: Run Behavior\ShowPageTraceBehavior [ RunTime:0.000465s ]
INFO: [ app_end ] --END-- [ RunTime:0.000558s ]

[ 2015-01-12T18:47:58+08:00 ] 192.168.0.152 /Hd/Index/allCourse
INFO: [ app_init ] --START--
INFO: Run Behavior\BuildLiteBehavior [ RunTime:0.000029s ]
INFO: [ app_init ] --END-- [ RunTime:0.000452s ]
INFO: [ app_begin ] --START--
INFO: Run Behavior\ReadHtmlCacheBehavior [ RunTime:0.000577s ]
INFO: Run Common\Behaviors\AppBeginBehavior [ RunTime:0.000661s ]
INFO: [ app_begin ] --END-- [ RunTime:0.001476s ]
INFO: [ view_parse ] --START--
INFO: [ template_filter ] --START--
INFO: Run Behavior\ContentReplaceBehavior [ RunTime:0.000185s ]
INFO: [ template_filter ] --END-- [ RunTime:0.000315s ]
NOTIC: [8] Undefined variable: pageTitle D:\home\coding\zendstudio\edu\Education_dev_hipi\branches\v1.0\Runtime\Cache\Hd\66360daab730568f0545fbb85a7b7e2a.php 第 6 行.
INFO: Run Behavior\ParseTemplateBehavior [ RunTime:0.014168s ]
INFO: [ view_parse ] --END-- [ RunTime:0.014279s ]
INFO: [ view_filter ] --START--
INFO: Run Behavior\WriteHtmlCacheBehavior [ RunTime:0.000197s ]
INFO: [ view_filter ] --END-- [ RunTime:0.000285s ]
INFO: [ app_end ] --START--
INFO: Run Behavior\ShowPageTraceBehavior [ RunTime:0.000444s ]
INFO: [ app_end ] --END-- [ RunTime:0.000539s ]

[ 2015-01-12T18:47:58+08:00 ] 192.168.0.152 /Hd/Index/allCourse
INFO: [ app_init ] --START--
INFO: Run Behavior\BuildLiteBehavior [ RunTime:0.000055s ]
INFO: [ app_init ] --END-- [ RunTime:0.000575s ]
INFO: [ app_begin ] --START--
INFO: Run Behavior\ReadHtmlCacheBehavior [ RunTime:0.000621s ]
INFO: Run Common\Behaviors\AppBeginBehavior [ RunTime:0.000937s ]
INFO: [ app_begin ] --END-- [ RunTime:0.001908s ]
INFO: [ view_parse ] --START--
INFO: [ template_filter ] --START--
INFO: Run Behavior\ContentReplaceBehavior [ RunTime:0.000335s ]
INFO: [ template_filter ] --END-- [ RunTime:0.000715s ]
NOTIC: [8] Undefined variable: pageTitle D:\home\coding\zendstudio\edu\Education_dev_hipi\branches\v1.0\Runtime\Cache\Hd\66360daab730568f0545fbb85a7b7e2a.php 第 6 行.
INFO: Run Behavior\ParseTemplateBehavior [ RunTime:0.013931s ]
INFO: [ view_parse ] --END-- [ RunTime:0.014053s ]
INFO: [ view_filter ] --START--
INFO: Run Behavior\WriteHtmlCacheBehavior [ RunTime:0.000214s ]
INFO: [ view_filter ] --END-- [ RunTime:0.000313s ]
INFO: [ app_end ] --START--
INFO: Run Behavior\ShowPageTraceBehavior [ RunTime:0.000448s ]
INFO: [ app_end ] --END-- [ RunTime:0.000541s ]

[ 2015-01-12T18:47:59+08:00 ] 192.168.0.152 /Hd/Index/myCourse
INFO: [ app_init ] --START--
INFO: Run Behavior\BuildLiteBehavior [ RunTime:0.000053s ]
INFO: [ app_init ] --END-- [ RunTime:0.000716s ]
INFO: [ app_begin ] --START--
INFO: Run Behavior\ReadHtmlCacheBehavior [ RunTime:0.000759s ]
INFO: Run Common\Behaviors\AppBeginBehavior [ RunTime:0.000770s ]
INFO: [ app_begin ] --END-- [ RunTime:0.001846s ]
NOTIC: [8] Undefined offset: 1 D:\home\coding\zendstudio\edu\Education_dev_hipi\branches\v1.0\Application\Hd\Controller\IndexController.class.php 第 226 行.
INFO: [ view_parse ] --START--
INFO: [ template_filter ] --START--
INFO: Run Behavior\ContentReplaceBehavior [ RunTime:0.000185s ]
INFO: [ template_filter ] --END-- [ RunTime:0.000304s ]
NOTIC: [8] Undefined variable: pageTitle D:\home\coding\zendstudio\edu\Education_dev_hipi\branches\v1.0\Runtime\Cache\Hd\7ec3f8009017b10ae10058ab1fcf444e.php 第 6 行.
INFO: Run Behavior\ParseTemplateBehavior [ RunTime:0.013907s ]
INFO: [ view_parse ] --END-- [ RunTime:0.014055s ]
INFO: [ view_filter ] --START--
INFO: Run Behavior\WriteHtmlCacheBehavior [ RunTime:0.000222s ]
INFO: [ view_filter ] --END-- [ RunTime:0.000331s ]
INFO: [ app_end ] --START--
INFO: Run Behavior\ShowPageTraceBehavior [ RunTime:0.000594s ]
INFO: [ app_end ] --END-- [ RunTime:0.000719s ]

[ 2015-01-12T18:47:59+08:00 ] 192.168.0.152 /Hd/Index/myCourse
INFO: [ app_init ] --START--
INFO: Run Behavior\BuildLiteBehavior [ RunTime:0.000036s ]
INFO: [ app_init ] --END-- [ RunTime:0.000568s ]
INFO: [ app_begin ] --START--
INFO: Run Behavior\ReadHtmlCacheBehavior [ RunTime:0.000638s ]
INFO: Run Common\Behaviors\AppBeginBehavior [ RunTime:0.000578s ]
INFO: [ app_begin ] --END-- [ RunTime:0.001422s ]
NOTIC: [8] Undefined offset: 1 D:\home\coding\zendstudio\edu\Education_dev_hipi\branches\v1.0\Application\Hd\Controller\IndexController.class.php 第 226 行.
INFO: [ view_parse ] --START--
INFO: [ template_filter ] --START--
INFO: Run Behavior\ContentReplaceBehavior [ RunTime:0.000216s ]
INFO: [ template_filter ] --END-- [ RunTime:0.000343s ]
NOTIC: [8] Undefined variable: pageTitle D:\home\coding\zendstudio\edu\Education_dev_hipi\branches\v1.0\Runtime\Cache\Hd\7ec3f8009017b10ae10058ab1fcf444e.php 第 6 行.
INFO: Run Behavior\ParseTemplateBehavior [ RunTime:0.013946s ]
INFO: [ view_parse ] --END-- [ RunTime:0.014082s ]
INFO: [ view_filter ] --START--
INFO: Run Behavior\WriteHtmlCacheBehavior [ RunTime:0.000207s ]
INFO: [ view_filter ] --END-- [ RunTime:0.000300s ]
INFO: [ app_end ] --START--
INFO: Run Behavior\ShowPageTraceBehavior [ RunTime:0.000434s ]
INFO: [ app_end ] --END-- [ RunTime:0.000523s ]

[ 2015-01-12T18:48:32+08:00 ] 192.168.0.152 /Hd/Index/allCourse
INFO: [ app_init ] --START--
INFO: Run Behavior\BuildLiteBehavior [ RunTime:0.000039s ]
INFO: [ app_init ] --END-- [ RunTime:0.000661s ]
INFO: [ app_begin ] --START--
INFO: Run Behavior\ReadHtmlCacheBehavior [ RunTime:0.000847s ]
INFO: Run Common\Behaviors\AppBeginBehavior [ RunTime:0.001368s ]
INFO: [ app_begin ] --END-- [ RunTime:0.002469s ]
INFO: [ view_parse ] --START--
INFO: [ template_filter ] --START--
INFO: Run Behavior\ContentReplaceBehavior [ RunTime:0.000178s ]
INFO: [ template_filter ] --END-- [ RunTime:0.000305s ]
NOTIC: [8] Undefined variable: pageTitle D:\home\coding\zendstudio\edu\Education_dev_hipi\branches\v1.0\Runtime\Cache\Hd\66360daab730568f0545fbb85a7b7e2a.php 第 6 行.
INFO: Run Behavior\ParseTemplateBehavior [ RunTime:0.015384s ]
INFO: [ view_parse ] --END-- [ RunTime:0.015549s ]
INFO: [ view_filter ] --START--
INFO: Run Behavior\WriteHtmlCacheBehavior [ RunTime:0.000340s ]
INFO: [ view_filter ] --END-- [ RunTime:0.000447s ]
INFO: [ app_end ] --START--
INFO: Run Behavior\ShowPageTraceBehavior [ RunTime:0.000729s ]
INFO: [ app_end ] --END-- [ RunTime:0.000859s ]

[ 2015-01-12T18:48:32+08:00 ] 192.168.0.152 /Hd/Index/allCourse
INFO: [ app_init ] --START--
INFO: Run Behavior\BuildLiteBehavior [ RunTime:0.000040s ]
INFO: [ app_init ] --END-- [ RunTime:0.000666s ]
INFO: [ app_begin ] --START--
INFO: Run Behavior\ReadHtmlCacheBehavior [ RunTime:0.000679s ]
INFO: Run Common\Behaviors\AppBeginBehavior [ RunTime:0.000775s ]
INFO: [ app_begin ] --END-- [ RunTime:0.001756s ]
INFO: [ view_parse ] --START--
INFO: [ template_filter ] --START--
INFO: Run Behavior\ContentReplaceBehavior [ RunTime:0.000209s ]
INFO: [ template_filter ] --END-- [ RunTime:0.000417s ]
NOTIC: [8] Undefined variable: pageTitle D:\home\coding\zendstudio\edu\Education_dev_hipi\branches\v1.0\Runtime\Cache\Hd\66360daab730568f0545fbb85a7b7e2a.php 第 6 行.
INFO: Run Behavior\ParseTemplateBehavior [ RunTime:0.015785s ]
INFO: [ view_parse ] --END-- [ RunTime:0.015906s ]
INFO: [ view_filter ] --START--
INFO: Run Behavior\WriteHtmlCacheBehavior [ RunTime:0.000240s ]
INFO: [ view_filter ] --END-- [ RunTime:0.000335s ]
INFO: [ app_end ] --START--
INFO: Run Behavior\ShowPageTraceBehavior [ RunTime:0.000577s ]
INFO: [ app_end ] --END-- [ RunTime:0.000689s ]

[ 2015-01-12T18:48:33+08:00 ] 192.168.0.152 /Hd/Index/recommend
INFO: [ app_init ] --START--
INFO: Run Behavior\BuildLiteBehavior [ RunTime:0.000021s ]
INFO: [ app_init ] --END-- [ RunTime:0.000376s ]
INFO: [ app_begin ] --START--
INFO: Run Behavior\ReadHtmlCacheBehavior [ RunTime:0.000475s ]
INFO: Run Common\Behaviors\AppBeginBehavior [ RunTime:0.000551s ]
INFO: [ app_begin ] --END-- [ RunTime:0.001199s ]
NOTIC: [8] Undefined offset: 1 D:\home\coding\zendstudio\edu\Education_dev_hipi\branches\v1.0\Application\Hd\Controller\IndexController.class.php 第 119 行.
NOTIC: [8] Undefined offset: 1 D:\home\coding\zendstudio\edu\Education_dev_hipi\branches\v1.0\Application\Hd\Controller\IndexController.class.php 第 140 行.
NOTIC: [8] Undefined offset: 1 D:\home\coding\zendstudio\edu\Education_dev_hipi\branches\v1.0\Application\Hd\Controller\IndexController.class.php 第 140 行.
NOTIC: [8] Undefined offset: 1 D:\home\coding\zendstudio\edu\Education_dev_hipi\branches\v1.0\Application\Hd\Controller\IndexController.class.php 第 140 行.
INFO: [ view_parse ] --START--
INFO: [ template_filter ] --START--
INFO: Run Behavior\ContentReplaceBehavior [ RunTime:0.000461s ]
INFO: [ template_filter ] --END-- [ RunTime:0.000725s ]
NOTIC: [8] Undefined variable: pageTitle D:\home\coding\zendstudio\edu\Education_dev_hipi\branches\v1.0\Runtime\Cache\Hd\cfb908667d2443f09ecac18a03abf2ad.php 第 6 行.
NOTIC: [8] Undefined variable: c1 D:\home\coding\zendstudio\edu\Education_dev_hipi\branches\v1.0\Runtime\Cache\Hd\cfb908667d2443f09ecac18a03abf2ad.php 第 147 行.
NOTIC: [8] Undefined variable: c1 D:\home\coding\zendstudio\edu\Education_dev_hipi\branches\v1.0\Runtime\Cache\Hd\cfb908667d2443f09ecac18a03abf2ad.php 第 147 行.
INFO: Run Behavior\ParseTemplateBehavior [ RunTime:0.016531s ]
INFO: [ view_parse ] --END-- [ RunTime:0.016640s ]
INFO: [ view_filter ] --START--
INFO: Run Behavior\WriteHtmlCacheBehavior [ RunTime:0.000203s ]
INFO: [ view_filter ] --END-- [ RunTime:0.000293s ]
INFO: [ app_end ] --START--
INFO: Run Behavior\ShowPageTraceBehavior [ RunTime:0.000455s ]
INFO: [ app_end ] --END-- [ RunTime:0.000569s ]

[ 2015-01-12T18:48:33+08:00 ] 192.168.0.152 /Hd/Index/recommend
INFO: [ app_init ] --START--
INFO: Run Behavior\BuildLiteBehavior [ RunTime:0.000025s ]
INFO: [ app_init ] --END-- [ RunTime:0.000386s ]
INFO: [ app_begin ] --START--
INFO: Run Behavior\ReadHtmlCacheBehavior [ RunTime:0.000488s ]
INFO: Run Common\Behaviors\AppBeginBehavior [ RunTime:0.000516s ]
INFO: [ app_begin ] --END-- [ RunTime:0.001185s ]
NOTIC: [8] Undefined offset: 1 D:\home\coding\zendstudio\edu\Education_dev_hipi\branches\v1.0\Application\Hd\Controller\IndexController.class.php 第 119 行.
NOTIC: [8] Undefined offset: 1 D:\home\coding\zendstudio\edu\Education_dev_hipi\branches\v1.0\Application\Hd\Controller\IndexController.class.php 第 140 行.
NOTIC: [8] Undefined offset: 1 D:\home\coding\zendstudio\edu\Education_dev_hipi\branches\v1.0\Application\Hd\Controller\IndexController.class.php 第 140 行.
NOTIC: [8] Undefined offset: 1 D:\home\coding\zendstudio\edu\Education_dev_hipi\branches\v1.0\Application\Hd\Controller\IndexController.class.php 第 140 行.
INFO: [ view_parse ] --START--
INFO: [ template_filter ] --START--
INFO: Run Behavior\ContentReplaceBehavior [ RunTime:0.000226s ]
INFO: [ template_filter ] --END-- [ RunTime:0.000349s ]
NOTIC: [8] Undefined variable: pageTitle D:\home\coding\zendstudio\edu\Education_dev_hipi\branches\v1.0\Runtime\Cache\Hd\cfb908667d2443f09ecac18a03abf2ad.php 第 6 行.
NOTIC: [8] Undefined variable: c1 D:\home\coding\zendstudio\edu\Education_dev_hipi\branches\v1.0\Runtime\Cache\Hd\cfb908667d2443f09ecac18a03abf2ad.php 第 147 行.
NOTIC: [8] Undefined variable: c1 D:\home\coding\zendstudio\edu\Education_dev_hipi\branches\v1.0\Runtime\Cache\Hd\cfb908667d2443f09ecac18a03abf2ad.php 第 147 行.
INFO: Run Behavior\ParseTemplateBehavior [ RunTime:0.016643s ]
INFO: [ view_parse ] --END-- [ RunTime:0.016757s ]
INFO: [ view_filter ] --START--
INFO: Run Behavior\WriteHtmlCacheBehavior [ RunTime:0.000232s ]
INFO: [ view_filter ] --END-- [ RunTime:0.000335s ]
INFO: [ app_end ] --START--
INFO: Run Behavior\ShowPageTraceBehavior [ RunTime:0.000565s ]
INFO: [ app_end ] --END-- [ RunTime:0.000716s ]

[ 2015-01-12T18:48:36+08:00 ] 192.168.0.152 /Hd/Index/allCourse
INFO: [ app_init ] --START--
INFO: Run Behavior\BuildLiteBehavior [ RunTime:0.000044s ]
INFO: [ app_init ] --END-- [ RunTime:0.000640s ]
INFO: [ app_begin ] --START--
INFO: Run Behavior\ReadHtmlCacheBehavior [ RunTime:0.000780s ]
INFO: Run Common\Behaviors\AppBeginBehavior [ RunTime:0.000850s ]
INFO: [ app_begin ] --END-- [ RunTime:0.001992s ]
INFO: [ view_parse ] --START--
INFO: [ template_filter ] --START--
INFO: Run Behavior\ContentReplaceBehavior [ RunTime:0.000181s ]
INFO: [ template_filter ] --END-- [ RunTime:0.000302s ]
NOTIC: [8] Undefined variable: pageTitle D:\home\coding\zendstudio\edu\Education_dev_hipi\branches\v1.0\Runtime\Cache\Hd\66360daab730568f0545fbb85a7b7e2a.php 第 6 行.
INFO: Run Behavior\ParseTemplateBehavior [ RunTime:0.015836s ]
INFO: [ view_parse ] --END-- [ RunTime:0.015964s ]
INFO: [ view_filter ] --START--
INFO: Run Behavior\WriteHtmlCacheBehavior [ RunTime:0.000207s ]
INFO: [ view_filter ] --END-- [ RunTime:0.000311s ]
INFO: [ app_end ] --START--
INFO: Run Behavior\ShowPageTraceBehavior [ RunTime:0.000446s ]
INFO: [ app_end ] --END-- [ RunTime:0.000540s ]

[ 2015-01-12T18:48:36+08:00 ] 192.168.0.152 /Hd/Index/allCourse
INFO: [ app_init ] --START--
INFO: Run Behavior\BuildLiteBehavior [ RunTime:0.000032s ]
INFO: [ app_init ] --END-- [ RunTime:0.000432s ]
INFO: [ app_begin ] --START--
INFO: Run Behavior\ReadHtmlCacheBehavior [ RunTime:0.000558s ]
INFO: Run Common\Behaviors\AppBeginBehavior [ RunTime:0.000603s ]
INFO: [ app_begin ] --END-- [ RunTime:0.001381s ]
INFO: [ view_parse ] --START--
INFO: [ template_filter ] --START--
INFO: Run Behavior\ContentReplaceBehavior [ RunTime:0.000179s ]
INFO: [ template_filter ] --END-- [ RunTime:0.000299s ]
NOTIC: [8] Undefined variable: pageTitle D:\home\coding\zendstudio\edu\Education_dev_hipi\branches\v1.0\Runtime\Cache\Hd\66360daab730568f0545fbb85a7b7e2a.php 第 6 行.
INFO: Run Behavior\ParseTemplateBehavior [ RunTime:0.014137s ]
INFO: [ view_parse ] --END-- [ RunTime:0.014252s ]
INFO: [ view_filter ] --START--
INFO: Run Behavior\WriteHtmlCacheBehavior [ RunTime:0.000221s ]
INFO: [ view_filter ] --END-- [ RunTime:0.000310s ]
INFO: [ app_end ] --START--
INFO: Run Behavior\ShowPageTraceBehavior [ RunTime:0.000440s ]
INFO: [ app_end ] --END-- [ RunTime:0.000532s ]

[ 2015-01-12T18:48:37+08:00 ] 192.168.0.152 /Hd/Index/myCourse
INFO: [ app_init ] --START--
INFO: Run Behavior\BuildLiteBehavior [ RunTime:0.000023s ]
INFO: [ app_init ] --END-- [ RunTime:0.000379s ]
INFO: [ app_begin ] --START--
INFO: Run Behavior\ReadHtmlCacheBehavior [ RunTime:0.000463s ]
INFO: Run Common\Behaviors\AppBeginBehavior [ RunTime:0.000503s ]
INFO: [ app_begin ] --END-- [ RunTime:0.001138s ]
NOTIC: [8] Undefined offset: 1 D:\home\coding\zendstudio\edu\Education_dev_hipi\branches\v1.0\Application\Hd\Controller\IndexController.class.php 第 226 行.
INFO: [ view_parse ] --START--
INFO: [ template_filter ] --START--
INFO: Run Behavior\ContentReplaceBehavior [ RunTime:0.000208s ]
INFO: [ template_filter ] --END-- [ RunTime:0.000327s ]
NOTIC: [8] Undefined variable: pageTitle D:\home\coding\zendstudio\edu\Education_dev_hipi\branches\v1.0\Runtime\Cache\Hd\7ec3f8009017b10ae10058ab1fcf444e.php 第 6 行.
INFO: Run Behavior\ParseTemplateBehavior [ RunTime:0.014391s ]
INFO: [ view_parse ] --END-- [ RunTime:0.014513s ]
INFO: [ view_filter ] --START--
INFO: Run Behavior\WriteHtmlCacheBehavior [ RunTime:0.000202s ]
INFO: [ view_filter ] --END-- [ RunTime:0.000292s ]
INFO: [ app_end ] --START--
INFO: Run Behavior\ShowPageTraceBehavior [ RunTime:0.000434s ]
INFO: [ app_end ] --END-- [ RunTime:0.000524s ]

[ 2015-01-12T18:48:37+08:00 ] 192.168.0.152 /Hd/Index/myCourse
INFO: [ app_init ] --START--
INFO: Run Behavior\BuildLiteBehavior [ RunTime:0.000024s ]
INFO: [ app_init ] --END-- [ RunTime:0.000407s ]
INFO: [ app_begin ] --START--
INFO: Run Behavior\ReadHtmlCacheBehavior [ RunTime:0.003257s ]
INFO: Run Common\Behaviors\AppBeginBehavior [ RunTime:0.000610s ]
INFO: [ app_begin ] --END-- [ RunTime:0.004070s ]
NOTIC: [8] Undefined offset: 1 D:\home\coding\zendstudio\edu\Education_dev_hipi\branches\v1.0\Application\Hd\Controller\IndexController.class.php 第 226 行.
INFO: [ view_parse ] --START--
INFO: [ template_filter ] --START--
INFO: Run Behavior\ContentReplaceBehavior [ RunTime:0.000191s ]
INFO: [ template_filter ] --END-- [ RunTime:0.000314s ]
NOTIC: [8] Undefined variable: pageTitle D:\home\coding\zendstudio\edu\Education_dev_hipi\branches\v1.0\Runtime\Cache\Hd\7ec3f8009017b10ae10058ab1fcf444e.php 第 6 行.
INFO: Run Behavior\ParseTemplateBehavior [ RunTime:0.013324s ]
INFO: [ view_parse ] --END-- [ RunTime:0.013452s ]
INFO: [ view_filter ] --START--
INFO: Run Behavior\WriteHtmlCacheBehavior [ RunTime:0.000207s ]
INFO: [ view_filter ] --END-- [ RunTime:0.000313s ]
INFO: [ app_end ] --START--
INFO: Run Behavior\ShowPageTraceBehavior [ RunTime:0.000470s ]
INFO: [ app_end ] --END-- [ RunTime:0.000569s ]

